#
# A fatal error has been detected by the Java Runtime Environment:
#
#  EXCEPTION_ACCESS_VIOLATION (0xc0000005) at pc=0x617484fb, pid=13260, tid=0x0000095c
#
# JRE version: Java(TM) SE Runtime Environment (8.0_171-b11) (build 1.8.0_171-b11)
# Java VM: Java HotSpot(TM) Client VM (25.171-b11 mixed mode windows-x86 )
# Problematic frame:
# C  [listSerialsj.dll+0x84fb]
#
# Failed to write core dump. Minidumps are not enabled by default on client versions of Windows
#
# If you would like to submit a bug report, please visit:
#   http://bugreport.java.com/bugreport/crash.jsp
# The crash happened outside the Java Virtual Machine in native code.
# See problematic frame for where to report the bug.
#

---------------  T H R E A D  ---------------

Current thread (0x29aefc00):  JavaThread "cc.arduino.packages.discoverers.serial.SerialBoardsLister" [_thread_in_native, id=2396, stack(0x2a6c0000,0x2a710000)]

siginfo: ExceptionCode=0xc0000005, writing address 0x0000004c

Registers:
EAX=0x00000000, EBX=0x00000000, ECX=0x8f690f51, EDX=0x00000000
ESP=0x2a70ef20, EBP=0x2a70ef48, ESI=0x0000004c, EDI=0x747e6840
EIP=0x617484fb, EFLAGS=0x00010246

Top of Stack: (sp=0x2a70ef20)
0x2a70ef20:   747e1210 00000a6c 00220414 472072d8
0x2a70ef30:   000000a0 472072d0 000000a0 7e714618
0x2a70ef40:   00000007 2a70efa8 2a70f0f8 61748927
0x2a70ef50:   00000a6c 00220414 472072d0 000000a0
0x2a70ef60:   472072d0 000000a0 2a70efa8 00000000
0x2a70ef70:   472072d0 0000001a 00000000 00000000
0x2a70ef80:   6174d9ef 00000a6c 747e1190 7cea2d58
0x2a70ef90:   00000000 00000000 00000000 0000004c 

Instructions: (pc=0x617484fb)
0x617484db:   ff ff ff 89 54 24 08 89 c3 89 44 24 10 c7 44 24
0x617484eb:   04 00 00 00 00 c7 04 24 e9 fd 00 00 ff d7 89 d8
0x617484fb:   c6 04 33 00 83 ec 20 8d 65 f4 5b 5e 5f 5d c3 8d
0x6174850b:   b6 00 00 00 00 55 89 e5 57 56 89 d6 53 bb 0b 01 


Register to memory mapping:

EAX=0x00000000 is an unknown value
EBX=0x00000000 is an unknown value
ECX=0x8f690f51 is an unknown value
EDX=0x00000000 is an unknown value
ESP=0x2a70ef20 is pointing into the stack for thread: 0x29aefc00
EBP=0x2a70ef48 is pointing into the stack for thread: 0x29aefc00
ESI=0x0000004c is an unknown value
EDI=0x747e6840 is an unknown value


Stack: [0x2a6c0000,0x2a710000],  sp=0x2a70ef20,  free space=315k
Native frames: (J=compiled Java code, j=interpreted, Vv=VM code, C=native code)
C  [listSerialsj.dll+0x84fb]
C  [listSerialsj.dll+0x8927]
C  [listSerialsj.dll+0x94cc]
C  [listSerialsj.dll+0x2216]

Java frames: (J=compiled Java code, j=interpreted, Vv=VM code)
J 2738  processing.app.Platform.listSerialsNative()[Ljava/lang/String; (0 bytes) @ 0x0311a10f [0x0311a0d0+0x3f]
j  processing.app.Platform.listSerials()Ljava/util/List;+5
j  cc.arduino.packages.discoverers.serial.SerialBoardsLister.retriggerDiscovery(Z)V+22
j  cc.arduino.packages.discoverers.serial.SerialBoardsLister.run()V+9
J 2647% C1 java.util.TimerThread.mainLoop()V (232 bytes) @ 0x030b6a54 [0x030b6620+0x434]
j  java.util.TimerThread.run()V+1
v  ~StubRoutines::call_stub

---------------  P R O C E S S  ---------------

Java Threads: ( => current thread )
  0x29d42c00 JavaThread "EventThread COM12" [_thread_in_native, id=17464, stack(0x293b0000,0x29400000)]
  0x29d40c00 JavaThread "JmDNS(ECEB-4076-15-ad-uillinois-edu.local.).State.Timer" [_thread_blocked, id=13404, stack(0x25c10000,0x25c60000)]
  0x29d41400 JavaThread "JmDNS(ECEB-4076-15-ad-uillinois-edu.local.).Timer" daemon [_thread_blocked, id=7724, stack(0x050a0000,0x050f0000)]
  0x29d44400 JavaThread "SocketListener(ECEB-4076-15-ad-uillinois-edu.local.)" daemon [_thread_in_native, id=8440, stack(0x02ca0000,0x02cf0000)]
  0x29d40400 JavaThread "DestroyJavaVM" [_thread_blocked, id=16168, stack(0x02e50000,0x02ea0000)]
  0x29d42000 JavaThread "TimerQueue" daemon [_thread_blocked, id=8932, stack(0x2bbc0000,0x2bc10000)]
  0x29d44000 JavaThread "JmDNS(ECEB-4076-15-ad-uillinois-edu.local.).State.Timer" [_thread_blocked, id=8384, stack(0x2b4a0000,0x2b4f0000)]
  0x29b6ec00 JavaThread "JmDNS(ECEB-4076-15-ad-uillinois-edu.local.).Timer" daemon [_thread_blocked, id=9608, stack(0x2b410000,0x2b460000)]
  0x29b70400 JavaThread "SocketListener(ECEB-4076-15-ad-uillinois-edu.local.)" daemon [_thread_in_native, id=1488, stack(0x2b380000,0x2b3d0000)]
  0x29b6fc00 JavaThread "JmDNS(ECEB-4076-15-ad-uillinois-edu.local.).State.Timer" [_thread_blocked, id=22392, stack(0x2b2f0000,0x2b340000)]
  0x29b6f800 JavaThread "JmDNS(ECEB-4076-15-ad-uillinois-edu.local.).Timer" daemon [_thread_blocked, id=19992, stack(0x2b260000,0x2b2b0000)]
  0x29b70800 JavaThread "SocketListener(ECEB-4076-15-ad-uillinois-edu.local.)" daemon [_thread_in_native, id=4256, stack(0x2b1d0000,0x2b220000)]
  0x29b6dc00 JavaThread "Batik CleanerThread" daemon [_thread_blocked, id=19160, stack(0x2aca0000,0x2acf0000)]
  0x29b6f000 JavaThread "AWT-EventQueue-0" [_thread_blocked, id=11928, stack(0x2abd0000,0x2ac20000)]
  0x29b6d800 JavaThread "AWT-Shutdown" [_thread_blocked, id=10984, stack(0x270a0000,0x270f0000)]
  0x26331400 JavaThread "JmDNS(ECEB-4076-15-ad-uillinois-edu.local.).State.Timer" [_thread_blocked, id=17952, stack(0x2a9b0000,0x2aa00000)]
  0x29b62800 JavaThread "JmDNS(ECEB-4076-15-ad-uillinois-edu.local.).Timer" daemon [_thread_blocked, id=21780, stack(0x2a4a0000,0x2a4f0000)]
  0x29b61400 JavaThread "SocketListener(ECEB-4076-15-ad-uillinois-edu.local.)" daemon [_thread_in_native, id=20284, stack(0x29800000,0x29850000)]
  0x29ade000 JavaThread "Multihomed mDNS.Timer" daemon [_thread_blocked, id=22112, stack(0x02ee0000,0x02f30000)]
=>0x29aefc00 JavaThread "cc.arduino.packages.discoverers.serial.SerialBoardsLister" [_thread_in_native, id=2396, stack(0x2a6c0000,0x2a710000)]
  0x26c43800 JavaThread "AWT-Windows" daemon [_thread_in_native, id=21832, stack(0x27130000,0x27180000)]
  0x26c42800 JavaThread "Java2D Disposer" daemon [_thread_blocked, id=22072, stack(0x27010000,0x27060000)]
  0x262e9800 JavaThread "Service Thread" daemon [_thread_blocked, id=9332, stack(0x26900000,0x26950000)]
  0x262e2c00 JavaThread "C1 CompilerThread0" daemon [_thread_blocked, id=14304, stack(0x26870000,0x268c0000)]
  0x262e1400 JavaThread "Attach Listener" daemon [_thread_blocked, id=13452, stack(0x267e0000,0x26830000)]
  0x262dd400 JavaThread "Signal Dispatcher" daemon [_thread_blocked, id=4372, stack(0x26750000,0x267a0000)]
  0x262ca800 JavaThread "Finalizer" daemon [_thread_blocked, id=16764, stack(0x265d0000,0x26620000)]
  0x262b4c00 JavaThread "Reference Handler" daemon [_thread_blocked, id=17140, stack(0x26540000,0x26590000)]

Other Threads:
  0x02e4e400 VMThread [stack: 0x264b0000,0x26500000] [id=8208]
  0x262ed000 WatcherThread [stack: 0x26990000,0x269e0000] [id=8064]

VM state:not at safepoint (normal execution)

VM Mutex/Monitor currently owned by a thread: None

Heap:
 def new generation   total 39424K, used 4676K [0x05200000, 0x07cc0000, 0x0fca0000)
  eden space 35072K,  12% used [0x05200000, 0x05653ce0, 0x07440000)
  from space 4352K,   5% used [0x07440000, 0x0747d4f8, 0x07880000)
  to   space 4352K,   0% used [0x07880000, 0x07880000, 0x07cc0000)
 tenured generation   total 87424K, used 60829K [0x0fca0000, 0x15200000, 0x25200000)
   the space 87424K,  69% used [0x0fca0000, 0x13807510, 0x13807600, 0x15200000)
 Metaspace       used 19034K, capacity 19568K, committed 19712K, reserved 19840K

Card table byte_map: [0x25200000,0x25310000] byte_map_base: 0x251d7000

Polling page: 0x013b0000

CodeCache: size=32768Kb used=1655Kb max_used=4003Kb free=31112Kb
 bounds [0x02f40000, 0x03330000, 0x04f40000]
 total_blobs=1018 nmethods=744 adapters=204
 compilation: enabled

Compilation events (10 events):
Event: 162435.207 Thread 0x262e2c00 83445             java.util.LinkedHashMap$LinkedHashIterator::<init> (31 bytes)
Event: 162435.207 Thread 0x262e2c00 nmethod 83445 0x0303a688 code [0x0303a780, 0x0303a840]
Event: 162435.219 Thread 0x262e2c00 83446             java.util.PriorityQueue::poll (64 bytes)
Event: 162435.219 Thread 0x262e2c00 nmethod 83446 0x0305c688 code [0x0305c7a0, 0x0305c8e8]
Event: 162436.105 Thread 0x262e2c00 83447             javax.jmdns.impl.HostInfo::getName (5 bytes)
Event: 162436.105 Thread 0x262e2c00 nmethod 83447 0x030133c8 code [0x030134c0, 0x03013540]
Event: 162439.722 Thread 0x262e2c00 83448             javax.swing.JScrollBar::getModel (5 bytes)
Event: 162439.722 Thread 0x262e2c00 nmethod 83448 0x0313d8c8 code [0x0313d9c0, 0x0313da40]
Event: 162439.792 Thread 0x262e2c00 83449             java.awt.Insets::<init> (26 bytes)
Event: 162439.792 Thread 0x262e2c00 nmethod 83449 0x03011248 code [0x03011340, 0x030113d0]

GC Heap History (10 events):
Event: 161506.758 GC heap before
{Heap before GC invocations=1062 (full 3):
 def new generation   total 39424K, used 35342K [0x05200000, 0x07cc0000, 0x0fca0000)
  eden space 35072K, 100% used [0x05200000, 0x07440000, 0x07440000)
  from space 4352K,   6% used [0x07880000, 0x078c3ba8, 0x07cc0000)
  to   space 4352K,   0% used [0x07440000, 0x07440000, 0x07880000)
 tenured generation   total 87424K, used 60733K [0x0fca0000, 0x15200000, 0x25200000)
   the space 87424K,  69% used [0x0fca0000, 0x137ef4d8, 0x137ef600, 0x15200000)
 Metaspace       used 19034K, capacity 19568K, committed 19712K, reserved 19840K
Event: 161506.759 GC heap after
Heap after GC invocations=1063 (full 3):
 def new generation   total 39424K, used 286K [0x05200000, 0x07cc0000, 0x0fca0000)
  eden space 35072K,   0% used [0x05200000, 0x05200000, 0x07440000)
  from space 4352K,   6% used [0x07440000, 0x07487b20, 0x07880000)
  to   space 4352K,   0% used [0x07880000, 0x07880000, 0x07cc0000)
 tenured generation   total 87424K, used 60749K [0x0fca0000, 0x15200000, 0x25200000)
   the space 87424K,  69% used [0x0fca0000, 0x137f35d8, 0x137f3600, 0x15200000)
 Metaspace       used 19034K, capacity 19568K, committed 19712K, reserved 19840K
}
Event: 161746.026 GC heap before
{Heap before GC invocations=1063 (full 3):
 def new generation   total 39424K, used 35358K [0x05200000, 0x07cc0000, 0x0fca0000)
  eden space 35072K, 100% used [0x05200000, 0x07440000, 0x07440000)
  from space 4352K,   6% used [0x07440000, 0x07487b20, 0x07880000)
  to   space 4352K,   0% used [0x07880000, 0x07880000, 0x07cc0000)
 tenured generation   total 87424K, used 60749K [0x0fca0000, 0x15200000, 0x25200000)
   the space 87424K,  69% used [0x0fca0000, 0x137f35d8, 0x137f3600, 0x15200000)
 Metaspace       used 19034K, capacity 19568K, committed 19712K, reserved 19840K
Event: 161746.028 GC heap after
Heap after GC invocations=1064 (full 3):
 def new generation   total 39424K, used 244K [0x05200000, 0x07cc0000, 0x0fca0000)
  eden space 35072K,   0% used [0x05200000, 0x05200000, 0x07440000)
  from space 4352K,   5% used [0x07880000, 0x078bd210, 0x07cc0000)
  to   space 4352K,   0% used [0x07440000, 0x07440000, 0x07880000)
 tenured generation   total 87424K, used 60781K [0x0fca0000, 0x15200000, 0x25200000)
   the space 87424K,  69% used [0x0fca0000, 0x137fb558, 0x137fb600, 0x15200000)
 Metaspace       used 19034K, capacity 19568K, committed 19712K, reserved 19840K
}
Event: 161965.735 GC heap before
{Heap before GC invocations=1064 (full 3):
 def new generation   total 39424K, used 35316K [0x05200000, 0x07cc0000, 0x0fca0000)
  eden space 35072K, 100% used [0x05200000, 0x07440000, 0x07440000)
  from space 4352K,   5% used [0x07880000, 0x078bd210, 0x07cc0000)
  to   space 4352K,   0% used [0x07440000, 0x07440000, 0x07880000)
 tenured generation   total 87424K, used 60781K [0x0fca0000, 0x15200000, 0x25200000)
   the space 87424K,  69% used [0x0fca0000, 0x137fb558, 0x137fb600, 0x15200000)
 Metaspace       used 19034K, capacity 19568K, committed 19712K, reserved 19840K
Event: 161965.736 GC heap after
Heap after GC invocations=1065 (full 3):
 def new generation   total 39424K, used 283K [0x05200000, 0x07cc0000, 0x0fca0000)
  eden space 35072K,   0% used [0x05200000, 0x05200000, 0x07440000)
  from space 4352K,   6% used [0x07440000, 0x07486fc8, 0x07880000)
  to   space 4352K,   0% used [0x07880000, 0x07880000, 0x07cc0000)
 tenured generation   total 87424K, used 60799K [0x0fca0000, 0x15200000, 0x25200000)
   the space 87424K,  69% used [0x0fca0000, 0x137ffe50, 0x13800000, 0x15200000)
 Metaspace       used 19034K, capacity 19568K, committed 19712K, reserved 19840K
}
Event: 162192.108 GC heap before
{Heap before GC invocations=1065 (full 3):
 def new generation   total 39424K, used 35355K [0x05200000, 0x07cc0000, 0x0fca0000)
  eden space 35072K, 100% used [0x05200000, 0x07440000, 0x07440000)
  from space 4352K,   6% used [0x07440000, 0x07486fc8, 0x07880000)
  to   space 4352K,   0% used [0x07880000, 0x07880000, 0x07cc0000)
 tenured generation   total 87424K, used 60799K [0x0fca0000, 0x15200000, 0x25200000)
   the space 87424K,  69% used [0x0fca0000, 0x137ffe50, 0x13800000, 0x15200000)
 Metaspace       used 19034K, capacity 19568K, committed 19712K, reserved 19840K
Event: 162192.109 GC heap after
Heap after GC invocations=1066 (full 3):
 def new generation   total 39424K, used 242K [0x05200000, 0x07cc0000, 0x0fca0000)
  eden space 35072K,   0% used [0x05200000, 0x05200000, 0x07440000)
  from space 4352K,   5% used [0x07880000, 0x078bc850, 0x07cc0000)
  to   space 4352K,   0% used [0x07440000, 0x07440000, 0x07880000)
 tenured generation   total 87424K, used 60814K [0x0fca0000, 0x15200000, 0x25200000)
   the space 87424K,  69% used [0x0fca0000, 0x13803a50, 0x13803c00, 0x15200000)
 Metaspace       used 19034K, capacity 19568K, committed 19712K, reserved 19840K
}
Event: 162418.404 GC heap before
{Heap before GC invocations=1066 (full 3):
 def new generation   total 39424K, used 35314K [0x05200000, 0x07cc0000, 0x0fca0000)
  eden space 35072K, 100% used [0x05200000, 0x07440000, 0x07440000)
  from space 4352K,   5% used [0x07880000, 0x078bc850, 0x07cc0000)
  to   space 4352K,   0% used [0x07440000, 0x07440000, 0x07880000)
 tenured generation   total 87424K, used 60814K [0x0fca0000, 0x15200000, 0x25200000)
   the space 87424K,  69% used [0x0fca0000, 0x13803a50, 0x13803c00, 0x15200000)
 Metaspace       used 19034K, capacity 19568K, committed 19712K, reserved 19840K
Event: 162418.407 GC heap after
Heap after GC invocations=1067 (full 3):
 def new generation   total 39424K, used 245K [0x05200000, 0x07cc0000, 0x0fca0000)
  eden space 35072K,   0% used [0x05200000, 0x05200000, 0x07440000)
  from space 4352K,   5% used [0x07440000, 0x0747d4f8, 0x07880000)
  to   space 4352K,   0% used [0x07880000, 0x07880000, 0x07cc0000)
 tenured generation   total 87424K, used 60829K [0x0fca0000, 0x15200000, 0x25200000)
   the space 87424K,  69% used [0x0fca0000, 0x13807510, 0x13807600, 0x15200000)
 Metaspace       used 19034K, capacity 19568K, committed 19712K, reserved 19840K
}

Deoptimization events (0 events):
No events

Classes redefined (0 events):
No events

Internal exceptions (10 events):
Event: 17070.713 Thread 0x29d42400 Exception <a 'sun/nio/fs/WindowsException'> (0x06a3c298) thrown at [C:\re\workspace\8-2-build-windows-i586-cygwin\jdk8u171\10807\hotspot\src\share\vm\prims\jni.cpp, line 709]
Event: 17070.713 Thread 0x29d42400 Exception <a 'sun/nio/fs/WindowsException'> (0x06a3c700) thrown at [C:\re\workspace\8-2-build-windows-i586-cygwin\jdk8u171\10807\hotspot\src\share\vm\prims\jni.cpp, line 709]
Event: 17070.714 Thread 0x29d42400 Exception <a 'sun/nio/fs/WindowsException'> (0x06a4bef0) thrown at [C:\re\workspace\8-2-build-windows-i586-cygwin\jdk8u171\10807\hotspot\src\share\vm\prims\jni.cpp, line 709]
Event: 17070.714 Thread 0x29d42400 Exception <a 'sun/nio/fs/WindowsException'> (0x06a4c358) thrown at [C:\re\workspace\8-2-build-windows-i586-cygwin\jdk8u171\10807\hotspot\src\share\vm\prims\jni.cpp, line 709]
Event: 17070.715 Thread 0x29d42400 Exception <a 'sun/nio/fs/WindowsException'> (0x06a5da40) thrown at [C:\re\workspace\8-2-build-windows-i586-cygwin\jdk8u171\10807\hotspot\src\share\vm\prims\jni.cpp, line 709]
Event: 17070.715 Thread 0x29d42400 Exception <a 'sun/nio/fs/WindowsException'> (0x06a5e138) thrown at [C:\re\workspace\8-2-build-windows-i586-cygwin\jdk8u171\10807\hotspot\src\share\vm\prims\jni.cpp, line 709]
Event: 17070.716 Thread 0x29d42400 Exception <a 'sun/nio/fs/WindowsException'> (0x06a67ef8) thrown at [C:\re\workspace\8-2-build-windows-i586-cygwin\jdk8u171\10807\hotspot\src\share\vm\prims\jni.cpp, line 709]
Event: 17070.716 Thread 0x29d42400 Exception <a 'sun/nio/fs/WindowsException'> (0x06a68628) thrown at [C:\re\workspace\8-2-build-windows-i586-cygwin\jdk8u171\10807\hotspot\src\share\vm\prims\jni.cpp, line 709]
Event: 17070.716 Thread 0x29d42400 Exception <a 'sun/nio/fs/WindowsException'> (0x06a723f8) thrown at [C:\re\workspace\8-2-build-windows-i586-cygwin\jdk8u171\10807\hotspot\src\share\vm\prims\jni.cpp, line 709]
Event: 17070.716 Thread 0x29d42400 Exception <a 'sun/nio/fs/WindowsException'> (0x06a72af0) thrown at [C:\re\workspace\8-2-build-windows-i586-cygwin\jdk8u171\10807\hotspot\src\share\vm\prims\jni.cpp, line 709]

Events (10 events):
Event: 162423.310 Thread 0x262e2c00 flushing nmethod 0x0302eac8
Event: 162423.729 Thread 0x262e2c00 flushing nmethod 0x0305c548
Event: 162423.729 Thread 0x262e2c00 flushing nmethod 0x03107f08
Event: 162423.729 Thread 0x262e2c00 flushing nmethod 0x0313d788
Event: 162426.063 Thread 0x262e2c00 flushing nmethod 0x030133c8
Event: 162430.626 Thread 0x262e2c00 flushing nmethod 0x03107cc8
Event: 162430.626 Thread 0x262e2c00 flushing nmethod 0x0312ce88
Event: 162436.105 Thread 0x262e2c00 flushing nmethod 0x03011048
Event: 162439.722 Thread 0x262e2c00 flushing nmethod 0x03060188
Event: 162439.792 Thread 0x262e2c00 flushing nmethod 0x03144688


Dynamic libraries:
0x00130000 - 0x00163000 	C:\Arduino\java\bin\javaw.exe
0x77890000 - 0x77a20000 	C:\WINDOWS\SYSTEM32\ntdll.dll
0x747d0000 - 0x748b0000 	C:\WINDOWS\System32\KERNEL32.DLL
0x74a80000 - 0x74c64000 	C:\WINDOWS\System32\KERNELBASE.dll
0x77350000 - 0x773c8000 	C:\WINDOWS\System32\ADVAPI32.dll
0x77570000 - 0x7762f000 	C:\WINDOWS\System32\msvcrt.dll
0x75930000 - 0x75974000 	C:\WINDOWS\System32\sechost.dll
0x75870000 - 0x75930000 	C:\WINDOWS\System32\RPCRT4.dll
0x74150000 - 0x74170000 	C:\WINDOWS\System32\SspiCli.dll
0x74140000 - 0x7414a000 	C:\WINDOWS\System32\CRYPTBASE.dll
0x77630000 - 0x77688000 	C:\WINDOWS\System32\bcryptPrimitives.dll
0x752a0000 - 0x7542d000 	C:\WINDOWS\System32\USER32.dll
0x741f0000 - 0x74207000 	C:\WINDOWS\System32\win32u.dll
0x744b0000 - 0x744d2000 	C:\WINDOWS\System32\GDI32.dll
0x744e0000 - 0x74644000 	C:\WINDOWS\System32\gdi32full.dll
0x74310000 - 0x7438d000 	C:\WINDOWS\System32\msvcp_win.dll
0x74390000 - 0x744ae000 	C:\WINDOWS\System32\ucrtbase.dll
0x700d0000 - 0x702d4000 	C:\WINDOWS\WinSxS\x86_microsoft.windows.common-controls_6595b64144ccf1df_6.0.17134.345_none_42efd13044e18c5e\COMCTL32.dll
0x770f0000 - 0x7734c000 	C:\WINDOWS\System32\combase.dll
0x76f40000 - 0x76f66000 	C:\WINDOWS\System32\IMM32.DLL
0x6aab0000 - 0x6ab6f000 	C:\Arduino\java\bin\msvcr100.dll
0x576f0000 - 0x57ac1000 	C:\Arduino\java\bin\client\jvm.dll
0x77790000 - 0x77796000 	C:\WINDOWS\System32\PSAPI.DLL
0x71e40000 - 0x71e64000 	C:\WINDOWS\SYSTEM32\WINMM.dll
0x72b90000 - 0x72b98000 	C:\WINDOWS\SYSTEM32\VERSION.dll
0x726e0000 - 0x726e8000 	C:\WINDOWS\SYSTEM32\WSOCK32.dll
0x76ed0000 - 0x76f37000 	C:\WINDOWS\System32\WS2_32.dll
0x71e10000 - 0x71e33000 	C:\WINDOWS\SYSTEM32\WINMMBASE.dll
0x746b0000 - 0x746e9000 	C:\WINDOWS\System32\cfgmgr32.dll
0x71fe0000 - 0x72010000 	C:\Arduino\java\bin\splashscreen.dll
0x70620000 - 0x7069c000 	C:\WINDOWS\system32\uxtheme.dll
0x70360000 - 0x7036c000 	C:\Arduino\java\bin\verify.dll
0x70060000 - 0x70082000 	C:\Arduino\java\bin\java.dll
0x76d80000 - 0x76ec4000 	C:\WINDOWS\System32\MSCTF.dll
0x77050000 - 0x770e6000 	C:\WINDOWS\System32\OLEAUT32.dll
0x6aa90000 - 0x6aaa4000 	C:\Arduino\java\bin\zip.dll
0x74c70000 - 0x74c7f000 	C:\WINDOWS\System32\kernel.appcore.dll
0x5a080000 - 0x5a0fd000 	C:\WINDOWS\System32\TextInputFramework.dll
0x59d90000 - 0x59fed000 	C:\WINDOWS\System32\CoreUIComponents.dll
0x59ff0000 - 0x5a07b000 	C:\WINDOWS\System32\CoreMessaging.dll
0x74270000 - 0x742f8000 	C:\WINDOWS\System32\SHCORE.dll
0x72040000 - 0x72069000 	C:\WINDOWS\SYSTEM32\ntmarta.dll
0x6ff10000 - 0x6ffe6000 	C:\WINDOWS\SYSTEM32\wintypes.dll
0x705c0000 - 0x705e3000 	C:\WINDOWS\system32\dwmapi.dll
0x759a0000 - 0x76cea000 	C:\WINDOWS\System32\SHELL32.dll
0x74ce0000 - 0x75299000 	C:\WINDOWS\System32\windows.storage.dll
0x74a20000 - 0x74a65000 	C:\WINDOWS\System32\shlwapi.dll
0x741d0000 - 0x741e8000 	C:\WINDOWS\System32\profapi.dll
0x74210000 - 0x74255000 	C:\WINDOWS\System32\powrprof.dll
0x75860000 - 0x75868000 	C:\WINDOWS\System32\FLTLIB.DLL
0x61740000 - 0x6176b000 	C:\Arduino\lib\listSerialsj.dll
0x75430000 - 0x7585b000 	C:\WINDOWS\System32\SETUPAPI.dll
0x6aa70000 - 0x6aa8d000 	C:\Arduino\lib\jnidispatch-4.2.2-win32-x86.dll
0x77690000 - 0x7778c000 	C:\WINDOWS\System32\Ole32.dll
0x6aa50000 - 0x6aa65000 	C:\Arduino\java\bin\net.dll
0x73430000 - 0x73486000 	C:\WINDOWS\system32\mswsock.dll
0x70050000 - 0x7005f000 	C:\Arduino\java\bin\nio.dll
0x575a0000 - 0x576e5000 	C:\Arduino\java\bin\awt.dll
0x72c70000 - 0x72d0d000 	C:\WINDOWS\SYSTEM32\apphelp.dll
0x6aa10000 - 0x6aa49000 	C:\Arduino\java\bin\fontmanager.dll
0x5d120000 - 0x5d1f9000 	C:\WINDOWS\system32\opengl32.dll
0x6a9d0000 - 0x6aa0f000 	C:\WINDOWS\SYSTEM32\GLU32.dll
0x6a990000 - 0x6a9c2000 	C:\Arduino\java\bin\t2k.dll
0x71970000 - 0x71992000 	C:\WINDOWS\SYSTEM32\DEVOBJ.dll
0x77000000 - 0x77047000 	C:\WINDOWS\System32\WINTRUST.dll
0x74260000 - 0x7426e000 	C:\WINDOWS\System32\MSASN1.dll
0x773d0000 - 0x77566000 	C:\WINDOWS\System32\CRYPT32.dll
0x72db0000 - 0x72de0000 	C:\WINDOWS\SYSTEM32\IPHLPAPI.DLL
0x74300000 - 0x74307000 	C:\WINDOWS\System32\NSI.dll
0x733f0000 - 0x73403000 	C:\WINDOWS\SYSTEM32\dhcpcsvc6.DLL
0x72d90000 - 0x72da4000 	C:\WINDOWS\SYSTEM32\dhcpcsvc.DLL
0x72290000 - 0x7231e000 	C:\WINDOWS\SYSTEM32\DNSAPI.dll
0x72170000 - 0x72178000 	C:\Windows\System32\rasadhlp.dll
0x72d40000 - 0x72d8f000 	C:\WINDOWS\System32\fwpuclnt.dll
0x733d0000 - 0x733e9000 	C:\WINDOWS\SYSTEM32\bcrypt.dll
0x6a740000 - 0x6a7a9000 	C:\Arduino\msvcp100.dll
0x574e0000 - 0x5759e000 	C:\Arduino\msvcr100.dll
0x2ac20000 - 0x2ac52000 	C:\Arduino\lib\AStylej.dll
0x6a6d0000 - 0x6a6f4000 	C:\Arduino\java\bin\dcpr.dll
0x76f70000 - 0x76ff3000 	C:\WINDOWS\System32\clbcatq.dll
0x65dd0000 - 0x65f41000 	C:\WINDOWS\SYSTEM32\WindowsCodecs.dll
0x6d260000 - 0x6d2af000 	C:\WINDOWS\system32\dataexchange.dll
0x6bd10000 - 0x6bf62000 	C:\WINDOWS\system32\d3d11.dll
0x6c430000 - 0x6c56c000 	C:\WINDOWS\system32\dcomp.dll
0x6c390000 - 0x6c428000 	C:\WINDOWS\system32\dxgi.dll
0x6c820000 - 0x6c985000 	C:\WINDOWS\system32\twinapi.appcore.dll
0x6d6c0000 - 0x6d6da000 	C:\WINDOWS\system32\RMCLIENT.dll
0x64000000 - 0x6401b000 	C:\Users\nigam4\.jssc\windows\jSSC-2.8_x86.dll

VM Arguments:
jvm_args: -Dsun.java2d.d3d=false -Djna.nosys=true -Djna.nounpack=true -Djna.boot.library.name=jnidispatch-4.2.2-win32-x86 -Djna.boot.library.path=C:\Arduino/lib -Djssc.library.path=C:\Arduino/lib -DAPP_DIR=C:\Arduino -Xms128M -Xmx512M 
java_command: processing.app.Base X:\Microgrid testbed - work\ComEd_2018\Islanded\Node20_modbus\Node20_modbus.ino
java_class_path (initial): C:\Arduino\lib\apple.jar;C:\Arduino\lib\arduino-core.jar;C:\Arduino\lib\batik-1.8.jar;C:\Arduino\lib\batik-anim-1.8.jar;C:\Arduino\lib\batik-awt-util-1.8.jar;C:\Arduino\lib\batik-bridge-1.8.jar;C:\Arduino\lib\batik-codec-1.8.jar;C:\Arduino\lib\batik-css-1.8.jar;C:\Arduino\lib\batik-dom-1.8.jar;C:\Arduino\lib\batik-ext-1.8.jar;C:\Arduino\lib\batik-gvt-1.8.jar;C:\Arduino\lib\batik-parser-1.8.jar;C:\Arduino\lib\batik-rasterizer-1.8.jar;C:\Arduino\lib\batik-script-1.8.jar;C:\Arduino\lib\batik-squiggle-1.8.jar;C:\Arduino\lib\batik-svg-dom-1.8.jar;C:\Arduino\lib\batik-svgpp-1.8.jar;C:\Arduino\lib\batik-transcoder-1.8.jar;C:\Arduino\lib\batik-util-1.8.jar;C:\Arduino\lib\batik-xml-1.8.jar;C:\Arduino\lib\bcpg-jdk15on-152.jar;C:\Arduino\lib\bcprov-jdk15on-152.jar;C:\Arduino\lib\commons-codec-1.7.jar;C:\Arduino\lib\commons-compress-1.8.jar;C:\Arduino\lib\commons-exec-1.1.jar;C:\Arduino\lib\commons-httpclient-3.1.jar;C:\Arduino\lib\commons-lang3-3.3.2.jar;C:\Arduino\lib\commons-logging-1.0.4.jar;C:\Arduino\lib\commons-net-3.3.jar;C:\Arduino\lib\jackson-annotations-2.9.5.jar;C:\Arduino\lib\jackson-core-2.9.5.jar;C:\Arduino\lib\jackson-databind-2.9.5.jar;C:\Arduino\lib\jackson-module-mrbean-2.9.5.jar;C:\Arduino\lib\java-semver-0.8.0.jar;C:\Arduino\lib\jmdns-3.5.3.jar;C:\Arduino\lib\slf4j-simple-1.7.22.jar;C:\Arduino\lib\slf4j-api-1.7.22.jar;C:\Arduino\lib\jna-4.2.2.jar;C:\Arduino\lib\jna-platform-4.2.2.jar;C:\Arduino\lib\jsch-0.1.50.jar;C:\Arduino\lib\jssc-2.8.0-arduino2.jar;C:\Arduino\lib\pde.jar;C:\Arduino\lib\rsyntaxtextarea-2.6.1.jar;C:\Arduino\lib\xml-apis-1.3.04.jar;C:\Arduino\lib\xml-apis-ext-1.3.04.jar;C:\Arduino\lib\xmlgraphics-commons-2.0.jar
Launcher Type: SUN_STANDARD

Environment Variables:
PATH=C:\ProgramData\Oracle\Java\javapath;C:\WINDOWS\system32;C:\WINDOWS;C:\WINDOWS\System32\Wbem;C:\WINDOWS\System32\WindowsPowerShell\v1.0\;C:\Program Files (x86)\PuTTY\;C:\Program Files\MATLAB\R2017a\runtime\win64;C:\Program Files\MATLAB\R2017a\bin;C:\Program Files (x86)\MATLAB\MATLAB Compiler Runtime\v79\runtime\win32;C:\Program Files (x86)\IVI Foundation\VISA\WinNT\Bin\;C:\Program Files\IVI Foundation\VISA\Win64\Bin\;C:\Program Files (x86)\IVI Foundation\VISA\WinNT\Bin;C:\WINDOWS\System32\OpenSSH\;C:\Typhoon HIL Control Center\bin\;C:\Users\nigam4\AppData\Local\Microsoft\WindowsApps;;C:\Arduino\java\bin
USERNAME=nigam4
OS=Windows_NT
PROCESSOR_IDENTIFIER=Intel64 Family 6 Model 158 Stepping 9, GenuineIntel



---------------  S Y S T E M  ---------------

OS: Windows 10.0 , 64 bit Build 17134 (10.0.17134.1)

CPU:total 8 (initial active 8) (4 cores per cpu, 2 threads per core) family 6 model 158 stepping 9, cmov, cx8, fxsr, mmx, sse, sse2, sse3, ssse3, sse4.1, sse4.2, popcnt, avx, avx2, aes, clmul, erms, rtm, 3dnowpref, lzcnt, ht, tsc, tscinvbit, bmi1, bmi2, adx

Memory: 4k page, physical 16666376k(8386796k free), swap 27393688k(13829116k free)

vm_info: Java HotSpot(TM) Client VM (25.171-b11) for windows-x86 JRE (1.8.0_171-b11), built on Mar 28 2018 14:51:22 by "java_re" with MS VC++ 10.0 (VS2010)

time: Sun Oct 28 05:54:38 2018
elapsed time: 162442 seconds (1d 21h 7m 22s)

