arm-linux-gnueabihf-gcc -s -Wall -Iport -I../../../thirdparty_libs/libmodbus -I../../../thirdparty_libs/hashmap -I../src_gen -I../../bsp -I../include -O2 -pthread -o ../src/main.o -c ../src/main.c
arm-linux-gnueabihf-gcc -s -Wall -Iport -I../../../thirdparty_libs/libmodbus -I../../../thirdparty_libs/hashmap -I../src_gen -I../../bsp -I../include -O2 -pthread -o ../src/modbus_reply.o -c ../src/modbus_reply.c
arm-linux-gnueabihf-gcc -s -Wall -Iport -I../../../thirdparty_libs/libmodbus -I../../../thirdparty_libs/hashmap -I../src_gen -I../../bsp -I../include -O2 -pthread -o ../src_gen/hashmap_control.o -c ../src_gen/hashmap_control.c
arm-linux-gnueabihf-gcc -s -Wall -Iport -I../../../thirdparty_libs/libmodbus -I../../../thirdparty_libs/hashmap -I../src_gen -I../../bsp -I../include -O2 -pthread -o ../../../thirdparty_libs/libmodbus/modbus.o -c ../../../thirdparty_libs/libmodbus/modbus.c
arm-linux-gnueabihf-gcc -s -Wall -Iport -I../../../thirdparty_libs/libmodbus -I../../../thirdparty_libs/hashmap -I../src_gen -I../../bsp -I../include -O2 -pthread -o ../../../thirdparty_libs/libmodbus/modbus-data.o -c ../../../thirdparty_libs/libmodbus/modbus-data.c
arm-linux-gnueabihf-gcc -s -Wall -Iport -I../../../thirdparty_libs/libmodbus -I../../../thirdparty_libs/hashmap -I../src_gen -I../../bsp -I../include -O2 -pthread -o ../../../thirdparty_libs/libmodbus/modbus-rtu.o -c ../../../thirdparty_libs/libmodbus/modbus-rtu.c
arm-linux-gnueabihf-gcc -s -Wall -Iport -I../../../thirdparty_libs/libmodbus -I../../../thirdparty_libs/hashmap -I../src_gen -I../../bsp -I../include -O2 -pthread -o ../../../thirdparty_libs/libmodbus/modbus-tcp.o -c ../../../thirdparty_libs/libmodbus/modbus-tcp.c
arm-linux-gnueabihf-gcc -s -Wall -Iport -I../../../thirdparty_libs/libmodbus -I../../../thirdparty_libs/hashmap -I../src_gen -I../../bsp -I../include -O2 -pthread -o ../../../thirdparty_libs/hashmap/hashmap.o -c ../../../thirdparty_libs/hashmap/hashmap.c
arm-linux-gnueabihf-gcc -s -Wall -Iport -I../../../thirdparty_libs/libmodbus -I../../../thirdparty_libs/hashmap -I../src_gen -I../../bsp -I../include -O2 -pthread -o ../../bsp/hil-mappings.o -c ../../bsp/hil-mappings.c
arm-linux-gnueabihf-gcc  -lpthread ../src/main.o ../src/modbus_reply.o ../src_gen/hashmap_control.o ../../../thirdparty_libs/libmodbus/modbus.o ../../../thirdparty_libs/libmodbus/modbus-data.o ../../../thirdparty_libs/libmodbus/modbus-rtu.o ../../../thirdparty_libs/libmodbus/modbus-tcp.o ../../../thirdparty_libs/hashmap/hashmap.o ../../bsp/hil-mappings.o   -o mbus_server_app.elf -O2

In file included from ../src/main.c:34:
../src_gen/modbus_config.h:106:44: warning: excess elements in array initializer
             /* discrete_hil_addr */      { 0x55000338 },
                                            ^~~~~~~~~~
../src_gen/modbus_config.h:106:44: note: (near initialization for 'ModBus_HIL_config.MbusHIL[0].discrete_hil_addr')
../src_gen/modbus_config.h:108:44: warning: excess elements in array initializer
             /* coil_in_hil_addr */       { 0x55000334 },
                                            ^~~~~~~~~~
../src_gen/modbus_config.h:108:44: note: (near initialization for 'ModBus_HIL_config.MbusHIL[0].coil_in_hil_addr')
../src_gen/modbus_config.h:109:44: warning: excess elements in array initializer
             /* coil_out_hil_addr */      { 0x550001ec },
                                            ^~~~~~~~~~
../src_gen/modbus_config.h:109:44: note: (near initialization for 'ModBus_HIL_config.MbusHIL[0].coil_out_hil_addr')
In file included from ../src/main.c:34:
../src_gen/modbus_config.h:132:44: warning: excess elements in array initializer
             /* discrete_hil_addr */      { 0x550005d8 },
                                            ^~~~~~~~~~
../src_gen/modbus_config.h:132:44: note: (near initialization for 'ModBus_HIL_config.MbusHIL[1].discrete_hil_addr')
../src_gen/modbus_config.h:134:44: warning: excess elements in array initializer
             /* coil_in_hil_addr */       { 0x550005d4 },
                                            ^~~~~~~~~~
../src_gen/modbus_config.h:134:44: note: (near initialization for 'ModBus_HIL_config.MbusHIL[1].coil_in_hil_addr')
../src_gen/modbus_config.h:135:44: warning: excess elements in array initializer
             /* coil_out_hil_addr */      { 0x5500024c },
                                            ^~~~~~~~~~
../src_gen/modbus_config.h:135:44: note: (near initialization for 'ModBus_HIL_config.MbusHIL[1].coil_out_hil_addr')
../src_gen/modbus_config.h:158:44: warning: excess elements in array initializer
             /* discrete_hil_addr */      { 0x55000568 },
                                            ^~~~~~~~~~
../src_gen/modbus_config.h:158:44: note: (near initialization for 'ModBus_HIL_config.MbusHIL[2].discrete_hil_addr')
../src_gen/modbus_config.h:160:44: warning: excess elements in array initializer
             /* coil_in_hil_addr */       { 0x55000564 },
                                            ^~~~~~~~~~
../src_gen/modbus_config.h:160:44: note: (near initialization for 'ModBus_HIL_config.MbusHIL[2].coil_in_hil_addr')
../src_gen/modbus_config.h:161:44: warning: excess elements in array initializer
             /* coil_out_hil_addr */      { 0x5500023c },
                                            ^~~~~~~~~~
../src_gen/modbus_config.h:161:44: note: (near initialization for 'ModBus_HIL_config.MbusHIL[2].coil_out_hil_addr')
../src_gen/modbus_config.h:184:44: warning: excess elements in array initializer
             /* discrete_hil_addr */      { 0x550003a8 },
                                            ^~~~~~~~~~
../src_gen/modbus_config.h:184:44: note: (near initialization for 'ModBus_HIL_config.MbusHIL[3].discrete_hil_addr')
../src_gen/modbus_config.h:186:44: warning: excess elements in array initializer
             /* coil_in_hil_addr */       { 0x550003a4 },
                                            ^~~~~~~~~~
../src_gen/modbus_config.h:186:44: note: (near initialization for 'ModBus_HIL_config.MbusHIL[3].coil_in_hil_addr')
../src_gen/modbus_config.h:187:44: warning: excess elements in array initializer
             /* coil_out_hil_addr */      { 0x550001fc },
                                            ^~~~~~~~~~
../src_gen/modbus_config.h:187:44: note: (near initialization for 'ModBus_HIL_config.MbusHIL[3].coil_out_hil_addr')
../src_gen/modbus_config.h:210:44: warning: excess elements in array initializer
             /* discrete_hil_addr */      { 0x55000488 },
                                            ^~~~~~~~~~
../src_gen/modbus_config.h:210:44: note: (near initialization for 'ModBus_HIL_config.MbusHIL[4].discrete_hil_addr')
../src_gen/modbus_config.h:212:44: warning: excess elements in array initializer
             /* coil_in_hil_addr */       { 0x55000484 },
                                            ^~~~~~~~~~
../src_gen/modbus_config.h:212:44: note: (near initialization for 'ModBus_HIL_config.MbusHIL[4].coil_in_hil_addr')
../src_gen/modbus_config.h:213:44: warning: excess elements in array initializer
             /* coil_out_hil_addr */      { 0x5500021c },
                                            ^~~~~~~~~~
../src_gen/modbus_config.h:213:44: note: (near initialization for 'ModBus_HIL_config.MbusHIL[4].coil_out_hil_addr')
../src_gen/modbus_config.h:236:44: warning: excess elements in array initializer
             /* discrete_hil_addr */      { 0x55000418 },
                                            ^~~~~~~~~~
../src_gen/modbus_config.h:236:44: note: (near initialization for 'ModBus_HIL_config.MbusHIL[5].discrete_hil_addr')
../src_gen/modbus_config.h:238:44: warning: excess elements in array initializer
             /* coil_in_hil_addr */       { 0x55000414 },
                                            ^~~~~~~~~~
../src_gen/modbus_config.h:238:44: note: (near initialization for 'ModBus_HIL_config.MbusHIL[5].coil_in_hil_addr')
../src_gen/modbus_config.h:239:44: warning: excess elements in array initializer
             /* coil_out_hil_addr */      { 0x5500020c },
                                            ^~~~~~~~~~
../src_gen/modbus_config.h:239:44: note: (near initialization for 'ModBus_HIL_config.MbusHIL[5].coil_out_hil_addr')
../src_gen/modbus_config.h:262:44: warning: excess elements in array initializer
             /* discrete_hil_addr */      { 0x5500027c },
                                            ^~~~~~~~~~
../src_gen/modbus_config.h:262:44: note: (near initialization for 'ModBus_HIL_config.MbusHIL[6].discrete_hil_addr')
../src_gen/modbus_config.h:264:44: warning: excess elements in array initializer
             /* coil_in_hil_addr */       { 0x55000278 },
                                            ^~~~~~~~~~
../src_gen/modbus_config.h:264:44: note: (near initialization for 'ModBus_HIL_config.MbusHIL[6].coil_in_hil_addr')
../src_gen/modbus_config.h:265:44: warning: excess elements in array initializer
             /* coil_out_hil_addr */      { 0x550001d4 },
                                            ^~~~~~~~~~
../src_gen/modbus_config.h:265:44: note: (near initialization for 'ModBus_HIL_config.MbusHIL[6].coil_out_hil_addr')
../src_gen/modbus_config.h:288:44: warning: excess elements in array initializer
             /* discrete_hil_addr */      { 0x550006b8 },
                                            ^~~~~~~~~~
../src_gen/modbus_config.h:288:44: note: (near initialization for 'ModBus_HIL_config.MbusHIL[7].discrete_hil_addr')
../src_gen/modbus_config.h:290:44: warning: excess elements in array initializer
             /* coil_in_hil_addr */       { 0x550006b4 },
                                            ^~~~~~~~~~
../src_gen/modbus_config.h:290:44: note: (near initialization for 'ModBus_HIL_config.MbusHIL[7].coil_in_hil_addr')
../src_gen/modbus_config.h:291:44: warning: excess elements in array initializer
             /* coil_out_hil_addr */      { 0x5500026c },
                                            ^~~~~~~~~~
../src_gen/modbus_config.h:291:44: note: (near initialization for 'ModBus_HIL_config.MbusHIL[7].coil_out_hil_addr')
../src_gen/modbus_config.h:314:44: warning: excess elements in array initializer
             /* discrete_hil_addr */      { 0x550004f8 },
                                            ^~~~~~~~~~
../src_gen/modbus_config.h:314:44: note: (near initialization for 'ModBus_HIL_config.MbusHIL[8].discrete_hil_addr')
../src_gen/modbus_config.h:316:44: warning: excess elements in array initializer
             /* coil_in_hil_addr */       { 0x550004f4 },
                                            ^~~~~~~~~~
../src_gen/modbus_config.h:316:44: note: (near initialization for 'ModBus_HIL_config.MbusHIL[8].coil_in_hil_addr')
../src_gen/modbus_config.h:317:44: warning: excess elements in array initializer
             /* coil_out_hil_addr */      { 0x5500022c },
                                            ^~~~~~~~~~
../src_gen/modbus_config.h:317:44: note: (near initialization for 'ModBus_HIL_config.MbusHIL[8].coil_out_hil_addr')
../src_gen/modbus_config.h:340:44: warning: excess elements in array initializer
             /* discrete_hil_addr */      { 0x550002c8 },
                                            ^~~~~~~~~~
../src_gen/modbus_config.h:340:44: note: (near initialization for 'ModBus_HIL_config.MbusHIL[9].discrete_hil_addr')
../src_gen/modbus_config.h:342:44: warning: excess elements in array initializer
             /* coil_in_hil_addr */       { 0x550002c4 },
                                            ^~~~~~~~~~
../src_gen/modbus_config.h:342:44: note: (near initialization for 'ModBus_HIL_config.MbusHIL[9].coil_in_hil_addr')
../src_gen/modbus_config.h:343:44: warning: excess elements in array initializer
             /* coil_out_hil_addr */      { 0x550001dc },
                                            ^~~~~~~~~~
../src_gen/modbus_config.h:343:44: note: (near initialization for 'ModBus_HIL_config.MbusHIL[9].coil_out_hil_addr')
../src_gen/modbus_config.h:366:44: warning: excess elements in array initializer
             /* discrete_hil_addr */      { 0x55000648 },
                                            ^~~~~~~~~~
../src_gen/modbus_config.h:366:44: note: (near initialization for 'ModBus_HIL_config.MbusHIL[10].discrete_hil_addr')
../src_gen/modbus_config.h:368:44: warning: excess elements in array initializer
             /* coil_in_hil_addr */       { 0x55000644 },
                                            ^~~~~~~~~~
../src_gen/modbus_config.h:368:44: note: (near initialization for 'ModBus_HIL_config.MbusHIL[10].coil_in_hil_addr')
../src_gen/modbus_config.h:369:44: warning: excess elements in array initializer
             /* coil_out_hil_addr */      { 0x5500025c },
                                            ^~~~~~~~~~
../src_gen/modbus_config.h:369:44: note: (near initialization for 'ModBus_HIL_config.MbusHIL[10].coil_out_hil_addr')
../src_gen/modbus_config.h:524:51: warning: excess elements in array initializer
             /* coil_out initialisation */       { 0 },
                                                   ^
../src_gen/modbus_config.h:524:51: note: (near initialization for 'ModBus_config.Mbus[0].coil_out_init')
../src_gen/modbus_config.h:527:51: warning: excess elements in array initializer
             /* register_32 initialization */    { 0 },
                                                   ^
../src_gen/modbus_config.h:527:51: note: (near initialization for 'ModBus_config.Mbus[0].register_32')
../src_gen/modbus_config.h:528:51: warning: excess elements in array initializer
             /* register_64 initialization */    { 0 },
                                                   ^
../src_gen/modbus_config.h:528:51: note: (near initialization for 'ModBus_config.Mbus[0].register_64')
../src_gen/modbus_config.h:531:51: warning: excess elements in array initializer
             /* holding_in_32 initialization */  { 0 },
                                                   ^
../src_gen/modbus_config.h:531:51: note: (near initialization for 'ModBus_config.Mbus[0].holding_in_32')
../src_gen/modbus_config.h:532:51: warning: excess elements in array initializer
             /* holding_in_64 initialization */  { 0 },
                                                   ^
../src_gen/modbus_config.h:532:51: note: (near initialization for 'ModBus_config.Mbus[0].holding_in_64')
../src_gen/modbus_config.h:535:51: warning: excess elements in array initializer
             /* holding_out_32 initialization */ { 0 },
                                                   ^
../src_gen/modbus_config.h:535:51: note: (near initialization for 'ModBus_config.Mbus[0].holding_out_32')
../src_gen/modbus_config.h:536:51: warning: excess elements in array initializer
             /* holding_out_64 initialization */ { 0 }
                                                   ^
../src_gen/modbus_config.h:536:51: note: (near initialization for 'ModBus_config.Mbus[0].holding_out_64')
../src_gen/modbus_config.h:586:51: warning: excess elements in array initializer
             /* coil_out initialisation */       { 0 },
                                                   ^
../src_gen/modbus_config.h:586:51: note: (near initialization for 'ModBus_config.Mbus[1].coil_out_init')
../src_gen/modbus_config.h:589:51: warning: excess elements in array initializer
             /* register_32 initialization */    { 0 },
                                                   ^
../src_gen/modbus_config.h:589:51: note: (near initialization for 'ModBus_config.Mbus[1].register_32')
../src_gen/modbus_config.h:590:51: warning: excess elements in array initializer
             /* register_64 initialization */    { 0 },
                                                   ^
../src_gen/modbus_config.h:590:51: note: (near initialization for 'ModBus_config.Mbus[1].register_64')
../src_gen/modbus_config.h:593:51: warning: excess elements in array initializer
             /* holding_in_32 initialization */  { 0 },
                                                   ^
../src_gen/modbus_config.h:593:51: note: (near initialization for 'ModBus_config.Mbus[1].holding_in_32')
../src_gen/modbus_config.h:594:51: warning: excess elements in array initializer
             /* holding_in_64 initialization */  { 0 },
                                                   ^
../src_gen/modbus_config.h:594:51: note: (near initialization for 'ModBus_config.Mbus[1].holding_in_64')
../src_gen/modbus_config.h:597:51: warning: excess elements in array initializer
             /* holding_out_32 initialization */ { 0 },
                                                   ^
../src_gen/modbus_config.h:597:51: note: (near initialization for 'ModBus_config.Mbus[1].holding_out_32')
../src_gen/modbus_config.h:598:51: warning: excess elements in array initializer
             /* holding_out_64 initialization */ { 0 }
                                                   ^
../src_gen/modbus_config.h:598:51: note: (near initialization for 'ModBus_config.Mbus[1].holding_out_64')
../src_gen/modbus_config.h:648:51: warning: excess elements in array initializer
             /* coil_out initialisation */       { 0 },
                                                   ^
../src_gen/modbus_config.h:648:51: note: (near initialization for 'ModBus_config.Mbus[2].coil_out_init')
../src_gen/modbus_config.h:651:51: warning: excess elements in array initializer
             /* register_32 initialization */    { 0 },
                                                   ^
../src_gen/modbus_config.h:651:51: note: (near initialization for 'ModBus_config.Mbus[2].register_32')
../src_gen/modbus_config.h:652:51: warning: excess elements in array initializer
             /* register_64 initialization */    { 0 },
                                                   ^
../src_gen/modbus_config.h:652:51: note: (near initialization for 'ModBus_config.Mbus[2].register_64')
../src_gen/modbus_config.h:655:51: warning: excess elements in array initializer
             /* holding_in_32 initialization */  { 0 },
                                                   ^
../src_gen/modbus_config.h:655:51: note: (near initialization for 'ModBus_config.Mbus[2].holding_in_32')
../src_gen/modbus_config.h:656:51: warning: excess elements in array initializer
             /* holding_in_64 initialization */  { 0 },
                                                   ^
../src_gen/modbus_config.h:656:51: note: (near initialization for 'ModBus_config.Mbus[2].holding_in_64')
../src_gen/modbus_config.h:659:51: warning: excess elements in array initializer
             /* holding_out_32 initialization */ { 0 },
                                                   ^
../src_gen/modbus_config.h:659:51: note: (near initialization for 'ModBus_config.Mbus[2].holding_out_32')
../src_gen/modbus_config.h:660:51: warning: excess elements in array initializer
             /* holding_out_64 initialization */ { 0 }
                                                   ^
../src_gen/modbus_config.h:660:51: note: (near initialization for 'ModBus_config.Mbus[2].holding_out_64')
../src_gen/modbus_config.h:710:51: warning: excess elements in array initializer
             /* coil_out initialisation */       { 0 },
                                                   ^
../src_gen/modbus_config.h:710:51: note: (near initialization for 'ModBus_config.Mbus[3].coil_out_init')
../src_gen/modbus_config.h:713:51: warning: excess elements in array initializer
             /* register_32 initialization */    { 0 },
                                                   ^
../src_gen/modbus_config.h:713:51: note: (near initialization for 'ModBus_config.Mbus[3].register_32')
../src_gen/modbus_config.h:714:51: warning: excess elements in array initializer
             /* register_64 initialization */    { 0 },
                                                   ^
../src_gen/modbus_config.h:714:51: note: (near initialization for 'ModBus_config.Mbus[3].register_64')
../src_gen/modbus_config.h:717:51: warning: excess elements in array initializer
             /* holding_in_32 initialization */  { 0 },
                                                   ^
../src_gen/modbus_config.h:717:51: note: (near initialization for 'ModBus_config.Mbus[3].holding_in_32')
../src_gen/modbus_config.h:718:51: warning: excess elements in array initializer
             /* holding_in_64 initialization */  { 0 },
                                                   ^
../src_gen/modbus_config.h:718:51: note: (near initialization for 'ModBus_config.Mbus[3].holding_in_64')
../src_gen/modbus_config.h:721:51: warning: excess elements in array initializer
             /* holding_out_32 initialization */ { 0 },
                                                   ^
../src_gen/modbus_config.h:721:51: note: (near initialization for 'ModBus_config.Mbus[3].holding_out_32')
../src_gen/modbus_config.h:722:51: warning: excess elements in array initializer
             /* holding_out_64 initialization */ { 0 }
                                                   ^
../src_gen/modbus_config.h:722:51: note: (near initialization for 'ModBus_config.Mbus[3].holding_out_64')
../src_gen/modbus_config.h:772:51: warning: excess elements in array initializer
             /* coil_out initialisation */       { 0 },
                                                   ^
../src_gen/modbus_config.h:772:51: note: (near initialization for 'ModBus_config.Mbus[4].coil_out_init')
../src_gen/modbus_config.h:775:51: warning: excess elements in array initializer
             /* register_32 initialization */    { 0 },
                                                   ^
../src_gen/modbus_config.h:775:51: note: (near initialization for 'ModBus_config.Mbus[4].register_32')
../src_gen/modbus_config.h:776:51: warning: excess elements in array initializer
             /* register_64 initialization */    { 0 },
                                                   ^
../src_gen/modbus_config.h:776:51: note: (near initialization for 'ModBus_config.Mbus[4].register_64')
../src_gen/modbus_config.h:779:51: warning: excess elements in array initializer
             /* holding_in_32 initialization */  { 0 },
                                                   ^
../src_gen/modbus_config.h:779:51: note: (near initialization for 'ModBus_config.Mbus[4].holding_in_32')
../src_gen/modbus_config.h:780:51: warning: excess elements in array initializer
             /* holding_in_64 initialization */  { 0 },
                                                   ^
../src_gen/modbus_config.h:780:51: note: (near initialization for 'ModBus_config.Mbus[4].holding_in_64')
../src_gen/modbus_config.h:783:51: warning: excess elements in array initializer
             /* holding_out_32 initialization */ { 0 },
                                                   ^
../src_gen/modbus_config.h:783:51: note: (near initialization for 'ModBus_config.Mbus[4].holding_out_32')
../src_gen/modbus_config.h:784:51: warning: excess elements in array initializer
             /* holding_out_64 initialization */ { 0 }
                                                   ^
../src_gen/modbus_config.h:784:51: note: (near initialization for 'ModBus_config.Mbus[4].holding_out_64')
../src_gen/modbus_config.h:834:51: warning: excess elements in array initializer
             /* coil_out initialisation */       { 0 },
                                                   ^
../src_gen/modbus_config.h:834:51: note: (near initialization for 'ModBus_config.Mbus[5].coil_out_init')
../src_gen/modbus_config.h:837:51: warning: excess elements in array initializer
             /* register_32 initialization */    { 0 },
                                                   ^
../src_gen/modbus_config.h:837:51: note: (near initialization for 'ModBus_config.Mbus[5].register_32')
../src_gen/modbus_config.h:838:51: warning: excess elements in array initializer
             /* register_64 initialization */    { 0 },
                                                   ^
../src_gen/modbus_config.h:838:51: note: (near initialization for 'ModBus_config.Mbus[5].register_64')
../src_gen/modbus_config.h:841:51: warning: excess elements in array initializer
             /* holding_in_32 initialization */  { 0 },
                                                   ^
../src_gen/modbus_config.h:841:51: note: (near initialization for 'ModBus_config.Mbus[5].holding_in_32')
../src_gen/modbus_config.h:842:51: warning: excess elements in array initializer
             /* holding_in_64 initialization */  { 0 },
                                                   ^
../src_gen/modbus_config.h:842:51: note: (near initialization for 'ModBus_config.Mbus[5].holding_in_64')
../src_gen/modbus_config.h:845:51: warning: excess elements in array initializer
             /* holding_out_32 initialization */ { 0 },
                                                   ^
../src_gen/modbus_config.h:845:51: note: (near initialization for 'ModBus_config.Mbus[5].holding_out_32')
../src_gen/modbus_config.h:846:51: warning: excess elements in array initializer
             /* holding_out_64 initialization */ { 0 }
                                                   ^
../src_gen/modbus_config.h:846:51: note: (near initialization for 'ModBus_config.Mbus[5].holding_out_64')
../src_gen/modbus_config.h:896:51: warning: excess elements in array initializer
             /* coil_out initialisation */       { 0 },
                                                   ^
../src_gen/modbus_config.h:896:51: note: (near initialization for 'ModBus_config.Mbus[6].coil_out_init')
../src_gen/modbus_config.h:899:51: warning: excess elements in array initializer
             /* register_32 initialization */    { 0 },
                                                   ^
../src_gen/modbus_config.h:899:51: note: (near initialization for 'ModBus_config.Mbus[6].register_32')
../src_gen/modbus_config.h:900:51: warning: excess elements in array initializer
             /* register_64 initialization */    { 0 },
                                                   ^
../src_gen/modbus_config.h:900:51: note: (near initialization for 'ModBus_config.Mbus[6].register_64')
../src_gen/modbus_config.h:903:51: warning: excess elements in array initializer
             /* holding_in_32 initialization */  { 0 },
                                                   ^
../src_gen/modbus_config.h:903:51: note: (near initialization for 'ModBus_config.Mbus[6].holding_in_32')
../src_gen/modbus_config.h:904:51: warning: excess elements in array initializer
             /* holding_in_64 initialization */  { 0 },
                                                   ^
../src_gen/modbus_config.h:904:51: note: (near initialization for 'ModBus_config.Mbus[6].holding_in_64')
../src_gen/modbus_config.h:907:51: warning: excess elements in array initializer
             /* holding_out_32 initialization */ { 0 },
                                                   ^
../src_gen/modbus_config.h:907:51: note: (near initialization for 'ModBus_config.Mbus[6].holding_out_32')
../src_gen/modbus_config.h:908:51: warning: excess elements in array initializer
             /* holding_out_64 initialization */ { 0 }
                                                   ^
../src_gen/modbus_config.h:908:51: note: (near initialization for 'ModBus_config.Mbus[6].holding_out_64')
../src_gen/modbus_config.h:958:51: warning: excess elements in array initializer
             /* coil_out initialisation */       { 0 },
                                                   ^
../src_gen/modbus_config.h:958:51: note: (near initialization for 'ModBus_config.Mbus[7].coil_out_init')
../src_gen/modbus_config.h:961:51: warning: excess elements in array initializer
             /* register_32 initialization */    { 0 },
                                                   ^
../src_gen/modbus_config.h:961:51: note: (near initialization for 'ModBus_config.Mbus[7].register_32')
../src_gen/modbus_config.h:962:51: warning: excess elements in array initializer
             /* register_64 initialization */    { 0 },
                                                   ^
../src_gen/modbus_config.h:962:51: note: (near initialization for 'ModBus_config.Mbus[7].register_64')
../src_gen/modbus_config.h:965:51: warning: excess elements in array initializer
             /* holding_in_32 initialization */  { 0 },
                                                   ^
../src_gen/modbus_config.h:965:51: note: (near initialization for 'ModBus_config.Mbus[7].holding_in_32')
../src_gen/modbus_config.h:966:51: warning: excess elements in array initializer
             /* holding_in_64 initialization */  { 0 },
                                                   ^
../src_gen/modbus_config.h:966:51: note: (near initialization for 'ModBus_config.Mbus[7].holding_in_64')
../src_gen/modbus_config.h:969:51: warning: excess elements in array initializer
             /* holding_out_32 initialization */ { 0 },
                                                   ^
../src_gen/modbus_config.h:969:51: note: (near initialization for 'ModBus_config.Mbus[7].holding_out_32')
../src_gen/modbus_config.h:970:51: warning: excess elements in array initializer
             /* holding_out_64 initialization */ { 0 }
                                                   ^
../src_gen/modbus_config.h:970:51: note: (near initialization for 'ModBus_config.Mbus[7].holding_out_64')
../src_gen/modbus_config.h:1020:51: warning: excess elements in array initializer
             /* coil_out initialisation */       { 0 },
                                                   ^
../src_gen/modbus_config.h:1020:51: note: (near initialization for 'ModBus_config.Mbus[8].coil_out_init')
../src_gen/modbus_config.h:1023:51: warning: excess elements in array initializer
             /* register_32 initialization */    { 0 },
                                                   ^
../src_gen/modbus_config.h:1023:51: note: (near initialization for 'ModBus_config.Mbus[8].register_32')
../src_gen/modbus_config.h:1024:51: warning: excess elements in array initializer
             /* register_64 initialization */    { 0 },
                                                   ^
../src_gen/modbus_config.h:1024:51: note: (near initialization for 'ModBus_config.Mbus[8].register_64')
../src_gen/modbus_config.h:1027:51: warning: excess elements in array initializer
             /* holding_in_32 initialization */  { 0 },
                                                   ^
../src_gen/modbus_config.h:1027:51: note: (near initialization for 'ModBus_config.Mbus[8].holding_in_32')
../src_gen/modbus_config.h:1028:51: warning: excess elements in array initializer
             /* holding_in_64 initialization */  { 0 },
                                                   ^
../src_gen/modbus_config.h:1028:51: note: (near initialization for 'ModBus_config.Mbus[8].holding_in_64')
../src_gen/modbus_config.h:1031:51: warning: excess elements in array initializer
             /* holding_out_32 initialization */ { 0 },
                                                   ^
../src_gen/modbus_config.h:1031:51: note: (near initialization for 'ModBus_config.Mbus[8].holding_out_32')
../src_gen/modbus_config.h:1032:51: warning: excess elements in array initializer
             /* holding_out_64 initialization */ { 0 }
                                                   ^
../src_gen/modbus_config.h:1032:51: note: (near initialization for 'ModBus_config.Mbus[8].holding_out_64')
../src_gen/modbus_config.h:1082:51: warning: excess elements in array initializer
             /* coil_out initialisation */       { 0 },
                                                   ^
../src_gen/modbus_config.h:1082:51: note: (near initialization for 'ModBus_config.Mbus[9].coil_out_init')
../src_gen/modbus_config.h:1085:51: warning: excess elements in array initializer
             /* register_32 initialization */    { 0 },
                                                   ^
../src_gen/modbus_config.h:1085:51: note: (near initialization for 'ModBus_config.Mbus[9].register_32')
../src_gen/modbus_config.h:1086:51: warning: excess elements in array initializer
             /* register_64 initialization */    { 0 },
                                                   ^
../src_gen/modbus_config.h:1086:51: note: (near initialization for 'ModBus_config.Mbus[9].register_64')
../src_gen/modbus_config.h:1089:51: warning: excess elements in array initializer
             /* holding_in_32 initialization */  { 0 },
                                                   ^
../src_gen/modbus_config.h:1089:51: note: (near initialization for 'ModBus_config.Mbus[9].holding_in_32')
../src_gen/modbus_config.h:1090:51: warning: excess elements in array initializer
             /* holding_in_64 initialization */  { 0 },
                                                   ^
../src_gen/modbus_config.h:1090:51: note: (near initialization for 'ModBus_config.Mbus[9].holding_in_64')
../src_gen/modbus_config.h:1093:51: warning: excess elements in array initializer
             /* holding_out_32 initialization */ { 0 },
                                                   ^
../src_gen/modbus_config.h:1093:51: note: (near initialization for 'ModBus_config.Mbus[9].holding_out_32')
../src_gen/modbus_config.h:1094:51: warning: excess elements in array initializer
             /* holding_out_64 initialization */ { 0 }
                                                   ^
../src_gen/modbus_config.h:1094:51: note: (near initialization for 'ModBus_config.Mbus[9].holding_out_64')
../src_gen/modbus_config.h:1144:51: warning: excess elements in array initializer
             /* coil_out initialisation */       { 0 },
                                                   ^
../src_gen/modbus_config.h:1144:51: note: (near initialization for 'ModBus_config.Mbus[10].coil_out_init')
../src_gen/modbus_config.h:1147:51: warning: excess elements in array initializer
             /* register_32 initialization */    { 0 },
                                                   ^
../src_gen/modbus_config.h:1147:51: note: (near initialization for 'ModBus_config.Mbus[10].register_32')
../src_gen/modbus_config.h:1148:51: warning: excess elements in array initializer
             /* register_64 initialization */    { 0 },
                                                   ^
../src_gen/modbus_config.h:1148:51: note: (near initialization for 'ModBus_config.Mbus[10].register_64')
../src_gen/modbus_config.h:1151:51: warning: excess elements in array initializer
             /* holding_in_32 initialization */  { 0 },
                                                   ^
../src_gen/modbus_config.h:1151:51: note: (near initialization for 'ModBus_config.Mbus[10].holding_in_32')
../src_gen/modbus_config.h:1152:51: warning: excess elements in array initializer
             /* holding_in_64 initialization */  { 0 },
                                                   ^
../src_gen/modbus_config.h:1152:51: note: (near initialization for 'ModBus_config.Mbus[10].holding_in_64')
../src_gen/modbus_config.h:1155:51: warning: excess elements in array initializer
             /* holding_out_32 initialization */ { 0 },
                                                   ^
../src_gen/modbus_config.h:1155:51: note: (near initialization for 'ModBus_config.Mbus[10].holding_out_32')
../src_gen/modbus_config.h:1156:51: warning: excess elements in array initializer
             /* holding_out_64 initialization */ { 0 }
                                                   ^
../src_gen/modbus_config.h:1156:51: note: (near initialization for 'ModBus_config.Mbus[10].holding_out_64')
../src/main.c: In function 'thread_function':
../src/main.c:686:39: warning: unused variable 'unit_id' [-Wunused-variable]
                         unsigned char unit_id = query[ctx_ptr[id]->backend->header_length - 1];
                                       ^~~~~~~
In file included from ../src/modbus_reply.c:2:
../src_gen/modbus_config.h:106:44: warning: excess elements in array initializer
             /* discrete_hil_addr */      { 0x55000338 },
                                            ^~~~~~~~~~
../src_gen/modbus_config.h:106:44: note: (near initialization for 'ModBus_HIL_config.MbusHIL[0].discrete_hil_addr')
../src_gen/modbus_config.h:108:44: warning: excess elements in array initializer
             /* coil_in_hil_addr */       { 0x55000334 },
                                            ^~~~~~~~~~
../src_gen/modbus_config.h:108:44: note: (near initialization for 'ModBus_HIL_config.MbusHIL[0].coil_in_hil_addr')
../src_gen/modbus_config.h:109:44: warning: excess elements in array initializer
             /* coil_out_hil_addr */      { 0x550001ec },
                                            ^~~~~~~~~~
../src_gen/modbus_config.h:109:44: note: (near initialization for 'ModBus_HIL_config.MbusHIL[0].coil_out_hil_addr')
In file included from ../src/modbus_reply.c:2:
../src_gen/modbus_config.h:132:44: warning: excess elements in array initializer
             /* discrete_hil_addr */      { 0x550005d8 },
                                            ^~~~~~~~~~
../src_gen/modbus_config.h:132:44: note: (near initialization for 'ModBus_HIL_config.MbusHIL[1].discrete_hil_addr')
../src_gen/modbus_config.h:134:44: warning: excess elements in array initializer
             /* coil_in_hil_addr */       { 0x550005d4 },
                                            ^~~~~~~~~~
../src_gen/modbus_config.h:134:44: note: (near initialization for 'ModBus_HIL_config.MbusHIL[1].coil_in_hil_addr')
../src_gen/modbus_config.h:135:44: warning: excess elements in array initializer
             /* coil_out_hil_addr */      { 0x5500024c },
                                            ^~~~~~~~~~
../src_gen/modbus_config.h:135:44: note: (near initialization for 'ModBus_HIL_config.MbusHIL[1].coil_out_hil_addr')
../src_gen/modbus_config.h:158:44: warning: excess elements in array initializer
             /* discrete_hil_addr */      { 0x55000568 },
                                            ^~~~~~~~~~
../src_gen/modbus_config.h:158:44: note: (near initialization for 'ModBus_HIL_config.MbusHIL[2].discrete_hil_addr')
../src_gen/modbus_config.h:160:44: warning: excess elements in array initializer
             /* coil_in_hil_addr */       { 0x55000564 },
                                            ^~~~~~~~~~
../src_gen/modbus_config.h:160:44: note: (near initialization for 'ModBus_HIL_config.MbusHIL[2].coil_in_hil_addr')
../src_gen/modbus_config.h:161:44: warning: excess elements in array initializer
             /* coil_out_hil_addr */      { 0x5500023c },
                                            ^~~~~~~~~~
../src_gen/modbus_config.h:161:44: note: (near initialization for 'ModBus_HIL_config.MbusHIL[2].coil_out_hil_addr')
../src_gen/modbus_config.h:184:44: warning: excess elements in array initializer
             /* discrete_hil_addr */      { 0x550003a8 },
                                            ^~~~~~~~~~
../src_gen/modbus_config.h:184:44: note: (near initialization for 'ModBus_HIL_config.MbusHIL[3].discrete_hil_addr')
../src_gen/modbus_config.h:186:44: warning: excess elements in array initializer
             /* coil_in_hil_addr */       { 0x550003a4 },
                                            ^~~~~~~~~~
../src_gen/modbus_config.h:186:44: note: (near initialization for 'ModBus_HIL_config.MbusHIL[3].coil_in_hil_addr')
../src_gen/modbus_config.h:187:44: warning: excess elements in array initializer
             /* coil_out_hil_addr */      { 0x550001fc },
                                            ^~~~~~~~~~
../src_gen/modbus_config.h:187:44: note: (near initialization for 'ModBus_HIL_config.MbusHIL[3].coil_out_hil_addr')
../src_gen/modbus_config.h:210:44: warning: excess elements in array initializer
             /* discrete_hil_addr */      { 0x55000488 },
                                            ^~~~~~~~~~
../src_gen/modbus_config.h:210:44: note: (near initialization for 'ModBus_HIL_config.MbusHIL[4].discrete_hil_addr')
../src_gen/modbus_config.h:212:44: warning: excess elements in array initializer
             /* coil_in_hil_addr */       { 0x55000484 },
                                            ^~~~~~~~~~
../src_gen/modbus_config.h:212:44: note: (near initialization for 'ModBus_HIL_config.MbusHIL[4].coil_in_hil_addr')
../src_gen/modbus_config.h:213:44: warning: excess elements in array initializer
             /* coil_out_hil_addr */      { 0x5500021c },
                                            ^~~~~~~~~~
../src_gen/modbus_config.h:213:44: note: (near initialization for 'ModBus_HIL_config.MbusHIL[4].coil_out_hil_addr')
../src_gen/modbus_config.h:236:44: warning: excess elements in array initializer
             /* discrete_hil_addr */      { 0x55000418 },
                                            ^~~~~~~~~~
../src_gen/modbus_config.h:236:44: note: (near initialization for 'ModBus_HIL_config.MbusHIL[5].discrete_hil_addr')
../src_gen/modbus_config.h:238:44: warning: excess elements in array initializer
             /* coil_in_hil_addr */       { 0x55000414 },
                                            ^~~~~~~~~~
../src_gen/modbus_config.h:238:44: note: (near initialization for 'ModBus_HIL_config.MbusHIL[5].coil_in_hil_addr')
../src_gen/modbus_config.h:239:44: warning: excess elements in array initializer
             /* coil_out_hil_addr */      { 0x5500020c },
                                            ^~~~~~~~~~
../src_gen/modbus_config.h:239:44: note: (near initialization for 'ModBus_HIL_config.MbusHIL[5].coil_out_hil_addr')
../src_gen/modbus_config.h:262:44: warning: excess elements in array initializer
             /* discrete_hil_addr */      { 0x5500027c },
                                            ^~~~~~~~~~
../src_gen/modbus_config.h:262:44: note: (near initialization for 'ModBus_HIL_config.MbusHIL[6].discrete_hil_addr')
../src_gen/modbus_config.h:264:44: warning: excess elements in array initializer
             /* coil_in_hil_addr */       { 0x55000278 },
                                            ^~~~~~~~~~
../src_gen/modbus_config.h:264:44: note: (near initialization for 'ModBus_HIL_config.MbusHIL[6].coil_in_hil_addr')
../src_gen/modbus_config.h:265:44: warning: excess elements in array initializer
             /* coil_out_hil_addr */      { 0x550001d4 },
                                            ^~~~~~~~~~
../src_gen/modbus_config.h:265:44: note: (near initialization for 'ModBus_HIL_config.MbusHIL[6].coil_out_hil_addr')
../src_gen/modbus_config.h:288:44: warning: excess elements in array initializer
             /* discrete_hil_addr */      { 0x550006b8 },
                                            ^~~~~~~~~~
../src_gen/modbus_config.h:288:44: note: (near initialization for 'ModBus_HIL_config.MbusHIL[7].discrete_hil_addr')
../src_gen/modbus_config.h:290:44: warning: excess elements in array initializer
             /* coil_in_hil_addr */       { 0x550006b4 },
                                            ^~~~~~~~~~
../src_gen/modbus_config.h:290:44: note: (near initialization for 'ModBus_HIL_config.MbusHIL[7].coil_in_hil_addr')
../src_gen/modbus_config.h:291:44: warning: excess elements in array initializer
             /* coil_out_hil_addr */      { 0x5500026c },
                                            ^~~~~~~~~~
../src_gen/modbus_config.h:291:44: note: (near initialization for 'ModBus_HIL_config.MbusHIL[7].coil_out_hil_addr')
../src_gen/modbus_config.h:314:44: warning: excess elements in array initializer
             /* discrete_hil_addr */      { 0x550004f8 },
                                            ^~~~~~~~~~
../src_gen/modbus_config.h:314:44: note: (near initialization for 'ModBus_HIL_config.MbusHIL[8].discrete_hil_addr')
../src_gen/modbus_config.h:316:44: warning: excess elements in array initializer
             /* coil_in_hil_addr */       { 0x550004f4 },
                                            ^~~~~~~~~~
../src_gen/modbus_config.h:316:44: note: (near initialization for 'ModBus_HIL_config.MbusHIL[8].coil_in_hil_addr')
../src_gen/modbus_config.h:317:44: warning: excess elements in array initializer
             /* coil_out_hil_addr */      { 0x5500022c },
                                            ^~~~~~~~~~
../src_gen/modbus_config.h:317:44: note: (near initialization for 'ModBus_HIL_config.MbusHIL[8].coil_out_hil_addr')
../src_gen/modbus_config.h:340:44: warning: excess elements in array initializer
             /* discrete_hil_addr */      { 0x550002c8 },
                                            ^~~~~~~~~~
../src_gen/modbus_config.h:340:44: note: (near initialization for 'ModBus_HIL_config.MbusHIL[9].discrete_hil_addr')
../src_gen/modbus_config.h:342:44: warning: excess elements in array initializer
             /* coil_in_hil_addr */       { 0x550002c4 },
                                            ^~~~~~~~~~
../src_gen/modbus_config.h:342:44: note: (near initialization for 'ModBus_HIL_config.MbusHIL[9].coil_in_hil_addr')
../src_gen/modbus_config.h:343:44: warning: excess elements in array initializer
             /* coil_out_hil_addr */      { 0x550001dc },
                                            ^~~~~~~~~~
../src_gen/modbus_config.h:343:44: note: (near initialization for 'ModBus_HIL_config.MbusHIL[9].coil_out_hil_addr')
../src_gen/modbus_config.h:366:44: warning: excess elements in array initializer
             /* discrete_hil_addr */      { 0x55000648 },
                                            ^~~~~~~~~~
../src_gen/modbus_config.h:366:44: note: (near initialization for 'ModBus_HIL_config.MbusHIL[10].discrete_hil_addr')
../src_gen/modbus_config.h:368:44: warning: excess elements in array initializer
             /* coil_in_hil_addr */       { 0x55000644 },
                                            ^~~~~~~~~~
../src_gen/modbus_config.h:368:44: note: (near initialization for 'ModBus_HIL_config.MbusHIL[10].coil_in_hil_addr')
../src_gen/modbus_config.h:369:44: warning: excess elements in array initializer
             /* coil_out_hil_addr */      { 0x5500025c },
                                            ^~~~~~~~~~
../src_gen/modbus_config.h:369:44: note: (near initialization for 'ModBus_HIL_config.MbusHIL[10].coil_out_hil_addr')
../src_gen/modbus_config.h:524:51: warning: excess elements in array initializer
             /* coil_out initialisation */       { 0 },
                                                   ^
../src_gen/modbus_config.h:524:51: note: (near initialization for 'ModBus_config.Mbus[0].coil_out_init')
../src_gen/modbus_config.h:527:51: warning: excess elements in array initializer
             /* register_32 initialization */    { 0 },
                                                   ^
../src_gen/modbus_config.h:527:51: note: (near initialization for 'ModBus_config.Mbus[0].register_32')
../src_gen/modbus_config.h:528:51: warning: excess elements in array initializer
             /* register_64 initialization */    { 0 },
                                                   ^
../src_gen/modbus_config.h:528:51: note: (near initialization for 'ModBus_config.Mbus[0].register_64')
../src_gen/modbus_config.h:531:51: warning: excess elements in array initializer
             /* holding_in_32 initialization */  { 0 },
                                                   ^
../src_gen/modbus_config.h:531:51: note: (near initialization for 'ModBus_config.Mbus[0].holding_in_32')
../src_gen/modbus_config.h:532:51: warning: excess elements in array initializer
             /* holding_in_64 initialization */  { 0 },
                                                   ^
../src_gen/modbus_config.h:532:51: note: (near initialization for 'ModBus_config.Mbus[0].holding_in_64')
../src_gen/modbus_config.h:535:51: warning: excess elements in array initializer
             /* holding_out_32 initialization */ { 0 },
                                                   ^
../src_gen/modbus_config.h:535:51: note: (near initialization for 'ModBus_config.Mbus[0].holding_out_32')
../src_gen/modbus_config.h:536:51: warning: excess elements in array initializer
             /* holding_out_64 initialization */ { 0 }
                                                   ^
../src_gen/modbus_config.h:536:51: note: (near initialization for 'ModBus_config.Mbus[0].holding_out_64')
../src_gen/modbus_config.h:586:51: warning: excess elements in array initializer
             /* coil_out initialisation */       { 0 },
                                                   ^
../src_gen/modbus_config.h:586:51: note: (near initialization for 'ModBus_config.Mbus[1].coil_out_init')
../src_gen/modbus_config.h:589:51: warning: excess elements in array initializer
             /* register_32 initialization */    { 0 },
                                                   ^
../src_gen/modbus_config.h:589:51: note: (near initialization for 'ModBus_config.Mbus[1].register_32')
../src_gen/modbus_config.h:590:51: warning: excess elements in array initializer
             /* register_64 initialization */    { 0 },
                                                   ^
../src_gen/modbus_config.h:590:51: note: (near initialization for 'ModBus_config.Mbus[1].register_64')
../src_gen/modbus_config.h:593:51: warning: excess elements in array initializer
             /* holding_in_32 initialization */  { 0 },
                                                   ^
../src_gen/modbus_config.h:593:51: note: (near initialization for 'ModBus_config.Mbus[1].holding_in_32')
../src_gen/modbus_config.h:594:51: warning: excess elements in array initializer
             /* holding_in_64 initialization */  { 0 },
                                                   ^
../src_gen/modbus_config.h:594:51: note: (near initialization for 'ModBus_config.Mbus[1].holding_in_64')
../src_gen/modbus_config.h:597:51: warning: excess elements in array initializer
             /* holding_out_32 initialization */ { 0 },
                                                   ^
../src_gen/modbus_config.h:597:51: note: (near initialization for 'ModBus_config.Mbus[1].holding_out_32')
../src_gen/modbus_config.h:598:51: warning: excess elements in array initializer
             /* holding_out_64 initialization */ { 0 }
                                                   ^
../src_gen/modbus_config.h:598:51: note: (near initialization for 'ModBus_config.Mbus[1].holding_out_64')
../src_gen/modbus_config.h:648:51: warning: excess elements in array initializer
             /* coil_out initialisation */       { 0 },
                                                   ^
../src_gen/modbus_config.h:648:51: note: (near initialization for 'ModBus_config.Mbus[2].coil_out_init')
../src_gen/modbus_config.h:651:51: warning: excess elements in array initializer
             /* register_32 initialization */    { 0 },
                                                   ^
../src_gen/modbus_config.h:651:51: note: (near initialization for 'ModBus_config.Mbus[2].register_32')
../src_gen/modbus_config.h:652:51: warning: excess elements in array initializer
             /* register_64 initialization */    { 0 },
                                                   ^
../src_gen/modbus_config.h:652:51: note: (near initialization for 'ModBus_config.Mbus[2].register_64')
../src_gen/modbus_config.h:655:51: warning: excess elements in array initializer
             /* holding_in_32 initialization */  { 0 },
                                                   ^
../src_gen/modbus_config.h:655:51: note: (near initialization for 'ModBus_config.Mbus[2].holding_in_32')
../src_gen/modbus_config.h:656:51: warning: excess elements in array initializer
             /* holding_in_64 initialization */  { 0 },
                                                   ^
../src_gen/modbus_config.h:656:51: note: (near initialization for 'ModBus_config.Mbus[2].holding_in_64')
../src_gen/modbus_config.h:659:51: warning: excess elements in array initializer
             /* holding_out_32 initialization */ { 0 },
                                                   ^
../src_gen/modbus_config.h:659:51: note: (near initialization for 'ModBus_config.Mbus[2].holding_out_32')
../src_gen/modbus_config.h:660:51: warning: excess elements in array initializer
             /* holding_out_64 initialization */ { 0 }
                                                   ^
../src_gen/modbus_config.h:660:51: note: (near initialization for 'ModBus_config.Mbus[2].holding_out_64')
../src_gen/modbus_config.h:710:51: warning: excess elements in array initializer
             /* coil_out initialisation */       { 0 },
                                                   ^
../src_gen/modbus_config.h:710:51: note: (near initialization for 'ModBus_config.Mbus[3].coil_out_init')
../src_gen/modbus_config.h:713:51: warning: excess elements in array initializer
             /* register_32 initialization */    { 0 },
                                                   ^
../src_gen/modbus_config.h:713:51: note: (near initialization for 'ModBus_config.Mbus[3].register_32')
../src_gen/modbus_config.h:714:51: warning: excess elements in array initializer
             /* register_64 initialization */    { 0 },
                                                   ^
../src_gen/modbus_config.h:714:51: note: (near initialization for 'ModBus_config.Mbus[3].register_64')
../src_gen/modbus_config.h:717:51: warning: excess elements in array initializer
             /* holding_in_32 initialization */  { 0 },
                                                   ^
../src_gen/modbus_config.h:717:51: note: (near initialization for 'ModBus_config.Mbus[3].holding_in_32')
../src_gen/modbus_config.h:718:51: warning: excess elements in array initializer
             /* holding_in_64 initialization */  { 0 },
                                                   ^
../src_gen/modbus_config.h:718:51: note: (near initialization for 'ModBus_config.Mbus[3].holding_in_64')
../src_gen/modbus_config.h:721:51: warning: excess elements in array initializer
             /* holding_out_32 initialization */ { 0 },
                                                   ^
../src_gen/modbus_config.h:721:51: note: (near initialization for 'ModBus_config.Mbus[3].holding_out_32')
../src_gen/modbus_config.h:722:51: warning: excess elements in array initializer
             /* holding_out_64 initialization */ { 0 }
                                                   ^
../src_gen/modbus_config.h:722:51: note: (near initialization for 'ModBus_config.Mbus[3].holding_out_64')
../src_gen/modbus_config.h:772:51: warning: excess elements in array initializer
             /* coil_out initialisation */       { 0 },
                                                   ^
../src_gen/modbus_config.h:772:51: note: (near initialization for 'ModBus_config.Mbus[4].coil_out_init')
../src_gen/modbus_config.h:775:51: warning: excess elements in array initializer
             /* register_32 initialization */    { 0 },
                                                   ^
../src_gen/modbus_config.h:775:51: note: (near initialization for 'ModBus_config.Mbus[4].register_32')
../src_gen/modbus_config.h:776:51: warning: excess elements in array initializer
             /* register_64 initialization */    { 0 },
                                                   ^
../src_gen/modbus_config.h:776:51: note: (near initialization for 'ModBus_config.Mbus[4].register_64')
../src_gen/modbus_config.h:779:51: warning: excess elements in array initializer
             /* holding_in_32 initialization */  { 0 },
                                                   ^
../src_gen/modbus_config.h:779:51: note: (near initialization for 'ModBus_config.Mbus[4].holding_in_32')
../src_gen/modbus_config.h:780:51: warning: excess elements in array initializer
             /* holding_in_64 initialization */  { 0 },
                                                   ^
../src_gen/modbus_config.h:780:51: note: (near initialization for 'ModBus_config.Mbus[4].holding_in_64')
../src_gen/modbus_config.h:783:51: warning: excess elements in array initializer
             /* holding_out_32 initialization */ { 0 },
                                                   ^
../src_gen/modbus_config.h:783:51: note: (near initialization for 'ModBus_config.Mbus[4].holding_out_32')
../src_gen/modbus_config.h:784:51: warning: excess elements in array initializer
             /* holding_out_64 initialization */ { 0 }
                                                   ^
../src_gen/modbus_config.h:784:51: note: (near initialization for 'ModBus_config.Mbus[4].holding_out_64')
../src_gen/modbus_config.h:834:51: warning: excess elements in array initializer
             /* coil_out initialisation */       { 0 },
                                                   ^
../src_gen/modbus_config.h:834:51: note: (near initialization for 'ModBus_config.Mbus[5].coil_out_init')
../src_gen/modbus_config.h:837:51: warning: excess elements in array initializer
             /* register_32 initialization */    { 0 },
                                                   ^
../src_gen/modbus_config.h:837:51: note: (near initialization for 'ModBus_config.Mbus[5].register_32')
../src_gen/modbus_config.h:838:51: warning: excess elements in array initializer
             /* register_64 initialization */    { 0 },
                                                   ^
../src_gen/modbus_config.h:838:51: note: (near initialization for 'ModBus_config.Mbus[5].register_64')
../src_gen/modbus_config.h:841:51: warning: excess elements in array initializer
             /* holding_in_32 initialization */  { 0 },
                                                   ^
../src_gen/modbus_config.h:841:51: note: (near initialization for 'ModBus_config.Mbus[5].holding_in_32')
../src_gen/modbus_config.h:842:51: warning: excess elements in array initializer
             /* holding_in_64 initialization */  { 0 },
                                                   ^
../src_gen/modbus_config.h:842:51: note: (near initialization for 'ModBus_config.Mbus[5].holding_in_64')
../src_gen/modbus_config.h:845:51: warning: excess elements in array initializer
             /* holding_out_32 initialization */ { 0 },
                                                   ^
../src_gen/modbus_config.h:845:51: note: (near initialization for 'ModBus_config.Mbus[5].holding_out_32')
../src_gen/modbus_config.h:846:51: warning: excess elements in array initializer
             /* holding_out_64 initialization */ { 0 }
                                                   ^
../src_gen/modbus_config.h:846:51: note: (near initialization for 'ModBus_config.Mbus[5].holding_out_64')
../src_gen/modbus_config.h:896:51: warning: excess elements in array initializer
             /* coil_out initialisation */       { 0 },
                                                   ^
../src_gen/modbus_config.h:896:51: note: (near initialization for 'ModBus_config.Mbus[6].coil_out_init')
../src_gen/modbus_config.h:899:51: warning: excess elements in array initializer
             /* register_32 initialization */    { 0 },
                                                   ^
../src_gen/modbus_config.h:899:51: note: (near initialization for 'ModBus_config.Mbus[6].register_32')
../src_gen/modbus_config.h:900:51: warning: excess elements in array initializer
             /* register_64 initialization */    { 0 },
                                                   ^
../src_gen/modbus_config.h:900:51: note: (near initialization for 'ModBus_config.Mbus[6].register_64')
../src_gen/modbus_config.h:903:51: warning: excess elements in array initializer
             /* holding_in_32 initialization */  { 0 },
                                                   ^
../src_gen/modbus_config.h:903:51: note: (near initialization for 'ModBus_config.Mbus[6].holding_in_32')
../src_gen/modbus_config.h:904:51: warning: excess elements in array initializer
             /* holding_in_64 initialization */  { 0 },
                                                   ^
../src_gen/modbus_config.h:904:51: note: (near initialization for 'ModBus_config.Mbus[6].holding_in_64')
../src_gen/modbus_config.h:907:51: warning: excess elements in array initializer
             /* holding_out_32 initialization */ { 0 },
                                                   ^
../src_gen/modbus_config.h:907:51: note: (near initialization for 'ModBus_config.Mbus[6].holding_out_32')
../src_gen/modbus_config.h:908:51: warning: excess elements in array initializer
             /* holding_out_64 initialization */ { 0 }
                                                   ^
../src_gen/modbus_config.h:908:51: note: (near initialization for 'ModBus_config.Mbus[6].holding_out_64')
../src_gen/modbus_config.h:958:51: warning: excess elements in array initializer
             /* coil_out initialisation */       { 0 },
                                                   ^
../src_gen/modbus_config.h:958:51: note: (near initialization for 'ModBus_config.Mbus[7].coil_out_init')
../src_gen/modbus_config.h:961:51: warning: excess elements in array initializer
             /* register_32 initialization */    { 0 },
                                                   ^
../src_gen/modbus_config.h:961:51: note: (near initialization for 'ModBus_config.Mbus[7].register_32')
../src_gen/modbus_config.h:962:51: warning: excess elements in array initializer
             /* register_64 initialization */    { 0 },
                                                   ^
../src_gen/modbus_config.h:962:51: note: (near initialization for 'ModBus_config.Mbus[7].register_64')
../src_gen/modbus_config.h:965:51: warning: excess elements in array initializer
             /* holding_in_32 initialization */  { 0 },
                                                   ^
../src_gen/modbus_config.h:965:51: note: (near initialization for 'ModBus_config.Mbus[7].holding_in_32')
../src_gen/modbus_config.h:966:51: warning: excess elements in array initializer
             /* holding_in_64 initialization */  { 0 },
                                                   ^
../src_gen/modbus_config.h:966:51: note: (near initialization for 'ModBus_config.Mbus[7].holding_in_64')
../src_gen/modbus_config.h:969:51: warning: excess elements in array initializer
             /* holding_out_32 initialization */ { 0 },
                                                   ^
../src_gen/modbus_config.h:969:51: note: (near initialization for 'ModBus_config.Mbus[7].holding_out_32')
../src_gen/modbus_config.h:970:51: warning: excess elements in array initializer
             /* holding_out_64 initialization */ { 0 }
                                                   ^
../src_gen/modbus_config.h:970:51: note: (near initialization for 'ModBus_config.Mbus[7].holding_out_64')
../src_gen/modbus_config.h:1020:51: warning: excess elements in array initializer
             /* coil_out initialisation */       { 0 },
                                                   ^
../src_gen/modbus_config.h:1020:51: note: (near initialization for 'ModBus_config.Mbus[8].coil_out_init')
../src_gen/modbus_config.h:1023:51: warning: excess elements in array initializer
             /* register_32 initialization */    { 0 },
                                                   ^
../src_gen/modbus_config.h:1023:51: note: (near initialization for 'ModBus_config.Mbus[8].register_32')
../src_gen/modbus_config.h:1024:51: warning: excess elements in array initializer
             /* register_64 initialization */    { 0 },
                                                   ^
../src_gen/modbus_config.h:1024:51: note: (near initialization for 'ModBus_config.Mbus[8].register_64')
../src_gen/modbus_config.h:1027:51: warning: excess elements in array initializer
             /* holding_in_32 initialization */  { 0 },
                                                   ^
../src_gen/modbus_config.h:1027:51: note: (near initialization for 'ModBus_config.Mbus[8].holding_in_32')
../src_gen/modbus_config.h:1028:51: warning: excess elements in array initializer
             /* holding_in_64 initialization */  { 0 },
                                                   ^
../src_gen/modbus_config.h:1028:51: note: (near initialization for 'ModBus_config.Mbus[8].holding_in_64')
../src_gen/modbus_config.h:1031:51: warning: excess elements in array initializer
             /* holding_out_32 initialization */ { 0 },
                                                   ^
../src_gen/modbus_config.h:1031:51: note: (near initialization for 'ModBus_config.Mbus[8].holding_out_32')
../src_gen/modbus_config.h:1032:51: warning: excess elements in array initializer
             /* holding_out_64 initialization */ { 0 }
                                                   ^
../src_gen/modbus_config.h:1032:51: note: (near initialization for 'ModBus_config.Mbus[8].holding_out_64')
../src_gen/modbus_config.h:1082:51: warning: excess elements in array initializer
             /* coil_out initialisation */       { 0 },
                                                   ^
../src_gen/modbus_config.h:1082:51: note: (near initialization for 'ModBus_config.Mbus[9].coil_out_init')
../src_gen/modbus_config.h:1085:51: warning: excess elements in array initializer
             /* register_32 initialization */    { 0 },
                                                   ^
../src_gen/modbus_config.h:1085:51: note: (near initialization for 'ModBus_config.Mbus[9].register_32')
../src_gen/modbus_config.h:1086:51: warning: excess elements in array initializer
             /* register_64 initialization */    { 0 },
                                                   ^
../src_gen/modbus_config.h:1086:51: note: (near initialization for 'ModBus_config.Mbus[9].register_64')
../src_gen/modbus_config.h:1089:51: warning: excess elements in array initializer
             /* holding_in_32 initialization */  { 0 },
                                                   ^
../src_gen/modbus_config.h:1089:51: note: (near initialization for 'ModBus_config.Mbus[9].holding_in_32')
../src_gen/modbus_config.h:1090:51: warning: excess elements in array initializer
             /* holding_in_64 initialization */  { 0 },
                                                   ^
../src_gen/modbus_config.h:1090:51: note: (near initialization for 'ModBus_config.Mbus[9].holding_in_64')
../src_gen/modbus_config.h:1093:51: warning: excess elements in array initializer
             /* holding_out_32 initialization */ { 0 },
                                                   ^
../src_gen/modbus_config.h:1093:51: note: (near initialization for 'ModBus_config.Mbus[9].holding_out_32')
../src_gen/modbus_config.h:1094:51: warning: excess elements in array initializer
             /* holding_out_64 initialization */ { 0 }
                                                   ^
../src_gen/modbus_config.h:1094:51: note: (near initialization for 'ModBus_config.Mbus[9].holding_out_64')
../src_gen/modbus_config.h:1144:51: warning: excess elements in array initializer
             /* coil_out initialisation */       { 0 },
                                                   ^
../src_gen/modbus_config.h:1144:51: note: (near initialization for 'ModBus_config.Mbus[10].coil_out_init')
../src_gen/modbus_config.h:1147:51: warning: excess elements in array initializer
             /* register_32 initialization */    { 0 },
                                                   ^
../src_gen/modbus_config.h:1147:51: note: (near initialization for 'ModBus_config.Mbus[10].register_32')
../src_gen/modbus_config.h:1148:51: warning: excess elements in array initializer
             /* register_64 initialization */    { 0 },
                                                   ^
../src_gen/modbus_config.h:1148:51: note: (near initialization for 'ModBus_config.Mbus[10].register_64')
../src_gen/modbus_config.h:1151:51: warning: excess elements in array initializer
             /* holding_in_32 initialization */  { 0 },
                                                   ^
../src_gen/modbus_config.h:1151:51: note: (near initialization for 'ModBus_config.Mbus[10].holding_in_32')
../src_gen/modbus_config.h:1152:51: warning: excess elements in array initializer
             /* holding_in_64 initialization */  { 0 },
                                                   ^
../src_gen/modbus_config.h:1152:51: note: (near initialization for 'ModBus_config.Mbus[10].holding_in_64')
../src_gen/modbus_config.h:1155:51: warning: excess elements in array initializer
             /* holding_out_32 initialization */ { 0 },
                                                   ^
../src_gen/modbus_config.h:1155:51: note: (near initialization for 'ModBus_config.Mbus[10].holding_out_32')
../src_gen/modbus_config.h:1156:51: warning: excess elements in array initializer
             /* holding_out_64 initialization */ { 0 }
                                                   ^
../src_gen/modbus_config.h:1156:51: note: (near initialization for 'ModBus_config.Mbus[10].holding_out_64')
In file included from ../src/modbus_reply.c:4:
../src/modbus_reply.c: In function 'update_hil_value':
../../bsp/hil-unit.h:105:75: warning: 'hil_data_float' may be used uninitialized in this function [-Wmaybe-uninitialized]
 #define XIo_OutFloat(OutputPtr, Value)  (*(volatile float *)((OutputPtr)) = (Value))
                                                                           ^
../src/modbus_reply.c:1153:11: note: 'hil_data_float' was declared here
     float hil_data_float;
           ^~~~~~~~~~~~~~
