#
# A fatal error has been detected by the Java Runtime Environment:
#
#  EXCEPTION_ACCESS_VIOLATION (0xc0000005) at pc=0x619489b6, pid=49612, tid=0x00008f1c
#
# JRE version: Java(TM) SE Runtime Environment (8.0_144-b01) (build 1.8.0_144-b01)
# Java VM: Java HotSpot(TM) Client VM (25.144-b01 mixed mode windows-x86 )
# Problematic frame:
# C  [listSerialsj.dll+0x89b6]
#
# Failed to write core dump. Minidumps are not enabled by default on client versions of Windows
#
# If you would like to submit a bug report, please visit:
#   http://bugreport.java.com/bugreport/crash.jsp
# The crash happened outside the Java Virtual Machine in native code.
# See problematic frame for where to report the bug.
#

---------------  T H R E A D  ---------------

Current thread (0x28f5c800):  JavaThread "cc.arduino.packages.discoverers.serial.SerialBoardsLister" [_thread_in_native, id=36636, stack(0x046d0000,0x04720000)]

siginfo: ExceptionCode=0xc0000005, writing address 0x0000004d

Registers:
EAX=0x00000000, EBX=0x00000000, ECX=0xf02f6bf6, EDX=0x00000000
ESP=0x0471e910, EBP=0x28988510, ESI=0x0000004d, EDI=0x77376840
EIP=0x619489b6, EFLAGS=0x00010202

Top of Stack: (sp=0x0471e910)
0x0471e910:   0000fde9 00000000 28988510 ffffffff
0x0471e920:   00000000 0000004d 00000000 00000000
0x0471e930:   000000a2 28988508 000000a2 289844a0
0x0471e940:   00000bf0 00000013 0471e9a8 61948d53
0x0471e950:   00000bf0 00220414 28988508 000000a2
0x0471e960:   28988508 000000a2 0471e9a8 00000000
0x0471e970:   00000000 77371190 6194da6f 00000000
0x0471e980:   28989480 0000001a 00000000 28988508 

Instructions: (pc=0x619489b6)
0x61948996:   89 44 24 10 c7 44 24 0c ff ff ff ff c7 44 24 04
0x619489a6:   00 00 00 00 c7 04 24 e9 fd 00 00 ff d7 83 ec 20
0x619489b6:   c6 04 33 00 89 d8 83 c4 2c 5b 5e 5f 5d c3 8d b6
0x619489c6:   00 00 00 00 8d bf 00 00 00 00 57 56 89 ce 53 b9 


Register to memory mapping:

EAX=0x00000000 is an unknown value
EBX=0x00000000 is an unknown value
ECX=0xf02f6bf6 is an unknown value
EDX=0x00000000 is an unknown value
ESP=0x0471e910 is pointing into the stack for thread: 0x28f5c800
EBP=0x28988510 is an unknown value
ESI=0x0000004d is an unknown value
EDI=0x77376840 is an unknown value


Stack: [0x046d0000,0x04720000],  sp=0x0471e910,  free space=314k
Native frames: (J=compiled Java code, j=interpreted, Vv=VM code, C=native code)
C  [listSerialsj.dll+0x89b6]

Java frames: (J=compiled Java code, j=interpreted, Vv=VM code)
J 2343  processing.app.Platform.listSerialsNative()[Ljava/lang/String; (0 bytes) @ 0x02968ccf [0x02968c90+0x3f]
J 2340 C1 cc.arduino.packages.discoverers.serial.SerialBoardsLister.retriggerDiscovery(Z)V (751 bytes) @ 0x02964a24 [0x029648d0+0x154]
J 2350 C1 cc.arduino.packages.discoverers.serial.SerialBoardsLister.run()V (13 bytes) @ 0x0296bfd4 [0x0296bf90+0x44]
J 2399% C1 java.util.TimerThread.mainLoop()V (232 bytes) @ 0x02978754 [0x02978320+0x434]
j  java.util.TimerThread.run()V+1
v  ~StubRoutines::call_stub

---------------  P R O C E S S  ---------------

Java Threads: ( => current thread )
  0x28fb5c00 JavaThread "DestroyJavaVM" [_thread_blocked, id=14044, stack(0x023f0000,0x02440000)]
  0x28fb8000 JavaThread "TimerQueue" daemon [_thread_blocked, id=56992, stack(0x28010000,0x28060000)]
  0x28fb5400 JavaThread "Batik CleanerThread" daemon [_thread_blocked, id=32232, stack(0x27720000,0x27770000)]
  0x28fb9400 JavaThread "AWT-EventQueue-0" [_thread_blocked, id=48444, stack(0x27550000,0x275a0000)]
  0x28fb3400 JavaThread "AWT-Shutdown" [_thread_blocked, id=15744, stack(0x274c0000,0x27510000)]
  0x28fb3000 JavaThread "Timer-0" [_thread_blocked, id=55420, stack(0x27180000,0x271d0000)]
  0x28f97800 JavaThread "JmDNS(ECEB-4076-14-ad-uillinois-edu.local.).State.Timer" daemon [_thread_blocked, id=66420, stack(0x270f0000,0x27140000)]
  0x28f99800 JavaThread "JmDNS(ECEB-4076-14-ad-uillinois-edu.local.).Timer" daemon [_thread_blocked, id=32780, stack(0x27060000,0x270b0000)]
  0x28f96c00 JavaThread "SocketListener(ECEB-4076-14-ad-uillinois-edu.local.)" daemon [_thread_in_native, id=61032, stack(0x26fd0000,0x27020000)]
  0x28f9a400 JavaThread "JmDNS(ECEB-4076-14-ad-uillinois-edu.local.).State.Timer" daemon [_thread_blocked, id=55712, stack(0x26f40000,0x26f90000)]
  0x28f99000 JavaThread "JmDNS(ECEB-4076-14-ad-uillinois-edu.local.).Timer" daemon [_thread_blocked, id=38656, stack(0x26eb0000,0x26f00000)]
  0x28f98400 JavaThread "SocketListener(ECEB-4076-14-ad-uillinois-edu.local.)" daemon [_thread_in_native, id=46968, stack(0x26e20000,0x26e70000)]
  0x28f99c00 JavaThread "JmDNS(ECEB-4076-14-ad-uillinois-edu.local.).State.Timer" daemon [_thread_blocked, id=13436, stack(0x26d90000,0x26de0000)]
  0x28f97c00 JavaThread "JmDNS(ECEB-4076-14-ad-uillinois-edu.local.).Timer" daemon [_thread_blocked, id=37420, stack(0x26d00000,0x26d50000)]
  0x28f97000 JavaThread "SocketListener(ECEB-4076-14-ad-uillinois-edu.local.)" daemon [_thread_in_native, id=24460, stack(0x26710000,0x26760000)]
  0x28f75800 JavaThread "JmDNS(ECEB-4076-14-ad-uillinois-edu.local.).State.Timer" daemon [_thread_blocked, id=25428, stack(0x26a50000,0x26aa0000)]
  0x28f83c00 JavaThread "JmDNS(ECEB-4076-14-ad-uillinois-edu.local.).Timer" daemon [_thread_blocked, id=20820, stack(0x269c0000,0x26a10000)]
  0x28f83800 JavaThread "SocketListener(ECEB-4076-14-ad-uillinois-edu.local.)" daemon [_thread_in_native, id=21388, stack(0x26900000,0x26950000)]
  0x28f5d400 JavaThread "Multihomed mDNS.Timer" daemon [_thread_blocked, id=45744, stack(0x29910000,0x29960000)]
=>0x28f5c800 JavaThread "cc.arduino.packages.discoverers.serial.SerialBoardsLister" [_thread_in_native, id=36636, stack(0x046d0000,0x04720000)]
  0x262e3400 JavaThread "AWT-Windows" daemon [_thread_in_native, id=37208, stack(0x267a0000,0x267f0000)]
  0x262e2000 JavaThread "Java2D Disposer" daemon [_thread_blocked, id=65452, stack(0x26680000,0x266d0000)]
  0x25ac2000 JavaThread "Service Thread" daemon [_thread_blocked, id=11408, stack(0x25f70000,0x25fc0000)]
  0x25accc00 JavaThread "C1 CompilerThread0" daemon [_thread_blocked, id=12584, stack(0x25ee0000,0x25f30000)]
  0x25acac00 JavaThread "Attach Listener" daemon [_thread_blocked, id=48704, stack(0x25e50000,0x25ea0000)]
  0x25ac8c00 JavaThread "Signal Dispatcher" daemon [_thread_blocked, id=58020, stack(0x25dc0000,0x25e10000)]
  0x25aaa000 JavaThread "Finalizer" daemon [_thread_blocked, id=17388, stack(0x24ed0000,0x24f20000)]
  0x25a94400 JavaThread "Reference Handler" daemon [_thread_blocked, id=40996, stack(0x24e40000,0x24e90000)]

Other Threads:
  0x022fdc00 VMThread [stack: 0x24db0000,0x24e00000] [id=36328]
  0x25aee000 WatcherThread [stack: 0x26000000,0x26050000] [id=51272]

VM state:not at safepoint (normal execution)

VM Mutex/Monitor currently owned by a thread: None

Heap:
 def new generation   total 39424K, used 23072K [0x04800000, 0x072c0000, 0x0f2a0000)
  eden space 35072K,  65% used [0x04800000, 0x05e5e460, 0x06a40000)
  from space 4352K,   3% used [0x06a40000, 0x06a69bb8, 0x06e80000)
  to   space 4352K,   0% used [0x06e80000, 0x06e80000, 0x072c0000)
 tenured generation   total 87424K, used 60439K [0x0f2a0000, 0x14800000, 0x24800000)
   the space 87424K,  69% used [0x0f2a0000, 0x12da5c18, 0x12da5e00, 0x14800000)
 Metaspace       used 18963K, capacity 19422K, committed 19456K, reserved 19840K

Card table byte_map: [0x24800000,0x24910000] byte_map_base: 0x247dc000

Polling page: 0x00910000

CodeCache: size=32768Kb used=1921Kb max_used=4266Kb free=30846Kb
 bounds [0x02570000, 0x029a0000, 0x04570000]
 total_blobs=1136 nmethods=858 adapters=208
 compilation: enabled

Compilation events (10 events):
Event: 178258.405 Thread 0x25accc00 2754             java.util.ArrayList::indexOf (67 bytes)
Event: 178258.405 Thread 0x25accc00 nmethod 2754 0x027d3208 code [0x027d3320, 0x027d348c]
Event: 178258.416 Thread 0x25accc00 2755             java.util.LinkedList::get (14 bytes)
Event: 178258.416 Thread 0x25accc00 nmethod 2755 0x028f3e08 code [0x028f3f20, 0x028f4074]
Event: 178258.417 Thread 0x25accc00 2756             java.util.LinkedList::checkElementIndex (22 bytes)
Event: 178258.417 Thread 0x25accc00 nmethod 2756 0x028fc448 code [0x028fc590, 0x028fc868]
Event: 178258.417 Thread 0x25accc00 2757             java.util.LinkedList::isElementIndex (18 bytes)
Event: 178258.417 Thread 0x25accc00 nmethod 2757 0x028f3c08 code [0x028f3d00, 0x028f3db0]
Event: 182909.417 Thread 0x25accc00 2758   !         java.util.concurrent.ConcurrentHashMap::transfer (832 bytes)
Event: 182909.420 Thread 0x25accc00 nmethod 2758 0x0262a648 code [0x0262a820, 0x0262b7d8]

GC Heap History (10 events):
Event: 186280.418 GC heap before
{Heap before GC invocations=260 (full 1):
 def new generation   total 39424K, used 35213K [0x04800000, 0x072c0000, 0x0f2a0000)
  eden space 35072K, 100% used [0x04800000, 0x06a40000, 0x06a40000)
  from space 4352K,   3% used [0x06e80000, 0x06ea3508, 0x072c0000)
  to   space 4352K,   0% used [0x06a40000, 0x06a40000, 0x06e80000)
 tenured generation   total 87424K, used 60438K [0x0f2a0000, 0x14800000, 0x24800000)
   the space 87424K,  69% used [0x0f2a0000, 0x12da5ad0, 0x12da5c00, 0x14800000)
 Metaspace       used 18963K, capacity 19422K, committed 19456K, reserved 19840K
Event: 186280.420 GC heap after
Heap after GC invocations=261 (full 1):
 def new generation   total 39424K, used 66K [0x04800000, 0x072c0000, 0x0f2a0000)
  eden space 35072K,   0% used [0x04800000, 0x04800000, 0x06a40000)
  from space 4352K,   1% used [0x06a40000, 0x06a50b90, 0x06e80000)
  to   space 4352K,   0% used [0x06e80000, 0x06e80000, 0x072c0000)
 tenured generation   total 87424K, used 60438K [0x0f2a0000, 0x14800000, 0x24800000)
   the space 87424K,  69% used [0x0f2a0000, 0x12da5ad0, 0x12da5c00, 0x14800000)
 Metaspace       used 18963K, capacity 19422K, committed 19456K, reserved 19840K
}
Event: 187021.505 GC heap before
{Heap before GC invocations=261 (full 1):
 def new generation   total 39424K, used 35138K [0x04800000, 0x072c0000, 0x0f2a0000)
  eden space 35072K, 100% used [0x04800000, 0x06a40000, 0x06a40000)
  from space 4352K,   1% used [0x06a40000, 0x06a50b90, 0x06e80000)
  to   space 4352K,   0% used [0x06e80000, 0x06e80000, 0x072c0000)
 tenured generation   total 87424K, used 60438K [0x0f2a0000, 0x14800000, 0x24800000)
   the space 87424K,  69% used [0x0f2a0000, 0x12da5ad0, 0x12da5c00, 0x14800000)
 Metaspace       used 18963K, capacity 19422K, committed 19456K, reserved 19840K
Event: 187021.507 GC heap after
Heap after GC invocations=262 (full 1):
 def new generation   total 39424K, used 60K [0x04800000, 0x072c0000, 0x0f2a0000)
  eden space 35072K,   0% used [0x04800000, 0x04800000, 0x06a40000)
  from space 4352K,   1% used [0x06e80000, 0x06e8f0b8, 0x072c0000)
  to   space 4352K,   0% used [0x06a40000, 0x06a40000, 0x06e80000)
 tenured generation   total 87424K, used 60438K [0x0f2a0000, 0x14800000, 0x24800000)
   the space 87424K,  69% used [0x0f2a0000, 0x12da5b50, 0x12da5c00, 0x14800000)
 Metaspace       used 18963K, capacity 19422K, committed 19456K, reserved 19840K
}
Event: 187804.027 GC heap before
{Heap before GC invocations=262 (full 1):
 def new generation   total 39424K, used 35132K [0x04800000, 0x072c0000, 0x0f2a0000)
  eden space 35072K, 100% used [0x04800000, 0x06a40000, 0x06a40000)
  from space 4352K,   1% used [0x06e80000, 0x06e8f0b8, 0x072c0000)
  to   space 4352K,   0% used [0x06a40000, 0x06a40000, 0x06e80000)
 tenured generation   total 87424K, used 60438K [0x0f2a0000, 0x14800000, 0x24800000)
   the space 87424K,  69% used [0x0f2a0000, 0x12da5b50, 0x12da5c00, 0x14800000)
 Metaspace       used 18963K, capacity 19422K, committed 19456K, reserved 19840K
Event: 187804.029 GC heap after
Heap after GC invocations=263 (full 1):
 def new generation   total 39424K, used 63K [0x04800000, 0x072c0000, 0x0f2a0000)
  eden space 35072K,   0% used [0x04800000, 0x04800000, 0x06a40000)
  from space 4352K,   1% used [0x06a40000, 0x06a4fc98, 0x06e80000)
  to   space 4352K,   0% used [0x06e80000, 0x06e80000, 0x072c0000)
 tenured generation   total 87424K, used 60438K [0x0f2a0000, 0x14800000, 0x24800000)
   the space 87424K,  69% used [0x0f2a0000, 0x12da5b50, 0x12da5c00, 0x14800000)
 Metaspace       used 18963K, capacity 19422K, committed 19456K, reserved 19840K
}
Event: 188546.013 GC heap before
{Heap before GC invocations=263 (full 1):
 def new generation   total 39424K, used 35135K [0x04800000, 0x072c0000, 0x0f2a0000)
  eden space 35072K, 100% used [0x04800000, 0x06a40000, 0x06a40000)
  from space 4352K,   1% used [0x06a40000, 0x06a4fc98, 0x06e80000)
  to   space 4352K,   0% used [0x06e80000, 0x06e80000, 0x072c0000)
 tenured generation   total 87424K, used 60438K [0x0f2a0000, 0x14800000, 0x24800000)
   the space 87424K,  69% used [0x0f2a0000, 0x12da5b50, 0x12da5c00, 0x14800000)
 Metaspace       used 18963K, capacity 19422K, committed 19456K, reserved 19840K
Event: 188546.014 GC heap after
Heap after GC invocations=264 (full 1):
 def new generation   total 39424K, used 67K [0x04800000, 0x072c0000, 0x0f2a0000)
  eden space 35072K,   0% used [0x04800000, 0x04800000, 0x06a40000)
  from space 4352K,   1% used [0x06e80000, 0x06e90cb8, 0x072c0000)
  to   space 4352K,   0% used [0x06a40000, 0x06a40000, 0x06e80000)
 tenured generation   total 87424K, used 60438K [0x0f2a0000, 0x14800000, 0x24800000)
   the space 87424K,  69% used [0x0f2a0000, 0x12da5b50, 0x12da5c00, 0x14800000)
 Metaspace       used 18963K, capacity 19422K, committed 19456K, reserved 19840K
}
Event: 189209.222 GC heap before
{Heap before GC invocations=264 (full 1):
 def new generation   total 39424K, used 35139K [0x04800000, 0x072c0000, 0x0f2a0000)
  eden space 35072K, 100% used [0x04800000, 0x06a40000, 0x06a40000)
  from space 4352K,   1% used [0x06e80000, 0x06e90cb8, 0x072c0000)
  to   space 4352K,   0% used [0x06a40000, 0x06a40000, 0x06e80000)
 tenured generation   total 87424K, used 60438K [0x0f2a0000, 0x14800000, 0x24800000)
   the space 87424K,  69% used [0x0f2a0000, 0x12da5b50, 0x12da5c00, 0x14800000)
 Metaspace       used 18963K, capacity 19422K, committed 19456K, reserved 19840K
Event: 189209.224 GC heap after
Heap after GC invocations=265 (full 1):
 def new generation   total 39424K, used 166K [0x04800000, 0x072c0000, 0x0f2a0000)
  eden space 35072K,   0% used [0x04800000, 0x04800000, 0x06a40000)
  from space 4352K,   3% used [0x06a40000, 0x06a69bb8, 0x06e80000)
  to   space 4352K,   0% used [0x06e80000, 0x06e80000, 0x072c0000)
 tenured generation   total 87424K, used 60439K [0x0f2a0000, 0x14800000, 0x24800000)
   the space 87424K,  69% used [0x0f2a0000, 0x12da5c18, 0x12da5e00, 0x14800000)
 Metaspace       used 18963K, capacity 19422K, committed 19456K, reserved 19840K
}

Deoptimization events (0 events):
No events

Internal exceptions (10 events):
Event: 2049.471 Thread 0x28fb8800 Exception <a 'sun/nio/fs/WindowsException'> (0x05312a40) thrown at [C:\workspace\8-2-build-windows-i586-cygwin\jdk8u144\9417\hotspot\src\share\vm\prims\jni.cpp, line 709]
Event: 2049.471 Thread 0x28fb8800 Exception <a 'sun/nio/fs/WindowsException'> (0x05312ea8) thrown at [C:\workspace\8-2-build-windows-i586-cygwin\jdk8u144\9417\hotspot\src\share\vm\prims\jni.cpp, line 709]
Event: 2049.472 Thread 0x28fb8800 Exception <a 'sun/nio/fs/WindowsException'> (0x05322888) thrown at [C:\workspace\8-2-build-windows-i586-cygwin\jdk8u144\9417\hotspot\src\share\vm\prims\jni.cpp, line 709]
Event: 2049.472 Thread 0x28fb8800 Exception <a 'sun/nio/fs/WindowsException'> (0x05322cf0) thrown at [C:\workspace\8-2-build-windows-i586-cygwin\jdk8u144\9417\hotspot\src\share\vm\prims\jni.cpp, line 709]
Event: 2049.473 Thread 0x28fb8800 Exception <a 'sun/nio/fs/WindowsException'> (0x05334938) thrown at [C:\workspace\8-2-build-windows-i586-cygwin\jdk8u144\9417\hotspot\src\share\vm\prims\jni.cpp, line 709]
Event: 2049.473 Thread 0x28fb8800 Exception <a 'sun/nio/fs/WindowsException'> (0x05335020) thrown at [C:\workspace\8-2-build-windows-i586-cygwin\jdk8u144\9417\hotspot\src\share\vm\prims\jni.cpp, line 709]
Event: 2049.474 Thread 0x28fb8800 Exception <a 'sun/nio/fs/WindowsException'> (0x0533f590) thrown at [C:\workspace\8-2-build-windows-i586-cygwin\jdk8u144\9417\hotspot\src\share\vm\prims\jni.cpp, line 709]
Event: 2049.474 Thread 0x28fb8800 Exception <a 'sun/nio/fs/WindowsException'> (0x0533fc78) thrown at [C:\workspace\8-2-build-windows-i586-cygwin\jdk8u144\9417\hotspot\src\share\vm\prims\jni.cpp, line 709]
Event: 2049.474 Thread 0x28fb8800 Exception <a 'sun/nio/fs/WindowsException'> (0x0534a0c8) thrown at [C:\workspace\8-2-build-windows-i586-cygwin\jdk8u144\9417\hotspot\src\share\vm\prims\jni.cpp, line 709]
Event: 2049.474 Thread 0x28fb8800 Exception <a 'sun/nio/fs/WindowsException'> (0x0534a7b0) thrown at [C:\workspace\8-2-build-windows-i586-cygwin\jdk8u144\9417\hotspot\src\share\vm\prims\jni.cpp, line 709]

Events (10 events):
Event: 187804.027 Executing VM operation: GenCollectForAllocation
Event: 187804.029 Executing VM operation: GenCollectForAllocation done
Event: 188546.013 Executing VM operation: GenCollectForAllocation
Event: 188546.014 Executing VM operation: GenCollectForAllocation done
Event: 189014.079 Executing VM operation: RevokeBias
Event: 189014.079 Executing VM operation: RevokeBias done
Event: 189014.079 Executing VM operation: RevokeBias
Event: 189014.079 Executing VM operation: RevokeBias done
Event: 189209.221 Executing VM operation: GenCollectForAllocation
Event: 189209.224 Executing VM operation: GenCollectForAllocation done


Dynamic libraries:
0x00180000 - 0x001b3000 	C:\Arduino\java\bin\javaw.exe
0x77c80000 - 0x77e10000 	C:\WINDOWS\SYSTEM32\ntdll.dll
0x77360000 - 0x77440000 	C:\WINDOWS\System32\KERNEL32.DLL
0x77440000 - 0x77624000 	C:\WINDOWS\System32\KERNELBASE.dll
0x75cd0000 - 0x75d48000 	C:\WINDOWS\System32\ADVAPI32.dll
0x75630000 - 0x756ef000 	C:\WINDOWS\System32\msvcrt.dll
0x77b30000 - 0x77b74000 	C:\WINDOWS\System32\sechost.dll
0x74650000 - 0x74710000 	C:\WINDOWS\System32\RPCRT4.dll
0x74540000 - 0x74560000 	C:\WINDOWS\System32\SspiCli.dll
0x74530000 - 0x7453a000 	C:\WINDOWS\System32\CRYPTBASE.dll
0x74c90000 - 0x74ce8000 	C:\WINDOWS\System32\bcryptPrimitives.dll
0x74940000 - 0x74acd000 	C:\WINDOWS\System32\USER32.dll
0x77b10000 - 0x77b27000 	C:\WINDOWS\System32\win32u.dll
0x75dc0000 - 0x75de2000 	C:\WINDOWS\System32\GDI32.dll
0x74b20000 - 0x74c84000 	C:\WINDOWS\System32\gdi32full.dll
0x75f90000 - 0x7600d000 	C:\WINDOWS\System32\msvcp_win.dll
0x74770000 - 0x7488e000 	C:\WINDOWS\System32\ucrtbase.dll
0x6f020000 - 0x6f224000 	C:\WINDOWS\WinSxS\x86_microsoft.windows.common-controls_6595b64144ccf1df_6.0.17134.590_none_42ead2d644e6098e\COMCTL32.dll
0x77780000 - 0x779dc000 	C:\WINDOWS\System32\combase.dll
0x74ad0000 - 0x74af6000 	C:\WINDOWS\System32\IMM32.DLL
0x6ed80000 - 0x6ee3f000 	C:\Arduino\java\bin\msvcr100.dll
0x6d010000 - 0x6d3de000 	C:\Arduino\java\bin\client\jvm.dll
0x77b80000 - 0x77b86000 	C:\WINDOWS\System32\PSAPI.DLL
0x72720000 - 0x72728000 	C:\WINDOWS\SYSTEM32\WSOCK32.dll
0x727b0000 - 0x727d4000 	C:\WINDOWS\SYSTEM32\WINMM.dll
0x72830000 - 0x72838000 	C:\WINDOWS\SYSTEM32\VERSION.dll
0x74f20000 - 0x74f87000 	C:\WINDOWS\System32\WS2_32.dll
0x72560000 - 0x72583000 	C:\WINDOWS\SYSTEM32\WINMMBASE.dll
0x74d80000 - 0x74db9000 	C:\WINDOWS\System32\cfgmgr32.dll
0x6f4f0000 - 0x6f520000 	C:\Arduino\java\bin\splashscreen.dll
0x6f950000 - 0x6f9cc000 	C:\WINDOWS\system32\uxtheme.dll
0x6f9e0000 - 0x6f9ec000 	C:\Arduino\java\bin\verify.dll
0x6f4c0000 - 0x6f4e1000 	C:\Arduino\java\bin\java.dll
0x77630000 - 0x77773000 	C:\WINDOWS\System32\MSCTF.dll
0x745b0000 - 0x74646000 	C:\WINDOWS\System32\OLEAUT32.dll
0x6f540000 - 0x6f553000 	C:\Arduino\java\bin\zip.dll
0x756f0000 - 0x756ff000 	C:\WINDOWS\System32\kernel.appcore.dll
0x69c60000 - 0x69cdd000 	C:\WINDOWS\System32\TextInputFramework.dll
0x52f80000 - 0x531dd000 	C:\WINDOWS\System32\CoreUIComponents.dll
0x66b00000 - 0x66b8b000 	C:\WINDOWS\System32\CoreMessaging.dll
0x75100000 - 0x75188000 	C:\WINDOWS\System32\SHCORE.dll
0x69870000 - 0x69946000 	C:\WINDOWS\SYSTEM32\wintypes.dll
0x71c60000 - 0x71c89000 	C:\WINDOWS\SYSTEM32\ntmarta.dll
0x6c100000 - 0x6c123000 	C:\WINDOWS\system32\dwmapi.dll
0x76010000 - 0x7735a000 	C:\WINDOWS\System32\SHELL32.dll
0x75710000 - 0x75cca000 	C:\WINDOWS\System32\windows.storage.dll
0x74560000 - 0x745a5000 	C:\WINDOWS\System32\shlwapi.dll
0x74b00000 - 0x74b18000 	C:\WINDOWS\System32\profapi.dll
0x75d60000 - 0x75da5000 	C:\WINDOWS\System32\powrprof.dll
0x75db0000 - 0x75db8000 	C:\WINDOWS\System32\FLTLIB.DLL
0x61940000 - 0x619b2000 	C:\Arduino\lib\listSerialsj.dll
0x75190000 - 0x755bb000 	C:\WINDOWS\System32\SETUPAPI.dll
0x6c630000 - 0x6c64d000 	C:\Arduino\lib\jnidispatch-4.2.2-win32-x86.dll
0x74e20000 - 0x74f1c000 	C:\WINDOWS\System32\Ole32.dll
0x6c540000 - 0x6c556000 	C:\Arduino\java\bin\net.dll
0x737d0000 - 0x73826000 	C:\WINDOWS\system32\mswsock.dll
0x6f9d0000 - 0x6f9df000 	C:\Arduino\java\bin\nio.dll
0x53c90000 - 0x53dd5000 	C:\Arduino\java\bin\awt.dll
0x595c0000 - 0x5965d000 	C:\WINDOWS\SYSTEM32\apphelp.dll
0x692a0000 - 0x692d9000 	C:\Arduino\java\bin\fontmanager.dll
0x66490000 - 0x66569000 	C:\WINDOWS\system32\opengl32.dll
0x68d70000 - 0x68daf000 	C:\WINDOWS\SYSTEM32\GLU32.dll
0x54e80000 - 0x54eb2000 	C:\Arduino\java\bin\t2k.dll
0x70db0000 - 0x70dd2000 	C:\WINDOWS\SYSTEM32\DEVOBJ.dll
0x779e0000 - 0x77a27000 	C:\WINDOWS\System32\WINTRUST.dll
0x75d50000 - 0x75d5e000 	C:\WINDOWS\System32\MSASN1.dll
0x75df0000 - 0x75f86000 	C:\WINDOWS\System32\CRYPT32.dll
0x72730000 - 0x72760000 	C:\WINDOWS\SYSTEM32\IPHLPAPI.DLL
0x75700000 - 0x75707000 	C:\WINDOWS\System32\NSI.dll
0x72290000 - 0x722a3000 	C:\WINDOWS\SYSTEM32\dhcpcsvc6.DLL
0x72410000 - 0x72424000 	C:\WINDOWS\SYSTEM32\dhcpcsvc.DLL
0x72380000 - 0x7240e000 	C:\WINDOWS\SYSTEM32\DNSAPI.dll
0x71bc0000 - 0x71be1000 	C:\Program Files (x86)\Bonjour\mdnsNSP.dll
0x71bb0000 - 0x71bb8000 	C:\Windows\System32\rasadhlp.dll
0x71b50000 - 0x71b9f000 	C:\WINDOWS\System32\fwpuclnt.dll
0x73770000 - 0x73789000 	C:\WINDOWS\SYSTEM32\bcrypt.dll
0x53a90000 - 0x53af9000 	C:\Arduino\msvcp100.dll
0x52840000 - 0x528fe000 	C:\Arduino\msvcr100.dll
0x276a0000 - 0x276d2000 	C:\Arduino\lib\AStylej.dll
0x69310000 - 0x69334000 	C:\Arduino\java\bin\dcpr.dll
0x74890000 - 0x74913000 	C:\WINDOWS\System32\clbcatq.dll
0x58b20000 - 0x58c91000 	C:\WINDOWS\SYSTEM32\WindowsCodecs.dll
0x64b00000 - 0x64b4f000 	C:\WINDOWS\system32\dataexchange.dll
0x648a0000 - 0x64af2000 	C:\WINDOWS\system32\d3d11.dll
0x64760000 - 0x6489c000 	C:\WINDOWS\system32\dcomp.dll
0x646c0000 - 0x64758000 	C:\WINDOWS\system32\dxgi.dll
0x68bb0000 - 0x68d15000 	C:\WINDOWS\system32\twinapi.appcore.dll
0x68b80000 - 0x68ba1000 	C:\WINDOWS\system32\RMCLIENT.dll
0x71650000 - 0x71663000 	C:\WINDOWS\SYSTEM32\CRYPTSP.dll
0x71620000 - 0x7164f000 	C:\WINDOWS\system32\rsaenh.dll
0x72840000 - 0x72861000 	C:\WINDOWS\SYSTEM32\USERENV.dll
0x64000000 - 0x6401b000 	C:\Arduino\lib\jSSC-2.8_x86.dll
0x00830000 - 0x00886000 	C:\WINDOWS\system32\Oleacc.dll

VM Arguments:
jvm_args: -Dsun.java2d.d3d=false -Djna.nosys=true -Djna.nounpack=true -Djna.boot.library.name=jnidispatch-4.2.2-win32-x86 -Djna.boot.library.path=C:\Arduino/lib -Djssc.library.path=C:\Arduino/lib -DAPP_DIR=C:\Arduino -Xms128M -Xmx512M 
java_command: processing.app.Base C:\git\microgrid_testbed\100 nodes\Arduino\Final4v2\Final4v2.ino
java_class_path (initial): C:\Arduino\lib\apple.jar;C:\Arduino\lib\arduino-core.jar;C:\Arduino\lib\batik-1.8.jar;C:\Arduino\lib\batik-anim-1.8.jar;C:\Arduino\lib\batik-awt-util-1.8.jar;C:\Arduino\lib\batik-bridge-1.8.jar;C:\Arduino\lib\batik-codec-1.8.jar;C:\Arduino\lib\batik-css-1.8.jar;C:\Arduino\lib\batik-dom-1.8.jar;C:\Arduino\lib\batik-ext-1.8.jar;C:\Arduino\lib\batik-gvt-1.8.jar;C:\Arduino\lib\batik-parser-1.8.jar;C:\Arduino\lib\batik-rasterizer-1.8.jar;C:\Arduino\lib\batik-script-1.8.jar;C:\Arduino\lib\batik-squiggle-1.8.jar;C:\Arduino\lib\batik-svg-dom-1.8.jar;C:\Arduino\lib\batik-svgpp-1.8.jar;C:\Arduino\lib\batik-transcoder-1.8.jar;C:\Arduino\lib\batik-util-1.8.jar;C:\Arduino\lib\batik-xml-1.8.jar;C:\Arduino\lib\bcpg-jdk15on-152.jar;C:\Arduino\lib\bcprov-jdk15on-152.jar;C:\Arduino\lib\commons-codec-1.7.jar;C:\Arduino\lib\commons-compress-1.8.jar;C:\Arduino\lib\commons-exec-1.1.jar;C:\Arduino\lib\commons-httpclient-3.1.jar;C:\Arduino\lib\commons-lang3-3.3.2.jar;C:\Arduino\lib\commons-logging-1.0.4.jar;C:\Arduino\lib\commons-net-3.3.jar;C:\Arduino\lib\jackson-annotations-2.6.3.jar;C:\Arduino\lib\jackson-core-2.6.3.jar;C:\Arduino\lib\jackson-databind-2.6.3.jar;C:\Arduino\lib\jackson-module-mrbean-2.6.3.jar;C:\Arduino\lib\java-semver-0.8.0.jar;C:\Arduino\lib\jmdns-3.5.1.jar;C:\Arduino\lib\slf4j-simple-1.7.22.jar;C:\Arduino\lib\slf4j-api-1.7.22.jar;C:\Arduino\lib\jna-4.2.2.jar;C:\Arduino\lib\jna-platform-4.2.2.jar;C:\Arduino\lib\jsch-0.1.50.jar;C:\Arduino\lib\jssc-2.8.0-arduino1.jar;C:\Arduino\lib\pde.jar;C:\Arduino\lib\rsyntaxtextarea-2.6.1.jar;C:\Arduino\lib\xml-apis-1.3.04.jar;C:\Arduino\lib\xml-apis-ext-1.3.04.jar;C:\Arduino\lib\xmlgraphics-commons-2.0.jar
Launcher Type: SUN_STANDARD

Environment Variables:
PATH=C:\Program Files (x86)\NVIDIA Corporation\PhysX\Common;C:\Program Files (x86)\Common Files\Oracle\Java\javapath;C:\ProgramData\Oracle\Java\javapath;C:\WINDOWS\system32;C:\WINDOWS;C:\WINDOWS\System32\Wbem;C:\WINDOWS\System32\WindowsPowerShell\v1.0\;C:\Program Files (x86)\PuTTY\;C:\Program Files\MATLAB\R2017a\runtime\win64;C:\Program Files\MATLAB\R2017a\bin;C:\Program Files (x86)\MATLAB\MATLAB Compiler Runtime\v79\runtime\win32;C:\Program Files (x86)\IVI Foundation\VISA\WinNT\Bin\;C:\Program Files\IVI Foundation\VISA\Win64\Bin\;C:\Program Files (x86)\IVI Foundation\VISA\WinNT\Bin;C:\processing-2.2.1;;C:\WINDOWS\System32\OpenSSH\;C:\Typhoon HIL Control Center\bin\;C:\Program Files\Microsoft SQL Server\Client SDK\ODBC\110\Tools\Binn\;C:\Program Files (x86)\Microsoft SQL Server\120\Tools\Binn\;C:\Program Files\Microsoft SQL Server\120\Tools\Binn\;C:\Program Files\Microsoft SQL Server\120\DTS\Binn\;C:\Program Files (x86)\Windows Kits\8.1\Windows Performance Toolkit\;C:\Users\ora2\AppData\Local\Microsoft\WindowsApps;C:\processing-2.2.1;;C:\Arduino\java\bin
USERNAME=ora2
OS=Windows_NT
PROCESSOR_IDENTIFIER=Intel64 Family 6 Model 158 Stepping 9, GenuineIntel



---------------  S Y S T E M  ---------------

OS: Windows 10.0 , 64 bit Build 17134 (10.0.17134.556)

CPU:total 8 (initial active 8) (4 cores per cpu, 2 threads per core) family 6 model 158 stepping 9, cmov, cx8, fxsr, mmx, sse, sse2, sse3, ssse3, sse4.1, sse4.2, popcnt, avx, avx2, aes, clmul, erms, rtm, 3dnowpref, lzcnt, ht, tsc, tscinvbit, bmi1, bmi2, adx

Memory: 4k page, physical 16666376k(6805184k free), swap 39270084k(9298744k free)

vm_info: Java HotSpot(TM) Client VM (25.144-b01) for windows-x86 JRE (1.8.0_144-b01), built on Jul 21 2017 21:58:05 by "java_re" with MS VC++ 10.0 (VS2010)

time: Wed Mar 13 20:46:41 2019
elapsed time: 189745 seconds (2d 4h 42m 25s)

