#
# A fatal error has been detected by the Java Runtime Environment:
#
#  EXCEPTION_ACCESS_VIOLATION (0xc0000005) at pc=0x619489b6, pid=13136, tid=0x00000e9c
#
# JRE version: Java(TM) SE Runtime Environment (8.0_144-b01) (build 1.8.0_144-b01)
# Java VM: Java HotSpot(TM) Client VM (25.144-b01 mixed mode windows-x86 )
# Problematic frame:
# C  [listSerialsj.dll+0x89b6]
#
# Failed to write core dump. Minidumps are not enabled by default on client versions of Windows
#
# If you would like to submit a bug report, please visit:
#   http://bugreport.java.com/bugreport/crash.jsp
# The crash happened outside the Java Virtual Machine in native code.
# See problematic frame for where to report the bug.
#

---------------  T H R E A D  ---------------

Current thread (0x28d84c00):  JavaThread "cc.arduino.packages.discoverers.serial.SerialBoardsLister" [_thread_in_native, id=3740, stack(0x04590000,0x045e0000)]

siginfo: ExceptionCode=0xc0000005, writing address 0x0000004d

Registers:
EAX=0x00000000, EBX=0x00000000, ECX=0x4a4b3256, EDX=0x00000000
ESP=0x045dea80, EBP=0x287e2be0, ESI=0x0000004d, EDI=0x75436840
EIP=0x619489b6, EFLAGS=0x00010202

Top of Stack: (sp=0x045dea80)
0x045dea80:   0000fde9 00000000 287e2be0 ffffffff
0x045dea90:   00000000 0000004d 00000000 00000000
0x045deaa0:   000000a2 287e2bd8 000000a2 287e52a8
0x045deab0:   00000b54 00000013 045deb18 61948d53
0x045deac0:   00000b54 00220414 287e2bd8 000000a2
0x045dead0:   287e2bd8 000000a2 045deb18 00000000
0x045deae0:   00000000 75431190 6194da6f 00000000
0x045deaf0:   287d4bf8 0000001a 00000000 287e2bd8 

Instructions: (pc=0x619489b6)
0x61948996:   89 44 24 10 c7 44 24 0c ff ff ff ff c7 44 24 04
0x619489a6:   00 00 00 00 c7 04 24 e9 fd 00 00 ff d7 83 ec 20
0x619489b6:   c6 04 33 00 89 d8 83 c4 2c 5b 5e 5f 5d c3 8d b6
0x619489c6:   00 00 00 00 8d bf 00 00 00 00 57 56 89 ce 53 b9 


Register to memory mapping:

EAX=0x00000000 is an unknown value
EBX=0x00000000 is an unknown value
ECX=0x4a4b3256 is an unknown value
EDX=0x00000000 is an unknown value
ESP=0x045dea80 is pointing into the stack for thread: 0x28d84c00
EBP=0x287e2be0 is an unknown value
ESI=0x0000004d is an unknown value
EDI=0x75436840 is an unknown value


Stack: [0x04590000,0x045e0000],  sp=0x045dea80,  free space=314k
Native frames: (J=compiled Java code, j=interpreted, Vv=VM code, C=native code)
C  [listSerialsj.dll+0x89b6]

Java frames: (J=compiled Java code, j=interpreted, Vv=VM code)
J 2334  processing.app.Platform.listSerialsNative()[Ljava/lang/String; (0 bytes) @ 0x0278384f [0x02783810+0x3f]
J 2312 C1 cc.arduino.packages.discoverers.serial.SerialBoardsLister.retriggerDiscovery(Z)V (751 bytes) @ 0x02778ee4 [0x02778d90+0x154]
J 2333 C1 cc.arduino.packages.discoverers.serial.SerialBoardsLister.run()V (13 bytes) @ 0x02783614 [0x027835d0+0x44]
J 2340% C1 java.util.TimerThread.mainLoop()V (232 bytes) @ 0x02786b14 [0x027866e0+0x434]
j  java.util.TimerThread.run()V+1
v  ~StubRoutines::call_stub

---------------  P R O C E S S  ---------------

Java Threads: ( => current thread )
  0x28dd9800 JavaThread "DestroyJavaVM" [_thread_blocked, id=11160, stack(0x00d30000,0x00d80000)]
  0x28dd8400 JavaThread "TimerQueue" daemon [_thread_blocked, id=4912, stack(0x2a3b0000,0x2a400000)]
  0x28dda400 JavaThread "Batik CleanerThread" daemon [_thread_blocked, id=4180, stack(0x2a6c0000,0x2a710000)]
  0x28ddb800 JavaThread "AWT-EventQueue-0" [_thread_blocked, id=9712, stack(0x2a320000,0x2a370000)]
  0x28ddb000 JavaThread "AWT-Shutdown" [_thread_blocked, id=9100, stack(0x26550000,0x265a0000)]
  0x28dd7800 JavaThread "Timer-0" [_thread_blocked, id=14684, stack(0x2a090000,0x2a0e0000)]
  0x28da3c00 JavaThread "JmDNS(ECEB-4076-14-ad-uillinois-edu.local.).State.Timer" daemon [_thread_blocked, id=7668, stack(0x2a000000,0x2a050000)]
  0x28da3400 JavaThread "JmDNS(ECEB-4076-14-ad-uillinois-edu.local.).Timer" daemon [_thread_blocked, id=2044, stack(0x29f70000,0x29fc0000)]
  0x28da6800 JavaThread "SocketListener(ECEB-4076-14-ad-uillinois-edu.local.)" daemon [_thread_in_native, id=6600, stack(0x29ee0000,0x29f30000)]
  0x28da6000 JavaThread "JmDNS(ECEB-4076-14-ad-uillinois-edu.local.).State.Timer" daemon [_thread_blocked, id=10748, stack(0x29e50000,0x29ea0000)]
  0x28da4c00 JavaThread "JmDNS(ECEB-4076-14-ad-uillinois-edu.local.).Timer" daemon [_thread_blocked, id=5156, stack(0x29dc0000,0x29e10000)]
  0x28da3000 JavaThread "SocketListener(ECEB-4076-14-ad-uillinois-edu.local.)" daemon [_thread_in_native, id=17400, stack(0x29760000,0x297b0000)]
  0x28da4000 JavaThread "JmDNS(ECEB-4076-14-ad-uillinois-edu.local.).State.Timer" daemon [_thread_blocked, id=12604, stack(0x29d30000,0x29d80000)]
  0x28da5c00 JavaThread "JmDNS(ECEB-4076-14-ad-uillinois-edu.local.).Timer" daemon [_thread_blocked, id=11536, stack(0x29ca0000,0x29cf0000)]
  0x28da4800 JavaThread "SocketListener(ECEB-4076-14-ad-uillinois-edu.local.)" daemon [_thread_in_native, id=10092, stack(0x29c10000,0x29c60000)]
  0x28d86000 JavaThread "JmDNS(ECEB-4076-14-ad-uillinois-edu.local.).State.Timer" daemon [_thread_blocked, id=17020, stack(0x29960000,0x299b0000)]
  0x28d85800 JavaThread "JmDNS(ECEB-4076-14-ad-uillinois-edu.local.).Timer" daemon [_thread_blocked, id=15772, stack(0x298d0000,0x29920000)]
  0x28d85400 JavaThread "SocketListener(ECEB-4076-14-ad-uillinois-edu.local.)" daemon [_thread_in_native, id=15320, stack(0x29840000,0x29890000)]
  0x28d97000 JavaThread "Multihomed mDNS.Timer" daemon [_thread_blocked, id=15244, stack(0x28910000,0x28960000)]
=>0x28d84c00 JavaThread "cc.arduino.packages.discoverers.serial.SerialBoardsLister" [_thread_in_native, id=3740, stack(0x04590000,0x045e0000)]
  0x26126000 JavaThread "AWT-Windows" daemon [_thread_in_native, id=9788, stack(0x265e0000,0x26630000)]
  0x26124c00 JavaThread "Java2D Disposer" daemon [_thread_blocked, id=16856, stack(0x264c0000,0x26510000)]
  0x257e5400 JavaThread "Service Thread" daemon [_thread_blocked, id=7280, stack(0x25db0000,0x25e00000)]
  0x257dcc00 JavaThread "C1 CompilerThread0" daemon [_thread_blocked, id=3692, stack(0x25d20000,0x25d70000)]
  0x257ea800 JavaThread "Attach Listener" daemon [_thread_blocked, id=16660, stack(0x25c90000,0x25ce0000)]
  0x257e8800 JavaThread "Signal Dispatcher" daemon [_thread_blocked, id=12716, stack(0x25c00000,0x25c50000)]
  0x257ca000 JavaThread "Finalizer" daemon [_thread_blocked, id=14552, stack(0x25a80000,0x25ad0000)]
  0x257b4400 JavaThread "Reference Handler" daemon [_thread_blocked, id=8204, stack(0x259f0000,0x25a40000)]

Other Threads:
  0x0230dc00 VMThread [stack: 0x25760000,0x257b0000] [id=5584]
  0x25811c00 WatcherThread [stack: 0x25e40000,0x25e90000] [id=15508]

VM state:not at safepoint (normal execution)

VM Mutex/Monitor currently owned by a thread: None

Heap:
 def new generation   total 39424K, used 24950K [0x04600000, 0x070c0000, 0x0f0a0000)
  eden space 35072K,  71% used [0x04600000, 0x05e51488, 0x06840000)
  from space 4352K,   1% used [0x06840000, 0x0684c750, 0x06c80000)
  to   space 4352K,   0% used [0x06c80000, 0x06c80000, 0x070c0000)
 tenured generation   total 87424K, used 39148K [0x0f0a0000, 0x14600000, 0x24600000)
   the space 87424K,  44% used [0x0f0a0000, 0x116db310, 0x116db400, 0x14600000)
 Metaspace       used 18758K, capacity 19231K, committed 19328K, reserved 19840K

Card table byte_map: [0x24600000,0x24710000] byte_map_base: 0x245dd000

Polling page: 0x00780000

CodeCache: size=32768Kb used=1823Kb max_used=4193Kb free=30944Kb
 bounds [0x02390000, 0x027b8000, 0x04390000]
 total_blobs=1075 nmethods=797 adapters=208
 compilation: enabled

Compilation events (10 events):
Event: 143896.557 Thread 0x257dcc00 3375             javax.jmdns.impl.JmDNSImpl$ServiceTypeEntry$SubTypeEntry::getKey (5 bytes)
Event: 143896.557 Thread 0x257dcc00 nmethod 3375 0x02577288 code [0x02577380, 0x02577400]
Event: 143896.557 Thread 0x257dcc00 3376             javax.jmdns.impl.JmDNSImpl$ServiceTypeEntry$SubTypeEntry::getKey (5 bytes)
Event: 143896.557 Thread 0x257dcc00 nmethod 3376 0x026fa308 code [0x026fa400, 0x026fa480]
Event: 145671.839 Thread 0x257dcc00 3377             javax.jmdns.impl.JmDNSImpl$ServiceTypeEntry::entrySet (5 bytes)
Event: 145671.839 Thread 0x257dcc00 nmethod 3377 0x02474fc8 code [0x024750c0, 0x02475140]
Event: 157036.208 Thread 0x257dcc00 3378             java.util.AbstractMap::containsKey (86 bytes)
Event: 157036.208 Thread 0x257dcc00 nmethod 3378 0x026d2908 code [0x026d2aa0, 0x026d2d1c]
Event: 185554.297 Thread 0x257dcc00 3379  s          sun.awt.windows.WDesktopProperties::setIntegerProperty (76 bytes)
Event: 185554.298 Thread 0x257dcc00 nmethod 3379 0x026a6b88 code [0x026a6d00, 0x026a7170]

GC Heap History (10 events):
Event: 183314.772 GC heap before
{Heap before GC invocations=284 (full 1):
 def new generation   total 39424K, used 35129K [0x04600000, 0x070c0000, 0x0f0a0000)
  eden space 35072K, 100% used [0x04600000, 0x06840000, 0x06840000)
  from space 4352K,   1% used [0x06c80000, 0x06c8e658, 0x070c0000)
  to   space 4352K,   0% used [0x06840000, 0x06840000, 0x06c80000)
 tenured generation   total 87424K, used 39148K [0x0f0a0000, 0x14600000, 0x24600000)
   the space 87424K,  44% used [0x0f0a0000, 0x116db310, 0x116db400, 0x14600000)
 Metaspace       used 18758K, capacity 19231K, committed 19328K, reserved 19840K
Event: 183314.773 GC heap after
Heap after GC invocations=285 (full 1):
 def new generation   total 39424K, used 61K [0x04600000, 0x070c0000, 0x0f0a0000)
  eden space 35072K,   0% used [0x04600000, 0x04600000, 0x06840000)
  from space 4352K,   1% used [0x06840000, 0x0684f770, 0x06c80000)
  to   space 4352K,   0% used [0x06c80000, 0x06c80000, 0x070c0000)
 tenured generation   total 87424K, used 39148K [0x0f0a0000, 0x14600000, 0x24600000)
   the space 87424K,  44% used [0x0f0a0000, 0x116db310, 0x116db400, 0x14600000)
 Metaspace       used 18758K, capacity 19231K, committed 19328K, reserved 19840K
}
Event: 183814.032 GC heap before
{Heap before GC invocations=285 (full 1):
 def new generation   total 39424K, used 35133K [0x04600000, 0x070c0000, 0x0f0a0000)
  eden space 35072K, 100% used [0x04600000, 0x06840000, 0x06840000)
  from space 4352K,   1% used [0x06840000, 0x0684f770, 0x06c80000)
  to   space 4352K,   0% used [0x06c80000, 0x06c80000, 0x070c0000)
 tenured generation   total 87424K, used 39148K [0x0f0a0000, 0x14600000, 0x24600000)
   the space 87424K,  44% used [0x0f0a0000, 0x116db310, 0x116db400, 0x14600000)
 Metaspace       used 18758K, capacity 19231K, committed 19328K, reserved 19840K
Event: 183814.033 GC heap after
Heap after GC invocations=286 (full 1):
 def new generation   total 39424K, used 86K [0x04600000, 0x070c0000, 0x0f0a0000)
  eden space 35072K,   0% used [0x04600000, 0x04600000, 0x06840000)
  from space 4352K,   1% used [0x06c80000, 0x06c95ba8, 0x070c0000)
  to   space 4352K,   0% used [0x06840000, 0x06840000, 0x06c80000)
 tenured generation   total 87424K, used 39148K [0x0f0a0000, 0x14600000, 0x24600000)
   the space 87424K,  44% used [0x0f0a0000, 0x116db310, 0x116db400, 0x14600000)
 Metaspace       used 18758K, capacity 19231K, committed 19328K, reserved 19840K
}
Event: 184288.369 GC heap before
{Heap before GC invocations=286 (full 1):
 def new generation   total 39424K, used 35158K [0x04600000, 0x070c0000, 0x0f0a0000)
  eden space 35072K, 100% used [0x04600000, 0x06840000, 0x06840000)
  from space 4352K,   1% used [0x06c80000, 0x06c95ba8, 0x070c0000)
  to   space 4352K,   0% used [0x06840000, 0x06840000, 0x06c80000)
 tenured generation   total 87424K, used 39148K [0x0f0a0000, 0x14600000, 0x24600000)
   the space 87424K,  44% used [0x0f0a0000, 0x116db310, 0x116db400, 0x14600000)
 Metaspace       used 18758K, capacity 19231K, committed 19328K, reserved 19840K
Event: 184288.370 GC heap after
Heap after GC invocations=287 (full 1):
 def new generation   total 39424K, used 94K [0x04600000, 0x070c0000, 0x0f0a0000)
  eden space 35072K,   0% used [0x04600000, 0x04600000, 0x06840000)
  from space 4352K,   2% used [0x06840000, 0x06857a50, 0x06c80000)
  to   space 4352K,   0% used [0x06c80000, 0x06c80000, 0x070c0000)
 tenured generation   total 87424K, used 39148K [0x0f0a0000, 0x14600000, 0x24600000)
   the space 87424K,  44% used [0x0f0a0000, 0x116db310, 0x116db400, 0x14600000)
 Metaspace       used 18758K, capacity 19231K, committed 19328K, reserved 19840K
}
Event: 184430.169 GC heap before
{Heap before GC invocations=287 (full 1):
 def new generation   total 39424K, used 35166K [0x04600000, 0x070c0000, 0x0f0a0000)
  eden space 35072K, 100% used [0x04600000, 0x06840000, 0x06840000)
  from space 4352K,   2% used [0x06840000, 0x06857a50, 0x06c80000)
  to   space 4352K,   0% used [0x06c80000, 0x06c80000, 0x070c0000)
 tenured generation   total 87424K, used 39148K [0x0f0a0000, 0x14600000, 0x24600000)
   the space 87424K,  44% used [0x0f0a0000, 0x116db310, 0x116db400, 0x14600000)
 Metaspace       used 18758K, capacity 19231K, committed 19328K, reserved 19840K
Event: 184430.170 GC heap after
Heap after GC invocations=288 (full 1):
 def new generation   total 39424K, used 65K [0x04600000, 0x070c0000, 0x0f0a0000)
  eden space 35072K,   0% used [0x04600000, 0x04600000, 0x06840000)
  from space 4352K,   1% used [0x06c80000, 0x06c904f8, 0x070c0000)
  to   space 4352K,   0% used [0x06840000, 0x06840000, 0x06c80000)
 tenured generation   total 87424K, used 39148K [0x0f0a0000, 0x14600000, 0x24600000)
   the space 87424K,  44% used [0x0f0a0000, 0x116db310, 0x116db400, 0x14600000)
 Metaspace       used 18758K, capacity 19231K, committed 19328K, reserved 19840K
}
Event: 185309.300 GC heap before
{Heap before GC invocations=288 (full 1):
 def new generation   total 39424K, used 35137K [0x04600000, 0x070c0000, 0x0f0a0000)
  eden space 35072K, 100% used [0x04600000, 0x06840000, 0x06840000)
  from space 4352K,   1% used [0x06c80000, 0x06c904f8, 0x070c0000)
  to   space 4352K,   0% used [0x06840000, 0x06840000, 0x06c80000)
 tenured generation   total 87424K, used 39148K [0x0f0a0000, 0x14600000, 0x24600000)
   the space 87424K,  44% used [0x0f0a0000, 0x116db310, 0x116db400, 0x14600000)
 Metaspace       used 18758K, capacity 19231K, committed 19328K, reserved 19840K
Event: 185309.301 GC heap after
Heap after GC invocations=289 (full 1):
 def new generation   total 39424K, used 49K [0x04600000, 0x070c0000, 0x0f0a0000)
  eden space 35072K,   0% used [0x04600000, 0x04600000, 0x06840000)
  from space 4352K,   1% used [0x06840000, 0x0684c750, 0x06c80000)
  to   space 4352K,   0% used [0x06c80000, 0x06c80000, 0x070c0000)
 tenured generation   total 87424K, used 39148K [0x0f0a0000, 0x14600000, 0x24600000)
   the space 87424K,  44% used [0x0f0a0000, 0x116db310, 0x116db400, 0x14600000)
 Metaspace       used 18758K, capacity 19231K, committed 19328K, reserved 19840K
}

Deoptimization events (0 events):
No events

Internal exceptions (10 events):
Event: 7030.802 Thread 0x28dd8c00 Exception <a 'sun/nio/fs/WindowsException'> (0x047c9dc0) thrown at [C:\workspace\8-2-build-windows-i586-cygwin\jdk8u144\9417\hotspot\src\share\vm\prims\jni.cpp, line 709]
Event: 9026.993 Thread 0x28da3000 Exception <a 'java/io/IOException'> (0x05ebc138) thrown at [C:\workspace\8-2-build-windows-i586-cygwin\jdk8u144\9417\hotspot\src\share\vm\prims\jni.cpp, line 709]
Event: 9026.993 Thread 0x28da3000 Exception <a 'java/io/IOException'> (0x05ebc3b0) thrown at [C:\workspace\8-2-build-windows-i586-cygwin\jdk8u144\9417\hotspot\src\share\vm\prims\jni.cpp, line 709]
Event: 9026.993 Thread 0x28da3000 Exception <a 'java/io/IOException'> (0x05ebc5f8) thrown at [C:\workspace\8-2-build-windows-i586-cygwin\jdk8u144\9417\hotspot\src\share\vm\prims\jni.cpp, line 709]
Event: 9026.993 Thread 0x28da3000 Exception <a 'java/io/IOException'> (0x05ebc840) thrown at [C:\workspace\8-2-build-windows-i586-cygwin\jdk8u144\9417\hotspot\src\share\vm\prims\jni.cpp, line 709]
Event: 9026.993 Thread 0x28da3000 Exception <a 'java/io/IOException'> (0x05ebe588) thrown at [C:\workspace\8-2-build-windows-i586-cygwin\jdk8u144\9417\hotspot\src\share\vm\prims\jni.cpp, line 709]
Event: 9026.993 Thread 0x28da3000 Exception <a 'java/io/IOException'> (0x05ebe800) thrown at [C:\workspace\8-2-build-windows-i586-cygwin\jdk8u144\9417\hotspot\src\share\vm\prims\jni.cpp, line 709]
Event: 9026.993 Thread 0x28da3000 Exception <a 'java/io/IOException'> (0x05ebea48) thrown at [C:\workspace\8-2-build-windows-i586-cygwin\jdk8u144\9417\hotspot\src\share\vm\prims\jni.cpp, line 709]
Event: 9026.993 Thread 0x28da3000 Exception <a 'java/io/IOException'> (0x05ebec90) thrown at [C:\workspace\8-2-build-windows-i586-cygwin\jdk8u144\9417\hotspot\src\share\vm\prims\jni.cpp, line 709]
Event: 64817.667 Thread 0x26126000 Exception <a 'java/lang/InternalError': Could not update the devices array.> (0x04ccf480) thrown at [C:\workspace\8-2-build-windows-i586-cygwin\jdk8u144\9417\hotspot\src\share\vm\prims\jni.cpp, line 735]

Events (10 events):
Event: 183939.591 Executing VM operation: RevokeBias
Event: 183939.591 Executing VM operation: RevokeBias done
Event: 183939.591 Executing VM operation: RevokeBias
Event: 183939.591 Executing VM operation: RevokeBias done
Event: 184288.368 Executing VM operation: GenCollectForAllocation
Event: 184288.370 Executing VM operation: GenCollectForAllocation done
Event: 184430.169 Executing VM operation: GenCollectForAllocation
Event: 184430.170 Executing VM operation: GenCollectForAllocation done
Event: 185309.299 Executing VM operation: GenCollectForAllocation
Event: 185309.301 Executing VM operation: GenCollectForAllocation done


Dynamic libraries:
0x00dc0000 - 0x00df3000 	C:\Arduino\java\bin\javaw.exe
0x77a00000 - 0x77b90000 	C:\WINDOWS\SYSTEM32\ntdll.dll
0x75420000 - 0x75500000 	C:\WINDOWS\System32\KERNEL32.DLL
0x74310000 - 0x744f4000 	C:\WINDOWS\System32\KERNELBASE.dll
0x774e0000 - 0x77558000 	C:\WINDOWS\System32\ADVAPI32.dll
0x777f0000 - 0x778af000 	C:\WINDOWS\System32\msvcrt.dll
0x75800000 - 0x75844000 	C:\WINDOWS\System32\sechost.dll
0x756d0000 - 0x75790000 	C:\WINDOWS\System32\RPCRT4.dll
0x742c0000 - 0x742e0000 	C:\WINDOWS\System32\SspiCli.dll
0x742b0000 - 0x742ba000 	C:\WINDOWS\System32\CRYPTBASE.dll
0x75620000 - 0x75678000 	C:\WINDOWS\System32\bcryptPrimitives.dll
0x76f10000 - 0x7709d000 	C:\WINDOWS\System32\USER32.dll
0x77570000 - 0x77587000 	C:\WINDOWS\System32\win32u.dll
0x742e0000 - 0x74302000 	C:\WINDOWS\System32\GDI32.dll
0x76da0000 - 0x76f04000 	C:\WINDOWS\System32\gdi32full.dll
0x748b0000 - 0x7492d000 	C:\WINDOWS\System32\msvcp_win.dll
0x75500000 - 0x7561e000 	C:\WINDOWS\System32\ucrtbase.dll
0x6f770000 - 0x6f974000 	C:\WINDOWS\WinSxS\x86_microsoft.windows.common-controls_6595b64144ccf1df_6.0.17134.523_none_42edd4b044e3535c\COMCTL32.dll
0x77590000 - 0x777ec000 	C:\WINDOWS\System32\combase.dll
0x74880000 - 0x748a6000 	C:\WINDOWS\System32\IMM32.DLL
0x6fae0000 - 0x6fb9f000 	C:\Arduino\java\bin\msvcr100.dll
0x6cb50000 - 0x6cf1e000 	C:\Arduino\java\bin\client\jvm.dll
0x750e0000 - 0x750e6000 	C:\WINDOWS\System32\PSAPI.DLL
0x73370000 - 0x73378000 	C:\WINDOWS\SYSTEM32\WSOCK32.dll
0x72e60000 - 0x72e68000 	C:\WINDOWS\SYSTEM32\VERSION.dll
0x72220000 - 0x72244000 	C:\WINDOWS\SYSTEM32\WINMM.dll
0x75790000 - 0x757f7000 	C:\WINDOWS\System32\WS2_32.dll
0x721a0000 - 0x721c3000 	C:\WINDOWS\SYSTEM32\winmmbase.dll
0x75090000 - 0x750c9000 	C:\WINDOWS\System32\cfgmgr32.dll
0x6fc00000 - 0x6fc30000 	C:\Arduino\java\bin\splashscreen.dll
0x6fc30000 - 0x6fcac000 	C:\WINDOWS\system32\uxtheme.dll
0x6fbf0000 - 0x6fbfc000 	C:\Arduino\java\bin\verify.dll
0x6fbc0000 - 0x6fbe1000 	C:\Arduino\java\bin\java.dll
0x74500000 - 0x74643000 	C:\WINDOWS\System32\MSCTF.dll
0x74ff0000 - 0x75086000 	C:\WINDOWS\System32\OLEAUT32.dll
0x6fac0000 - 0x6fad3000 	C:\Arduino\java\bin\zip.dll
0x77560000 - 0x7756f000 	C:\WINDOWS\System32\kernel.appcore.dll
0x63f30000 - 0x63fad000 	C:\WINDOWS\System32\TextInputFramework.dll
0x62a80000 - 0x62cdd000 	C:\WINDOWS\System32\CoreUIComponents.dll
0x62ce0000 - 0x62d6b000 	C:\WINDOWS\System32\CoreMessaging.dll
0x75390000 - 0x75418000 	C:\WINDOWS\System32\SHCORE.dll
0x71810000 - 0x71839000 	C:\WINDOWS\SYSTEM32\ntmarta.dll
0x6e520000 - 0x6e5f6000 	C:\WINDOWS\SYSTEM32\wintypes.dll
0x6f570000 - 0x6f593000 	C:\WINDOWS\system32\dwmapi.dll
0x759d0000 - 0x76d1a000 	C:\WINDOWS\System32\SHELL32.dll
0x74a30000 - 0x74fea000 	C:\WINDOWS\System32\windows.storage.dll
0x74930000 - 0x74975000 	C:\WINDOWS\System32\shlwapi.dll
0x76d80000 - 0x76d98000 	C:\WINDOWS\System32\profapi.dll
0x75680000 - 0x756c5000 	C:\WINDOWS\System32\powrprof.dll
0x75380000 - 0x75388000 	C:\WINDOWS\System32\FLTLIB.DLL
0x61940000 - 0x619b2000 	C:\Arduino\lib\listSerialsj.dll
0x770a0000 - 0x774cb000 	C:\WINDOWS\System32\SETUPAPI.dll
0x6faa0000 - 0x6fabd000 	C:\Arduino\lib\jnidispatch-4.2.2-win32-x86.dll
0x750f0000 - 0x751ec000 	C:\WINDOWS\System32\Ole32.dll
0x6fa80000 - 0x6fa96000 	C:\Arduino\java\bin\net.dll
0x73550000 - 0x735a6000 	C:\WINDOWS\system32\mswsock.dll
0x6fa70000 - 0x6fa7f000 	C:\Arduino\java\bin\nio.dll
0x6cfe0000 - 0x6d125000 	C:\Arduino\java\bin\awt.dll
0x55140000 - 0x551dd000 	C:\WINDOWS\SYSTEM32\apphelp.dll
0x6fa30000 - 0x6fa69000 	C:\Arduino\java\bin\fontmanager.dll
0x502d0000 - 0x503a9000 	C:\WINDOWS\system32\opengl32.dll
0x6f9f0000 - 0x6fa2f000 	C:\WINDOWS\SYSTEM32\GLU32.dll
0x6f9b0000 - 0x6f9e2000 	C:\Arduino\java\bin\t2k.dll
0x711c0000 - 0x711e2000 	C:\WINDOWS\SYSTEM32\DEVOBJ.dll
0x75250000 - 0x75297000 	C:\WINDOWS\System32\WINTRUST.dll
0x750d0000 - 0x750de000 	C:\WINDOWS\System32\MSASN1.dll
0x746e0000 - 0x74876000 	C:\WINDOWS\System32\CRYPT32.dll
0x733a0000 - 0x733d0000 	C:\WINDOWS\SYSTEM32\IPHLPAPI.DLL
0x759c0000 - 0x759c7000 	C:\WINDOWS\System32\NSI.dll
0x718e0000 - 0x718f3000 	C:\WINDOWS\SYSTEM32\dhcpcsvc6.DLL
0x71c80000 - 0x71c94000 	C:\WINDOWS\SYSTEM32\dhcpcsvc.DLL
0x719b0000 - 0x71a3e000 	C:\WINDOWS\SYSTEM32\DNSAPI.dll
0x71960000 - 0x71981000 	C:\Program Files (x86)\Bonjour\mdnsNSP.dll
0x71950000 - 0x71958000 	C:\Windows\System32\rasadhlp.dll
0x71900000 - 0x7194f000 	C:\WINDOWS\System32\fwpuclnt.dll
0x734f0000 - 0x73509000 	C:\WINDOWS\SYSTEM32\bcrypt.dll
0x50260000 - 0x502c9000 	C:\Arduino\msvcp100.dll
0x501a0000 - 0x5025e000 	C:\Arduino\msvcr100.dll
0x2a520000 - 0x2a552000 	C:\Arduino\lib\AStylej.dll
0x6cfb0000 - 0x6cfd4000 	C:\Arduino\java\bin\dcpr.dll
0x74980000 - 0x74a03000 	C:\WINDOWS\System32\clbcatq.dll
0x5f640000 - 0x5f7b1000 	C:\WINDOWS\SYSTEM32\WindowsCodecs.dll
0x59eb0000 - 0x59eff000 	C:\WINDOWS\system32\dataexchange.dll
0x59b10000 - 0x59c4c000 	C:\WINDOWS\system32\dcomp.dll
0x59c50000 - 0x59ea2000 	C:\WINDOWS\system32\d3d11.dll
0x59a70000 - 0x59b08000 	C:\WINDOWS\system32\dxgi.dll
0x59900000 - 0x59a65000 	C:\WINDOWS\system32\twinapi.appcore.dll
0x598e0000 - 0x598fa000 	C:\WINDOWS\system32\RMCLIENT.dll
0x70f50000 - 0x70f63000 	C:\WINDOWS\SYSTEM32\CRYPTSP.dll
0x70f20000 - 0x70f4f000 	C:\WINDOWS\system32\rsaenh.dll
0x72cd0000 - 0x72cf1000 	C:\WINDOWS\SYSTEM32\USERENV.dll
0x64000000 - 0x6401b000 	C:\Arduino\lib\jSSC-2.8_x86.dll

VM Arguments:
jvm_args: -Dsun.java2d.d3d=false -Djna.nosys=true -Djna.nounpack=true -Djna.boot.library.name=jnidispatch-4.2.2-win32-x86 -Djna.boot.library.path=C:\Arduino/lib -Djssc.library.path=C:\Arduino/lib -DAPP_DIR=C:\Arduino -Xms128M -Xmx512M 
java_command: processing.app.Base X:\Microgrid testbed - work\100 nodes\Arduino\Final5v2\Final5v2.ino
java_class_path (initial): C:\Arduino\lib\apple.jar;C:\Arduino\lib\arduino-core.jar;C:\Arduino\lib\batik-1.8.jar;C:\Arduino\lib\batik-anim-1.8.jar;C:\Arduino\lib\batik-awt-util-1.8.jar;C:\Arduino\lib\batik-bridge-1.8.jar;C:\Arduino\lib\batik-codec-1.8.jar;C:\Arduino\lib\batik-css-1.8.jar;C:\Arduino\lib\batik-dom-1.8.jar;C:\Arduino\lib\batik-ext-1.8.jar;C:\Arduino\lib\batik-gvt-1.8.jar;C:\Arduino\lib\batik-parser-1.8.jar;C:\Arduino\lib\batik-rasterizer-1.8.jar;C:\Arduino\lib\batik-script-1.8.jar;C:\Arduino\lib\batik-squiggle-1.8.jar;C:\Arduino\lib\batik-svg-dom-1.8.jar;C:\Arduino\lib\batik-svgpp-1.8.jar;C:\Arduino\lib\batik-transcoder-1.8.jar;C:\Arduino\lib\batik-util-1.8.jar;C:\Arduino\lib\batik-xml-1.8.jar;C:\Arduino\lib\bcpg-jdk15on-152.jar;C:\Arduino\lib\bcprov-jdk15on-152.jar;C:\Arduino\lib\commons-codec-1.7.jar;C:\Arduino\lib\commons-compress-1.8.jar;C:\Arduino\lib\commons-exec-1.1.jar;C:\Arduino\lib\commons-httpclient-3.1.jar;C:\Arduino\lib\commons-lang3-3.3.2.jar;C:\Arduino\lib\commons-logging-1.0.4.jar;C:\Arduino\lib\commons-net-3.3.jar;C:\Arduino\lib\jackson-annotations-2.6.3.jar;C:\Arduino\lib\jackson-core-2.6.3.jar;C:\Arduino\lib\jackson-databind-2.6.3.jar;C:\Arduino\lib\jackson-module-mrbean-2.6.3.jar;C:\Arduino\lib\java-semver-0.8.0.jar;C:\Arduino\lib\jmdns-3.5.1.jar;C:\Arduino\lib\slf4j-simple-1.7.22.jar;C:\Arduino\lib\slf4j-api-1.7.22.jar;C:\Arduino\lib\jna-4.2.2.jar;C:\Arduino\lib\jna-platform-4.2.2.jar;C:\Arduino\lib\jsch-0.1.50.jar;C:\Arduino\lib\jssc-2.8.0-arduino1.jar;C:\Arduino\lib\pde.jar;C:\Arduino\lib\rsyntaxtextarea-2.6.1.jar;C:\Arduino\lib\xml-apis-1.3.04.jar;C:\Arduino\lib\xml-apis-ext-1.3.04.jar;C:\Arduino\lib\xmlgraphics-commons-2.0.jar
Launcher Type: SUN_STANDARD

Environment Variables:
PATH=C:\Program Files (x86)\NVIDIA Corporation\PhysX\Common;C:\Program Files (x86)\Common Files\Oracle\Java\javapath;C:\ProgramData\Oracle\Java\javapath;C:\WINDOWS\system32;C:\WINDOWS;C:\WINDOWS\System32\Wbem;C:\WINDOWS\System32\WindowsPowerShell\v1.0\;C:\Program Files (x86)\PuTTY\;C:\Program Files\MATLAB\R2017a\runtime\win64;C:\Program Files\MATLAB\R2017a\bin;C:\Program Files (x86)\MATLAB\MATLAB Compiler Runtime\v79\runtime\win32;C:\Program Files (x86)\IVI Foundation\VISA\WinNT\Bin\;C:\Program Files\IVI Foundation\VISA\Win64\Bin\;C:\Program Files (x86)\IVI Foundation\VISA\WinNT\Bin;C:\processing-2.2.1;;C:\WINDOWS\System32\OpenSSH\;C:\Typhoon HIL Control Center\bin\;C:\Program Files\Microsoft SQL Server\Client SDK\ODBC\110\Tools\Binn\;C:\Program Files (x86)\Microsoft SQL Server\120\Tools\Binn\;C:\Program Files\Microsoft SQL Server\120\Tools\Binn\;C:\Program Files\Microsoft SQL Server\120\DTS\Binn\;C:\Program Files (x86)\Windows Kits\8.1\Windows Performance Toolkit\;C:\Users\ora2\AppData\Local\Microsoft\WindowsApps;C:\processing-2.2.1;;C:\Arduino\java\bin
USERNAME=ora2
OS=Windows_NT
PROCESSOR_IDENTIFIER=Intel64 Family 6 Model 158 Stepping 9, GenuineIntel



---------------  S Y S T E M  ---------------

OS: Windows 10.0 , 64 bit Build 17134 (10.0.17134.1)

CPU:total 8 (initial active 8) (4 cores per cpu, 2 threads per core) family 6 model 158 stepping 9, cmov, cx8, fxsr, mmx, sse, sse2, sse3, ssse3, sse4.1, sse4.2, popcnt, avx, avx2, aes, clmul, erms, rtm, 3dnowpref, lzcnt, ht, tsc, tscinvbit, bmi1, bmi2, adx

Memory: 4k page, physical 16666376k(3013880k free), swap 34029064k(9120584k free)

vm_info: Java HotSpot(TM) Client VM (25.144-b01) for windows-x86 JRE (1.8.0_144-b01), built on Jul 21 2017 21:58:05 by "java_re" with MS VC++ 10.0 (VS2010)

time: Sat Jan 26 17:57:59 2019
elapsed time: 185812 seconds (2d 3h 36m 52s)

