arm-linux-gnueabihf-gcc -s -Wall -Iport -I../../../thirdparty_libs/libmodbus -I../../../thirdparty_libs/hashmap -I../src_gen -I../../bsp -I../include -O2 -pthread -o ../src/main.o -c ../src/main.c
arm-linux-gnueabihf-gcc -s -Wall -Iport -I../../../thirdparty_libs/libmodbus -I../../../thirdparty_libs/hashmap -I../src_gen -I../../bsp -I../include -O2 -pthread -o ../src/modbus_reply.o -c ../src/modbus_reply.c
arm-linux-gnueabihf-gcc -s -Wall -Iport -I../../../thirdparty_libs/libmodbus -I../../../thirdparty_libs/hashmap -I../src_gen -I../../bsp -I../include -O2 -pthread -o ../src_gen/hashmap_control.o -c ../src_gen/hashmap_control.c
arm-linux-gnueabihf-gcc -s -Wall -Iport -I../../../thirdparty_libs/libmodbus -I../../../thirdparty_libs/hashmap -I../src_gen -I../../bsp -I../include -O2 -pthread -o ../../../thirdparty_libs/libmodbus/modbus.o -c ../../../thirdparty_libs/libmodbus/modbus.c
arm-linux-gnueabihf-gcc -s -Wall -Iport -I../../../thirdparty_libs/libmodbus -I../../../thirdparty_libs/hashmap -I../src_gen -I../../bsp -I../include -O2 -pthread -o ../../../thirdparty_libs/libmodbus/modbus-data.o -c ../../../thirdparty_libs/libmodbus/modbus-data.c
arm-linux-gnueabihf-gcc -s -Wall -Iport -I../../../thirdparty_libs/libmodbus -I../../../thirdparty_libs/hashmap -I../src_gen -I../../bsp -I../include -O2 -pthread -o ../../../thirdparty_libs/libmodbus/modbus-rtu.o -c ../../../thirdparty_libs/libmodbus/modbus-rtu.c
arm-linux-gnueabihf-gcc -s -Wall -Iport -I../../../thirdparty_libs/libmodbus -I../../../thirdparty_libs/hashmap -I../src_gen -I../../bsp -I../include -O2 -pthread -o ../../../thirdparty_libs/libmodbus/modbus-tcp.o -c ../../../thirdparty_libs/libmodbus/modbus-tcp.c
arm-linux-gnueabihf-gcc -s -Wall -Iport -I../../../thirdparty_libs/libmodbus -I../../../thirdparty_libs/hashmap -I../src_gen -I../../bsp -I../include -O2 -pthread -o ../../../thirdparty_libs/hashmap/hashmap.o -c ../../../thirdparty_libs/hashmap/hashmap.c
arm-linux-gnueabihf-gcc -s -Wall -Iport -I../../../thirdparty_libs/libmodbus -I../../../thirdparty_libs/hashmap -I../src_gen -I../../bsp -I../include -O2 -pthread -o ../../bsp/hil-mappings.o -c ../../bsp/hil-mappings.c
arm-linux-gnueabihf-gcc  -lpthread ../src/main.o ../src/modbus_reply.o ../src_gen/hashmap_control.o ../../../thirdparty_libs/libmodbus/modbus.o ../../../thirdparty_libs/libmodbus/modbus-data.o ../../../thirdparty_libs/libmodbus/modbus-rtu.o ../../../thirdparty_libs/libmodbus/modbus-tcp.o ../../../thirdparty_libs/hashmap/hashmap.o ../../bsp/hil-mappings.o   -o mbus_server_app.elf -O2

In file included from ../src/main.c:34:
../src_gen/modbus_config.h:106:44: warning: excess elements in array initializer
             /* discrete_hil_addr */      { 0x55000728 },
                                            ^~~~~~~~~~
../src_gen/modbus_config.h:106:44: note: (near initialization for 'ModBus_HIL_config.MbusHIL[0].discrete_hil_addr')
../src_gen/modbus_config.h:108:44: warning: excess elements in array initializer
             /* coil_in_hil_addr */       { 0x55000724 },
                                            ^~~~~~~~~~
../src_gen/modbus_config.h:108:44: note: (near initialization for 'ModBus_HIL_config.MbusHIL[0].coil_in_hil_addr')
../src_gen/modbus_config.h:109:44: warning: excess elements in array initializer
             /* coil_out_hil_addr */      { 0x55000234 },
                                            ^~~~~~~~~~
../src_gen/modbus_config.h:109:44: note: (near initialization for 'ModBus_HIL_config.MbusHIL[0].coil_out_hil_addr')
In file included from ../src/main.c:34:
../src_gen/modbus_config.h:116:44: warning: excess elements in array initializer
             /* holding_in_hil_addr */    { 0x5500072c },
                                            ^~~~~~~~~~
../src_gen/modbus_config.h:116:44: note: (near initialization for 'ModBus_HIL_config.MbusHIL[0].holding_in_hil_addr')
../src_gen/modbus_config.h:132:44: warning: excess elements in array initializer
             /* discrete_hil_addr */      { 0x550005d8 },
                                            ^~~~~~~~~~
../src_gen/modbus_config.h:132:44: note: (near initialization for 'ModBus_HIL_config.MbusHIL[1].discrete_hil_addr')
../src_gen/modbus_config.h:134:44: warning: excess elements in array initializer
             /* coil_in_hil_addr */       { 0x550005d4 },
                                            ^~~~~~~~~~
../src_gen/modbus_config.h:134:44: note: (near initialization for 'ModBus_HIL_config.MbusHIL[1].coil_in_hil_addr')
../src_gen/modbus_config.h:135:44: warning: excess elements in array initializer
             /* coil_out_hil_addr */      { 0x55000204 },
                                            ^~~~~~~~~~
../src_gen/modbus_config.h:135:44: note: (near initialization for 'ModBus_HIL_config.MbusHIL[1].coil_out_hil_addr')
../src_gen/modbus_config.h:142:44: warning: excess elements in array initializer
             /* holding_in_hil_addr */    { 0x550005dc },
                                            ^~~~~~~~~~
../src_gen/modbus_config.h:142:44: note: (near initialization for 'ModBus_HIL_config.MbusHIL[1].holding_in_hil_addr')
../src_gen/modbus_config.h:158:44: warning: excess elements in array initializer
             /* discrete_hil_addr */      { 0x55000648 },
                                            ^~~~~~~~~~
../src_gen/modbus_config.h:158:44: note: (near initialization for 'ModBus_HIL_config.MbusHIL[2].discrete_hil_addr')
../src_gen/modbus_config.h:160:44: warning: excess elements in array initializer
             /* coil_in_hil_addr */       { 0x55000644 },
                                            ^~~~~~~~~~
../src_gen/modbus_config.h:160:44: note: (near initialization for 'ModBus_HIL_config.MbusHIL[2].coil_in_hil_addr')
../src_gen/modbus_config.h:161:44: warning: excess elements in array initializer
             /* coil_out_hil_addr */      { 0x55000214 },
                                            ^~~~~~~~~~
../src_gen/modbus_config.h:161:44: note: (near initialization for 'ModBus_HIL_config.MbusHIL[2].coil_out_hil_addr')
../src_gen/modbus_config.h:168:44: warning: excess elements in array initializer
             /* holding_in_hil_addr */    { 0x5500064c },
                                            ^~~~~~~~~~
../src_gen/modbus_config.h:168:44: note: (near initialization for 'ModBus_HIL_config.MbusHIL[2].holding_in_hil_addr')
../src_gen/modbus_config.h:184:44: warning: excess elements in array initializer
             /* discrete_hil_addr */      { 0x550003a8 },
                                            ^~~~~~~~~~
../src_gen/modbus_config.h:184:44: note: (near initialization for 'ModBus_HIL_config.MbusHIL[3].discrete_hil_addr')
../src_gen/modbus_config.h:186:44: warning: excess elements in array initializer
             /* coil_in_hil_addr */       { 0x550003a4 },
                                            ^~~~~~~~~~
../src_gen/modbus_config.h:186:44: note: (near initialization for 'ModBus_HIL_config.MbusHIL[3].coil_in_hil_addr')
../src_gen/modbus_config.h:187:44: warning: excess elements in array initializer
             /* coil_out_hil_addr */      { 0x550001b4 },
                                            ^~~~~~~~~~
../src_gen/modbus_config.h:187:44: note: (near initialization for 'ModBus_HIL_config.MbusHIL[3].coil_out_hil_addr')
../src_gen/modbus_config.h:194:44: warning: excess elements in array initializer
             /* holding_in_hil_addr */    { 0x550003ac },
                                            ^~~~~~~~~~
../src_gen/modbus_config.h:194:44: note: (near initialization for 'ModBus_HIL_config.MbusHIL[3].holding_in_hil_addr')
../src_gen/modbus_config.h:210:44: warning: excess elements in array initializer
             /* discrete_hil_addr */      { 0x55000418 },
                                            ^~~~~~~~~~
../src_gen/modbus_config.h:210:44: note: (near initialization for 'ModBus_HIL_config.MbusHIL[4].discrete_hil_addr')
../src_gen/modbus_config.h:212:44: warning: excess elements in array initializer
             /* coil_in_hil_addr */       { 0x55000414 },
                                            ^~~~~~~~~~
../src_gen/modbus_config.h:212:44: note: (near initialization for 'ModBus_HIL_config.MbusHIL[4].coil_in_hil_addr')
../src_gen/modbus_config.h:213:44: warning: excess elements in array initializer
             /* coil_out_hil_addr */      { 0x550001c4 },
                                            ^~~~~~~~~~
../src_gen/modbus_config.h:213:44: note: (near initialization for 'ModBus_HIL_config.MbusHIL[4].coil_out_hil_addr')
../src_gen/modbus_config.h:220:44: warning: excess elements in array initializer
             /* holding_in_hil_addr */    { 0x5500041c },
                                            ^~~~~~~~~~
../src_gen/modbus_config.h:220:44: note: (near initialization for 'ModBus_HIL_config.MbusHIL[4].holding_in_hil_addr')
../src_gen/modbus_config.h:236:44: warning: excess elements in array initializer
             /* discrete_hil_addr */      { 0x550002c8 },
                                            ^~~~~~~~~~
../src_gen/modbus_config.h:236:44: note: (near initialization for 'ModBus_HIL_config.MbusHIL[5].discrete_hil_addr')
../src_gen/modbus_config.h:238:44: warning: excess elements in array initializer
             /* coil_in_hil_addr */       { 0x550002c4 },
                                            ^~~~~~~~~~
../src_gen/modbus_config.h:238:44: note: (near initialization for 'ModBus_HIL_config.MbusHIL[5].coil_in_hil_addr')
../src_gen/modbus_config.h:239:44: warning: excess elements in array initializer
             /* coil_out_hil_addr */      { 0x55000194 },
                                            ^~~~~~~~~~
../src_gen/modbus_config.h:239:44: note: (near initialization for 'ModBus_HIL_config.MbusHIL[5].coil_out_hil_addr')
../src_gen/modbus_config.h:246:44: warning: excess elements in array initializer
             /* holding_in_hil_addr */    { 0x550002cc },
                                            ^~~~~~~~~~
../src_gen/modbus_config.h:246:44: note: (near initialization for 'ModBus_HIL_config.MbusHIL[5].holding_in_hil_addr')
../src_gen/modbus_config.h:262:44: warning: excess elements in array initializer
             /* discrete_hil_addr */      { 0x55000338 },
                                            ^~~~~~~~~~
../src_gen/modbus_config.h:262:44: note: (near initialization for 'ModBus_HIL_config.MbusHIL[6].discrete_hil_addr')
../src_gen/modbus_config.h:264:44: warning: excess elements in array initializer
             /* coil_in_hil_addr */       { 0x55000334 },
                                            ^~~~~~~~~~
../src_gen/modbus_config.h:264:44: note: (near initialization for 'ModBus_HIL_config.MbusHIL[6].coil_in_hil_addr')
../src_gen/modbus_config.h:265:44: warning: excess elements in array initializer
             /* coil_out_hil_addr */      { 0x550001a4 },
                                            ^~~~~~~~~~
../src_gen/modbus_config.h:265:44: note: (near initialization for 'ModBus_HIL_config.MbusHIL[6].coil_out_hil_addr')
../src_gen/modbus_config.h:272:44: warning: excess elements in array initializer
             /* holding_in_hil_addr */    { 0x5500033c },
                                            ^~~~~~~~~~
../src_gen/modbus_config.h:272:44: note: (near initialization for 'ModBus_HIL_config.MbusHIL[6].holding_in_hil_addr')
../src_gen/modbus_config.h:288:44: warning: excess elements in array initializer
             /* discrete_hil_addr */      { 0x55000488 },
                                            ^~~~~~~~~~
../src_gen/modbus_config.h:288:44: note: (near initialization for 'ModBus_HIL_config.MbusHIL[7].discrete_hil_addr')
../src_gen/modbus_config.h:290:44: warning: excess elements in array initializer
             /* coil_in_hil_addr */       { 0x55000484 },
                                            ^~~~~~~~~~
../src_gen/modbus_config.h:290:44: note: (near initialization for 'ModBus_HIL_config.MbusHIL[7].coil_in_hil_addr')
../src_gen/modbus_config.h:291:44: warning: excess elements in array initializer
             /* coil_out_hil_addr */      { 0x550001d4 },
                                            ^~~~~~~~~~
../src_gen/modbus_config.h:291:44: note: (near initialization for 'ModBus_HIL_config.MbusHIL[7].coil_out_hil_addr')
../src_gen/modbus_config.h:298:44: warning: excess elements in array initializer
             /* holding_in_hil_addr */    { 0x5500048c },
                                            ^~~~~~~~~~
../src_gen/modbus_config.h:298:44: note: (near initialization for 'ModBus_HIL_config.MbusHIL[7].holding_in_hil_addr')
../src_gen/modbus_config.h:314:44: warning: excess elements in array initializer
             /* discrete_hil_addr */      { 0x55000258 },
                                            ^~~~~~~~~~
../src_gen/modbus_config.h:314:44: note: (near initialization for 'ModBus_HIL_config.MbusHIL[8].discrete_hil_addr')
../src_gen/modbus_config.h:316:44: warning: excess elements in array initializer
             /* coil_in_hil_addr */       { 0x55000254 },
                                            ^~~~~~~~~~
../src_gen/modbus_config.h:316:44: note: (near initialization for 'ModBus_HIL_config.MbusHIL[8].coil_in_hil_addr')
../src_gen/modbus_config.h:317:44: warning: excess elements in array initializer
             /* coil_out_hil_addr */      { 0x55000184 },
                                            ^~~~~~~~~~
../src_gen/modbus_config.h:317:44: note: (near initialization for 'ModBus_HIL_config.MbusHIL[8].coil_out_hil_addr')
../src_gen/modbus_config.h:324:44: warning: excess elements in array initializer
             /* holding_in_hil_addr */    { 0x5500025c },
                                            ^~~~~~~~~~
../src_gen/modbus_config.h:324:44: note: (near initialization for 'ModBus_HIL_config.MbusHIL[8].holding_in_hil_addr')
../src_gen/modbus_config.h:340:44: warning: excess elements in array initializer
             /* discrete_hil_addr */      { 0x550004f8 },
                                            ^~~~~~~~~~
../src_gen/modbus_config.h:340:44: note: (near initialization for 'ModBus_HIL_config.MbusHIL[9].discrete_hil_addr')
../src_gen/modbus_config.h:342:44: warning: excess elements in array initializer
             /* coil_in_hil_addr */       { 0x550004f4 },
                                            ^~~~~~~~~~
../src_gen/modbus_config.h:342:44: note: (near initialization for 'ModBus_HIL_config.MbusHIL[9].coil_in_hil_addr')
../src_gen/modbus_config.h:343:44: warning: excess elements in array initializer
             /* coil_out_hil_addr */      { 0x550001e4 },
                                            ^~~~~~~~~~
../src_gen/modbus_config.h:343:44: note: (near initialization for 'ModBus_HIL_config.MbusHIL[9].coil_out_hil_addr')
../src_gen/modbus_config.h:350:44: warning: excess elements in array initializer
             /* holding_in_hil_addr */    { 0x550004fc },
                                            ^~~~~~~~~~
../src_gen/modbus_config.h:350:44: note: (near initialization for 'ModBus_HIL_config.MbusHIL[9].holding_in_hil_addr')
../src_gen/modbus_config.h:366:44: warning: excess elements in array initializer
             /* discrete_hil_addr */      { 0x55000568 },
                                            ^~~~~~~~~~
../src_gen/modbus_config.h:366:44: note: (near initialization for 'ModBus_HIL_config.MbusHIL[10].discrete_hil_addr')
../src_gen/modbus_config.h:368:44: warning: excess elements in array initializer
             /* coil_in_hil_addr */       { 0x55000564 },
                                            ^~~~~~~~~~
../src_gen/modbus_config.h:368:44: note: (near initialization for 'ModBus_HIL_config.MbusHIL[10].coil_in_hil_addr')
../src_gen/modbus_config.h:369:44: warning: excess elements in array initializer
             /* coil_out_hil_addr */      { 0x550001f4 },
                                            ^~~~~~~~~~
../src_gen/modbus_config.h:369:44: note: (near initialization for 'ModBus_HIL_config.MbusHIL[10].coil_out_hil_addr')
../src_gen/modbus_config.h:376:44: warning: excess elements in array initializer
             /* holding_in_hil_addr */    { 0x5500056c },
                                            ^~~~~~~~~~
../src_gen/modbus_config.h:376:44: note: (near initialization for 'ModBus_HIL_config.MbusHIL[10].holding_in_hil_addr')
../src_gen/modbus_config.h:392:44: warning: excess elements in array initializer
             /* discrete_hil_addr */      { 0x550006b8 },
                                            ^~~~~~~~~~
../src_gen/modbus_config.h:392:44: note: (near initialization for 'ModBus_HIL_config.MbusHIL[11].discrete_hil_addr')
../src_gen/modbus_config.h:394:44: warning: excess elements in array initializer
             /* coil_in_hil_addr */       { 0x550006b4 },
                                            ^~~~~~~~~~
../src_gen/modbus_config.h:394:44: note: (near initialization for 'ModBus_HIL_config.MbusHIL[11].coil_in_hil_addr')
../src_gen/modbus_config.h:395:44: warning: excess elements in array initializer
             /* coil_out_hil_addr */      { 0x55000224 },
                                            ^~~~~~~~~~
../src_gen/modbus_config.h:395:44: note: (near initialization for 'ModBus_HIL_config.MbusHIL[11].coil_out_hil_addr')
../src_gen/modbus_config.h:402:44: warning: excess elements in array initializer
             /* holding_in_hil_addr */    { 0x550006bc },
                                            ^~~~~~~~~~
../src_gen/modbus_config.h:402:44: note: (near initialization for 'ModBus_HIL_config.MbusHIL[11].holding_in_hil_addr')
../src_gen/modbus_config.h:418:44: warning: excess elements in array initializer
             /* discrete_hil_addr */      { 0x55000798 },
                                            ^~~~~~~~~~
../src_gen/modbus_config.h:418:44: note: (near initialization for 'ModBus_HIL_config.MbusHIL[12].discrete_hil_addr')
../src_gen/modbus_config.h:420:44: warning: excess elements in array initializer
             /* coil_in_hil_addr */       { 0x55000794 },
                                            ^~~~~~~~~~
../src_gen/modbus_config.h:420:44: note: (near initialization for 'ModBus_HIL_config.MbusHIL[12].coil_in_hil_addr')
../src_gen/modbus_config.h:421:44: warning: excess elements in array initializer
             /* coil_out_hil_addr */      { 0x55000244 },
                                            ^~~~~~~~~~
../src_gen/modbus_config.h:421:44: note: (near initialization for 'ModBus_HIL_config.MbusHIL[12].coil_out_hil_addr')
../src_gen/modbus_config.h:428:44: warning: excess elements in array initializer
             /* holding_in_hil_addr */    { 0x5500079c },
                                            ^~~~~~~~~~
../src_gen/modbus_config.h:428:44: note: (near initialization for 'ModBus_HIL_config.MbusHIL[12].holding_in_hil_addr')
../src_gen/modbus_config.h:576:51: warning: excess elements in array initializer
             /* coil_out initialisation */       { 0 },
                                                   ^
../src_gen/modbus_config.h:576:51: note: (near initialization for 'ModBus_config.Mbus[0].coil_out_init')
../src_gen/modbus_config.h:579:51: warning: excess elements in array initializer
             /* register_32 initialization */    { 0 },
                                                   ^
../src_gen/modbus_config.h:579:51: note: (near initialization for 'ModBus_config.Mbus[0].register_32')
../src_gen/modbus_config.h:580:51: warning: excess elements in array initializer
             /* register_64 initialization */    { 0 },
                                                   ^
../src_gen/modbus_config.h:580:51: note: (near initialization for 'ModBus_config.Mbus[0].register_64')
../src_gen/modbus_config.h:582:51: warning: excess elements in array initializer
             /* holding_in_16 initialization */  { 0 },
                                                   ^
../src_gen/modbus_config.h:582:51: note: (near initialization for 'ModBus_config.Mbus[0].holding_in_16')
../src_gen/modbus_config.h:583:51: warning: excess elements in array initializer
             /* holding_in_32 initialization */  { 0 },
                                                   ^
../src_gen/modbus_config.h:583:51: note: (near initialization for 'ModBus_config.Mbus[0].holding_in_32')
../src_gen/modbus_config.h:584:51: warning: excess elements in array initializer
             /* holding_in_64 initialization */  { 0 },
                                                   ^
../src_gen/modbus_config.h:584:51: note: (near initialization for 'ModBus_config.Mbus[0].holding_in_64')
../src_gen/modbus_config.h:587:51: warning: excess elements in array initializer
             /* holding_out_32 initialization */ { 0 },
                                                   ^
../src_gen/modbus_config.h:587:51: note: (near initialization for 'ModBus_config.Mbus[0].holding_out_32')
../src_gen/modbus_config.h:588:51: warning: excess elements in array initializer
             /* holding_out_64 initialization */ { 0 }
                                                   ^
../src_gen/modbus_config.h:588:51: note: (near initialization for 'ModBus_config.Mbus[0].holding_out_64')
../src_gen/modbus_config.h:638:51: warning: excess elements in array initializer
             /* coil_out initialisation */       { 0 },
                                                   ^
../src_gen/modbus_config.h:638:51: note: (near initialization for 'ModBus_config.Mbus[1].coil_out_init')
../src_gen/modbus_config.h:641:51: warning: excess elements in array initializer
             /* register_32 initialization */    { 0 },
                                                   ^
../src_gen/modbus_config.h:641:51: note: (near initialization for 'ModBus_config.Mbus[1].register_32')
../src_gen/modbus_config.h:642:51: warning: excess elements in array initializer
             /* register_64 initialization */    { 0 },
                                                   ^
../src_gen/modbus_config.h:642:51: note: (near initialization for 'ModBus_config.Mbus[1].register_64')
../src_gen/modbus_config.h:644:51: warning: excess elements in array initializer
             /* holding_in_16 initialization */  { 0 },
                                                   ^
../src_gen/modbus_config.h:644:51: note: (near initialization for 'ModBus_config.Mbus[1].holding_in_16')
../src_gen/modbus_config.h:645:51: warning: excess elements in array initializer
             /* holding_in_32 initialization */  { 0 },
                                                   ^
../src_gen/modbus_config.h:645:51: note: (near initialization for 'ModBus_config.Mbus[1].holding_in_32')
../src_gen/modbus_config.h:646:51: warning: excess elements in array initializer
             /* holding_in_64 initialization */  { 0 },
                                                   ^
../src_gen/modbus_config.h:646:51: note: (near initialization for 'ModBus_config.Mbus[1].holding_in_64')
../src_gen/modbus_config.h:649:51: warning: excess elements in array initializer
             /* holding_out_32 initialization */ { 0 },
                                                   ^
../src_gen/modbus_config.h:649:51: note: (near initialization for 'ModBus_config.Mbus[1].holding_out_32')
../src_gen/modbus_config.h:650:51: warning: excess elements in array initializer
             /* holding_out_64 initialization */ { 0 }
                                                   ^
../src_gen/modbus_config.h:650:51: note: (near initialization for 'ModBus_config.Mbus[1].holding_out_64')
../src_gen/modbus_config.h:700:51: warning: excess elements in array initializer
             /* coil_out initialisation */       { 0 },
                                                   ^
../src_gen/modbus_config.h:700:51: note: (near initialization for 'ModBus_config.Mbus[2].coil_out_init')
../src_gen/modbus_config.h:703:51: warning: excess elements in array initializer
             /* register_32 initialization */    { 0 },
                                                   ^
../src_gen/modbus_config.h:703:51: note: (near initialization for 'ModBus_config.Mbus[2].register_32')
../src_gen/modbus_config.h:704:51: warning: excess elements in array initializer
             /* register_64 initialization */    { 0 },
                                                   ^
../src_gen/modbus_config.h:704:51: note: (near initialization for 'ModBus_config.Mbus[2].register_64')
../src_gen/modbus_config.h:706:51: warning: excess elements in array initializer
             /* holding_in_16 initialization */  { 0 },
                                                   ^
../src_gen/modbus_config.h:706:51: note: (near initialization for 'ModBus_config.Mbus[2].holding_in_16')
../src_gen/modbus_config.h:707:51: warning: excess elements in array initializer
             /* holding_in_32 initialization */  { 0 },
                                                   ^
../src_gen/modbus_config.h:707:51: note: (near initialization for 'ModBus_config.Mbus[2].holding_in_32')
../src_gen/modbus_config.h:708:51: warning: excess elements in array initializer
             /* holding_in_64 initialization */  { 0 },
                                                   ^
../src_gen/modbus_config.h:708:51: note: (near initialization for 'ModBus_config.Mbus[2].holding_in_64')
../src_gen/modbus_config.h:711:51: warning: excess elements in array initializer
             /* holding_out_32 initialization */ { 0 },
                                                   ^
../src_gen/modbus_config.h:711:51: note: (near initialization for 'ModBus_config.Mbus[2].holding_out_32')
../src_gen/modbus_config.h:712:51: warning: excess elements in array initializer
             /* holding_out_64 initialization */ { 0 }
                                                   ^
../src_gen/modbus_config.h:712:51: note: (near initialization for 'ModBus_config.Mbus[2].holding_out_64')
../src_gen/modbus_config.h:762:51: warning: excess elements in array initializer
             /* coil_out initialisation */       { 0 },
                                                   ^
../src_gen/modbus_config.h:762:51: note: (near initialization for 'ModBus_config.Mbus[3].coil_out_init')
../src_gen/modbus_config.h:765:51: warning: excess elements in array initializer
             /* register_32 initialization */    { 0 },
                                                   ^
../src_gen/modbus_config.h:765:51: note: (near initialization for 'ModBus_config.Mbus[3].register_32')
../src_gen/modbus_config.h:766:51: warning: excess elements in array initializer
             /* register_64 initialization */    { 0 },
                                                   ^
../src_gen/modbus_config.h:766:51: note: (near initialization for 'ModBus_config.Mbus[3].register_64')
../src_gen/modbus_config.h:768:51: warning: excess elements in array initializer
             /* holding_in_16 initialization */  { 0 },
                                                   ^
../src_gen/modbus_config.h:768:51: note: (near initialization for 'ModBus_config.Mbus[3].holding_in_16')
../src_gen/modbus_config.h:769:51: warning: excess elements in array initializer
             /* holding_in_32 initialization */  { 0 },
                                                   ^
../src_gen/modbus_config.h:769:51: note: (near initialization for 'ModBus_config.Mbus[3].holding_in_32')
../src_gen/modbus_config.h:770:51: warning: excess elements in array initializer
             /* holding_in_64 initialization */  { 0 },
                                                   ^
../src_gen/modbus_config.h:770:51: note: (near initialization for 'ModBus_config.Mbus[3].holding_in_64')
../src_gen/modbus_config.h:773:51: warning: excess elements in array initializer
             /* holding_out_32 initialization */ { 0 },
                                                   ^
../src_gen/modbus_config.h:773:51: note: (near initialization for 'ModBus_config.Mbus[3].holding_out_32')
../src_gen/modbus_config.h:774:51: warning: excess elements in array initializer
             /* holding_out_64 initialization */ { 0 }
                                                   ^
../src_gen/modbus_config.h:774:51: note: (near initialization for 'ModBus_config.Mbus[3].holding_out_64')
../src_gen/modbus_config.h:824:51: warning: excess elements in array initializer
             /* coil_out initialisation */       { 0 },
                                                   ^
../src_gen/modbus_config.h:824:51: note: (near initialization for 'ModBus_config.Mbus[4].coil_out_init')
../src_gen/modbus_config.h:827:51: warning: excess elements in array initializer
             /* register_32 initialization */    { 0 },
                                                   ^
../src_gen/modbus_config.h:827:51: note: (near initialization for 'ModBus_config.Mbus[4].register_32')
../src_gen/modbus_config.h:828:51: warning: excess elements in array initializer
             /* register_64 initialization */    { 0 },
                                                   ^
../src_gen/modbus_config.h:828:51: note: (near initialization for 'ModBus_config.Mbus[4].register_64')
../src_gen/modbus_config.h:830:51: warning: excess elements in array initializer
             /* holding_in_16 initialization */  { 0 },
                                                   ^
../src_gen/modbus_config.h:830:51: note: (near initialization for 'ModBus_config.Mbus[4].holding_in_16')
../src_gen/modbus_config.h:831:51: warning: excess elements in array initializer
             /* holding_in_32 initialization */  { 0 },
                                                   ^
../src_gen/modbus_config.h:831:51: note: (near initialization for 'ModBus_config.Mbus[4].holding_in_32')
../src_gen/modbus_config.h:832:51: warning: excess elements in array initializer
             /* holding_in_64 initialization */  { 0 },
                                                   ^
../src_gen/modbus_config.h:832:51: note: (near initialization for 'ModBus_config.Mbus[4].holding_in_64')
../src_gen/modbus_config.h:835:51: warning: excess elements in array initializer
             /* holding_out_32 initialization */ { 0 },
                                                   ^
../src_gen/modbus_config.h:835:51: note: (near initialization for 'ModBus_config.Mbus[4].holding_out_32')
../src_gen/modbus_config.h:836:51: warning: excess elements in array initializer
             /* holding_out_64 initialization */ { 0 }
                                                   ^
../src_gen/modbus_config.h:836:51: note: (near initialization for 'ModBus_config.Mbus[4].holding_out_64')
../src_gen/modbus_config.h:886:51: warning: excess elements in array initializer
             /* coil_out initialisation */       { 0 },
                                                   ^
../src_gen/modbus_config.h:886:51: note: (near initialization for 'ModBus_config.Mbus[5].coil_out_init')
../src_gen/modbus_config.h:889:51: warning: excess elements in array initializer
             /* register_32 initialization */    { 0 },
                                                   ^
../src_gen/modbus_config.h:889:51: note: (near initialization for 'ModBus_config.Mbus[5].register_32')
../src_gen/modbus_config.h:890:51: warning: excess elements in array initializer
             /* register_64 initialization */    { 0 },
                                                   ^
../src_gen/modbus_config.h:890:51: note: (near initialization for 'ModBus_config.Mbus[5].register_64')
../src_gen/modbus_config.h:892:51: warning: excess elements in array initializer
             /* holding_in_16 initialization */  { 0 },
                                                   ^
../src_gen/modbus_config.h:892:51: note: (near initialization for 'ModBus_config.Mbus[5].holding_in_16')
../src_gen/modbus_config.h:893:51: warning: excess elements in array initializer
             /* holding_in_32 initialization */  { 0 },
                                                   ^
../src_gen/modbus_config.h:893:51: note: (near initialization for 'ModBus_config.Mbus[5].holding_in_32')
../src_gen/modbus_config.h:894:51: warning: excess elements in array initializer
             /* holding_in_64 initialization */  { 0 },
                                                   ^
../src_gen/modbus_config.h:894:51: note: (near initialization for 'ModBus_config.Mbus[5].holding_in_64')
../src_gen/modbus_config.h:897:51: warning: excess elements in array initializer
             /* holding_out_32 initialization */ { 0 },
                                                   ^
../src_gen/modbus_config.h:897:51: note: (near initialization for 'ModBus_config.Mbus[5].holding_out_32')
../src_gen/modbus_config.h:898:51: warning: excess elements in array initializer
             /* holding_out_64 initialization */ { 0 }
                                                   ^
../src_gen/modbus_config.h:898:51: note: (near initialization for 'ModBus_config.Mbus[5].holding_out_64')
../src_gen/modbus_config.h:948:51: warning: excess elements in array initializer
             /* coil_out initialisation */       { 0 },
                                                   ^
../src_gen/modbus_config.h:948:51: note: (near initialization for 'ModBus_config.Mbus[6].coil_out_init')
../src_gen/modbus_config.h:951:51: warning: excess elements in array initializer
             /* register_32 initialization */    { 0 },
                                                   ^
../src_gen/modbus_config.h:951:51: note: (near initialization for 'ModBus_config.Mbus[6].register_32')
../src_gen/modbus_config.h:952:51: warning: excess elements in array initializer
             /* register_64 initialization */    { 0 },
                                                   ^
../src_gen/modbus_config.h:952:51: note: (near initialization for 'ModBus_config.Mbus[6].register_64')
../src_gen/modbus_config.h:954:51: warning: excess elements in array initializer
             /* holding_in_16 initialization */  { 0 },
                                                   ^
../src_gen/modbus_config.h:954:51: note: (near initialization for 'ModBus_config.Mbus[6].holding_in_16')
../src_gen/modbus_config.h:955:51: warning: excess elements in array initializer
             /* holding_in_32 initialization */  { 0 },
                                                   ^
../src_gen/modbus_config.h:955:51: note: (near initialization for 'ModBus_config.Mbus[6].holding_in_32')
../src_gen/modbus_config.h:956:51: warning: excess elements in array initializer
             /* holding_in_64 initialization */  { 0 },
                                                   ^
../src_gen/modbus_config.h:956:51: note: (near initialization for 'ModBus_config.Mbus[6].holding_in_64')
../src_gen/modbus_config.h:959:51: warning: excess elements in array initializer
             /* holding_out_32 initialization */ { 0 },
                                                   ^
../src_gen/modbus_config.h:959:51: note: (near initialization for 'ModBus_config.Mbus[6].holding_out_32')
../src_gen/modbus_config.h:960:51: warning: excess elements in array initializer
             /* holding_out_64 initialization */ { 0 }
                                                   ^
../src_gen/modbus_config.h:960:51: note: (near initialization for 'ModBus_config.Mbus[6].holding_out_64')
../src_gen/modbus_config.h:1010:51: warning: excess elements in array initializer
             /* coil_out initialisation */       { 0 },
                                                   ^
../src_gen/modbus_config.h:1010:51: note: (near initialization for 'ModBus_config.Mbus[7].coil_out_init')
../src_gen/modbus_config.h:1013:51: warning: excess elements in array initializer
             /* register_32 initialization */    { 0 },
                                                   ^
../src_gen/modbus_config.h:1013:51: note: (near initialization for 'ModBus_config.Mbus[7].register_32')
../src_gen/modbus_config.h:1014:51: warning: excess elements in array initializer
             /* register_64 initialization */    { 0 },
                                                   ^
../src_gen/modbus_config.h:1014:51: note: (near initialization for 'ModBus_config.Mbus[7].register_64')
../src_gen/modbus_config.h:1016:51: warning: excess elements in array initializer
             /* holding_in_16 initialization */  { 0 },
                                                   ^
../src_gen/modbus_config.h:1016:51: note: (near initialization for 'ModBus_config.Mbus[7].holding_in_16')
../src_gen/modbus_config.h:1017:51: warning: excess elements in array initializer
             /* holding_in_32 initialization */  { 0 },
                                                   ^
../src_gen/modbus_config.h:1017:51: note: (near initialization for 'ModBus_config.Mbus[7].holding_in_32')
../src_gen/modbus_config.h:1018:51: warning: excess elements in array initializer
             /* holding_in_64 initialization */  { 0 },
                                                   ^
../src_gen/modbus_config.h:1018:51: note: (near initialization for 'ModBus_config.Mbus[7].holding_in_64')
../src_gen/modbus_config.h:1021:51: warning: excess elements in array initializer
             /* holding_out_32 initialization */ { 0 },
                                                   ^
../src_gen/modbus_config.h:1021:51: note: (near initialization for 'ModBus_config.Mbus[7].holding_out_32')
../src_gen/modbus_config.h:1022:51: warning: excess elements in array initializer
             /* holding_out_64 initialization */ { 0 }
                                                   ^
../src_gen/modbus_config.h:1022:51: note: (near initialization for 'ModBus_config.Mbus[7].holding_out_64')
../src_gen/modbus_config.h:1072:51: warning: excess elements in array initializer
             /* coil_out initialisation */       { 0 },
                                                   ^
../src_gen/modbus_config.h:1072:51: note: (near initialization for 'ModBus_config.Mbus[8].coil_out_init')
../src_gen/modbus_config.h:1075:51: warning: excess elements in array initializer
             /* register_32 initialization */    { 0 },
                                                   ^
../src_gen/modbus_config.h:1075:51: note: (near initialization for 'ModBus_config.Mbus[8].register_32')
../src_gen/modbus_config.h:1076:51: warning: excess elements in array initializer
             /* register_64 initialization */    { 0 },
                                                   ^
../src_gen/modbus_config.h:1076:51: note: (near initialization for 'ModBus_config.Mbus[8].register_64')
../src_gen/modbus_config.h:1078:51: warning: excess elements in array initializer
             /* holding_in_16 initialization */  { 0 },
                                                   ^
../src_gen/modbus_config.h:1078:51: note: (near initialization for 'ModBus_config.Mbus[8].holding_in_16')
../src_gen/modbus_config.h:1079:51: warning: excess elements in array initializer
             /* holding_in_32 initialization */  { 0 },
                                                   ^
../src_gen/modbus_config.h:1079:51: note: (near initialization for 'ModBus_config.Mbus[8].holding_in_32')
../src_gen/modbus_config.h:1080:51: warning: excess elements in array initializer
             /* holding_in_64 initialization */  { 0 },
                                                   ^
../src_gen/modbus_config.h:1080:51: note: (near initialization for 'ModBus_config.Mbus[8].holding_in_64')
../src_gen/modbus_config.h:1083:51: warning: excess elements in array initializer
             /* holding_out_32 initialization */ { 0 },
                                                   ^
../src_gen/modbus_config.h:1083:51: note: (near initialization for 'ModBus_config.Mbus[8].holding_out_32')
../src_gen/modbus_config.h:1084:51: warning: excess elements in array initializer
             /* holding_out_64 initialization */ { 0 }
                                                   ^
../src_gen/modbus_config.h:1084:51: note: (near initialization for 'ModBus_config.Mbus[8].holding_out_64')
../src_gen/modbus_config.h:1134:51: warning: excess elements in array initializer
             /* coil_out initialisation */       { 0 },
                                                   ^
../src_gen/modbus_config.h:1134:51: note: (near initialization for 'ModBus_config.Mbus[9].coil_out_init')
../src_gen/modbus_config.h:1137:51: warning: excess elements in array initializer
             /* register_32 initialization */    { 0 },
                                                   ^
../src_gen/modbus_config.h:1137:51: note: (near initialization for 'ModBus_config.Mbus[9].register_32')
../src_gen/modbus_config.h:1138:51: warning: excess elements in array initializer
             /* register_64 initialization */    { 0 },
                                                   ^
../src_gen/modbus_config.h:1138:51: note: (near initialization for 'ModBus_config.Mbus[9].register_64')
../src_gen/modbus_config.h:1140:51: warning: excess elements in array initializer
             /* holding_in_16 initialization */  { 0 },
                                                   ^
../src_gen/modbus_config.h:1140:51: note: (near initialization for 'ModBus_config.Mbus[9].holding_in_16')
../src_gen/modbus_config.h:1141:51: warning: excess elements in array initializer
             /* holding_in_32 initialization */  { 0 },
                                                   ^
../src_gen/modbus_config.h:1141:51: note: (near initialization for 'ModBus_config.Mbus[9].holding_in_32')
../src_gen/modbus_config.h:1142:51: warning: excess elements in array initializer
             /* holding_in_64 initialization */  { 0 },
                                                   ^
../src_gen/modbus_config.h:1142:51: note: (near initialization for 'ModBus_config.Mbus[9].holding_in_64')
../src_gen/modbus_config.h:1145:51: warning: excess elements in array initializer
             /* holding_out_32 initialization */ { 0 },
                                                   ^
../src_gen/modbus_config.h:1145:51: note: (near initialization for 'ModBus_config.Mbus[9].holding_out_32')
../src_gen/modbus_config.h:1146:51: warning: excess elements in array initializer
             /* holding_out_64 initialization */ { 0 }
                                                   ^
../src_gen/modbus_config.h:1146:51: note: (near initialization for 'ModBus_config.Mbus[9].holding_out_64')
../src_gen/modbus_config.h:1196:51: warning: excess elements in array initializer
             /* coil_out initialisation */       { 0 },
                                                   ^
../src_gen/modbus_config.h:1196:51: note: (near initialization for 'ModBus_config.Mbus[10].coil_out_init')
../src_gen/modbus_config.h:1199:51: warning: excess elements in array initializer
             /* register_32 initialization */    { 0 },
                                                   ^
../src_gen/modbus_config.h:1199:51: note: (near initialization for 'ModBus_config.Mbus[10].register_32')
../src_gen/modbus_config.h:1200:51: warning: excess elements in array initializer
             /* register_64 initialization */    { 0 },
                                                   ^
../src_gen/modbus_config.h:1200:51: note: (near initialization for 'ModBus_config.Mbus[10].register_64')
../src_gen/modbus_config.h:1202:51: warning: excess elements in array initializer
             /* holding_in_16 initialization */  { 0 },
                                                   ^
../src_gen/modbus_config.h:1202:51: note: (near initialization for 'ModBus_config.Mbus[10].holding_in_16')
../src_gen/modbus_config.h:1203:51: warning: excess elements in array initializer
             /* holding_in_32 initialization */  { 0 },
                                                   ^
../src_gen/modbus_config.h:1203:51: note: (near initialization for 'ModBus_config.Mbus[10].holding_in_32')
../src_gen/modbus_config.h:1204:51: warning: excess elements in array initializer
             /* holding_in_64 initialization */  { 0 },
                                                   ^
../src_gen/modbus_config.h:1204:51: note: (near initialization for 'ModBus_config.Mbus[10].holding_in_64')
../src_gen/modbus_config.h:1207:51: warning: excess elements in array initializer
             /* holding_out_32 initialization */ { 0 },
                                                   ^
../src_gen/modbus_config.h:1207:51: note: (near initialization for 'ModBus_config.Mbus[10].holding_out_32')
../src_gen/modbus_config.h:1208:51: warning: excess elements in array initializer
             /* holding_out_64 initialization */ { 0 }
                                                   ^
../src_gen/modbus_config.h:1208:51: note: (near initialization for 'ModBus_config.Mbus[10].holding_out_64')
../src_gen/modbus_config.h:1258:51: warning: excess elements in array initializer
             /* coil_out initialisation */       { 0 },
                                                   ^
../src_gen/modbus_config.h:1258:51: note: (near initialization for 'ModBus_config.Mbus[11].coil_out_init')
../src_gen/modbus_config.h:1261:51: warning: excess elements in array initializer
             /* register_32 initialization */    { 0 },
                                                   ^
../src_gen/modbus_config.h:1261:51: note: (near initialization for 'ModBus_config.Mbus[11].register_32')
../src_gen/modbus_config.h:1262:51: warning: excess elements in array initializer
             /* register_64 initialization */    { 0 },
                                                   ^
../src_gen/modbus_config.h:1262:51: note: (near initialization for 'ModBus_config.Mbus[11].register_64')
../src_gen/modbus_config.h:1264:51: warning: excess elements in array initializer
             /* holding_in_16 initialization */  { 0 },
                                                   ^
../src_gen/modbus_config.h:1264:51: note: (near initialization for 'ModBus_config.Mbus[11].holding_in_16')
../src_gen/modbus_config.h:1265:51: warning: excess elements in array initializer
             /* holding_in_32 initialization */  { 0 },
                                                   ^
../src_gen/modbus_config.h:1265:51: note: (near initialization for 'ModBus_config.Mbus[11].holding_in_32')
../src_gen/modbus_config.h:1266:51: warning: excess elements in array initializer
             /* holding_in_64 initialization */  { 0 },
                                                   ^
../src_gen/modbus_config.h:1266:51: note: (near initialization for 'ModBus_config.Mbus[11].holding_in_64')
../src_gen/modbus_config.h:1269:51: warning: excess elements in array initializer
             /* holding_out_32 initialization */ { 0 },
                                                   ^
../src_gen/modbus_config.h:1269:51: note: (near initialization for 'ModBus_config.Mbus[11].holding_out_32')
../src_gen/modbus_config.h:1270:51: warning: excess elements in array initializer
             /* holding_out_64 initialization */ { 0 }
                                                   ^
../src_gen/modbus_config.h:1270:51: note: (near initialization for 'ModBus_config.Mbus[11].holding_out_64')
../src_gen/modbus_config.h:1320:51: warning: excess elements in array initializer
             /* coil_out initialisation */       { 0 },
                                                   ^
../src_gen/modbus_config.h:1320:51: note: (near initialization for 'ModBus_config.Mbus[12].coil_out_init')
../src_gen/modbus_config.h:1323:51: warning: excess elements in array initializer
             /* register_32 initialization */    { 0 },
                                                   ^
../src_gen/modbus_config.h:1323:51: note: (near initialization for 'ModBus_config.Mbus[12].register_32')
../src_gen/modbus_config.h:1324:51: warning: excess elements in array initializer
             /* register_64 initialization */    { 0 },
                                                   ^
../src_gen/modbus_config.h:1324:51: note: (near initialization for 'ModBus_config.Mbus[12].register_64')
../src_gen/modbus_config.h:1326:51: warning: excess elements in array initializer
             /* holding_in_16 initialization */  { 0 },
                                                   ^
../src_gen/modbus_config.h:1326:51: note: (near initialization for 'ModBus_config.Mbus[12].holding_in_16')
../src_gen/modbus_config.h:1327:51: warning: excess elements in array initializer
             /* holding_in_32 initialization */  { 0 },
                                                   ^
../src_gen/modbus_config.h:1327:51: note: (near initialization for 'ModBus_config.Mbus[12].holding_in_32')
../src_gen/modbus_config.h:1328:51: warning: excess elements in array initializer
             /* holding_in_64 initialization */  { 0 },
                                                   ^
../src_gen/modbus_config.h:1328:51: note: (near initialization for 'ModBus_config.Mbus[12].holding_in_64')
../src_gen/modbus_config.h:1331:51: warning: excess elements in array initializer
             /* holding_out_32 initialization */ { 0 },
                                                   ^
../src_gen/modbus_config.h:1331:51: note: (near initialization for 'ModBus_config.Mbus[12].holding_out_32')
../src_gen/modbus_config.h:1332:51: warning: excess elements in array initializer
             /* holding_out_64 initialization */ { 0 }
                                                   ^
../src_gen/modbus_config.h:1332:51: note: (near initialization for 'ModBus_config.Mbus[12].holding_out_64')
../src/main.c: In function 'thread_function':
../src/main.c:686:39: warning: unused variable 'unit_id' [-Wunused-variable]
                         unsigned char unit_id = query[ctx_ptr[id]->backend->header_length - 1];
                                       ^~~~~~~
In file included from ../src/modbus_reply.c:2:
../src_gen/modbus_config.h:106:44: warning: excess elements in array initializer
             /* discrete_hil_addr */      { 0x55000728 },
                                            ^~~~~~~~~~
../src_gen/modbus_config.h:106:44: note: (near initialization for 'ModBus_HIL_config.MbusHIL[0].discrete_hil_addr')
../src_gen/modbus_config.h:108:44: warning: excess elements in array initializer
             /* coil_in_hil_addr */       { 0x55000724 },
                                            ^~~~~~~~~~
../src_gen/modbus_config.h:108:44: note: (near initialization for 'ModBus_HIL_config.MbusHIL[0].coil_in_hil_addr')
../src_gen/modbus_config.h:109:44: warning: excess elements in array initializer
             /* coil_out_hil_addr */      { 0x55000234 },
                                            ^~~~~~~~~~
../src_gen/modbus_config.h:109:44: note: (near initialization for 'ModBus_HIL_config.MbusHIL[0].coil_out_hil_addr')
In file included from ../src/modbus_reply.c:2:
../src_gen/modbus_config.h:116:44: warning: excess elements in array initializer
             /* holding_in_hil_addr */    { 0x5500072c },
                                            ^~~~~~~~~~
../src_gen/modbus_config.h:116:44: note: (near initialization for 'ModBus_HIL_config.MbusHIL[0].holding_in_hil_addr')
../src_gen/modbus_config.h:132:44: warning: excess elements in array initializer
             /* discrete_hil_addr */      { 0x550005d8 },
                                            ^~~~~~~~~~
../src_gen/modbus_config.h:132:44: note: (near initialization for 'ModBus_HIL_config.MbusHIL[1].discrete_hil_addr')
../src_gen/modbus_config.h:134:44: warning: excess elements in array initializer
             /* coil_in_hil_addr */       { 0x550005d4 },
                                            ^~~~~~~~~~
../src_gen/modbus_config.h:134:44: note: (near initialization for 'ModBus_HIL_config.MbusHIL[1].coil_in_hil_addr')
../src_gen/modbus_config.h:135:44: warning: excess elements in array initializer
             /* coil_out_hil_addr */      { 0x55000204 },
                                            ^~~~~~~~~~
../src_gen/modbus_config.h:135:44: note: (near initialization for 'ModBus_HIL_config.MbusHIL[1].coil_out_hil_addr')
../src_gen/modbus_config.h:142:44: warning: excess elements in array initializer
             /* holding_in_hil_addr */    { 0x550005dc },
                                            ^~~~~~~~~~
../src_gen/modbus_config.h:142:44: note: (near initialization for 'ModBus_HIL_config.MbusHIL[1].holding_in_hil_addr')
../src_gen/modbus_config.h:158:44: warning: excess elements in array initializer
             /* discrete_hil_addr */      { 0x55000648 },
                                            ^~~~~~~~~~
../src_gen/modbus_config.h:158:44: note: (near initialization for 'ModBus_HIL_config.MbusHIL[2].discrete_hil_addr')
../src_gen/modbus_config.h:160:44: warning: excess elements in array initializer
             /* coil_in_hil_addr */       { 0x55000644 },
                                            ^~~~~~~~~~
../src_gen/modbus_config.h:160:44: note: (near initialization for 'ModBus_HIL_config.MbusHIL[2].coil_in_hil_addr')
../src_gen/modbus_config.h:161:44: warning: excess elements in array initializer
             /* coil_out_hil_addr */      { 0x55000214 },
                                            ^~~~~~~~~~
../src_gen/modbus_config.h:161:44: note: (near initialization for 'ModBus_HIL_config.MbusHIL[2].coil_out_hil_addr')
../src_gen/modbus_config.h:168:44: warning: excess elements in array initializer
             /* holding_in_hil_addr */    { 0x5500064c },
                                            ^~~~~~~~~~
../src_gen/modbus_config.h:168:44: note: (near initialization for 'ModBus_HIL_config.MbusHIL[2].holding_in_hil_addr')
../src_gen/modbus_config.h:184:44: warning: excess elements in array initializer
             /* discrete_hil_addr */      { 0x550003a8 },
                                            ^~~~~~~~~~
../src_gen/modbus_config.h:184:44: note: (near initialization for 'ModBus_HIL_config.MbusHIL[3].discrete_hil_addr')
../src_gen/modbus_config.h:186:44: warning: excess elements in array initializer
             /* coil_in_hil_addr */       { 0x550003a4 },
                                            ^~~~~~~~~~
../src_gen/modbus_config.h:186:44: note: (near initialization for 'ModBus_HIL_config.MbusHIL[3].coil_in_hil_addr')
../src_gen/modbus_config.h:187:44: warning: excess elements in array initializer
             /* coil_out_hil_addr */      { 0x550001b4 },
                                            ^~~~~~~~~~
../src_gen/modbus_config.h:187:44: note: (near initialization for 'ModBus_HIL_config.MbusHIL[3].coil_out_hil_addr')
../src_gen/modbus_config.h:194:44: warning: excess elements in array initializer
             /* holding_in_hil_addr */    { 0x550003ac },
                                            ^~~~~~~~~~
../src_gen/modbus_config.h:194:44: note: (near initialization for 'ModBus_HIL_config.MbusHIL[3].holding_in_hil_addr')
../src_gen/modbus_config.h:210:44: warning: excess elements in array initializer
             /* discrete_hil_addr */      { 0x55000418 },
                                            ^~~~~~~~~~
../src_gen/modbus_config.h:210:44: note: (near initialization for 'ModBus_HIL_config.MbusHIL[4].discrete_hil_addr')
../src_gen/modbus_config.h:212:44: warning: excess elements in array initializer
             /* coil_in_hil_addr */       { 0x55000414 },
                                            ^~~~~~~~~~
../src_gen/modbus_config.h:212:44: note: (near initialization for 'ModBus_HIL_config.MbusHIL[4].coil_in_hil_addr')
../src_gen/modbus_config.h:213:44: warning: excess elements in array initializer
             /* coil_out_hil_addr */      { 0x550001c4 },
                                            ^~~~~~~~~~
../src_gen/modbus_config.h:213:44: note: (near initialization for 'ModBus_HIL_config.MbusHIL[4].coil_out_hil_addr')
../src_gen/modbus_config.h:220:44: warning: excess elements in array initializer
             /* holding_in_hil_addr */    { 0x5500041c },
                                            ^~~~~~~~~~
../src_gen/modbus_config.h:220:44: note: (near initialization for 'ModBus_HIL_config.MbusHIL[4].holding_in_hil_addr')
../src_gen/modbus_config.h:236:44: warning: excess elements in array initializer
             /* discrete_hil_addr */      { 0x550002c8 },
                                            ^~~~~~~~~~
../src_gen/modbus_config.h:236:44: note: (near initialization for 'ModBus_HIL_config.MbusHIL[5].discrete_hil_addr')
../src_gen/modbus_config.h:238:44: warning: excess elements in array initializer
             /* coil_in_hil_addr */       { 0x550002c4 },
                                            ^~~~~~~~~~
../src_gen/modbus_config.h:238:44: note: (near initialization for 'ModBus_HIL_config.MbusHIL[5].coil_in_hil_addr')
../src_gen/modbus_config.h:239:44: warning: excess elements in array initializer
             /* coil_out_hil_addr */      { 0x55000194 },
                                            ^~~~~~~~~~
../src_gen/modbus_config.h:239:44: note: (near initialization for 'ModBus_HIL_config.MbusHIL[5].coil_out_hil_addr')
../src_gen/modbus_config.h:246:44: warning: excess elements in array initializer
             /* holding_in_hil_addr */    { 0x550002cc },
                                            ^~~~~~~~~~
../src_gen/modbus_config.h:246:44: note: (near initialization for 'ModBus_HIL_config.MbusHIL[5].holding_in_hil_addr')
../src_gen/modbus_config.h:262:44: warning: excess elements in array initializer
             /* discrete_hil_addr */      { 0x55000338 },
                                            ^~~~~~~~~~
../src_gen/modbus_config.h:262:44: note: (near initialization for 'ModBus_HIL_config.MbusHIL[6].discrete_hil_addr')
../src_gen/modbus_config.h:264:44: warning: excess elements in array initializer
             /* coil_in_hil_addr */       { 0x55000334 },
                                            ^~~~~~~~~~
../src_gen/modbus_config.h:264:44: note: (near initialization for 'ModBus_HIL_config.MbusHIL[6].coil_in_hil_addr')
../src_gen/modbus_config.h:265:44: warning: excess elements in array initializer
             /* coil_out_hil_addr */      { 0x550001a4 },
                                            ^~~~~~~~~~
../src_gen/modbus_config.h:265:44: note: (near initialization for 'ModBus_HIL_config.MbusHIL[6].coil_out_hil_addr')
../src_gen/modbus_config.h:272:44: warning: excess elements in array initializer
             /* holding_in_hil_addr */    { 0x5500033c },
                                            ^~~~~~~~~~
../src_gen/modbus_config.h:272:44: note: (near initialization for 'ModBus_HIL_config.MbusHIL[6].holding_in_hil_addr')
../src_gen/modbus_config.h:288:44: warning: excess elements in array initializer
             /* discrete_hil_addr */      { 0x55000488 },
                                            ^~~~~~~~~~
../src_gen/modbus_config.h:288:44: note: (near initialization for 'ModBus_HIL_config.MbusHIL[7].discrete_hil_addr')
../src_gen/modbus_config.h:290:44: warning: excess elements in array initializer
             /* coil_in_hil_addr */       { 0x55000484 },
                                            ^~~~~~~~~~
../src_gen/modbus_config.h:290:44: note: (near initialization for 'ModBus_HIL_config.MbusHIL[7].coil_in_hil_addr')
../src_gen/modbus_config.h:291:44: warning: excess elements in array initializer
             /* coil_out_hil_addr */      { 0x550001d4 },
                                            ^~~~~~~~~~
../src_gen/modbus_config.h:291:44: note: (near initialization for 'ModBus_HIL_config.MbusHIL[7].coil_out_hil_addr')
../src_gen/modbus_config.h:298:44: warning: excess elements in array initializer
             /* holding_in_hil_addr */    { 0x5500048c },
                                            ^~~~~~~~~~
../src_gen/modbus_config.h:298:44: note: (near initialization for 'ModBus_HIL_config.MbusHIL[7].holding_in_hil_addr')
../src_gen/modbus_config.h:314:44: warning: excess elements in array initializer
             /* discrete_hil_addr */      { 0x55000258 },
                                            ^~~~~~~~~~
../src_gen/modbus_config.h:314:44: note: (near initialization for 'ModBus_HIL_config.MbusHIL[8].discrete_hil_addr')
../src_gen/modbus_config.h:316:44: warning: excess elements in array initializer
             /* coil_in_hil_addr */       { 0x55000254 },
                                            ^~~~~~~~~~
../src_gen/modbus_config.h:316:44: note: (near initialization for 'ModBus_HIL_config.MbusHIL[8].coil_in_hil_addr')
../src_gen/modbus_config.h:317:44: warning: excess elements in array initializer
             /* coil_out_hil_addr */      { 0x55000184 },
                                            ^~~~~~~~~~
../src_gen/modbus_config.h:317:44: note: (near initialization for 'ModBus_HIL_config.MbusHIL[8].coil_out_hil_addr')
../src_gen/modbus_config.h:324:44: warning: excess elements in array initializer
             /* holding_in_hil_addr */    { 0x5500025c },
                                            ^~~~~~~~~~
../src_gen/modbus_config.h:324:44: note: (near initialization for 'ModBus_HIL_config.MbusHIL[8].holding_in_hil_addr')
../src_gen/modbus_config.h:340:44: warning: excess elements in array initializer
             /* discrete_hil_addr */      { 0x550004f8 },
                                            ^~~~~~~~~~
../src_gen/modbus_config.h:340:44: note: (near initialization for 'ModBus_HIL_config.MbusHIL[9].discrete_hil_addr')
../src_gen/modbus_config.h:342:44: warning: excess elements in array initializer
             /* coil_in_hil_addr */       { 0x550004f4 },
                                            ^~~~~~~~~~
../src_gen/modbus_config.h:342:44: note: (near initialization for 'ModBus_HIL_config.MbusHIL[9].coil_in_hil_addr')
../src_gen/modbus_config.h:343:44: warning: excess elements in array initializer
             /* coil_out_hil_addr */      { 0x550001e4 },
                                            ^~~~~~~~~~
../src_gen/modbus_config.h:343:44: note: (near initialization for 'ModBus_HIL_config.MbusHIL[9].coil_out_hil_addr')
../src_gen/modbus_config.h:350:44: warning: excess elements in array initializer
             /* holding_in_hil_addr */    { 0x550004fc },
                                            ^~~~~~~~~~
../src_gen/modbus_config.h:350:44: note: (near initialization for 'ModBus_HIL_config.MbusHIL[9].holding_in_hil_addr')
../src_gen/modbus_config.h:366:44: warning: excess elements in array initializer
             /* discrete_hil_addr */      { 0x55000568 },
                                            ^~~~~~~~~~
../src_gen/modbus_config.h:366:44: note: (near initialization for 'ModBus_HIL_config.MbusHIL[10].discrete_hil_addr')
../src_gen/modbus_config.h:368:44: warning: excess elements in array initializer
             /* coil_in_hil_addr */       { 0x55000564 },
                                            ^~~~~~~~~~
../src_gen/modbus_config.h:368:44: note: (near initialization for 'ModBus_HIL_config.MbusHIL[10].coil_in_hil_addr')
../src_gen/modbus_config.h:369:44: warning: excess elements in array initializer
             /* coil_out_hil_addr */      { 0x550001f4 },
                                            ^~~~~~~~~~
../src_gen/modbus_config.h:369:44: note: (near initialization for 'ModBus_HIL_config.MbusHIL[10].coil_out_hil_addr')
../src_gen/modbus_config.h:376:44: warning: excess elements in array initializer
             /* holding_in_hil_addr */    { 0x5500056c },
                                            ^~~~~~~~~~
../src_gen/modbus_config.h:376:44: note: (near initialization for 'ModBus_HIL_config.MbusHIL[10].holding_in_hil_addr')
../src_gen/modbus_config.h:392:44: warning: excess elements in array initializer
             /* discrete_hil_addr */      { 0x550006b8 },
                                            ^~~~~~~~~~
../src_gen/modbus_config.h:392:44: note: (near initialization for 'ModBus_HIL_config.MbusHIL[11].discrete_hil_addr')
../src_gen/modbus_config.h:394:44: warning: excess elements in array initializer
             /* coil_in_hil_addr */       { 0x550006b4 },
                                            ^~~~~~~~~~
../src_gen/modbus_config.h:394:44: note: (near initialization for 'ModBus_HIL_config.MbusHIL[11].coil_in_hil_addr')
../src_gen/modbus_config.h:395:44: warning: excess elements in array initializer
             /* coil_out_hil_addr */      { 0x55000224 },
                                            ^~~~~~~~~~
../src_gen/modbus_config.h:395:44: note: (near initialization for 'ModBus_HIL_config.MbusHIL[11].coil_out_hil_addr')
../src_gen/modbus_config.h:402:44: warning: excess elements in array initializer
             /* holding_in_hil_addr */    { 0x550006bc },
                                            ^~~~~~~~~~
../src_gen/modbus_config.h:402:44: note: (near initialization for 'ModBus_HIL_config.MbusHIL[11].holding_in_hil_addr')
../src_gen/modbus_config.h:418:44: warning: excess elements in array initializer
             /* discrete_hil_addr */      { 0x55000798 },
                                            ^~~~~~~~~~
../src_gen/modbus_config.h:418:44: note: (near initialization for 'ModBus_HIL_config.MbusHIL[12].discrete_hil_addr')
../src_gen/modbus_config.h:420:44: warning: excess elements in array initializer
             /* coil_in_hil_addr */       { 0x55000794 },
                                            ^~~~~~~~~~
../src_gen/modbus_config.h:420:44: note: (near initialization for 'ModBus_HIL_config.MbusHIL[12].coil_in_hil_addr')
../src_gen/modbus_config.h:421:44: warning: excess elements in array initializer
             /* coil_out_hil_addr */      { 0x55000244 },
                                            ^~~~~~~~~~
../src_gen/modbus_config.h:421:44: note: (near initialization for 'ModBus_HIL_config.MbusHIL[12].coil_out_hil_addr')
../src_gen/modbus_config.h:428:44: warning: excess elements in array initializer
             /* holding_in_hil_addr */    { 0x5500079c },
                                            ^~~~~~~~~~
../src_gen/modbus_config.h:428:44: note: (near initialization for 'ModBus_HIL_config.MbusHIL[12].holding_in_hil_addr')
../src_gen/modbus_config.h:576:51: warning: excess elements in array initializer
             /* coil_out initialisation */       { 0 },
                                                   ^
../src_gen/modbus_config.h:576:51: note: (near initialization for 'ModBus_config.Mbus[0].coil_out_init')
../src_gen/modbus_config.h:579:51: warning: excess elements in array initializer
             /* register_32 initialization */    { 0 },
                                                   ^
../src_gen/modbus_config.h:579:51: note: (near initialization for 'ModBus_config.Mbus[0].register_32')
../src_gen/modbus_config.h:580:51: warning: excess elements in array initializer
             /* register_64 initialization */    { 0 },
                                                   ^
../src_gen/modbus_config.h:580:51: note: (near initialization for 'ModBus_config.Mbus[0].register_64')
../src_gen/modbus_config.h:582:51: warning: excess elements in array initializer
             /* holding_in_16 initialization */  { 0 },
                                                   ^
../src_gen/modbus_config.h:582:51: note: (near initialization for 'ModBus_config.Mbus[0].holding_in_16')
../src_gen/modbus_config.h:583:51: warning: excess elements in array initializer
             /* holding_in_32 initialization */  { 0 },
                                                   ^
../src_gen/modbus_config.h:583:51: note: (near initialization for 'ModBus_config.Mbus[0].holding_in_32')
../src_gen/modbus_config.h:584:51: warning: excess elements in array initializer
             /* holding_in_64 initialization */  { 0 },
                                                   ^
../src_gen/modbus_config.h:584:51: note: (near initialization for 'ModBus_config.Mbus[0].holding_in_64')
../src_gen/modbus_config.h:587:51: warning: excess elements in array initializer
             /* holding_out_32 initialization */ { 0 },
                                                   ^
../src_gen/modbus_config.h:587:51: note: (near initialization for 'ModBus_config.Mbus[0].holding_out_32')
../src_gen/modbus_config.h:588:51: warning: excess elements in array initializer
             /* holding_out_64 initialization */ { 0 }
                                                   ^
../src_gen/modbus_config.h:588:51: note: (near initialization for 'ModBus_config.Mbus[0].holding_out_64')
../src_gen/modbus_config.h:638:51: warning: excess elements in array initializer
             /* coil_out initialisation */       { 0 },
                                                   ^
../src_gen/modbus_config.h:638:51: note: (near initialization for 'ModBus_config.Mbus[1].coil_out_init')
../src_gen/modbus_config.h:641:51: warning: excess elements in array initializer
             /* register_32 initialization */    { 0 },
                                                   ^
../src_gen/modbus_config.h:641:51: note: (near initialization for 'ModBus_config.Mbus[1].register_32')
../src_gen/modbus_config.h:642:51: warning: excess elements in array initializer
             /* register_64 initialization */    { 0 },
                                                   ^
../src_gen/modbus_config.h:642:51: note: (near initialization for 'ModBus_config.Mbus[1].register_64')
../src_gen/modbus_config.h:644:51: warning: excess elements in array initializer
             /* holding_in_16 initialization */  { 0 },
                                                   ^
../src_gen/modbus_config.h:644:51: note: (near initialization for 'ModBus_config.Mbus[1].holding_in_16')
../src_gen/modbus_config.h:645:51: warning: excess elements in array initializer
             /* holding_in_32 initialization */  { 0 },
                                                   ^
../src_gen/modbus_config.h:645:51: note: (near initialization for 'ModBus_config.Mbus[1].holding_in_32')
../src_gen/modbus_config.h:646:51: warning: excess elements in array initializer
             /* holding_in_64 initialization */  { 0 },
                                                   ^
../src_gen/modbus_config.h:646:51: note: (near initialization for 'ModBus_config.Mbus[1].holding_in_64')
../src_gen/modbus_config.h:649:51: warning: excess elements in array initializer
             /* holding_out_32 initialization */ { 0 },
                                                   ^
../src_gen/modbus_config.h:649:51: note: (near initialization for 'ModBus_config.Mbus[1].holding_out_32')
../src_gen/modbus_config.h:650:51: warning: excess elements in array initializer
             /* holding_out_64 initialization */ { 0 }
                                                   ^
../src_gen/modbus_config.h:650:51: note: (near initialization for 'ModBus_config.Mbus[1].holding_out_64')
../src_gen/modbus_config.h:700:51: warning: excess elements in array initializer
             /* coil_out initialisation */       { 0 },
                                                   ^
../src_gen/modbus_config.h:700:51: note: (near initialization for 'ModBus_config.Mbus[2].coil_out_init')
../src_gen/modbus_config.h:703:51: warning: excess elements in array initializer
             /* register_32 initialization */    { 0 },
                                                   ^
../src_gen/modbus_config.h:703:51: note: (near initialization for 'ModBus_config.Mbus[2].register_32')
../src_gen/modbus_config.h:704:51: warning: excess elements in array initializer
             /* register_64 initialization */    { 0 },
                                                   ^
../src_gen/modbus_config.h:704:51: note: (near initialization for 'ModBus_config.Mbus[2].register_64')
../src_gen/modbus_config.h:706:51: warning: excess elements in array initializer
             /* holding_in_16 initialization */  { 0 },
                                                   ^
../src_gen/modbus_config.h:706:51: note: (near initialization for 'ModBus_config.Mbus[2].holding_in_16')
../src_gen/modbus_config.h:707:51: warning: excess elements in array initializer
             /* holding_in_32 initialization */  { 0 },
                                                   ^
../src_gen/modbus_config.h:707:51: note: (near initialization for 'ModBus_config.Mbus[2].holding_in_32')
../src_gen/modbus_config.h:708:51: warning: excess elements in array initializer
             /* holding_in_64 initialization */  { 0 },
                                                   ^
../src_gen/modbus_config.h:708:51: note: (near initialization for 'ModBus_config.Mbus[2].holding_in_64')
../src_gen/modbus_config.h:711:51: warning: excess elements in array initializer
             /* holding_out_32 initialization */ { 0 },
                                                   ^
../src_gen/modbus_config.h:711:51: note: (near initialization for 'ModBus_config.Mbus[2].holding_out_32')
../src_gen/modbus_config.h:712:51: warning: excess elements in array initializer
             /* holding_out_64 initialization */ { 0 }
                                                   ^
../src_gen/modbus_config.h:712:51: note: (near initialization for 'ModBus_config.Mbus[2].holding_out_64')
../src_gen/modbus_config.h:762:51: warning: excess elements in array initializer
             /* coil_out initialisation */       { 0 },
                                                   ^
../src_gen/modbus_config.h:762:51: note: (near initialization for 'ModBus_config.Mbus[3].coil_out_init')
../src_gen/modbus_config.h:765:51: warning: excess elements in array initializer
             /* register_32 initialization */    { 0 },
                                                   ^
../src_gen/modbus_config.h:765:51: note: (near initialization for 'ModBus_config.Mbus[3].register_32')
../src_gen/modbus_config.h:766:51: warning: excess elements in array initializer
             /* register_64 initialization */    { 0 },
                                                   ^
../src_gen/modbus_config.h:766:51: note: (near initialization for 'ModBus_config.Mbus[3].register_64')
../src_gen/modbus_config.h:768:51: warning: excess elements in array initializer
             /* holding_in_16 initialization */  { 0 },
                                                   ^
../src_gen/modbus_config.h:768:51: note: (near initialization for 'ModBus_config.Mbus[3].holding_in_16')
../src_gen/modbus_config.h:769:51: warning: excess elements in array initializer
             /* holding_in_32 initialization */  { 0 },
                                                   ^
../src_gen/modbus_config.h:769:51: note: (near initialization for 'ModBus_config.Mbus[3].holding_in_32')
../src_gen/modbus_config.h:770:51: warning: excess elements in array initializer
             /* holding_in_64 initialization */  { 0 },
                                                   ^
../src_gen/modbus_config.h:770:51: note: (near initialization for 'ModBus_config.Mbus[3].holding_in_64')
../src_gen/modbus_config.h:773:51: warning: excess elements in array initializer
             /* holding_out_32 initialization */ { 0 },
                                                   ^
../src_gen/modbus_config.h:773:51: note: (near initialization for 'ModBus_config.Mbus[3].holding_out_32')
../src_gen/modbus_config.h:774:51: warning: excess elements in array initializer
             /* holding_out_64 initialization */ { 0 }
                                                   ^
../src_gen/modbus_config.h:774:51: note: (near initialization for 'ModBus_config.Mbus[3].holding_out_64')
../src_gen/modbus_config.h:824:51: warning: excess elements in array initializer
             /* coil_out initialisation */       { 0 },
                                                   ^
../src_gen/modbus_config.h:824:51: note: (near initialization for 'ModBus_config.Mbus[4].coil_out_init')
../src_gen/modbus_config.h:827:51: warning: excess elements in array initializer
             /* register_32 initialization */    { 0 },
                                                   ^
../src_gen/modbus_config.h:827:51: note: (near initialization for 'ModBus_config.Mbus[4].register_32')
../src_gen/modbus_config.h:828:51: warning: excess elements in array initializer
             /* register_64 initialization */    { 0 },
                                                   ^
../src_gen/modbus_config.h:828:51: note: (near initialization for 'ModBus_config.Mbus[4].register_64')
../src_gen/modbus_config.h:830:51: warning: excess elements in array initializer
             /* holding_in_16 initialization */  { 0 },
                                                   ^
../src_gen/modbus_config.h:830:51: note: (near initialization for 'ModBus_config.Mbus[4].holding_in_16')
../src_gen/modbus_config.h:831:51: warning: excess elements in array initializer
             /* holding_in_32 initialization */  { 0 },
                                                   ^
../src_gen/modbus_config.h:831:51: note: (near initialization for 'ModBus_config.Mbus[4].holding_in_32')
../src_gen/modbus_config.h:832:51: warning: excess elements in array initializer
             /* holding_in_64 initialization */  { 0 },
                                                   ^
../src_gen/modbus_config.h:832:51: note: (near initialization for 'ModBus_config.Mbus[4].holding_in_64')
../src_gen/modbus_config.h:835:51: warning: excess elements in array initializer
             /* holding_out_32 initialization */ { 0 },
                                                   ^
../src_gen/modbus_config.h:835:51: note: (near initialization for 'ModBus_config.Mbus[4].holding_out_32')
../src_gen/modbus_config.h:836:51: warning: excess elements in array initializer
             /* holding_out_64 initialization */ { 0 }
                                                   ^
../src_gen/modbus_config.h:836:51: note: (near initialization for 'ModBus_config.Mbus[4].holding_out_64')
../src_gen/modbus_config.h:886:51: warning: excess elements in array initializer
             /* coil_out initialisation */       { 0 },
                                                   ^
../src_gen/modbus_config.h:886:51: note: (near initialization for 'ModBus_config.Mbus[5].coil_out_init')
../src_gen/modbus_config.h:889:51: warning: excess elements in array initializer
             /* register_32 initialization */    { 0 },
                                                   ^
../src_gen/modbus_config.h:889:51: note: (near initialization for 'ModBus_config.Mbus[5].register_32')
../src_gen/modbus_config.h:890:51: warning: excess elements in array initializer
             /* register_64 initialization */    { 0 },
                                                   ^
../src_gen/modbus_config.h:890:51: note: (near initialization for 'ModBus_config.Mbus[5].register_64')
../src_gen/modbus_config.h:892:51: warning: excess elements in array initializer
             /* holding_in_16 initialization */  { 0 },
                                                   ^
../src_gen/modbus_config.h:892:51: note: (near initialization for 'ModBus_config.Mbus[5].holding_in_16')
../src_gen/modbus_config.h:893:51: warning: excess elements in array initializer
             /* holding_in_32 initialization */  { 0 },
                                                   ^
../src_gen/modbus_config.h:893:51: note: (near initialization for 'ModBus_config.Mbus[5].holding_in_32')
../src_gen/modbus_config.h:894:51: warning: excess elements in array initializer
             /* holding_in_64 initialization */  { 0 },
                                                   ^
../src_gen/modbus_config.h:894:51: note: (near initialization for 'ModBus_config.Mbus[5].holding_in_64')
../src_gen/modbus_config.h:897:51: warning: excess elements in array initializer
             /* holding_out_32 initialization */ { 0 },
                                                   ^
../src_gen/modbus_config.h:897:51: note: (near initialization for 'ModBus_config.Mbus[5].holding_out_32')
../src_gen/modbus_config.h:898:51: warning: excess elements in array initializer
             /* holding_out_64 initialization */ { 0 }
                                                   ^
../src_gen/modbus_config.h:898:51: note: (near initialization for 'ModBus_config.Mbus[5].holding_out_64')
../src_gen/modbus_config.h:948:51: warning: excess elements in array initializer
             /* coil_out initialisation */       { 0 },
                                                   ^
../src_gen/modbus_config.h:948:51: note: (near initialization for 'ModBus_config.Mbus[6].coil_out_init')
../src_gen/modbus_config.h:951:51: warning: excess elements in array initializer
             /* register_32 initialization */    { 0 },
                                                   ^
../src_gen/modbus_config.h:951:51: note: (near initialization for 'ModBus_config.Mbus[6].register_32')
../src_gen/modbus_config.h:952:51: warning: excess elements in array initializer
             /* register_64 initialization */    { 0 },
                                                   ^
../src_gen/modbus_config.h:952:51: note: (near initialization for 'ModBus_config.Mbus[6].register_64')
../src_gen/modbus_config.h:954:51: warning: excess elements in array initializer
             /* holding_in_16 initialization */  { 0 },
                                                   ^
../src_gen/modbus_config.h:954:51: note: (near initialization for 'ModBus_config.Mbus[6].holding_in_16')
../src_gen/modbus_config.h:955:51: warning: excess elements in array initializer
             /* holding_in_32 initialization */  { 0 },
                                                   ^
../src_gen/modbus_config.h:955:51: note: (near initialization for 'ModBus_config.Mbus[6].holding_in_32')
../src_gen/modbus_config.h:956:51: warning: excess elements in array initializer
             /* holding_in_64 initialization */  { 0 },
                                                   ^
../src_gen/modbus_config.h:956:51: note: (near initialization for 'ModBus_config.Mbus[6].holding_in_64')
../src_gen/modbus_config.h:959:51: warning: excess elements in array initializer
             /* holding_out_32 initialization */ { 0 },
                                                   ^
../src_gen/modbus_config.h:959:51: note: (near initialization for 'ModBus_config.Mbus[6].holding_out_32')
../src_gen/modbus_config.h:960:51: warning: excess elements in array initializer
             /* holding_out_64 initialization */ { 0 }
                                                   ^
../src_gen/modbus_config.h:960:51: note: (near initialization for 'ModBus_config.Mbus[6].holding_out_64')
../src_gen/modbus_config.h:1010:51: warning: excess elements in array initializer
             /* coil_out initialisation */       { 0 },
                                                   ^
../src_gen/modbus_config.h:1010:51: note: (near initialization for 'ModBus_config.Mbus[7].coil_out_init')
../src_gen/modbus_config.h:1013:51: warning: excess elements in array initializer
             /* register_32 initialization */    { 0 },
                                                   ^
../src_gen/modbus_config.h:1013:51: note: (near initialization for 'ModBus_config.Mbus[7].register_32')
../src_gen/modbus_config.h:1014:51: warning: excess elements in array initializer
             /* register_64 initialization */    { 0 },
                                                   ^
../src_gen/modbus_config.h:1014:51: note: (near initialization for 'ModBus_config.Mbus[7].register_64')
../src_gen/modbus_config.h:1016:51: warning: excess elements in array initializer
             /* holding_in_16 initialization */  { 0 },
                                                   ^
../src_gen/modbus_config.h:1016:51: note: (near initialization for 'ModBus_config.Mbus[7].holding_in_16')
../src_gen/modbus_config.h:1017:51: warning: excess elements in array initializer
             /* holding_in_32 initialization */  { 0 },
                                                   ^
../src_gen/modbus_config.h:1017:51: note: (near initialization for 'ModBus_config.Mbus[7].holding_in_32')
../src_gen/modbus_config.h:1018:51: warning: excess elements in array initializer
             /* holding_in_64 initialization */  { 0 },
                                                   ^
../src_gen/modbus_config.h:1018:51: note: (near initialization for 'ModBus_config.Mbus[7].holding_in_64')
../src_gen/modbus_config.h:1021:51: warning: excess elements in array initializer
             /* holding_out_32 initialization */ { 0 },
                                                   ^
../src_gen/modbus_config.h:1021:51: note: (near initialization for 'ModBus_config.Mbus[7].holding_out_32')
../src_gen/modbus_config.h:1022:51: warning: excess elements in array initializer
             /* holding_out_64 initialization */ { 0 }
                                                   ^
../src_gen/modbus_config.h:1022:51: note: (near initialization for 'ModBus_config.Mbus[7].holding_out_64')
../src_gen/modbus_config.h:1072:51: warning: excess elements in array initializer
             /* coil_out initialisation */       { 0 },
                                                   ^
../src_gen/modbus_config.h:1072:51: note: (near initialization for 'ModBus_config.Mbus[8].coil_out_init')
../src_gen/modbus_config.h:1075:51: warning: excess elements in array initializer
             /* register_32 initialization */    { 0 },
                                                   ^
../src_gen/modbus_config.h:1075:51: note: (near initialization for 'ModBus_config.Mbus[8].register_32')
../src_gen/modbus_config.h:1076:51: warning: excess elements in array initializer
             /* register_64 initialization */    { 0 },
                                                   ^
../src_gen/modbus_config.h:1076:51: note: (near initialization for 'ModBus_config.Mbus[8].register_64')
../src_gen/modbus_config.h:1078:51: warning: excess elements in array initializer
             /* holding_in_16 initialization */  { 0 },
                                                   ^
../src_gen/modbus_config.h:1078:51: note: (near initialization for 'ModBus_config.Mbus[8].holding_in_16')
../src_gen/modbus_config.h:1079:51: warning: excess elements in array initializer
             /* holding_in_32 initialization */  { 0 },
                                                   ^
../src_gen/modbus_config.h:1079:51: note: (near initialization for 'ModBus_config.Mbus[8].holding_in_32')
../src_gen/modbus_config.h:1080:51: warning: excess elements in array initializer
             /* holding_in_64 initialization */  { 0 },
                                                   ^
../src_gen/modbus_config.h:1080:51: note: (near initialization for 'ModBus_config.Mbus[8].holding_in_64')
../src_gen/modbus_config.h:1083:51: warning: excess elements in array initializer
             /* holding_out_32 initialization */ { 0 },
                                                   ^
../src_gen/modbus_config.h:1083:51: note: (near initialization for 'ModBus_config.Mbus[8].holding_out_32')
../src_gen/modbus_config.h:1084:51: warning: excess elements in array initializer
             /* holding_out_64 initialization */ { 0 }
                                                   ^
../src_gen/modbus_config.h:1084:51: note: (near initialization for 'ModBus_config.Mbus[8].holding_out_64')
../src_gen/modbus_config.h:1134:51: warning: excess elements in array initializer
             /* coil_out initialisation */       { 0 },
                                                   ^
../src_gen/modbus_config.h:1134:51: note: (near initialization for 'ModBus_config.Mbus[9].coil_out_init')
../src_gen/modbus_config.h:1137:51: warning: excess elements in array initializer
             /* register_32 initialization */    { 0 },
                                                   ^
../src_gen/modbus_config.h:1137:51: note: (near initialization for 'ModBus_config.Mbus[9].register_32')
../src_gen/modbus_config.h:1138:51: warning: excess elements in array initializer
             /* register_64 initialization */    { 0 },
                                                   ^
../src_gen/modbus_config.h:1138:51: note: (near initialization for 'ModBus_config.Mbus[9].register_64')
../src_gen/modbus_config.h:1140:51: warning: excess elements in array initializer
             /* holding_in_16 initialization */  { 0 },
                                                   ^
../src_gen/modbus_config.h:1140:51: note: (near initialization for 'ModBus_config.Mbus[9].holding_in_16')
../src_gen/modbus_config.h:1141:51: warning: excess elements in array initializer
             /* holding_in_32 initialization */  { 0 },
                                                   ^
../src_gen/modbus_config.h:1141:51: note: (near initialization for 'ModBus_config.Mbus[9].holding_in_32')
../src_gen/modbus_config.h:1142:51: warning: excess elements in array initializer
             /* holding_in_64 initialization */  { 0 },
                                                   ^
../src_gen/modbus_config.h:1142:51: note: (near initialization for 'ModBus_config.Mbus[9].holding_in_64')
../src_gen/modbus_config.h:1145:51: warning: excess elements in array initializer
             /* holding_out_32 initialization */ { 0 },
                                                   ^
../src_gen/modbus_config.h:1145:51: note: (near initialization for 'ModBus_config.Mbus[9].holding_out_32')
../src_gen/modbus_config.h:1146:51: warning: excess elements in array initializer
             /* holding_out_64 initialization */ { 0 }
                                                   ^
../src_gen/modbus_config.h:1146:51: note: (near initialization for 'ModBus_config.Mbus[9].holding_out_64')
../src_gen/modbus_config.h:1196:51: warning: excess elements in array initializer
             /* coil_out initialisation */       { 0 },
                                                   ^
../src_gen/modbus_config.h:1196:51: note: (near initialization for 'ModBus_config.Mbus[10].coil_out_init')
../src_gen/modbus_config.h:1199:51: warning: excess elements in array initializer
             /* register_32 initialization */    { 0 },
                                                   ^
../src_gen/modbus_config.h:1199:51: note: (near initialization for 'ModBus_config.Mbus[10].register_32')
../src_gen/modbus_config.h:1200:51: warning: excess elements in array initializer
             /* register_64 initialization */    { 0 },
                                                   ^
../src_gen/modbus_config.h:1200:51: note: (near initialization for 'ModBus_config.Mbus[10].register_64')
../src_gen/modbus_config.h:1202:51: warning: excess elements in array initializer
             /* holding_in_16 initialization */  { 0 },
                                                   ^
../src_gen/modbus_config.h:1202:51: note: (near initialization for 'ModBus_config.Mbus[10].holding_in_16')
../src_gen/modbus_config.h:1203:51: warning: excess elements in array initializer
             /* holding_in_32 initialization */  { 0 },
                                                   ^
../src_gen/modbus_config.h:1203:51: note: (near initialization for 'ModBus_config.Mbus[10].holding_in_32')
../src_gen/modbus_config.h:1204:51: warning: excess elements in array initializer
             /* holding_in_64 initialization */  { 0 },
                                                   ^
../src_gen/modbus_config.h:1204:51: note: (near initialization for 'ModBus_config.Mbus[10].holding_in_64')
../src_gen/modbus_config.h:1207:51: warning: excess elements in array initializer
             /* holding_out_32 initialization */ { 0 },
                                                   ^
../src_gen/modbus_config.h:1207:51: note: (near initialization for 'ModBus_config.Mbus[10].holding_out_32')
../src_gen/modbus_config.h:1208:51: warning: excess elements in array initializer
             /* holding_out_64 initialization */ { 0 }
                                                   ^
../src_gen/modbus_config.h:1208:51: note: (near initialization for 'ModBus_config.Mbus[10].holding_out_64')
../src_gen/modbus_config.h:1258:51: warning: excess elements in array initializer
             /* coil_out initialisation */       { 0 },
                                                   ^
../src_gen/modbus_config.h:1258:51: note: (near initialization for 'ModBus_config.Mbus[11].coil_out_init')
../src_gen/modbus_config.h:1261:51: warning: excess elements in array initializer
             /* register_32 initialization */    { 0 },
                                                   ^
../src_gen/modbus_config.h:1261:51: note: (near initialization for 'ModBus_config.Mbus[11].register_32')
../src_gen/modbus_config.h:1262:51: warning: excess elements in array initializer
             /* register_64 initialization */    { 0 },
                                                   ^
../src_gen/modbus_config.h:1262:51: note: (near initialization for 'ModBus_config.Mbus[11].register_64')
../src_gen/modbus_config.h:1264:51: warning: excess elements in array initializer
             /* holding_in_16 initialization */  { 0 },
                                                   ^
../src_gen/modbus_config.h:1264:51: note: (near initialization for 'ModBus_config.Mbus[11].holding_in_16')
../src_gen/modbus_config.h:1265:51: warning: excess elements in array initializer
             /* holding_in_32 initialization */  { 0 },
                                                   ^
../src_gen/modbus_config.h:1265:51: note: (near initialization for 'ModBus_config.Mbus[11].holding_in_32')
../src_gen/modbus_config.h:1266:51: warning: excess elements in array initializer
             /* holding_in_64 initialization */  { 0 },
                                                   ^
../src_gen/modbus_config.h:1266:51: note: (near initialization for 'ModBus_config.Mbus[11].holding_in_64')
../src_gen/modbus_config.h:1269:51: warning: excess elements in array initializer
             /* holding_out_32 initialization */ { 0 },
                                                   ^
../src_gen/modbus_config.h:1269:51: note: (near initialization for 'ModBus_config.Mbus[11].holding_out_32')
../src_gen/modbus_config.h:1270:51: warning: excess elements in array initializer
             /* holding_out_64 initialization */ { 0 }
                                                   ^
../src_gen/modbus_config.h:1270:51: note: (near initialization for 'ModBus_config.Mbus[11].holding_out_64')
../src_gen/modbus_config.h:1320:51: warning: excess elements in array initializer
             /* coil_out initialisation */       { 0 },
                                                   ^
../src_gen/modbus_config.h:1320:51: note: (near initialization for 'ModBus_config.Mbus[12].coil_out_init')
../src_gen/modbus_config.h:1323:51: warning: excess elements in array initializer
             /* register_32 initialization */    { 0 },
                                                   ^
../src_gen/modbus_config.h:1323:51: note: (near initialization for 'ModBus_config.Mbus[12].register_32')
../src_gen/modbus_config.h:1324:51: warning: excess elements in array initializer
             /* register_64 initialization */    { 0 },
                                                   ^
../src_gen/modbus_config.h:1324:51: note: (near initialization for 'ModBus_config.Mbus[12].register_64')
../src_gen/modbus_config.h:1326:51: warning: excess elements in array initializer
             /* holding_in_16 initialization */  { 0 },
                                                   ^
../src_gen/modbus_config.h:1326:51: note: (near initialization for 'ModBus_config.Mbus[12].holding_in_16')
../src_gen/modbus_config.h:1327:51: warning: excess elements in array initializer
             /* holding_in_32 initialization */  { 0 },
                                                   ^
../src_gen/modbus_config.h:1327:51: note: (near initialization for 'ModBus_config.Mbus[12].holding_in_32')
../src_gen/modbus_config.h:1328:51: warning: excess elements in array initializer
             /* holding_in_64 initialization */  { 0 },
                                                   ^
../src_gen/modbus_config.h:1328:51: note: (near initialization for 'ModBus_config.Mbus[12].holding_in_64')
../src_gen/modbus_config.h:1331:51: warning: excess elements in array initializer
             /* holding_out_32 initialization */ { 0 },
                                                   ^
../src_gen/modbus_config.h:1331:51: note: (near initialization for 'ModBus_config.Mbus[12].holding_out_32')
../src_gen/modbus_config.h:1332:51: warning: excess elements in array initializer
             /* holding_out_64 initialization */ { 0 }
                                                   ^
../src_gen/modbus_config.h:1332:51: note: (near initialization for 'ModBus_config.Mbus[12].holding_out_64')
In file included from ../src/modbus_reply.c:4:
../src/modbus_reply.c: In function 'update_hil_value':
../../bsp/hil-unit.h:105:75: warning: 'hil_data_float' may be used uninitialized in this function [-Wmaybe-uninitialized]
 #define XIo_OutFloat(OutputPtr, Value)  (*(volatile float *)((OutputPtr)) = (Value))
                                                                           ^
../src/modbus_reply.c:1153:11: note: 'hil_data_float' was declared here
     float hil_data_float;
           ^~~~~~~~~~~~~~
