#
# A fatal error has been detected by the Java Runtime Environment:
#
#  EXCEPTION_ACCESS_VIOLATION (0xc0000005) at pc=0x617484fb, pid=14536, tid=0x00002ce4
#
# JRE version: Java(TM) SE Runtime Environment (8.0_171-b11) (build 1.8.0_171-b11)
# Java VM: Java HotSpot(TM) Client VM (25.171-b11 mixed mode windows-x86 )
# Problematic frame:
# C  [listSerialsj.dll+0x84fb]
#
# Failed to write core dump. Minidumps are not enabled by default on client versions of Windows
#
# If you would like to submit a bug report, please visit:
#   http://bugreport.java.com/bugreport/crash.jsp
# The crash happened outside the Java Virtual Machine in native code.
# See problematic frame for where to report the bug.
#

---------------  T H R E A D  ---------------

Current thread (0x2925d800):  JavaThread "cc.arduino.packages.discoverers.serial.SerialBoardsLister" [_thread_in_native, id=11492, stack(0x29dd0000,0x29e20000)]

siginfo: ExceptionCode=0xc0000005, writing address 0x0000004d

Registers:
EAX=0x00000000, EBX=0x00000000, ECX=0xb3cebc1f, EDX=0x00000000
ESP=0x29e1ec10, EBP=0x29e1ec38, ESI=0x0000004d, EDI=0x747e6840
EIP=0x617484fb, EFLAGS=0x00010246

Top of Stack: (sp=0x29e1ec10)
0x29e1ec10:   747e1210 00000b1c 00220414 29c92cd8
0x29e1ec20:   000000a2 29c92cd0 000000a2 654dad68
0x29e1ec30:   00000012 29e1ec98 29e1ede8 61748927
0x29e1ec40:   00000b1c 00220414 29c92cd0 000000a2
0x29e1ec50:   29c92cd0 000000a2 29e1ec98 00000000
0x29e1ec60:   29c92cd0 0000001a 00000000 00000000
0x29e1ec70:   6174d9ef 00000b1c 747e1190 5d112cb0
0x29e1ec80:   00000000 00000000 00000000 0000004c 

Instructions: (pc=0x617484fb)
0x617484db:   ff ff ff 89 54 24 08 89 c3 89 44 24 10 c7 44 24
0x617484eb:   04 00 00 00 00 c7 04 24 e9 fd 00 00 ff d7 89 d8
0x617484fb:   c6 04 33 00 83 ec 20 8d 65 f4 5b 5e 5f 5d c3 8d
0x6174850b:   b6 00 00 00 00 55 89 e5 57 56 89 d6 53 bb 0b 01 


Register to memory mapping:

EAX=0x00000000 is an unknown value
EBX=0x00000000 is an unknown value
ECX=0xb3cebc1f is an unknown value
EDX=0x00000000 is an unknown value
ESP=0x29e1ec10 is pointing into the stack for thread: 0x2925d800
EBP=0x29e1ec38 is pointing into the stack for thread: 0x2925d800
ESI=0x0000004d is an unknown value
EDI=0x747e6840 is an unknown value


Stack: [0x29dd0000,0x29e20000],  sp=0x29e1ec10,  free space=315k
Native frames: (J=compiled Java code, j=interpreted, Vv=VM code, C=native code)
C  [listSerialsj.dll+0x84fb]
C  [listSerialsj.dll+0x8927]
C  [listSerialsj.dll+0x94cc]
C  [listSerialsj.dll+0x2216]

Java frames: (J=compiled Java code, j=interpreted, Vv=VM code)
j  processing.app.Platform.listSerialsNative()[Ljava/lang/String;+0
j  processing.app.Platform.listSerials()Ljava/util/List;+5
j  cc.arduino.packages.discoverers.serial.SerialBoardsLister.retriggerDiscovery(Z)V+22
j  cc.arduino.packages.discoverers.serial.SerialBoardsLister.run()V+9
J 2398% C1 java.util.TimerThread.mainLoop()V (232 bytes) @ 0x02ade654 [0x02ade220+0x434]
j  java.util.TimerThread.run()V+1
v  ~StubRoutines::call_stub

---------------  P R O C E S S  ---------------

Java Threads: ( => current thread )
  0x29436000 JavaThread "EventThread COM13" [_thread_in_native, id=12932, stack(0x275d0000,0x27620000)]
  0x29438000 JavaThread "JmDNS(ECEB-4076-15-ad-uillinois-edu.local.).State.Timer" [_thread_blocked, id=18060, stack(0x27340000,0x27390000)]
  0x29434c00 JavaThread "JmDNS(ECEB-4076-15-ad-uillinois-edu.local.).Timer" daemon [_thread_blocked, id=22180, stack(0x272b0000,0x27300000)]
  0x29437400 JavaThread "SocketListener(ECEB-4076-15-ad-uillinois-edu.local.)" daemon [_thread_in_native, id=13288, stack(0x27220000,0x27270000)]
  0x29437800 JavaThread "DestroyJavaVM" [_thread_blocked, id=22284, stack(0x02690000,0x026e0000)]
  0x29434800 JavaThread "TimerQueue" daemon [_thread_blocked, id=18456, stack(0x2b170000,0x2b1c0000)]
  0x292ecc00 JavaThread "Batik CleanerThread" daemon [_thread_blocked, id=8908, stack(0x2a870000,0x2a8c0000)]
  0x292ec400 JavaThread "JmDNS(ECEB-4076-15-ad-uillinois-edu.local.).State.Timer" [_thread_blocked, id=19064, stack(0x2a660000,0x2a6b0000)]
  0x292eb800 JavaThread "JmDNS(ECEB-4076-15-ad-uillinois-edu.local.).Timer" daemon [_thread_blocked, id=12132, stack(0x2a5d0000,0x2a620000)]
  0x292eb000 JavaThread "SocketListener(ECEB-4076-15-ad-uillinois-edu.local.)" daemon [_thread_in_native, id=10836, stack(0x2a540000,0x2a590000)]
  0x292eac00 JavaThread "JmDNS(ECEB-4076-15-ad-uillinois-edu.local.).State.Timer" [_thread_blocked, id=22348, stack(0x2a4b0000,0x2a500000)]
  0x292ed800 JavaThread "JmDNS(ECEB-4076-15-ad-uillinois-edu.local.).Timer" daemon [_thread_blocked, id=20676, stack(0x2a420000,0x2a470000)]
  0x292ebc00 JavaThread "SocketListener(ECEB-4076-15-ad-uillinois-edu.local.)" daemon [_thread_in_native, id=17156, stack(0x2a390000,0x2a3e0000)]
  0x292ea400 JavaThread "AWT-EventQueue-0" [_thread_in_native, id=8048, stack(0x2a200000,0x2a250000)]
  0x292ed000 JavaThread "AWT-Shutdown" [_thread_blocked, id=7524, stack(0x26700000,0x26750000)]
  0x292ea000 JavaThread "JmDNS(ECEB-4076-15-ad-uillinois-edu.local.).State.Timer" [_thread_blocked, id=16696, stack(0x29fe0000,0x2a030000)]
  0x292e5800 JavaThread "JmDNS(ECEB-4076-15-ad-uillinois-edu.local.).Timer" daemon [_thread_blocked, id=14640, stack(0x29f50000,0x29fa0000)]
  0x292e0800 JavaThread "SocketListener(ECEB-4076-15-ad-uillinois-edu.local.)" daemon [_thread_in_native, id=4388, stack(0x29e60000,0x29eb0000)]
  0x2925d000 JavaThread "Multihomed mDNS.Timer" daemon [_thread_blocked, id=15000, stack(0x29ec0000,0x29f10000)]
=>0x2925d800 JavaThread "cc.arduino.packages.discoverers.serial.SerialBoardsLister" [_thread_in_native, id=11492, stack(0x29dd0000,0x29e20000)]
  0x262cc000 JavaThread "AWT-Windows" daemon [_thread_in_native, id=8456, stack(0x26790000,0x267e0000)]
  0x262a3800 JavaThread "Java2D Disposer" daemon [_thread_blocked, id=12892, stack(0x26670000,0x266c0000)]
  0x25943800 JavaThread "Service Thread" daemon [_thread_blocked, id=18384, stack(0x25f60000,0x25fb0000)]
  0x2594d000 JavaThread "C1 CompilerThread0" daemon [_thread_blocked, id=9748, stack(0x25ed0000,0x25f20000)]
  0x2594b400 JavaThread "Attach Listener" daemon [_thread_blocked, id=14476, stack(0x25e40000,0x25e90000)]
  0x25949400 JavaThread "Signal Dispatcher" daemon [_thread_blocked, id=13108, stack(0x25db0000,0x25e00000)]
  0x2592a800 JavaThread "Finalizer" daemon [_thread_blocked, id=21704, stack(0x25c30000,0x25c80000)]
  0x25914c00 JavaThread "Reference Handler" daemon [_thread_blocked, id=16720, stack(0x25ba0000,0x25bf0000)]

Other Threads:
  0x00b0e400 VMThread [stack: 0x25b10000,0x25b60000] [id=17736]
  0x25947000 WatcherThread [stack: 0x25ff0000,0x26040000] [id=19672]

VM state:not at safepoint (normal execution)

VM Mutex/Monitor currently owned by a thread: None

Heap:
 def new generation   total 39424K, used 20769K [0x05400000, 0x07ec0000, 0x0fea0000)
  eden space 35072K,  59% used [0x05400000, 0x06846450, 0x07640000)
  from space 4352K,   0% used [0x07640000, 0x07642090, 0x07a80000)
  to   space 4352K,   0% used [0x07a80000, 0x07a80000, 0x07ec0000)
 tenured generation   total 87424K, used 66085K [0x0fea0000, 0x15400000, 0x25400000)
   the space 87424K,  75% used [0x0fea0000, 0x13f297e0, 0x13f29800, 0x15400000)
 Metaspace       used 19027K, capacity 19559K, committed 19840K, reserved 19840K

Card table byte_map: [0x052a0000,0x053b0000] byte_map_base: 0x05276000

Polling page: 0x002f0000

CodeCache: size=32768Kb used=1714Kb max_used=4175Kb free=31053Kb
 bounds [0x026e0000, 0x02af8000, 0x046e0000]
 total_blobs=1024 nmethods=750 adapters=204
 compilation: enabled

Compilation events (10 events):
Event: 162900.315 Thread 0x2594d000 85657             javax.swing.JViewport::fireStateChanged (68 bytes)
Event: 162900.315 Thread 0x2594d000 nmethod 85657 0x029c2d48 code [0x029c2e70, 0x029c30d8]
Event: 162901.401 Thread 0x2594d000 85658             java.util.HashMap::afterNodeInsertion (1 bytes)
Event: 162901.401 Thread 0x2594d000 nmethod 85658 0x027cecc8 code [0x027cedc0, 0x027cee40]
Event: 162903.798 Thread 0x2594d000 85659             javax.swing.text.Utilities::drawTabbedText (409 bytes)
Event: 162903.799 Thread 0x2594d000 nmethod 85659 0x027a4f48 code [0x027a5130, 0x027a5ae8]
Event: 162903.832 Thread 0x2594d000 85660             java.awt.geom.AffineTransform::translate (547 bytes)
Event: 162903.833 Thread 0x2594d000 nmethod 85660 0x027eb788 code [0x027eb8a0, 0x027ebd8c]
Event: 162904.842 Thread 0x2594d000 85661   !         sun.font.FontStrikeDesc::equals (53 bytes)
Event: 162904.842 Thread 0x2594d000 nmethod 85661 0x02856708 code [0x02856820, 0x02856988]

GC Heap History (10 events):
Event: 162886.824 GC heap before
{Heap before GC invocations=38680 (full 3):
 def new generation   total 39424K, used 35080K [0x05400000, 0x07ec0000, 0x0fea0000)
  eden space 35072K, 100% used [0x05400000, 0x07640000, 0x07640000)
  from space 4352K,   0% used [0x07a80000, 0x07a82220, 0x07ec0000)
  to   space 4352K,   0% used [0x07640000, 0x07640000, 0x07a80000)
 tenured generation   total 87424K, used 66083K [0x0fea0000, 0x15400000, 0x25400000)
   the space 87424K,  75% used [0x0fea0000, 0x13f28f70, 0x13f29000, 0x15400000)
 Metaspace       used 19027K, capacity 19559K, committed 19840K, reserved 19840K
Event: 162886.825 GC heap after
Heap after GC invocations=38681 (full 3):
 def new generation   total 39424K, used 9K [0x05400000, 0x07ec0000, 0x0fea0000)
  eden space 35072K,   0% used [0x05400000, 0x05400000, 0x07640000)
  from space 4352K,   0% used [0x07640000, 0x07642698, 0x07a80000)
  to   space 4352K,   0% used [0x07a80000, 0x07a80000, 0x07ec0000)
 tenured generation   total 87424K, used 66084K [0x0fea0000, 0x15400000, 0x25400000)
   the space 87424K,  75% used [0x0fea0000, 0x13f29150, 0x13f29200, 0x15400000)
 Metaspace       used 19027K, capacity 19559K, committed 19840K, reserved 19840K
}
Event: 162890.742 GC heap before
{Heap before GC invocations=38681 (full 3):
 def new generation   total 39424K, used 35081K [0x05400000, 0x07ec0000, 0x0fea0000)
  eden space 35072K, 100% used [0x05400000, 0x07640000, 0x07640000)
  from space 4352K,   0% used [0x07640000, 0x07642698, 0x07a80000)
  to   space 4352K,   0% used [0x07a80000, 0x07a80000, 0x07ec0000)
 tenured generation   total 87424K, used 66084K [0x0fea0000, 0x15400000, 0x25400000)
   the space 87424K,  75% used [0x0fea0000, 0x13f29150, 0x13f29200, 0x15400000)
 Metaspace       used 19027K, capacity 19559K, committed 19840K, reserved 19840K
Event: 162890.743 GC heap after
Heap after GC invocations=38682 (full 3):
 def new generation   total 39424K, used 8K [0x05400000, 0x07ec0000, 0x0fea0000)
  eden space 35072K,   0% used [0x05400000, 0x05400000, 0x07640000)
  from space 4352K,   0% used [0x07a80000, 0x07a821d0, 0x07ec0000)
  to   space 4352K,   0% used [0x07640000, 0x07640000, 0x07a80000)
 tenured generation   total 87424K, used 66084K [0x0fea0000, 0x15400000, 0x25400000)
   the space 87424K,  75% used [0x0fea0000, 0x13f29240, 0x13f29400, 0x15400000)
 Metaspace       used 19027K, capacity 19559K, committed 19840K, reserved 19840K
}
Event: 162894.680 GC heap before
{Heap before GC invocations=38682 (full 3):
 def new generation   total 39424K, used 35080K [0x05400000, 0x07ec0000, 0x0fea0000)
  eden space 35072K, 100% used [0x05400000, 0x07640000, 0x07640000)
  from space 4352K,   0% used [0x07a80000, 0x07a821d0, 0x07ec0000)
  to   space 4352K,   0% used [0x07640000, 0x07640000, 0x07a80000)
 tenured generation   total 87424K, used 66084K [0x0fea0000, 0x15400000, 0x25400000)
   the space 87424K,  75% used [0x0fea0000, 0x13f29240, 0x13f29400, 0x15400000)
 Metaspace       used 19027K, capacity 19559K, committed 19840K, reserved 19840K
Event: 162894.681 GC heap after
Heap after GC invocations=38683 (full 3):
 def new generation   total 39424K, used 8K [0x05400000, 0x07ec0000, 0x0fea0000)
  eden space 35072K,   0% used [0x05400000, 0x05400000, 0x07640000)
  from space 4352K,   0% used [0x07640000, 0x076420f0, 0x07a80000)
  to   space 4352K,   0% used [0x07a80000, 0x07a80000, 0x07ec0000)
 tenured generation   total 87424K, used 66085K [0x0fea0000, 0x15400000, 0x25400000)
   the space 87424K,  75% used [0x0fea0000, 0x13f29420, 0x13f29600, 0x15400000)
 Metaspace       used 19027K, capacity 19559K, committed 19840K, reserved 19840K
}
Event: 162898.610 GC heap before
{Heap before GC invocations=38683 (full 3):
 def new generation   total 39424K, used 35080K [0x05400000, 0x07ec0000, 0x0fea0000)
  eden space 35072K, 100% used [0x05400000, 0x07640000, 0x07640000)
  from space 4352K,   0% used [0x07640000, 0x076420f0, 0x07a80000)
  to   space 4352K,   0% used [0x07a80000, 0x07a80000, 0x07ec0000)
 tenured generation   total 87424K, used 66085K [0x0fea0000, 0x15400000, 0x25400000)
   the space 87424K,  75% used [0x0fea0000, 0x13f29420, 0x13f29600, 0x15400000)
 Metaspace       used 19027K, capacity 19559K, committed 19840K, reserved 19840K
Event: 162898.611 GC heap after
Heap after GC invocations=38684 (full 3):
 def new generation   total 39424K, used 8K [0x05400000, 0x07ec0000, 0x0fea0000)
  eden space 35072K,   0% used [0x05400000, 0x05400000, 0x07640000)
  from space 4352K,   0% used [0x07a80000, 0x07a820b8, 0x07ec0000)
  to   space 4352K,   0% used [0x07640000, 0x07640000, 0x07a80000)
 tenured generation   total 87424K, used 66085K [0x0fea0000, 0x15400000, 0x25400000)
   the space 87424K,  75% used [0x0fea0000, 0x13f29600, 0x13f29600, 0x15400000)
 Metaspace       used 19027K, capacity 19559K, committed 19840K, reserved 19840K
}
Event: 162902.625 GC heap before
{Heap before GC invocations=38684 (full 3):
 def new generation   total 39424K, used 35080K [0x05400000, 0x07ec0000, 0x0fea0000)
  eden space 35072K, 100% used [0x05400000, 0x07640000, 0x07640000)
  from space 4352K,   0% used [0x07a80000, 0x07a820b8, 0x07ec0000)
  to   space 4352K,   0% used [0x07640000, 0x07640000, 0x07a80000)
 tenured generation   total 87424K, used 66085K [0x0fea0000, 0x15400000, 0x25400000)
   the space 87424K,  75% used [0x0fea0000, 0x13f29600, 0x13f29600, 0x15400000)
 Metaspace       used 19027K, capacity 19559K, committed 19840K, reserved 19840K
Event: 162902.626 GC heap after
Heap after GC invocations=38685 (full 3):
 def new generation   total 39424K, used 8K [0x05400000, 0x07ec0000, 0x0fea0000)
  eden space 35072K,   0% used [0x05400000, 0x05400000, 0x07640000)
  from space 4352K,   0% used [0x07640000, 0x07642090, 0x07a80000)
  to   space 4352K,   0% used [0x07a80000, 0x07a80000, 0x07ec0000)
 tenured generation   total 87424K, used 66085K [0x0fea0000, 0x15400000, 0x25400000)
   the space 87424K,  75% used [0x0fea0000, 0x13f297e0, 0x13f29800, 0x15400000)
 Metaspace       used 19027K, capacity 19559K, committed 19840K, reserved 19840K
}

Deoptimization events (0 events):
No events

Classes redefined (0 events):
No events

Internal exceptions (10 events):
Event: 17007.592 Thread 0x29433000 Exception <a 'sun/nio/fs/WindowsException'> (0x0603a7e8) thrown at [C:\re\workspace\8-2-build-windows-i586-cygwin\jdk8u171\10807\hotspot\src\share\vm\prims\jni.cpp, line 709]
Event: 17007.592 Thread 0x29433000 Exception <a 'sun/nio/fs/WindowsException'> (0x0603ac50) thrown at [C:\re\workspace\8-2-build-windows-i586-cygwin\jdk8u171\10807\hotspot\src\share\vm\prims\jni.cpp, line 709]
Event: 17007.593 Thread 0x29433000 Exception <a 'sun/nio/fs/WindowsException'> (0x0604a428) thrown at [C:\re\workspace\8-2-build-windows-i586-cygwin\jdk8u171\10807\hotspot\src\share\vm\prims\jni.cpp, line 709]
Event: 17007.593 Thread 0x29433000 Exception <a 'sun/nio/fs/WindowsException'> (0x0604a890) thrown at [C:\re\workspace\8-2-build-windows-i586-cygwin\jdk8u171\10807\hotspot\src\share\vm\prims\jni.cpp, line 709]
Event: 17007.595 Thread 0x29433000 Exception <a 'sun/nio/fs/WindowsException'> (0x0605bea0) thrown at [C:\re\workspace\8-2-build-windows-i586-cygwin\jdk8u171\10807\hotspot\src\share\vm\prims\jni.cpp, line 709]
Event: 17007.595 Thread 0x29433000 Exception <a 'sun/nio/fs/WindowsException'> (0x0605c598) thrown at [C:\re\workspace\8-2-build-windows-i586-cygwin\jdk8u171\10807\hotspot\src\share\vm\prims\jni.cpp, line 709]
Event: 17007.595 Thread 0x29433000 Exception <a 'sun/nio/fs/WindowsException'> (0x060663b0) thrown at [C:\re\workspace\8-2-build-windows-i586-cygwin\jdk8u171\10807\hotspot\src\share\vm\prims\jni.cpp, line 709]
Event: 17007.595 Thread 0x29433000 Exception <a 'sun/nio/fs/WindowsException'> (0x06066aa8) thrown at [C:\re\workspace\8-2-build-windows-i586-cygwin\jdk8u171\10807\hotspot\src\share\vm\prims\jni.cpp, line 709]
Event: 17007.595 Thread 0x29433000 Exception <a 'sun/nio/fs/WindowsException'> (0x060707b8) thrown at [C:\re\workspace\8-2-build-windows-i586-cygwin\jdk8u171\10807\hotspot\src\share\vm\prims\jni.cpp, line 709]
Event: 17007.595 Thread 0x29433000 Exception <a 'sun/nio/fs/WindowsException'> (0x06070ec8) thrown at [C:\re\workspace\8-2-build-windows-i586-cygwin\jdk8u171\10807\hotspot\src\share\vm\prims\jni.cpp, line 709]

Events (10 events):
Event: 162900.315 Thread 0x2594d000 flushing nmethod 0x0292fd48
Event: 162900.315 Thread 0x2594d000 flushing nmethod 0x0297d748
Event: 162900.316 Thread 0x2594d000 flushing nmethod 0x0298bc48
Event: 162900.316 Thread 0x2594d000 flushing nmethod 0x02990f48
Event: 162901.401 Thread 0x2594d000 flushing nmethod 0x027e4988
Event: 162902.625 Executing VM operation: GenCollectForAllocation
Event: 162902.626 Executing VM operation: GenCollectForAllocation done
Event: 162903.799 Thread 0x2594d000 flushing nmethod 0x028573c8
Event: 162903.799 Thread 0x2594d000 flushing nmethod 0x028c8e48
Event: 162903.833 Thread 0x2594d000 flushing nmethod 0x02ab14c8


Dynamic libraries:
0x00130000 - 0x00163000 	C:\Arduino\java\bin\javaw.exe
0x77890000 - 0x77a20000 	C:\WINDOWS\SYSTEM32\ntdll.dll
0x747d0000 - 0x748b0000 	C:\WINDOWS\System32\KERNEL32.DLL
0x74a80000 - 0x74c64000 	C:\WINDOWS\System32\KERNELBASE.dll
0x77350000 - 0x773c8000 	C:\WINDOWS\System32\ADVAPI32.dll
0x77570000 - 0x7762f000 	C:\WINDOWS\System32\msvcrt.dll
0x75930000 - 0x75974000 	C:\WINDOWS\System32\sechost.dll
0x75870000 - 0x75930000 	C:\WINDOWS\System32\RPCRT4.dll
0x74150000 - 0x74170000 	C:\WINDOWS\System32\SspiCli.dll
0x74140000 - 0x7414a000 	C:\WINDOWS\System32\CRYPTBASE.dll
0x77630000 - 0x77688000 	C:\WINDOWS\System32\bcryptPrimitives.dll
0x752a0000 - 0x7542d000 	C:\WINDOWS\System32\USER32.dll
0x741f0000 - 0x74207000 	C:\WINDOWS\System32\win32u.dll
0x744b0000 - 0x744d2000 	C:\WINDOWS\System32\GDI32.dll
0x744e0000 - 0x74644000 	C:\WINDOWS\System32\gdi32full.dll
0x74310000 - 0x7438d000 	C:\WINDOWS\System32\msvcp_win.dll
0x74390000 - 0x744ae000 	C:\WINDOWS\System32\ucrtbase.dll
0x700d0000 - 0x702d4000 	C:\WINDOWS\WinSxS\x86_microsoft.windows.common-controls_6595b64144ccf1df_6.0.17134.345_none_42efd13044e18c5e\COMCTL32.dll
0x770f0000 - 0x7734c000 	C:\WINDOWS\System32\combase.dll
0x76f40000 - 0x76f66000 	C:\WINDOWS\System32\IMM32.DLL
0x6aab0000 - 0x6ab6f000 	C:\Arduino\java\bin\msvcr100.dll
0x576f0000 - 0x57ac1000 	C:\Arduino\java\bin\client\jvm.dll
0x77790000 - 0x77796000 	C:\WINDOWS\System32\PSAPI.DLL
0x726e0000 - 0x726e8000 	C:\WINDOWS\SYSTEM32\WSOCK32.dll
0x72b90000 - 0x72b98000 	C:\WINDOWS\SYSTEM32\VERSION.dll
0x76ed0000 - 0x76f37000 	C:\WINDOWS\System32\WS2_32.dll
0x71e40000 - 0x71e64000 	C:\WINDOWS\SYSTEM32\WINMM.dll
0x71e10000 - 0x71e33000 	C:\WINDOWS\SYSTEM32\WINMMBASE.dll
0x746b0000 - 0x746e9000 	C:\WINDOWS\System32\cfgmgr32.dll
0x71fe0000 - 0x72010000 	C:\Arduino\java\bin\splashscreen.dll
0x70620000 - 0x7069c000 	C:\WINDOWS\system32\uxtheme.dll
0x70360000 - 0x7036c000 	C:\Arduino\java\bin\verify.dll
0x70060000 - 0x70082000 	C:\Arduino\java\bin\java.dll
0x76d80000 - 0x76ec4000 	C:\WINDOWS\System32\MSCTF.dll
0x77050000 - 0x770e6000 	C:\WINDOWS\System32\OLEAUT32.dll
0x6aa90000 - 0x6aaa4000 	C:\Arduino\java\bin\zip.dll
0x74c70000 - 0x74c7f000 	C:\WINDOWS\System32\kernel.appcore.dll
0x5a080000 - 0x5a0fd000 	C:\WINDOWS\System32\TextInputFramework.dll
0x59d90000 - 0x59fed000 	C:\WINDOWS\System32\CoreUIComponents.dll
0x59ff0000 - 0x5a07b000 	C:\WINDOWS\System32\CoreMessaging.dll
0x74270000 - 0x742f8000 	C:\WINDOWS\System32\SHCORE.dll
0x72040000 - 0x72069000 	C:\WINDOWS\SYSTEM32\ntmarta.dll
0x6ff10000 - 0x6ffe6000 	C:\WINDOWS\SYSTEM32\wintypes.dll
0x705c0000 - 0x705e3000 	C:\WINDOWS\system32\dwmapi.dll
0x759a0000 - 0x76cea000 	C:\WINDOWS\System32\SHELL32.dll
0x74ce0000 - 0x75299000 	C:\WINDOWS\System32\windows.storage.dll
0x74a20000 - 0x74a65000 	C:\WINDOWS\System32\shlwapi.dll
0x741d0000 - 0x741e8000 	C:\WINDOWS\System32\profapi.dll
0x74210000 - 0x74255000 	C:\WINDOWS\System32\powrprof.dll
0x75860000 - 0x75868000 	C:\WINDOWS\System32\FLTLIB.DLL
0x61740000 - 0x6176b000 	C:\Arduino\lib\listSerialsj.dll
0x75430000 - 0x7585b000 	C:\WINDOWS\System32\SETUPAPI.dll
0x6aa70000 - 0x6aa8d000 	C:\Arduino\lib\jnidispatch-4.2.2-win32-x86.dll
0x77690000 - 0x7778c000 	C:\WINDOWS\System32\Ole32.dll
0x6aa50000 - 0x6aa65000 	C:\Arduino\java\bin\net.dll
0x73430000 - 0x73486000 	C:\WINDOWS\system32\mswsock.dll
0x70050000 - 0x7005f000 	C:\Arduino\java\bin\nio.dll
0x575a0000 - 0x576e5000 	C:\Arduino\java\bin\awt.dll
0x72c70000 - 0x72d0d000 	C:\WINDOWS\SYSTEM32\apphelp.dll
0x6aa10000 - 0x6aa49000 	C:\Arduino\java\bin\fontmanager.dll
0x5d120000 - 0x5d1f9000 	C:\WINDOWS\system32\opengl32.dll
0x6a9d0000 - 0x6aa0f000 	C:\WINDOWS\SYSTEM32\GLU32.dll
0x6a990000 - 0x6a9c2000 	C:\Arduino\java\bin\t2k.dll
0x71970000 - 0x71992000 	C:\WINDOWS\SYSTEM32\DEVOBJ.dll
0x77000000 - 0x77047000 	C:\WINDOWS\System32\WINTRUST.dll
0x74260000 - 0x7426e000 	C:\WINDOWS\System32\MSASN1.dll
0x773d0000 - 0x77566000 	C:\WINDOWS\System32\CRYPT32.dll
0x72db0000 - 0x72de0000 	C:\WINDOWS\SYSTEM32\IPHLPAPI.DLL
0x74300000 - 0x74307000 	C:\WINDOWS\System32\NSI.dll
0x733f0000 - 0x73403000 	C:\WINDOWS\SYSTEM32\dhcpcsvc6.DLL
0x72d90000 - 0x72da4000 	C:\WINDOWS\SYSTEM32\dhcpcsvc.DLL
0x72290000 - 0x7231e000 	C:\WINDOWS\SYSTEM32\DNSAPI.dll
0x72170000 - 0x72178000 	C:\Windows\System32\rasadhlp.dll
0x72d40000 - 0x72d8f000 	C:\WINDOWS\System32\fwpuclnt.dll
0x733d0000 - 0x733e9000 	C:\WINDOWS\SYSTEM32\bcrypt.dll
0x6a740000 - 0x6a7a9000 	C:\Arduino\msvcp100.dll
0x574e0000 - 0x5759e000 	C:\Arduino\msvcr100.dll
0x2a6f0000 - 0x2a722000 	C:\Arduino\lib\AStylej.dll
0x6a6d0000 - 0x6a6f4000 	C:\Arduino\java\bin\dcpr.dll
0x76f70000 - 0x76ff3000 	C:\WINDOWS\System32\clbcatq.dll
0x65dd0000 - 0x65f41000 	C:\WINDOWS\SYSTEM32\WindowsCodecs.dll
0x6d260000 - 0x6d2af000 	C:\WINDOWS\system32\dataexchange.dll
0x6c430000 - 0x6c56c000 	C:\WINDOWS\system32\dcomp.dll
0x6bd10000 - 0x6bf62000 	C:\WINDOWS\system32\d3d11.dll
0x6c390000 - 0x6c428000 	C:\WINDOWS\system32\dxgi.dll
0x6c820000 - 0x6c985000 	C:\WINDOWS\system32\twinapi.appcore.dll
0x6d6c0000 - 0x6d6da000 	C:\WINDOWS\system32\RMCLIENT.dll
0x64000000 - 0x6401b000 	C:\Users\nigam4\.jssc\windows\jSSC-2.8_x86.dll

VM Arguments:
jvm_args: -Dsun.java2d.d3d=false -Djna.nosys=true -Djna.nounpack=true -Djna.boot.library.name=jnidispatch-4.2.2-win32-x86 -Djna.boot.library.path=C:\Arduino/lib -Djssc.library.path=C:\Arduino/lib -DAPP_DIR=C:\Arduino -Xms128M -Xmx512M 
java_command: processing.app.Base X:\Microgrid testbed - work\ComEd_2018\Islanded\Node9_modbus\Node9_modbus.ino
java_class_path (initial): C:\Arduino\lib\apple.jar;C:\Arduino\lib\arduino-core.jar;C:\Arduino\lib\batik-1.8.jar;C:\Arduino\lib\batik-anim-1.8.jar;C:\Arduino\lib\batik-awt-util-1.8.jar;C:\Arduino\lib\batik-bridge-1.8.jar;C:\Arduino\lib\batik-codec-1.8.jar;C:\Arduino\lib\batik-css-1.8.jar;C:\Arduino\lib\batik-dom-1.8.jar;C:\Arduino\lib\batik-ext-1.8.jar;C:\Arduino\lib\batik-gvt-1.8.jar;C:\Arduino\lib\batik-parser-1.8.jar;C:\Arduino\lib\batik-rasterizer-1.8.jar;C:\Arduino\lib\batik-script-1.8.jar;C:\Arduino\lib\batik-squiggle-1.8.jar;C:\Arduino\lib\batik-svg-dom-1.8.jar;C:\Arduino\lib\batik-svgpp-1.8.jar;C:\Arduino\lib\batik-transcoder-1.8.jar;C:\Arduino\lib\batik-util-1.8.jar;C:\Arduino\lib\batik-xml-1.8.jar;C:\Arduino\lib\bcpg-jdk15on-152.jar;C:\Arduino\lib\bcprov-jdk15on-152.jar;C:\Arduino\lib\commons-codec-1.7.jar;C:\Arduino\lib\commons-compress-1.8.jar;C:\Arduino\lib\commons-exec-1.1.jar;C:\Arduino\lib\commons-httpclient-3.1.jar;C:\Arduino\lib\commons-lang3-3.3.2.jar;C:\Arduino\lib\commons-logging-1.0.4.jar;C:\Arduino\lib\commons-net-3.3.jar;C:\Arduino\lib\jackson-annotations-2.9.5.jar;C:\Arduino\lib\jackson-core-2.9.5.jar;C:\Arduino\lib\jackson-databind-2.9.5.jar;C:\Arduino\lib\jackson-module-mrbean-2.9.5.jar;C:\Arduino\lib\java-semver-0.8.0.jar;C:\Arduino\lib\jmdns-3.5.3.jar;C:\Arduino\lib\slf4j-simple-1.7.22.jar;C:\Arduino\lib\slf4j-api-1.7.22.jar;C:\Arduino\lib\jna-4.2.2.jar;C:\Arduino\lib\jna-platform-4.2.2.jar;C:\Arduino\lib\jsch-0.1.50.jar;C:\Arduino\lib\jssc-2.8.0-arduino2.jar;C:\Arduino\lib\pde.jar;C:\Arduino\lib\rsyntaxtextarea-2.6.1.jar;C:\Arduino\lib\xml-apis-1.3.04.jar;C:\Arduino\lib\xml-apis-ext-1.3.04.jar;C:\Arduino\lib\xmlgraphics-commons-2.0.jar
Launcher Type: SUN_STANDARD

Environment Variables:
PATH=C:\ProgramData\Oracle\Java\javapath;C:\WINDOWS\system32;C:\WINDOWS;C:\WINDOWS\System32\Wbem;C:\WINDOWS\System32\WindowsPowerShell\v1.0\;C:\Program Files (x86)\PuTTY\;C:\Program Files\MATLAB\R2017a\runtime\win64;C:\Program Files\MATLAB\R2017a\bin;C:\Program Files (x86)\MATLAB\MATLAB Compiler Runtime\v79\runtime\win32;C:\Program Files (x86)\IVI Foundation\VISA\WinNT\Bin\;C:\Program Files\IVI Foundation\VISA\Win64\Bin\;C:\Program Files (x86)\IVI Foundation\VISA\WinNT\Bin;C:\WINDOWS\System32\OpenSSH\;C:\Typhoon HIL Control Center\bin\;C:\Users\nigam4\AppData\Local\Microsoft\WindowsApps;;C:\Arduino\java\bin
USERNAME=nigam4
OS=Windows_NT
PROCESSOR_IDENTIFIER=Intel64 Family 6 Model 158 Stepping 9, GenuineIntel



---------------  S Y S T E M  ---------------

OS: Windows 10.0 , 64 bit Build 17134 (10.0.17134.1)

CPU:total 8 (initial active 8) (4 cores per cpu, 2 threads per core) family 6 model 158 stepping 9, cmov, cx8, fxsr, mmx, sse, sse2, sse3, ssse3, sse4.1, sse4.2, popcnt, avx, avx2, aes, clmul, erms, rtm, 3dnowpref, lzcnt, ht, tsc, tscinvbit, bmi1, bmi2, adx

Memory: 4k page, physical 16666376k(9647412k free), swap 27393688k(15333520k free)

vm_info: Java HotSpot(TM) Client VM (25.171-b11) for windows-x86 JRE (1.8.0_171-b11), built on Mar 28 2018 14:51:22 by "java_re" with MS VC++ 10.0 (VS2010)

time: Sun Oct 28 06:00:33 2018
elapsed time: 162904 seconds (1d 21h 15m 4s)

