#
# A fatal error has been detected by the Java Runtime Environment:
#
#  EXCEPTION_ACCESS_VIOLATION (0xc0000005) at pc=0x617484fb, pid=19088, tid=0x00005444
#
# JRE version: Java(TM) SE Runtime Environment (8.0_171-b11) (build 1.8.0_171-b11)
# Java VM: Java HotSpot(TM) Client VM (25.171-b11 mixed mode windows-x86 )
# Problematic frame:
# C  [listSerialsj.dll+0x84fb]
#
# Failed to write core dump. Minidumps are not enabled by default on client versions of Windows
#
# If you would like to submit a bug report, please visit:
#   http://bugreport.java.com/bugreport/crash.jsp
# The crash happened outside the Java Virtual Machine in native code.
# See problematic frame for where to report the bug.
#

---------------  T H R E A D  ---------------

Current thread (0x2915f400):  JavaThread "cc.arduino.packages.discoverers.serial.SerialBoardsLister" [_thread_in_native, id=21572, stack(0x29d10000,0x29d60000)]

siginfo: ExceptionCode=0xc0000005, writing address 0x0000004d

Registers:
EAX=0x00000000, EBX=0x00000000, ECX=0x24e5a95f, EDX=0x00000000
ESP=0x29d5ecd0, EBP=0x29d5ecf8, ESI=0x0000004d, EDI=0x747e6840
EIP=0x617484fb, EFLAGS=0x00010246

Top of Stack: (sp=0x29d5ecd0)
0x29d5ecd0:   747e1210 000009dc 00220414 29bd2f98
0x29d5ece0:   000000a2 29bd2f90 000000a2 6111df90
0x29d5ecf0:   00000012 29d5ed58 29d5eea8 61748927
0x29d5ed00:   000009dc 00220414 29bd2f90 000000a2
0x29d5ed10:   29bd2f90 000000a2 29d5ed58 00000000
0x29d5ed20:   29bd2f90 0000001a 00000000 00000000
0x29d5ed30:   6174d9ef 000009dc 747e1190 29bd6640
0x29d5ed40:   00000000 00000000 00000000 0000004c 

Instructions: (pc=0x617484fb)
0x617484db:   ff ff ff 89 54 24 08 89 c3 89 44 24 10 c7 44 24
0x617484eb:   04 00 00 00 00 c7 04 24 e9 fd 00 00 ff d7 89 d8
0x617484fb:   c6 04 33 00 83 ec 20 8d 65 f4 5b 5e 5f 5d c3 8d
0x6174850b:   b6 00 00 00 00 55 89 e5 57 56 89 d6 53 bb 0b 01 


Register to memory mapping:

EAX=0x00000000 is an unknown value
EBX=0x00000000 is an unknown value
ECX=0x24e5a95f is an unknown value
EDX=0x00000000 is an unknown value
ESP=0x29d5ecd0 is pointing into the stack for thread: 0x2915f400
EBP=0x29d5ecf8 is pointing into the stack for thread: 0x2915f400
ESI=0x0000004d is an unknown value
EDI=0x747e6840 is an unknown value


Stack: [0x29d10000,0x29d60000],  sp=0x29d5ecd0,  free space=315k
Native frames: (J=compiled Java code, j=interpreted, Vv=VM code, C=native code)
C  [listSerialsj.dll+0x84fb]
C  [listSerialsj.dll+0x8927]
C  [listSerialsj.dll+0x94cc]
C  [listSerialsj.dll+0x2216]

Java frames: (J=compiled Java code, j=interpreted, Vv=VM code)
J 2795  processing.app.Platform.listSerialsNative()[Ljava/lang/String; (0 bytes) @ 0x0286494f [0x02864910+0x3f]
j  processing.app.Platform.listSerials()Ljava/util/List;+5
j  cc.arduino.packages.discoverers.serial.SerialBoardsLister.retriggerDiscovery(Z)V+22
j  cc.arduino.packages.discoverers.serial.SerialBoardsLister.run()V+9
J 2573% C1 java.util.TimerThread.mainLoop()V (232 bytes) @ 0x0271d1d4 [0x0271cda0+0x434]
j  java.util.TimerThread.run()V+1
v  ~StubRoutines::call_stub

---------------  P R O C E S S  ---------------

Java Threads: ( => current thread )
  0x29373800 JavaThread "EventThread COM9" [_thread_in_native, id=7968, stack(0x28880000,0x288d0000)]
  0x29375c00 JavaThread "JmDNS(ECEB-4076-15-ad-uillinois-edu.local.).State.Timer" [_thread_blocked, id=3256, stack(0x27220000,0x27270000)]
  0x29370c00 JavaThread "JmDNS(ECEB-4076-15-ad-uillinois-edu.local.).Timer" daemon [_thread_blocked, id=8796, stack(0x04720000,0x04770000)]
  0x29372c00 JavaThread "SocketListener(ECEB-4076-15-ad-uillinois-edu.local.)" daemon [_thread_in_native, id=14344, stack(0x046d0000,0x04720000)]
  0x29372000 JavaThread "DestroyJavaVM" [_thread_blocked, id=16848, stack(0x02530000,0x02580000)]
  0x2936f800 JavaThread "TimerQueue" daemon [_thread_blocked, id=7296, stack(0x2b190000,0x2b1e0000)]
  0x29370000 JavaThread "JmDNS(ECEB-4076-15-ad-uillinois-edu.local.).State.Timer" [_thread_blocked, id=16864, stack(0x2abd0000,0x2ac20000)]
  0x29376400 JavaThread "JmDNS(ECEB-4076-15-ad-uillinois-edu.local.).Timer" daemon [_thread_blocked, id=21284, stack(0x2ab40000,0x2ab90000)]
  0x29371800 JavaThread "SocketListener(ECEB-4076-15-ad-uillinois-edu.local.)" daemon [_thread_in_native, id=20128, stack(0x2aab0000,0x2ab00000)]
  0x29372400 JavaThread "JmDNS(ECEB-4076-15-ad-uillinois-edu.local.).State.Timer" [_thread_blocked, id=15700, stack(0x2a920000,0x2a970000)]
  0x2936f400 JavaThread "JmDNS(ECEB-4076-15-ad-uillinois-edu.local.).Timer" daemon [_thread_blocked, id=20096, stack(0x2a890000,0x2a8e0000)]
  0x2915b400 JavaThread "SocketListener(ECEB-4076-15-ad-uillinois-edu.local.)" daemon [_thread_in_native, id=8332, stack(0x2a800000,0x2a850000)]
  0x2915c800 JavaThread "Batik CleanerThread" daemon [_thread_blocked, id=21492, stack(0x2a3e0000,0x2a430000)]
  0x2915dc00 JavaThread "AWT-EventQueue-0" [_thread_blocked, id=9652, stack(0x2a1e0000,0x2a230000)]
  0x2915e800 JavaThread "AWT-Shutdown" [_thread_blocked, id=18664, stack(0x26700000,0x26750000)]
  0x2915e000 JavaThread "JmDNS(ECEB-4076-15-ad-uillinois-edu.local.).State.Timer" [_thread_blocked, id=18596, stack(0x29fc0000,0x2a010000)]
  0x2915bc00 JavaThread "JmDNS(ECEB-4076-15-ad-uillinois-edu.local.).Timer" daemon [_thread_blocked, id=22152, stack(0x29f30000,0x29f80000)]
  0x2915b000 JavaThread "SocketListener(ECEB-4076-15-ad-uillinois-edu.local.)" daemon [_thread_in_native, id=1440, stack(0x29ea0000,0x29ef0000)]
  0x2915d400 JavaThread "Multihomed mDNS.Timer" daemon [_thread_blocked, id=15556, stack(0x29af0000,0x29b40000)]
=>0x2915f400 JavaThread "cc.arduino.packages.discoverers.serial.SerialBoardsLister" [_thread_in_native, id=21572, stack(0x29d10000,0x29d60000)]
  0x26282000 JavaThread "AWT-Windows" daemon [_thread_in_native, id=21816, stack(0x26790000,0x267e0000)]
  0x26280800 JavaThread "Java2D Disposer" daemon [_thread_blocked, id=1540, stack(0x26670000,0x266c0000)]
  0x25998800 JavaThread "Service Thread" daemon [_thread_blocked, id=18964, stack(0x25f60000,0x25fb0000)]
  0x25991400 JavaThread "C1 CompilerThread0" daemon [_thread_blocked, id=8016, stack(0x25ed0000,0x25f20000)]
  0x2598f400 JavaThread "Attach Listener" daemon [_thread_blocked, id=18820, stack(0x25e40000,0x25e90000)]
  0x2598d400 JavaThread "Signal Dispatcher" daemon [_thread_blocked, id=17120, stack(0x25db0000,0x25e00000)]
  0x2597a800 JavaThread "Finalizer" daemon [_thread_blocked, id=17500, stack(0x25c30000,0x25c80000)]
  0x25964c00 JavaThread "Reference Handler" daemon [_thread_blocked, id=17688, stack(0x25ba0000,0x25bf0000)]

Other Threads:
  0x0235e400 VMThread [stack: 0x047b0000,0x04800000] [id=21788]
  0x2599c000 WatcherThread [stack: 0x25ff0000,0x26040000] [id=13496]

VM state:not at safepoint (normal execution)

VM Mutex/Monitor currently owned by a thread: None

Heap:
 def new generation   total 39424K, used 26960K [0x04800000, 0x072c0000, 0x0f2a0000)
  eden space 35072K,  76% used [0x04800000, 0x062169b0, 0x06a40000)
  from space 4352K,   5% used [0x06e80000, 0x06ebd8d0, 0x072c0000)
  to   space 4352K,   0% used [0x06a40000, 0x06a40000, 0x06e80000)
 tenured generation   total 87424K, used 46416K [0x0f2a0000, 0x14800000, 0x24800000)
   the space 87424K,  53% used [0x0f2a0000, 0x11ff4090, 0x11ff4200, 0x14800000)
 Metaspace       used 18997K, capacity 19525K, committed 19840K, reserved 19840K

Card table byte_map: [0x24800000,0x24910000] byte_map_base: 0x247dc000

Polling page: 0x002f0000

CodeCache: size=32768Kb used=1687Kb max_used=4347Kb free=31080Kb
 bounds [0x02630000, 0x02a70000, 0x04630000]
 total_blobs=1042 nmethods=768 adapters=204
 compilation: enabled

Compilation events (10 events):
Event: 162441.077 Thread 0x25991400 82586             java.util.LinkedHashMap$LinkedHashIterator::hasNext (13 bytes)
Event: 162441.077 Thread 0x25991400 nmethod 82586 0x026f6908 code [0x026f6a00, 0x026f6a90]
Event: 162441.077 Thread 0x25991400 82587             java.util.LinkedHashMap$LinkedHashIterator::nextNode (54 bytes)
Event: 162441.077 Thread 0x25991400 nmethod 82587 0x0283e108 code [0x0283e220, 0x0283e3a8]
Event: 162441.077 Thread 0x25991400 82588             java.util.LinkedHashMap$LinkedKeyIterator::next (8 bytes)
Event: 162441.077 Thread 0x25991400 nmethod 82588 0x0274bc48 code [0x0274bd50, 0x0274bdec]
Event: 162443.014 Thread 0x25991400 82589             java.net.Inet4Address::isLinkLocalAddress (42 bytes)
Event: 162443.014 Thread 0x25991400 nmethod 82589 0x0271b048 code [0x0271b140, 0x0271b210]
Event: 162443.477 Thread 0x25991400 82590  s          java.net.DatagramPacket::setLength (51 bytes)
Event: 162443.477 Thread 0x25991400 nmethod 82590 0x02974b88 code [0x02974c90, 0x02974eec]

GC Heap History (10 events):
Event: 161386.450 GC heap before
{Heap before GC invocations=1025 (full 2):
 def new generation   total 39424K, used 35348K [0x04800000, 0x072c0000, 0x0f2a0000)
  eden space 35072K, 100% used [0x04800000, 0x06a40000, 0x06a40000)
  from space 4352K,   6% used [0x06a40000, 0x06a852d0, 0x06e80000)
  to   space 4352K,   0% used [0x06e80000, 0x06e80000, 0x072c0000)
 tenured generation   total 87424K, used 46318K [0x0f2a0000, 0x14800000, 0x24800000)
   the space 87424K,  52% used [0x0f2a0000, 0x11fdbb58, 0x11fdbc00, 0x14800000)
 Metaspace       used 18997K, capacity 19525K, committed 19840K, reserved 19840K
Event: 161386.452 GC heap after
Heap after GC invocations=1026 (full 2):
 def new generation   total 39424K, used 255K [0x04800000, 0x072c0000, 0x0f2a0000)
  eden space 35072K,   0% used [0x04800000, 0x04800000, 0x06a40000)
  from space 4352K,   5% used [0x06e80000, 0x06ebff00, 0x072c0000)
  to   space 4352K,   0% used [0x06a40000, 0x06a40000, 0x06e80000)
 tenured generation   total 87424K, used 46334K [0x0f2a0000, 0x14800000, 0x24800000)
   the space 87424K,  53% used [0x0f2a0000, 0x11fdfb18, 0x11fdfc00, 0x14800000)
 Metaspace       used 18997K, capacity 19525K, committed 19840K, reserved 19840K
}
Event: 161594.704 GC heap before
{Heap before GC invocations=1026 (full 2):
 def new generation   total 39424K, used 35327K [0x04800000, 0x072c0000, 0x0f2a0000)
  eden space 35072K, 100% used [0x04800000, 0x06a40000, 0x06a40000)
  from space 4352K,   5% used [0x06e80000, 0x06ebff00, 0x072c0000)
  to   space 4352K,   0% used [0x06a40000, 0x06a40000, 0x06e80000)
 tenured generation   total 87424K, used 46334K [0x0f2a0000, 0x14800000, 0x24800000)
   the space 87424K,  53% used [0x0f2a0000, 0x11fdfb18, 0x11fdfc00, 0x14800000)
 Metaspace       used 18997K, capacity 19525K, committed 19840K, reserved 19840K
Event: 161594.706 GC heap after
Heap after GC invocations=1027 (full 2):
 def new generation   total 39424K, used 270K [0x04800000, 0x072c0000, 0x0f2a0000)
  eden space 35072K,   0% used [0x04800000, 0x04800000, 0x06a40000)
  from space 4352K,   6% used [0x06a40000, 0x06a83880, 0x06e80000)
  to   space 4352K,   0% used [0x06e80000, 0x06e80000, 0x072c0000)
 tenured generation   total 87424K, used 46366K [0x0f2a0000, 0x14800000, 0x24800000)
   the space 87424K,  53% used [0x0f2a0000, 0x11fe7bd8, 0x11fe7c00, 0x14800000)
 Metaspace       used 18997K, capacity 19525K, committed 19840K, reserved 19840K
}
Event: 161834.312 GC heap before
{Heap before GC invocations=1027 (full 2):
 def new generation   total 39424K, used 35342K [0x04800000, 0x072c0000, 0x0f2a0000)
  eden space 35072K, 100% used [0x04800000, 0x06a40000, 0x06a40000)
  from space 4352K,   6% used [0x06a40000, 0x06a83880, 0x06e80000)
  to   space 4352K,   0% used [0x06e80000, 0x06e80000, 0x072c0000)
 tenured generation   total 87424K, used 46366K [0x0f2a0000, 0x14800000, 0x24800000)
   the space 87424K,  53% used [0x0f2a0000, 0x11fe7bd8, 0x11fe7c00, 0x14800000)
 Metaspace       used 18997K, capacity 19525K, committed 19840K, reserved 19840K
Event: 161834.313 GC heap after
Heap after GC invocations=1028 (full 2):
 def new generation   total 39424K, used 248K [0x04800000, 0x072c0000, 0x0f2a0000)
  eden space 35072K,   0% used [0x04800000, 0x04800000, 0x06a40000)
  from space 4352K,   5% used [0x06e80000, 0x06ebe1b8, 0x072c0000)
  to   space 4352K,   0% used [0x06a40000, 0x06a40000, 0x06e80000)
 tenured generation   total 87424K, used 46385K [0x0f2a0000, 0x14800000, 0x24800000)
   the space 87424K,  53% used [0x0f2a0000, 0x11fec610, 0x11fec800, 0x14800000)
 Metaspace       used 18997K, capacity 19525K, committed 19840K, reserved 19840K
}
Event: 162052.058 GC heap before
{Heap before GC invocations=1028 (full 2):
 def new generation   total 39424K, used 35320K [0x04800000, 0x072c0000, 0x0f2a0000)
  eden space 35072K, 100% used [0x04800000, 0x06a40000, 0x06a40000)
  from space 4352K,   5% used [0x06e80000, 0x06ebe1b8, 0x072c0000)
  to   space 4352K,   0% used [0x06a40000, 0x06a40000, 0x06e80000)
 tenured generation   total 87424K, used 46385K [0x0f2a0000, 0x14800000, 0x24800000)
   the space 87424K,  53% used [0x0f2a0000, 0x11fec610, 0x11fec800, 0x14800000)
 Metaspace       used 18997K, capacity 19525K, committed 19840K, reserved 19840K
Event: 162052.060 GC heap after
Heap after GC invocations=1029 (full 2):
 def new generation   total 39424K, used 254K [0x04800000, 0x072c0000, 0x0f2a0000)
  eden space 35072K,   0% used [0x04800000, 0x04800000, 0x06a40000)
  from space 4352K,   5% used [0x06a40000, 0x06a7f9e0, 0x06e80000)
  to   space 4352K,   0% used [0x06e80000, 0x06e80000, 0x072c0000)
 tenured generation   total 87424K, used 46400K [0x0f2a0000, 0x14800000, 0x24800000)
   the space 87424K,  53% used [0x0f2a0000, 0x11ff0210, 0x11ff0400, 0x14800000)
 Metaspace       used 18997K, capacity 19525K, committed 19840K, reserved 19840K
}
Event: 162276.896 GC heap before
{Heap before GC invocations=1029 (full 2):
 def new generation   total 39424K, used 35326K [0x04800000, 0x072c0000, 0x0f2a0000)
  eden space 35072K, 100% used [0x04800000, 0x06a40000, 0x06a40000)
  from space 4352K,   5% used [0x06a40000, 0x06a7f9e0, 0x06e80000)
  to   space 4352K,   0% used [0x06e80000, 0x06e80000, 0x072c0000)
 tenured generation   total 87424K, used 46400K [0x0f2a0000, 0x14800000, 0x24800000)
   the space 87424K,  53% used [0x0f2a0000, 0x11ff0210, 0x11ff0400, 0x14800000)
 Metaspace       used 18997K, capacity 19525K, committed 19840K, reserved 19840K
Event: 162276.898 GC heap after
Heap after GC invocations=1030 (full 2):
 def new generation   total 39424K, used 246K [0x04800000, 0x072c0000, 0x0f2a0000)
  eden space 35072K,   0% used [0x04800000, 0x04800000, 0x06a40000)
  from space 4352K,   5% used [0x06e80000, 0x06ebd8d0, 0x072c0000)
  to   space 4352K,   0% used [0x06a40000, 0x06a40000, 0x06e80000)
 tenured generation   total 87424K, used 46416K [0x0f2a0000, 0x14800000, 0x24800000)
   the space 87424K,  53% used [0x0f2a0000, 0x11ff4090, 0x11ff4200, 0x14800000)
 Metaspace       used 18997K, capacity 19525K, committed 19840K, reserved 19840K
}

Deoptimization events (0 events):
No events

Classes redefined (0 events):
No events

Internal exceptions (10 events):
Event: 17035.790 Thread 0x29373800 Exception <a 'sun/nio/fs/WindowsException'> (0x05c26c48) thrown at [C:\re\workspace\8-2-build-windows-i586-cygwin\jdk8u171\10807\hotspot\src\share\vm\prims\jni.cpp, line 709]
Event: 17035.790 Thread 0x29373800 Exception <a 'sun/nio/fs/WindowsException'> (0x05c270b0) thrown at [C:\re\workspace\8-2-build-windows-i586-cygwin\jdk8u171\10807\hotspot\src\share\vm\prims\jni.cpp, line 709]
Event: 17035.791 Thread 0x29373800 Exception <a 'sun/nio/fs/WindowsException'> (0x05c36880) thrown at [C:\re\workspace\8-2-build-windows-i586-cygwin\jdk8u171\10807\hotspot\src\share\vm\prims\jni.cpp, line 709]
Event: 17035.791 Thread 0x29373800 Exception <a 'sun/nio/fs/WindowsException'> (0x05c36ce8) thrown at [C:\re\workspace\8-2-build-windows-i586-cygwin\jdk8u171\10807\hotspot\src\share\vm\prims\jni.cpp, line 709]
Event: 17035.792 Thread 0x29373800 Exception <a 'sun/nio/fs/WindowsException'> (0x05c48308) thrown at [C:\re\workspace\8-2-build-windows-i586-cygwin\jdk8u171\10807\hotspot\src\share\vm\prims\jni.cpp, line 709]
Event: 17035.792 Thread 0x29373800 Exception <a 'sun/nio/fs/WindowsException'> (0x05c48a00) thrown at [C:\re\workspace\8-2-build-windows-i586-cygwin\jdk8u171\10807\hotspot\src\share\vm\prims\jni.cpp, line 709]
Event: 17035.793 Thread 0x29373800 Exception <a 'sun/nio/fs/WindowsException'> (0x05c52a00) thrown at [C:\re\workspace\8-2-build-windows-i586-cygwin\jdk8u171\10807\hotspot\src\share\vm\prims\jni.cpp, line 709]
Event: 17035.793 Thread 0x29373800 Exception <a 'sun/nio/fs/WindowsException'> (0x05c530f8) thrown at [C:\re\workspace\8-2-build-windows-i586-cygwin\jdk8u171\10807\hotspot\src\share\vm\prims\jni.cpp, line 709]
Event: 17035.793 Thread 0x29373800 Exception <a 'sun/nio/fs/WindowsException'> (0x05c5ce68) thrown at [C:\re\workspace\8-2-build-windows-i586-cygwin\jdk8u171\10807\hotspot\src\share\vm\prims\jni.cpp, line 709]
Event: 17035.793 Thread 0x29373800 Exception <a 'sun/nio/fs/WindowsException'> (0x05c5d560) thrown at [C:\re\workspace\8-2-build-windows-i586-cygwin\jdk8u171\10807\hotspot\src\share\vm\prims\jni.cpp, line 709]

Events (10 events):
Event: 162441.075 Thread 0x25991400 flushing nmethod 0x027210c8
Event: 162441.076 Thread 0x25991400 flushing nmethod 0x0274bc08
Event: 162441.076 Thread 0x25991400 flushing nmethod 0x0274c288
Event: 162441.076 Thread 0x25991400 flushing nmethod 0x027f9088
Event: 162441.076 Thread 0x25991400 flushing nmethod 0x0283e108
Event: 162441.076 Thread 0x25991400 flushing nmethod 0x02850908
Event: 162441.076 Thread 0x25991400 flushing nmethod 0x0286dc48
Event: 162441.076 Thread 0x25991400 flushing nmethod 0x0287a388
Event: 162441.076 Thread 0x25991400 flushing nmethod 0x02971f48
Event: 162443.477 Thread 0x25991400 flushing nmethod 0x02749a08


Dynamic libraries:
0x00130000 - 0x00163000 	C:\Arduino\java\bin\javaw.exe
0x77890000 - 0x77a20000 	C:\WINDOWS\SYSTEM32\ntdll.dll
0x747d0000 - 0x748b0000 	C:\WINDOWS\System32\KERNEL32.DLL
0x74a80000 - 0x74c64000 	C:\WINDOWS\System32\KERNELBASE.dll
0x77350000 - 0x773c8000 	C:\WINDOWS\System32\ADVAPI32.dll
0x77570000 - 0x7762f000 	C:\WINDOWS\System32\msvcrt.dll
0x75930000 - 0x75974000 	C:\WINDOWS\System32\sechost.dll
0x75870000 - 0x75930000 	C:\WINDOWS\System32\RPCRT4.dll
0x74150000 - 0x74170000 	C:\WINDOWS\System32\SspiCli.dll
0x74140000 - 0x7414a000 	C:\WINDOWS\System32\CRYPTBASE.dll
0x77630000 - 0x77688000 	C:\WINDOWS\System32\bcryptPrimitives.dll
0x752a0000 - 0x7542d000 	C:\WINDOWS\System32\USER32.dll
0x741f0000 - 0x74207000 	C:\WINDOWS\System32\win32u.dll
0x744b0000 - 0x744d2000 	C:\WINDOWS\System32\GDI32.dll
0x744e0000 - 0x74644000 	C:\WINDOWS\System32\gdi32full.dll
0x74310000 - 0x7438d000 	C:\WINDOWS\System32\msvcp_win.dll
0x74390000 - 0x744ae000 	C:\WINDOWS\System32\ucrtbase.dll
0x700d0000 - 0x702d4000 	C:\WINDOWS\WinSxS\x86_microsoft.windows.common-controls_6595b64144ccf1df_6.0.17134.345_none_42efd13044e18c5e\COMCTL32.dll
0x770f0000 - 0x7734c000 	C:\WINDOWS\System32\combase.dll
0x76f40000 - 0x76f66000 	C:\WINDOWS\System32\IMM32.DLL
0x6aab0000 - 0x6ab6f000 	C:\Arduino\java\bin\msvcr100.dll
0x576f0000 - 0x57ac1000 	C:\Arduino\java\bin\client\jvm.dll
0x77790000 - 0x77796000 	C:\WINDOWS\System32\PSAPI.DLL
0x726e0000 - 0x726e8000 	C:\WINDOWS\SYSTEM32\WSOCK32.dll
0x71e40000 - 0x71e64000 	C:\WINDOWS\SYSTEM32\WINMM.dll
0x72b90000 - 0x72b98000 	C:\WINDOWS\SYSTEM32\VERSION.dll
0x76ed0000 - 0x76f37000 	C:\WINDOWS\System32\WS2_32.dll
0x71e10000 - 0x71e33000 	C:\WINDOWS\SYSTEM32\winmmbase.dll
0x746b0000 - 0x746e9000 	C:\WINDOWS\System32\cfgmgr32.dll
0x71fe0000 - 0x72010000 	C:\Arduino\java\bin\splashscreen.dll
0x70620000 - 0x7069c000 	C:\WINDOWS\system32\uxtheme.dll
0x70360000 - 0x7036c000 	C:\Arduino\java\bin\verify.dll
0x70060000 - 0x70082000 	C:\Arduino\java\bin\java.dll
0x76d80000 - 0x76ec4000 	C:\WINDOWS\System32\MSCTF.dll
0x77050000 - 0x770e6000 	C:\WINDOWS\System32\OLEAUT32.dll
0x6aa90000 - 0x6aaa4000 	C:\Arduino\java\bin\zip.dll
0x74c70000 - 0x74c7f000 	C:\WINDOWS\System32\kernel.appcore.dll
0x5a080000 - 0x5a0fd000 	C:\WINDOWS\System32\TextInputFramework.dll
0x59d90000 - 0x59fed000 	C:\WINDOWS\System32\CoreUIComponents.dll
0x59ff0000 - 0x5a07b000 	C:\WINDOWS\System32\CoreMessaging.dll
0x74270000 - 0x742f8000 	C:\WINDOWS\System32\SHCORE.dll
0x72040000 - 0x72069000 	C:\WINDOWS\SYSTEM32\ntmarta.dll
0x6ff10000 - 0x6ffe6000 	C:\WINDOWS\SYSTEM32\wintypes.dll
0x705c0000 - 0x705e3000 	C:\WINDOWS\system32\dwmapi.dll
0x759a0000 - 0x76cea000 	C:\WINDOWS\System32\SHELL32.dll
0x74ce0000 - 0x75299000 	C:\WINDOWS\System32\windows.storage.dll
0x74a20000 - 0x74a65000 	C:\WINDOWS\System32\shlwapi.dll
0x741d0000 - 0x741e8000 	C:\WINDOWS\System32\profapi.dll
0x74210000 - 0x74255000 	C:\WINDOWS\System32\powrprof.dll
0x75860000 - 0x75868000 	C:\WINDOWS\System32\FLTLIB.DLL
0x61740000 - 0x6176b000 	C:\Arduino\lib\listSerialsj.dll
0x75430000 - 0x7585b000 	C:\WINDOWS\System32\SETUPAPI.dll
0x6aa70000 - 0x6aa8d000 	C:\Arduino\lib\jnidispatch-4.2.2-win32-x86.dll
0x77690000 - 0x7778c000 	C:\WINDOWS\System32\Ole32.dll
0x6aa50000 - 0x6aa65000 	C:\Arduino\java\bin\net.dll
0x73430000 - 0x73486000 	C:\WINDOWS\system32\mswsock.dll
0x70050000 - 0x7005f000 	C:\Arduino\java\bin\nio.dll
0x575a0000 - 0x576e5000 	C:\Arduino\java\bin\awt.dll
0x72c70000 - 0x72d0d000 	C:\WINDOWS\SYSTEM32\apphelp.dll
0x6aa10000 - 0x6aa49000 	C:\Arduino\java\bin\fontmanager.dll
0x5d120000 - 0x5d1f9000 	C:\WINDOWS\system32\opengl32.dll
0x6a9d0000 - 0x6aa0f000 	C:\WINDOWS\SYSTEM32\GLU32.dll
0x6a990000 - 0x6a9c2000 	C:\Arduino\java\bin\t2k.dll
0x71970000 - 0x71992000 	C:\WINDOWS\SYSTEM32\DEVOBJ.dll
0x77000000 - 0x77047000 	C:\WINDOWS\System32\WINTRUST.dll
0x74260000 - 0x7426e000 	C:\WINDOWS\System32\MSASN1.dll
0x773d0000 - 0x77566000 	C:\WINDOWS\System32\CRYPT32.dll
0x72db0000 - 0x72de0000 	C:\WINDOWS\SYSTEM32\IPHLPAPI.DLL
0x74300000 - 0x74307000 	C:\WINDOWS\System32\NSI.dll
0x733f0000 - 0x73403000 	C:\WINDOWS\SYSTEM32\dhcpcsvc6.DLL
0x72d90000 - 0x72da4000 	C:\WINDOWS\SYSTEM32\dhcpcsvc.DLL
0x72290000 - 0x7231e000 	C:\WINDOWS\SYSTEM32\DNSAPI.dll
0x72170000 - 0x72178000 	C:\Windows\System32\rasadhlp.dll
0x72d40000 - 0x72d8f000 	C:\WINDOWS\System32\fwpuclnt.dll
0x733d0000 - 0x733e9000 	C:\WINDOWS\SYSTEM32\bcrypt.dll
0x6a740000 - 0x6a7a9000 	C:\Arduino\msvcp100.dll
0x574e0000 - 0x5759e000 	C:\Arduino\msvcr100.dll
0x2a230000 - 0x2a262000 	C:\Arduino\lib\AStylej.dll
0x6a6d0000 - 0x6a6f4000 	C:\Arduino\java\bin\dcpr.dll
0x76f70000 - 0x76ff3000 	C:\WINDOWS\System32\clbcatq.dll
0x65dd0000 - 0x65f41000 	C:\WINDOWS\SYSTEM32\WindowsCodecs.dll
0x6d260000 - 0x6d2af000 	C:\WINDOWS\system32\dataexchange.dll
0x6bd10000 - 0x6bf62000 	C:\WINDOWS\system32\d3d11.dll
0x6c430000 - 0x6c56c000 	C:\WINDOWS\system32\dcomp.dll
0x6c390000 - 0x6c428000 	C:\WINDOWS\system32\dxgi.dll
0x6c820000 - 0x6c985000 	C:\WINDOWS\system32\twinapi.appcore.dll
0x6d6c0000 - 0x6d6da000 	C:\WINDOWS\system32\RMCLIENT.dll
0x64000000 - 0x6401b000 	C:\Users\nigam4\.jssc\windows\jSSC-2.8_x86.dll

VM Arguments:
jvm_args: -Dsun.java2d.d3d=false -Djna.nosys=true -Djna.nounpack=true -Djna.boot.library.name=jnidispatch-4.2.2-win32-x86 -Djna.boot.library.path=C:\Arduino/lib -Djssc.library.path=C:\Arduino/lib -DAPP_DIR=C:\Arduino -Xms128M -Xmx512M 
java_command: processing.app.Base X:\Microgrid testbed - work\ComEd_2018\Islanded\Node13_modbus\Node13_modbus.ino
java_class_path (initial): C:\Arduino\lib\apple.jar;C:\Arduino\lib\arduino-core.jar;C:\Arduino\lib\batik-1.8.jar;C:\Arduino\lib\batik-anim-1.8.jar;C:\Arduino\lib\batik-awt-util-1.8.jar;C:\Arduino\lib\batik-bridge-1.8.jar;C:\Arduino\lib\batik-codec-1.8.jar;C:\Arduino\lib\batik-css-1.8.jar;C:\Arduino\lib\batik-dom-1.8.jar;C:\Arduino\lib\batik-ext-1.8.jar;C:\Arduino\lib\batik-gvt-1.8.jar;C:\Arduino\lib\batik-parser-1.8.jar;C:\Arduino\lib\batik-rasterizer-1.8.jar;C:\Arduino\lib\batik-script-1.8.jar;C:\Arduino\lib\batik-squiggle-1.8.jar;C:\Arduino\lib\batik-svg-dom-1.8.jar;C:\Arduino\lib\batik-svgpp-1.8.jar;C:\Arduino\lib\batik-transcoder-1.8.jar;C:\Arduino\lib\batik-util-1.8.jar;C:\Arduino\lib\batik-xml-1.8.jar;C:\Arduino\lib\bcpg-jdk15on-152.jar;C:\Arduino\lib\bcprov-jdk15on-152.jar;C:\Arduino\lib\commons-codec-1.7.jar;C:\Arduino\lib\commons-compress-1.8.jar;C:\Arduino\lib\commons-exec-1.1.jar;C:\Arduino\lib\commons-httpclient-3.1.jar;C:\Arduino\lib\commons-lang3-3.3.2.jar;C:\Arduino\lib\commons-logging-1.0.4.jar;C:\Arduino\lib\commons-net-3.3.jar;C:\Arduino\lib\jackson-annotations-2.9.5.jar;C:\Arduino\lib\jackson-core-2.9.5.jar;C:\Arduino\lib\jackson-databind-2.9.5.jar;C:\Arduino\lib\jackson-module-mrbean-2.9.5.jar;C:\Arduino\lib\java-semver-0.8.0.jar;C:\Arduino\lib\jmdns-3.5.3.jar;C:\Arduino\lib\slf4j-simple-1.7.22.jar;C:\Arduino\lib\slf4j-api-1.7.22.jar;C:\Arduino\lib\jna-4.2.2.jar;C:\Arduino\lib\jna-platform-4.2.2.jar;C:\Arduino\lib\jsch-0.1.50.jar;C:\Arduino\lib\jssc-2.8.0-arduino2.jar;C:\Arduino\lib\pde.jar;C:\Arduino\lib\rsyntaxtextarea-2.6.1.jar;C:\Arduino\lib\xml-apis-1.3.04.jar;C:\Arduino\lib\xml-apis-ext-1.3.04.jar;C:\Arduino\lib\xmlgraphics-commons-2.0.jar
Launcher Type: SUN_STANDARD

Environment Variables:
PATH=C:\ProgramData\Oracle\Java\javapath;C:\WINDOWS\system32;C:\WINDOWS;C:\WINDOWS\System32\Wbem;C:\WINDOWS\System32\WindowsPowerShell\v1.0\;C:\Program Files (x86)\PuTTY\;C:\Program Files\MATLAB\R2017a\runtime\win64;C:\Program Files\MATLAB\R2017a\bin;C:\Program Files (x86)\MATLAB\MATLAB Compiler Runtime\v79\runtime\win32;C:\Program Files (x86)\IVI Foundation\VISA\WinNT\Bin\;C:\Program Files\IVI Foundation\VISA\Win64\Bin\;C:\Program Files (x86)\IVI Foundation\VISA\WinNT\Bin;C:\WINDOWS\System32\OpenSSH\;C:\Typhoon HIL Control Center\bin\;C:\Users\nigam4\AppData\Local\Microsoft\WindowsApps;;C:\Arduino\java\bin
USERNAME=nigam4
OS=Windows_NT
PROCESSOR_IDENTIFIER=Intel64 Family 6 Model 158 Stepping 9, GenuineIntel



---------------  S Y S T E M  ---------------

OS: Windows 10.0 , 64 bit Build 17134 (10.0.17134.1)

CPU:total 8 (initial active 8) (4 cores per cpu, 2 threads per core) family 6 model 158 stepping 9, cmov, cx8, fxsr, mmx, sse, sse2, sse3, ssse3, sse4.1, sse4.2, popcnt, avx, avx2, aes, clmul, erms, rtm, 3dnowpref, lzcnt, ht, tsc, tscinvbit, bmi1, bmi2, adx

Memory: 4k page, physical 16666376k(5737388k free), swap 27393688k(10803172k free)

vm_info: Java HotSpot(TM) Client VM (25.171-b11) for windows-x86 JRE (1.8.0_171-b11), built on Mar 28 2018 14:51:22 by "java_re" with MS VC++ 10.0 (VS2010)

time: Sun Oct 28 05:54:16 2018
elapsed time: 162446 seconds (1d 21h 7m 26s)

