#
# A fatal error has been detected by the Java Runtime Environment:
#
#  EXCEPTION_ACCESS_VIOLATION (0xc0000005) at pc=0x619489b6, pid=6020, tid=0x00005c78
#
# JRE version: Java(TM) SE Runtime Environment (8.0_144-b01) (build 1.8.0_144-b01)
# Java VM: Java HotSpot(TM) Client VM (25.144-b01 mixed mode windows-x86 )
# Problematic frame:
# C  [listSerialsj.dll+0x89b6]
#
# Failed to write core dump. Minidumps are not enabled by default on client versions of Windows
#
# If you would like to submit a bug report, please visit:
#   http://bugreport.java.com/bugreport/crash.jsp
# The crash happened outside the Java Virtual Machine in native code.
# See problematic frame for where to report the bug.
#

---------------  T H R E A D  ---------------

Current thread (0x2913d400):  JavaThread "cc.arduino.packages.discoverers.serial.SerialBoardsLister" [_thread_in_native, id=23672, stack(0x28ca0000,0x28cf0000)]

siginfo: ExceptionCode=0xc0000005, writing address 0x0000004c

Registers:
EAX=0x00000000, EBX=0x00000000, ECX=0x67f551a3, EDX=0x00000000
ESP=0x28ceea20, EBP=0x7dd9ab60, ESI=0x0000004c, EDI=0x77376840
EIP=0x619489b6, EFLAGS=0x00010202

Top of Stack: (sp=0x28ceea20)
0x28ceea20:   0000fde9 00000000 7dd9ab60 ffffffff
0x28ceea30:   00000000 0000004c 00000000 00000000
0x28ceea40:   000000a0 7dd9ab58 000000a0 66748618
0x28ceea50:   00000888 00000001 28ceeab8 61948d53
0x28ceea60:   00000888 00220414 7dd9ab58 000000a0
0x28ceea70:   7dd9ab58 000000a0 28ceeab8 00000000
0x28ceea80:   00000000 77371190 28ceec6c 00000000
0x28ceea90:   58a94a38 00000004 00000000 7dd9ab58 

Instructions: (pc=0x619489b6)
0x61948996:   89 44 24 10 c7 44 24 0c ff ff ff ff c7 44 24 04
0x619489a6:   00 00 00 00 c7 04 24 e9 fd 00 00 ff d7 83 ec 20
0x619489b6:   c6 04 33 00 89 d8 83 c4 2c 5b 5e 5f 5d c3 8d b6
0x619489c6:   00 00 00 00 8d bf 00 00 00 00 57 56 89 ce 53 b9 


Register to memory mapping:

EAX=0x00000000 is an unknown value
EBX=0x00000000 is an unknown value
ECX=0x67f551a3 is an unknown value
EDX=0x00000000 is an unknown value
ESP=0x28ceea20 is pointing into the stack for thread: 0x2913d400
EBP=0x7dd9ab60 is an unknown value
ESI=0x0000004c is an unknown value
EDI=0x77376840 is an unknown value


Stack: [0x28ca0000,0x28cf0000],  sp=0x28ceea20,  free space=314k
Native frames: (J=compiled Java code, j=interpreted, Vv=VM code, C=native code)
C  [listSerialsj.dll+0x89b6]

Java frames: (J=compiled Java code, j=interpreted, Vv=VM code)
J 2163  processing.app.Platform.listSerialsNative()[Ljava/lang/String; (0 bytes) @ 0x02a3240f [0x02a323d0+0x3f]
J 2118 C1 cc.arduino.packages.discoverers.serial.SerialBoardsLister.retriggerDiscovery(Z)V (751 bytes) @ 0x02a1d8a4 [0x02a1d750+0x154]
J 2167 C1 cc.arduino.packages.discoverers.serial.SerialBoardsLister.run()V (13 bytes) @ 0x02a32d94 [0x02a32d50+0x44]
J 2175% C1 java.util.TimerThread.mainLoop()V (232 bytes) @ 0x02a35614 [0x02a351e0+0x434]
j  java.util.TimerThread.run()V+1
v  ~StubRoutines::call_stub

---------------  P R O C E S S  ---------------

Java Threads: ( => current thread )
  0x291a1c00 JavaThread "Timer-2" [_thread_blocked, id=18376, stack(0x00a20000,0x00a70000)]
  0x291a2800 JavaThread "DestroyJavaVM" [_thread_blocked, id=20656, stack(0x025e0000,0x02630000)]
  0x291a4800 JavaThread "TimerQueue" daemon [_thread_blocked, id=11452, stack(0x2b1a0000,0x2b1f0000)]
  0x291a5400 JavaThread "Batik CleanerThread" daemon [_thread_blocked, id=3528, stack(0x2a9e0000,0x2aa30000)]
  0x291a7400 JavaThread "AWT-EventQueue-0" [_thread_blocked, id=4844, stack(0x2a7d0000,0x2a820000)]
  0x291a8000 JavaThread "AWT-Shutdown" [_thread_blocked, id=5536, stack(0x2a740000,0x2a790000)]
  0x291a5000 JavaThread "Timer-0" [_thread_blocked, id=8484, stack(0x2a4b0000,0x2a500000)]
  0x29185800 JavaThread "JmDNS(ECEB-4076-14-ad-uillinois-edu.local.).State.Timer" daemon [_thread_blocked, id=19636, stack(0x2a420000,0x2a470000)]
  0x29183000 JavaThread "JmDNS(ECEB-4076-14-ad-uillinois-edu.local.).Timer" daemon [_thread_blocked, id=13396, stack(0x2a390000,0x2a3e0000)]
  0x29185400 JavaThread "SocketListener(ECEB-4076-14-ad-uillinois-edu.local.)" daemon [_thread_in_native, id=18524, stack(0x2a300000,0x2a350000)]
  0x29183400 JavaThread "JmDNS(ECEB-4076-14-ad-uillinois-edu.local.).State.Timer" daemon [_thread_blocked, id=14804, stack(0x2a270000,0x2a2c0000)]
  0x29186800 JavaThread "JmDNS(ECEB-4076-14-ad-uillinois-edu.local.).Timer" daemon [_thread_blocked, id=19488, stack(0x2a1e0000,0x2a230000)]
  0x29184c00 JavaThread "SocketListener(ECEB-4076-14-ad-uillinois-edu.local.)" daemon [_thread_in_native, id=15440, stack(0x2a150000,0x2a1a0000)]
  0x29184800 JavaThread "JmDNS(ECEB-4076-14-ad-uillinois-edu.local.).State.Timer" daemon [_thread_blocked, id=12996, stack(0x2a020000,0x2a070000)]
  0x29186000 JavaThread "JmDNS(ECEB-4076-14-ad-uillinois-edu.local.).Timer" daemon [_thread_blocked, id=20748, stack(0x29f90000,0x29fe0000)]
  0x29184000 JavaThread "SocketListener(ECEB-4076-14-ad-uillinois-edu.local.)" daemon [_thread_in_native, id=23432, stack(0x28a40000,0x28a90000)]
  0x2913d800 JavaThread "JmDNS(ECEB-4076-14-ad-uillinois-edu.local.).State.Timer" daemon [_thread_blocked, id=13412, stack(0x29c70000,0x29cc0000)]
  0x29153800 JavaThread "JmDNS(ECEB-4076-14-ad-uillinois-edu.local.).Timer" daemon [_thread_blocked, id=20076, stack(0x29bd0000,0x29c20000)]
  0x29153000 JavaThread "SocketListener(ECEB-4076-14-ad-uillinois-edu.local.)" daemon [_thread_in_native, id=23884, stack(0x29b40000,0x29b90000)]
  0x29156400 JavaThread "Multihomed mDNS.Timer" daemon [_thread_blocked, id=14244, stack(0x28cf0000,0x28d40000)]
=>0x2913d400 JavaThread "cc.arduino.packages.discoverers.serial.SerialBoardsLister" [_thread_in_native, id=23672, stack(0x28ca0000,0x28cf0000)]
  0x2644c800 JavaThread "AWT-Windows" daemon [_thread_in_native, id=3324, stack(0x26910000,0x26960000)]
  0x2644b400 JavaThread "Java2D Disposer" daemon [_thread_blocked, id=23136, stack(0x267f0000,0x26840000)]
  0x24dd2c00 JavaThread "Service Thread" daemon [_thread_blocked, id=12408, stack(0x260e0000,0x26130000)]
  0x24ddc400 JavaThread "C1 CompilerThread0" daemon [_thread_blocked, id=17052, stack(0x26050000,0x260a0000)]
  0x24dda800 JavaThread "Attach Listener" daemon [_thread_blocked, id=12336, stack(0x25fc0000,0x26010000)]
  0x24dd8800 JavaThread "Signal Dispatcher" daemon [_thread_blocked, id=23948, stack(0x25f30000,0x25f80000)]
  0x24dba000 JavaThread "Finalizer" daemon [_thread_blocked, id=20684, stack(0x25070000,0x250c0000)]
  0x24da4400 JavaThread "Reference Handler" daemon [_thread_blocked, id=2804, stack(0x24fe0000,0x25030000)]

Other Threads:
  0x024bdc00 VMThread [stack: 0x24d50000,0x24da0000] [id=18696]
  0x24dfe800 WatcherThread [stack: 0x26170000,0x261c0000] [id=17032]

VM state:not at safepoint (normal execution)

VM Mutex/Monitor currently owned by a thread: None

Heap:
 def new generation   total 39424K, used 4202K [0x04800000, 0x072c0000, 0x0f2a0000)
  eden space 35072K,  11% used [0x04800000, 0x04c00c58, 0x06a40000)
  from space 4352K,   2% used [0x06e80000, 0x06e99ca0, 0x072c0000)
  to   space 4352K,   0% used [0x06a40000, 0x06a40000, 0x06e80000)
 tenured generation   total 87424K, used 39042K [0x0f2a0000, 0x14800000, 0x24800000)
   the space 87424K,  44% used [0x0f2a0000, 0x118c0828, 0x118c0a00, 0x14800000)
 Metaspace       used 18680K, capacity 19126K, committed 19200K, reserved 19840K

Card table byte_map: [0x046f0000,0x04800000] byte_map_base: 0x046cc000

Polling page: 0x02390000

CodeCache: size=32768Kb used=2020Kb max_used=4081Kb free=30747Kb
 bounds [0x02670000, 0x02a70000, 0x04670000]
 total_blobs=1144 nmethods=868 adapters=206
 compilation: enabled

Compilation events (10 events):
Event: 144360.504 Thread 0x24ddc400 2451   !         javax.jmdns.impl.DNSCache::replaceDNSEntry (113 bytes)
Event: 144360.505 Thread 0x24ddc400 nmethod 2451 0x02737308 code [0x02737480, 0x027378d8]
Event: 151587.325 Thread 0x24ddc400 2452  s          sun.awt.windows.WDesktopProperties::setColorProperty (107 bytes)
Event: 151587.360 Thread 0x24ddc400 nmethod 2452 0x02867608 code [0x02867790, 0x02867bec]
Event: 160448.656 Thread 0x24ddc400 2453             javax.jmdns.impl.ServiceInfoImpl::getQualifiedNameMap (81 bytes)
Event: 160448.657 Thread 0x24ddc400 nmethod 2453 0x02866e48 code [0x02866ff0, 0x02867314]
Event: 160448.657 Thread 0x24ddc400 2454             javax.jmdns.impl.ServiceInfoImpl::getSubtype (17 bytes)
Event: 160448.657 Thread 0x24ddc400 nmethod 2454 0x02737148 code [0x02737240, 0x027372d0]
Event: 188049.282 Thread 0x24ddc400 2455             java.util.AbstractMap::containsKey (86 bytes)
Event: 188049.311 Thread 0x24ddc400 nmethod 2455 0x02982e08 code [0x02982fa0, 0x0298321c]

GC Heap History (10 events):
Event: 185747.999 GC heap before
{Heap before GC invocations=299 (full 1):
 def new generation   total 39424K, used 35198K [0x04800000, 0x072c0000, 0x0f2a0000)
  eden space 35072K, 100% used [0x04800000, 0x06a40000, 0x06a40000)
  from space 4352K,   2% used [0x06a40000, 0x06a5f890, 0x06e80000)
  to   space 4352K,   0% used [0x06e80000, 0x06e80000, 0x072c0000)
 tenured generation   total 87424K, used 39036K [0x0f2a0000, 0x14800000, 0x24800000)
   the space 87424K,  44% used [0x0f2a0000, 0x118bf1f0, 0x118bf200, 0x14800000)
 Metaspace       used 18680K, capacity 19126K, committed 19200K, reserved 19840K
Event: 185748.001 GC heap after
Heap after GC invocations=300 (full 1):
 def new generation   total 39424K, used 143K [0x04800000, 0x072c0000, 0x0f2a0000)
  eden space 35072K,   0% used [0x04800000, 0x04800000, 0x06a40000)
  from space 4352K,   3% used [0x06e80000, 0x06ea3fc0, 0x072c0000)
  to   space 4352K,   0% used [0x06a40000, 0x06a40000, 0x06e80000)
 tenured generation   total 87424K, used 39036K [0x0f2a0000, 0x14800000, 0x24800000)
   the space 87424K,  44% used [0x0f2a0000, 0x118bf1f0, 0x118bf200, 0x14800000)
 Metaspace       used 18680K, capacity 19126K, committed 19200K, reserved 19840K
}
Event: 186594.981 GC heap before
{Heap before GC invocations=300 (full 1):
 def new generation   total 39424K, used 35215K [0x04800000, 0x072c0000, 0x0f2a0000)
  eden space 35072K, 100% used [0x04800000, 0x06a40000, 0x06a40000)
  from space 4352K,   3% used [0x06e80000, 0x06ea3fc0, 0x072c0000)
  to   space 4352K,   0% used [0x06a40000, 0x06a40000, 0x06e80000)
 tenured generation   total 87424K, used 39036K [0x0f2a0000, 0x14800000, 0x24800000)
   the space 87424K,  44% used [0x0f2a0000, 0x118bf1f0, 0x118bf200, 0x14800000)
 Metaspace       used 18680K, capacity 19126K, committed 19200K, reserved 19840K
Event: 186594.982 GC heap after
Heap after GC invocations=301 (full 1):
 def new generation   total 39424K, used 89K [0x04800000, 0x072c0000, 0x0f2a0000)
  eden space 35072K,   0% used [0x04800000, 0x04800000, 0x06a40000)
  from space 4352K,   2% used [0x06a40000, 0x06a56640, 0x06e80000)
  to   space 4352K,   0% used [0x06e80000, 0x06e80000, 0x072c0000)
 tenured generation   total 87424K, used 39036K [0x0f2a0000, 0x14800000, 0x24800000)
   the space 87424K,  44% used [0x0f2a0000, 0x118bf1f0, 0x118bf200, 0x14800000)
 Metaspace       used 18680K, capacity 19126K, committed 19200K, reserved 19840K
}
Event: 187397.126 GC heap before
{Heap before GC invocations=301 (full 1):
 def new generation   total 39424K, used 35161K [0x04800000, 0x072c0000, 0x0f2a0000)
  eden space 35072K, 100% used [0x04800000, 0x06a40000, 0x06a40000)
  from space 4352K,   2% used [0x06a40000, 0x06a56640, 0x06e80000)
  to   space 4352K,   0% used [0x06e80000, 0x06e80000, 0x072c0000)
 tenured generation   total 87424K, used 39036K [0x0f2a0000, 0x14800000, 0x24800000)
   the space 87424K,  44% used [0x0f2a0000, 0x118bf1f0, 0x118bf200, 0x14800000)
 Metaspace       used 18680K, capacity 19126K, committed 19200K, reserved 19840K
Event: 187397.128 GC heap after
Heap after GC invocations=302 (full 1):
 def new generation   total 39424K, used 91K [0x04800000, 0x072c0000, 0x0f2a0000)
  eden space 35072K,   0% used [0x04800000, 0x04800000, 0x06a40000)
  from space 4352K,   2% used [0x06e80000, 0x06e96ed8, 0x072c0000)
  to   space 4352K,   0% used [0x06a40000, 0x06a40000, 0x06e80000)
 tenured generation   total 87424K, used 39036K [0x0f2a0000, 0x14800000, 0x24800000)
   the space 87424K,  44% used [0x0f2a0000, 0x118bf1f0, 0x118bf200, 0x14800000)
 Metaspace       used 18680K, capacity 19126K, committed 19200K, reserved 19840K
}
Event: 188150.739 GC heap before
{Heap before GC invocations=302 (full 1):
 def new generation   total 39424K, used 35163K [0x04800000, 0x072c0000, 0x0f2a0000)
  eden space 35072K, 100% used [0x04800000, 0x06a40000, 0x06a40000)
  from space 4352K,   2% used [0x06e80000, 0x06e96ed8, 0x072c0000)
  to   space 4352K,   0% used [0x06a40000, 0x06a40000, 0x06e80000)
 tenured generation   total 87424K, used 39036K [0x0f2a0000, 0x14800000, 0x24800000)
   the space 87424K,  44% used [0x0f2a0000, 0x118bf1f0, 0x118bf200, 0x14800000)
 Metaspace       used 18680K, capacity 19126K, committed 19200K, reserved 19840K
Event: 188150.740 GC heap after
Heap after GC invocations=303 (full 1):
 def new generation   total 39424K, used 90K [0x04800000, 0x072c0000, 0x0f2a0000)
  eden space 35072K,   0% used [0x04800000, 0x04800000, 0x06a40000)
  from space 4352K,   2% used [0x06a40000, 0x06a56bf8, 0x06e80000)
  to   space 4352K,   0% used [0x06e80000, 0x06e80000, 0x072c0000)
 tenured generation   total 87424K, used 39039K [0x0f2a0000, 0x14800000, 0x24800000)
   the space 87424K,  44% used [0x0f2a0000, 0x118bff38, 0x118c0000, 0x14800000)
 Metaspace       used 18680K, capacity 19126K, committed 19200K, reserved 19840K
}
Event: 188739.272 GC heap before
{Heap before GC invocations=303 (full 1):
 def new generation   total 39424K, used 35162K [0x04800000, 0x072c0000, 0x0f2a0000)
  eden space 35072K, 100% used [0x04800000, 0x06a40000, 0x06a40000)
  from space 4352K,   2% used [0x06a40000, 0x06a56bf8, 0x06e80000)
  to   space 4352K,   0% used [0x06e80000, 0x06e80000, 0x072c0000)
 tenured generation   total 87424K, used 39039K [0x0f2a0000, 0x14800000, 0x24800000)
   the space 87424K,  44% used [0x0f2a0000, 0x118bff38, 0x118c0000, 0x14800000)
 Metaspace       used 18680K, capacity 19126K, committed 19200K, reserved 19840K
Event: 188739.273 GC heap after
Heap after GC invocations=304 (full 1):
 def new generation   total 39424K, used 103K [0x04800000, 0x072c0000, 0x0f2a0000)
  eden space 35072K,   0% used [0x04800000, 0x04800000, 0x06a40000)
  from space 4352K,   2% used [0x06e80000, 0x06e99ca0, 0x072c0000)
  to   space 4352K,   0% used [0x06a40000, 0x06a40000, 0x06e80000)
 tenured generation   total 87424K, used 39042K [0x0f2a0000, 0x14800000, 0x24800000)
   the space 87424K,  44% used [0x0f2a0000, 0x118c0828, 0x118c0a00, 0x14800000)
 Metaspace       used 18680K, capacity 19126K, committed 19200K, reserved 19840K
}

Deoptimization events (0 events):
No events

Internal exceptions (10 events):
Event: 64.011 Thread 0x291a6c00 Exception <a 'sun/nio/fs/WindowsException'> (0x05284b90) thrown at [C:\workspace\8-2-build-windows-i586-cygwin\jdk8u144\9417\hotspot\src\share\vm\prims\jni.cpp, line 709]
Event: 64.011 Thread 0x291a6c00 Exception <a 'sun/nio/fs/WindowsException'> (0x05284ff8) thrown at [C:\workspace\8-2-build-windows-i586-cygwin\jdk8u144\9417\hotspot\src\share\vm\prims\jni.cpp, line 709]
Event: 64.013 Thread 0x291a6c00 Exception <a 'sun/nio/fs/WindowsException'> (0x05298c18) thrown at [C:\workspace\8-2-build-windows-i586-cygwin\jdk8u144\9417\hotspot\src\share\vm\prims\jni.cpp, line 709]
Event: 64.013 Thread 0x291a6c00 Exception <a 'sun/nio/fs/WindowsException'> (0x05299080) thrown at [C:\workspace\8-2-build-windows-i586-cygwin\jdk8u144\9417\hotspot\src\share\vm\prims\jni.cpp, line 709]
Event: 64.015 Thread 0x291a6c00 Exception <a 'sun/nio/fs/WindowsException'> (0x052ab1c0) thrown at [C:\workspace\8-2-build-windows-i586-cygwin\jdk8u144\9417\hotspot\src\share\vm\prims\jni.cpp, line 709]
Event: 64.015 Thread 0x291a6c00 Exception <a 'sun/nio/fs/WindowsException'> (0x052ab8b8) thrown at [C:\workspace\8-2-build-windows-i586-cygwin\jdk8u144\9417\hotspot\src\share\vm\prims\jni.cpp, line 709]
Event: 64.016 Thread 0x291a6c00 Exception <a 'sun/nio/fs/WindowsException'> (0x052b6108) thrown at [C:\workspace\8-2-build-windows-i586-cygwin\jdk8u144\9417\hotspot\src\share\vm\prims\jni.cpp, line 709]
Event: 64.016 Thread 0x291a6c00 Exception <a 'sun/nio/fs/WindowsException'> (0x052b6800) thrown at [C:\workspace\8-2-build-windows-i586-cygwin\jdk8u144\9417\hotspot\src\share\vm\prims\jni.cpp, line 709]
Event: 64.017 Thread 0x291a6c00 Exception <a 'sun/nio/fs/WindowsException'> (0x052c0fd0) thrown at [C:\workspace\8-2-build-windows-i586-cygwin\jdk8u144\9417\hotspot\src\share\vm\prims\jni.cpp, line 709]
Event: 64.017 Thread 0x291a6c00 Exception <a 'sun/nio/fs/WindowsException'> (0x052c16c8) thrown at [C:\workspace\8-2-build-windows-i586-cygwin\jdk8u144\9417\hotspot\src\share\vm\prims\jni.cpp, line 709]

Events (10 events):
Event: 185747.999 Executing VM operation: GenCollectForAllocation
Event: 185748.001 Executing VM operation: GenCollectForAllocation done
Event: 186594.981 Executing VM operation: GenCollectForAllocation
Event: 186594.983 Executing VM operation: GenCollectForAllocation done
Event: 187397.126 Executing VM operation: GenCollectForAllocation
Event: 187397.128 Executing VM operation: GenCollectForAllocation done
Event: 188150.739 Executing VM operation: GenCollectForAllocation
Event: 188150.740 Executing VM operation: GenCollectForAllocation done
Event: 188739.272 Executing VM operation: GenCollectForAllocation
Event: 188739.273 Executing VM operation: GenCollectForAllocation done


Dynamic libraries:
0x00180000 - 0x001b3000 	C:\Arduino\java\bin\javaw.exe
0x77c80000 - 0x77e10000 	C:\WINDOWS\SYSTEM32\ntdll.dll
0x77360000 - 0x77440000 	C:\WINDOWS\System32\KERNEL32.DLL
0x77440000 - 0x77624000 	C:\WINDOWS\System32\KERNELBASE.dll
0x75cd0000 - 0x75d48000 	C:\WINDOWS\System32\ADVAPI32.dll
0x75630000 - 0x756ef000 	C:\WINDOWS\System32\msvcrt.dll
0x77b30000 - 0x77b74000 	C:\WINDOWS\System32\sechost.dll
0x74650000 - 0x74710000 	C:\WINDOWS\System32\RPCRT4.dll
0x74540000 - 0x74560000 	C:\WINDOWS\System32\SspiCli.dll
0x74530000 - 0x7453a000 	C:\WINDOWS\System32\CRYPTBASE.dll
0x74c90000 - 0x74ce8000 	C:\WINDOWS\System32\bcryptPrimitives.dll
0x74940000 - 0x74acd000 	C:\WINDOWS\System32\USER32.dll
0x77b10000 - 0x77b27000 	C:\WINDOWS\System32\win32u.dll
0x75dc0000 - 0x75de2000 	C:\WINDOWS\System32\GDI32.dll
0x74b20000 - 0x74c84000 	C:\WINDOWS\System32\gdi32full.dll
0x75f90000 - 0x7600d000 	C:\WINDOWS\System32\msvcp_win.dll
0x74770000 - 0x7488e000 	C:\WINDOWS\System32\ucrtbase.dll
0x6f020000 - 0x6f224000 	C:\WINDOWS\WinSxS\x86_microsoft.windows.common-controls_6595b64144ccf1df_6.0.17134.590_none_42ead2d644e6098e\COMCTL32.dll
0x77780000 - 0x779dc000 	C:\WINDOWS\System32\combase.dll
0x74ad0000 - 0x74af6000 	C:\WINDOWS\System32\IMM32.DLL
0x6ed80000 - 0x6ee3f000 	C:\Arduino\java\bin\msvcr100.dll
0x6e9b0000 - 0x6ed7e000 	C:\Arduino\java\bin\client\jvm.dll
0x77b80000 - 0x77b86000 	C:\WINDOWS\System32\PSAPI.DLL
0x72720000 - 0x72728000 	C:\WINDOWS\SYSTEM32\WSOCK32.dll
0x727b0000 - 0x727d4000 	C:\WINDOWS\SYSTEM32\WINMM.dll
0x74f20000 - 0x74f87000 	C:\WINDOWS\System32\WS2_32.dll
0x72830000 - 0x72838000 	C:\WINDOWS\SYSTEM32\VERSION.dll
0x72560000 - 0x72583000 	C:\WINDOWS\SYSTEM32\WINMMBASE.dll
0x74d80000 - 0x74db9000 	C:\WINDOWS\System32\cfgmgr32.dll
0x6e980000 - 0x6e9b0000 	C:\Arduino\java\bin\splashscreen.dll
0x6f950000 - 0x6f9cc000 	C:\WINDOWS\system32\uxtheme.dll
0x6f520000 - 0x6f52c000 	C:\Arduino\java\bin\verify.dll
0x77630000 - 0x77773000 	C:\WINDOWS\System32\MSCTF.dll
0x745b0000 - 0x74646000 	C:\WINDOWS\System32\OLEAUT32.dll
0x6e950000 - 0x6e971000 	C:\Arduino\java\bin\java.dll
0x6e930000 - 0x6e943000 	C:\Arduino\java\bin\zip.dll
0x76010000 - 0x7735a000 	C:\WINDOWS\System32\SHELL32.dll
0x75100000 - 0x75188000 	C:\WINDOWS\System32\shcore.dll
0x75710000 - 0x75cca000 	C:\WINDOWS\System32\windows.storage.dll
0x74560000 - 0x745a5000 	C:\WINDOWS\System32\shlwapi.dll
0x756f0000 - 0x756ff000 	C:\WINDOWS\System32\kernel.appcore.dll
0x74b00000 - 0x74b18000 	C:\WINDOWS\System32\profapi.dll
0x75d60000 - 0x75da5000 	C:\WINDOWS\System32\powrprof.dll
0x75db0000 - 0x75db8000 	C:\WINDOWS\System32\FLTLIB.DLL
0x6c450000 - 0x6c4cd000 	C:\WINDOWS\System32\TextInputFramework.dll
0x66460000 - 0x666bd000 	C:\WINDOWS\System32\CoreUIComponents.dll
0x66b00000 - 0x66b8b000 	C:\WINDOWS\System32\CoreMessaging.dll
0x71c60000 - 0x71c89000 	C:\WINDOWS\SYSTEM32\ntmarta.dll
0x69870000 - 0x69946000 	C:\WINDOWS\SYSTEM32\wintypes.dll
0x6c100000 - 0x6c123000 	C:\WINDOWS\system32\dwmapi.dll
0x61940000 - 0x619b2000 	C:\Arduino\lib\listSerialsj.dll
0x75190000 - 0x755bb000 	C:\WINDOWS\System32\SETUPAPI.dll
0x6e910000 - 0x6e92d000 	C:\Arduino\lib\jnidispatch-4.2.2-win32-x86.dll
0x74e20000 - 0x74f1c000 	C:\WINDOWS\System32\Ole32.dll
0x6e8f0000 - 0x6e906000 	C:\Arduino\java\bin\net.dll
0x737d0000 - 0x73826000 	C:\WINDOWS\system32\mswsock.dll
0x6f510000 - 0x6f51f000 	C:\Arduino\java\bin\nio.dll
0x6e7a0000 - 0x6e8e5000 	C:\Arduino\java\bin\awt.dll
0x595c0000 - 0x5965d000 	C:\WINDOWS\SYSTEM32\apphelp.dll
0x6e760000 - 0x6e799000 	C:\Arduino\java\bin\fontmanager.dll
0x6e680000 - 0x6e759000 	C:\WINDOWS\system32\opengl32.dll
0x6e640000 - 0x6e67f000 	C:\WINDOWS\SYSTEM32\GLU32.dll
0x6e600000 - 0x6e632000 	C:\Arduino\java\bin\t2k.dll
0x70db0000 - 0x70dd2000 	C:\WINDOWS\SYSTEM32\DEVOBJ.dll
0x779e0000 - 0x77a27000 	C:\WINDOWS\System32\WINTRUST.dll
0x75d50000 - 0x75d5e000 	C:\WINDOWS\System32\MSASN1.dll
0x75df0000 - 0x75f86000 	C:\WINDOWS\System32\CRYPT32.dll
0x72730000 - 0x72760000 	C:\WINDOWS\SYSTEM32\IPHLPAPI.DLL
0x75700000 - 0x75707000 	C:\WINDOWS\System32\NSI.dll
0x72290000 - 0x722a3000 	C:\WINDOWS\SYSTEM32\dhcpcsvc6.DLL
0x72410000 - 0x72424000 	C:\WINDOWS\SYSTEM32\dhcpcsvc.DLL
0x72380000 - 0x7240e000 	C:\WINDOWS\SYSTEM32\DNSAPI.dll
0x71bc0000 - 0x71be1000 	C:\Program Files (x86)\Bonjour\mdnsNSP.dll
0x71bb0000 - 0x71bb8000 	C:\Windows\System32\rasadhlp.dll
0x71b50000 - 0x71b9f000 	C:\WINDOWS\System32\fwpuclnt.dll
0x73770000 - 0x73789000 	C:\WINDOWS\SYSTEM32\bcrypt.dll
0x6e590000 - 0x6e5f9000 	C:\Arduino\msvcp100.dll
0x6e4d0000 - 0x6e58e000 	C:\Arduino\msvcr100.dll
0x2a840000 - 0x2a872000 	C:\Arduino\lib\AStylej.dll
0x6e4a0000 - 0x6e4c4000 	C:\Arduino\java\bin\dcpr.dll
0x74890000 - 0x74913000 	C:\WINDOWS\System32\clbcatq.dll
0x58b20000 - 0x58c91000 	C:\WINDOWS\SYSTEM32\WindowsCodecs.dll
0x64b00000 - 0x64b4f000 	C:\WINDOWS\system32\dataexchange.dll
0x64760000 - 0x6489c000 	C:\WINDOWS\system32\dcomp.dll
0x648a0000 - 0x64af2000 	C:\WINDOWS\system32\d3d11.dll
0x646c0000 - 0x64758000 	C:\WINDOWS\system32\dxgi.dll
0x68bb0000 - 0x68d15000 	C:\WINDOWS\system32\twinapi.appcore.dll
0x68b80000 - 0x68ba1000 	C:\WINDOWS\system32\RMCLIENT.dll
0x64000000 - 0x6401b000 	C:\Arduino\lib\jSSC-2.8_x86.dll

VM Arguments:
jvm_args: -Dsun.java2d.d3d=false -Djna.nosys=true -Djna.nounpack=true -Djna.boot.library.name=jnidispatch-4.2.2-win32-x86 -Djna.boot.library.path=C:\Arduino/lib -Djssc.library.path=C:\Arduino/lib -DAPP_DIR=C:\Arduino -Xms128M -Xmx512M 
java_command: processing.app.Base C:\git\microgrid_testbed\100 nodes\Arduino\Final3v2\Final3v2.ino
java_class_path (initial): C:\Arduino\lib\apple.jar;C:\Arduino\lib\arduino-core.jar;C:\Arduino\lib\batik-1.8.jar;C:\Arduino\lib\batik-anim-1.8.jar;C:\Arduino\lib\batik-awt-util-1.8.jar;C:\Arduino\lib\batik-bridge-1.8.jar;C:\Arduino\lib\batik-codec-1.8.jar;C:\Arduino\lib\batik-css-1.8.jar;C:\Arduino\lib\batik-dom-1.8.jar;C:\Arduino\lib\batik-ext-1.8.jar;C:\Arduino\lib\batik-gvt-1.8.jar;C:\Arduino\lib\batik-parser-1.8.jar;C:\Arduino\lib\batik-rasterizer-1.8.jar;C:\Arduino\lib\batik-script-1.8.jar;C:\Arduino\lib\batik-squiggle-1.8.jar;C:\Arduino\lib\batik-svg-dom-1.8.jar;C:\Arduino\lib\batik-svgpp-1.8.jar;C:\Arduino\lib\batik-transcoder-1.8.jar;C:\Arduino\lib\batik-util-1.8.jar;C:\Arduino\lib\batik-xml-1.8.jar;C:\Arduino\lib\bcpg-jdk15on-152.jar;C:\Arduino\lib\bcprov-jdk15on-152.jar;C:\Arduino\lib\commons-codec-1.7.jar;C:\Arduino\lib\commons-compress-1.8.jar;C:\Arduino\lib\commons-exec-1.1.jar;C:\Arduino\lib\commons-httpclient-3.1.jar;C:\Arduino\lib\commons-lang3-3.3.2.jar;C:\Arduino\lib\commons-logging-1.0.4.jar;C:\Arduino\lib\commons-net-3.3.jar;C:\Arduino\lib\jackson-annotations-2.6.3.jar;C:\Arduino\lib\jackson-core-2.6.3.jar;C:\Arduino\lib\jackson-databind-2.6.3.jar;C:\Arduino\lib\jackson-module-mrbean-2.6.3.jar;C:\Arduino\lib\java-semver-0.8.0.jar;C:\Arduino\lib\jmdns-3.5.1.jar;C:\Arduino\lib\slf4j-simple-1.7.22.jar;C:\Arduino\lib\slf4j-api-1.7.22.jar;C:\Arduino\lib\jna-4.2.2.jar;C:\Arduino\lib\jna-platform-4.2.2.jar;C:\Arduino\lib\jsch-0.1.50.jar;C:\Arduino\lib\jssc-2.8.0-arduino1.jar;C:\Arduino\lib\pde.jar;C:\Arduino\lib\rsyntaxtextarea-2.6.1.jar;C:\Arduino\lib\xml-apis-1.3.04.jar;C:\Arduino\lib\xml-apis-ext-1.3.04.jar;C:\Arduino\lib\xmlgraphics-commons-2.0.jar
Launcher Type: SUN_STANDARD

Environment Variables:
PATH=C:\Program Files (x86)\NVIDIA Corporation\PhysX\Common;C:\Program Files (x86)\Common Files\Oracle\Java\javapath;C:\ProgramData\Oracle\Java\javapath;C:\WINDOWS\system32;C:\WINDOWS;C:\WINDOWS\System32\Wbem;C:\WINDOWS\System32\WindowsPowerShell\v1.0\;C:\Program Files (x86)\PuTTY\;C:\Program Files\MATLAB\R2017a\runtime\win64;C:\Program Files\MATLAB\R2017a\bin;C:\Program Files (x86)\MATLAB\MATLAB Compiler Runtime\v79\runtime\win32;C:\Program Files (x86)\IVI Foundation\VISA\WinNT\Bin\;C:\Program Files\IVI Foundation\VISA\Win64\Bin\;C:\Program Files (x86)\IVI Foundation\VISA\WinNT\Bin;C:\processing-2.2.1;;C:\WINDOWS\System32\OpenSSH\;C:\Typhoon HIL Control Center\bin\;C:\Program Files\Microsoft SQL Server\Client SDK\ODBC\110\Tools\Binn\;C:\Program Files (x86)\Microsoft SQL Server\120\Tools\Binn\;C:\Program Files\Microsoft SQL Server\120\Tools\Binn\;C:\Program Files\Microsoft SQL Server\120\DTS\Binn\;C:\Program Files (x86)\Windows Kits\8.1\Windows Performance Toolkit\;C:\Users\nigam4\AppData\Local\Microsoft\WindowsApps;C:\Users\nigam4\AppData\Local\Programs\MiKTeX 2.9\miktex\bin\x64\;;C:\Arduino\java\bin
USERNAME=nigam4
OS=Windows_NT
PROCESSOR_IDENTIFIER=Intel64 Family 6 Model 158 Stepping 9, GenuineIntel



---------------  S Y S T E M  ---------------

OS: Windows 10.0 , 64 bit Build 17134 (10.0.17134.556)

CPU:total 8 (initial active 8) (4 cores per cpu, 2 threads per core) family 6 model 158 stepping 9, cmov, cx8, fxsr, mmx, sse, sse2, sse3, ssse3, sse4.1, sse4.2, popcnt, avx, avx2, aes, clmul, erms, rtm, 3dnowpref, lzcnt, ht, tsc, tscinvbit, bmi1, bmi2, adx

Memory: 4k page, physical 16666376k(1640168k free), swap 33060472k(5277524k free)

vm_info: Java HotSpot(TM) Client VM (25.144-b01) for windows-x86 JRE (1.8.0_144-b01), built on Jul 21 2017 21:58:05 by "java_re" with MS VC++ 10.0 (VS2010)

time: Wed Feb 27 16:24:53 2019
elapsed time: 188830 seconds (2d 4h 27m 10s)

