#
# A fatal error has been detected by the Java Runtime Environment:
#
#  EXCEPTION_ACCESS_VIOLATION (0xc0000005) at pc=0x267589b6, pid=13328, tid=0x00003804
#
# JRE version: Java(TM) SE Runtime Environment (8.0_144-b01) (build 1.8.0_144-b01)
# Java VM: Java HotSpot(TM) Client VM (25.144-b01 mixed mode windows-x86 )
# Problematic frame:
# C  [listSerialsj.dll+0x89b6]
#
# Failed to write core dump. Minidumps are not enabled by default on client versions of Windows
#
# If you would like to submit a bug report, please visit:
#   http://bugreport.java.com/bugreport/crash.jsp
# The crash happened outside the Java Virtual Machine in native code.
# See problematic frame for where to report the bug.
#

---------------  T H R E A D  ---------------

Current thread (0x27b0d000):  JavaThread "cc.arduino.packages.discoverers.serial.SerialBoardsLister" [_thread_in_native, id=14340, stack(0x276a0000,0x276f0000)]

siginfo: ExceptionCode=0xc0000005, writing address 0x0000004b

Registers:
EAX=0x00000000, EBX=0x00000000, ECX=0x2356d20e, EDX=0x00000000
ESP=0x276ee820, EBP=0x275b1688, ESI=0x0000004b, EDI=0x75016840
EIP=0x267589b6, EFLAGS=0x00010202

Top of Stack: (sp=0x276ee820)
0x276ee820:   0000fde9 00000000 275b1688 ffffffff
0x276ee830:   00000000 0000004b 00000000 00000000
0x276ee840:   0000009e 275b1680 0000009e 29e084a0
0x276ee850:   00000b3c 00000001 276ee8b8 26758d53
0x276ee860:   00000b3c 00220414 275b1680 0000009e
0x276ee870:   275b1680 0000009e 276ee8b8 00000000
0x276ee880:   00000000 75011190 276eea6c 00000000
0x276ee890:   34986458 00000004 00000000 275b1680 

Instructions: (pc=0x267589b6)
0x26758996:   89 44 24 10 c7 44 24 0c ff ff ff ff c7 44 24 04
0x267589a6:   00 00 00 00 c7 04 24 e9 fd 00 00 ff d7 83 ec 20
0x267589b6:   c6 04 33 00 89 d8 83 c4 2c 5b 5e 5f 5d c3 8d b6
0x267589c6:   00 00 00 00 8d bf 00 00 00 00 57 56 89 ce 53 b9 


Register to memory mapping:

EAX=0x00000000 is an unknown value
EBX=0x00000000 is an unknown value
ECX=0x2356d20e is an unallocated location in the heap
EDX=0x00000000 is an unknown value
ESP=0x276ee820 is pointing into the stack for thread: 0x27b0d000
EBP=0x275b1688 is an unknown value
ESI=0x0000004b is an unknown value
EDI=0x75016840 is an unknown value


Stack: [0x276a0000,0x276f0000],  sp=0x276ee820,  free space=314k
Native frames: (J=compiled Java code, j=interpreted, Vv=VM code, C=native code)
C  [listSerialsj.dll+0x89b6]

Java frames: (J=compiled Java code, j=interpreted, Vv=VM code)
J 2075  processing.app.Platform.listSerialsNative()[Ljava/lang/String; (0 bytes) @ 0x02cbae4f [0x02cbae10+0x3f]
J 2045 C1 cc.arduino.packages.discoverers.serial.SerialBoardsLister.retriggerDiscovery(Z)V (751 bytes) @ 0x02caf2e4 [0x02caf190+0x154]
J 2056 C1 cc.arduino.packages.discoverers.serial.SerialBoardsLister.run()V (13 bytes) @ 0x02cb5c54 [0x02cb5c10+0x44]
J 2083% C1 java.util.TimerThread.mainLoop()V (232 bytes) @ 0x02cc00d4 [0x02cbfca0+0x434]
j  java.util.TimerThread.run()V+1
v  ~StubRoutines::call_stub

---------------  P R O C E S S  ---------------

Java Threads: ( => current thread )
  0x27b61800 JavaThread "JmDNS(ECEB-4076-14-ad-uillinois-edu.local.).State.Timer" daemon [_thread_blocked, id=19548, stack(0x26e50000,0x26ea0000)]
  0x27b62400 JavaThread "JmDNS(ECEB-4076-14-ad-uillinois-edu.local.).Timer" daemon [_thread_blocked, id=9268, stack(0x26dc0000,0x26e10000)]
  0x27b68800 JavaThread "SocketListener(ECEB-4076-14-ad-uillinois-edu.local.)" daemon [_thread_in_native, id=9492, stack(0x26d00000,0x26d50000)]
  0x27b66800 JavaThread "JmDNS(ECEB-4076-14-ad-uillinois-edu.local.).State.Timer" daemon [_thread_blocked, id=13336, stack(0x25260000,0x252b0000)]
  0x27b65c00 JavaThread "JmDNS(ECEB-4076-14-ad-uillinois-edu.local.).Timer" daemon [_thread_blocked, id=13764, stack(0x026a0000,0x026f0000)]
  0x27b61000 JavaThread "SocketListener(ECEB-4076-14-ad-uillinois-edu.local.)" daemon [_thread_in_native, id=7244, stack(0x00ac0000,0x00b10000)]
  0x27b65000 JavaThread "DestroyJavaVM" [_thread_blocked, id=1048, stack(0x02750000,0x027a0000)]
  0x27b66400 JavaThread "TimerQueue" daemon [_thread_blocked, id=8876, stack(0x29c30000,0x29c80000)]
  0x27b67000 JavaThread "Batik CleanerThread" daemon [_thread_blocked, id=7220, stack(0x29420000,0x29470000)]
  0x27b67c00 JavaThread "AWT-EventQueue-0" [_thread_blocked, id=9212, stack(0x29210000,0x29260000)]
  0x27b67800 JavaThread "AWT-Shutdown" [_thread_blocked, id=10388, stack(0x26a90000,0x26ae0000)]
  0x27b63000 JavaThread "Timer-0" [_thread_blocked, id=14508, stack(0x28e80000,0x28ed0000)]
  0x27b46000 JavaThread "JmDNS(ECEB-4076-14-ad-uillinois-edu.local.).State.Timer" daemon [_thread_blocked, id=8016, stack(0x28c40000,0x28c90000)]
  0x27b45400 JavaThread "JmDNS(ECEB-4076-14-ad-uillinois-edu.local.).Timer" daemon [_thread_blocked, id=10392, stack(0x28bb0000,0x28c00000)]
  0x27b48c00 JavaThread "SocketListener(ECEB-4076-14-ad-uillinois-edu.local.)" daemon [_thread_in_native, id=10384, stack(0x28b20000,0x28b70000)]
  0x27b0e000 JavaThread "JmDNS(ECEB-4076-14-ad-uillinois-edu.local.).State.Timer" daemon [_thread_blocked, id=14152, stack(0x286c0000,0x28710000)]
  0x27b0dc00 JavaThread "JmDNS(ECEB-4076-14-ad-uillinois-edu.local.).Timer" daemon [_thread_blocked, id=1896, stack(0x28610000,0x28660000)]
  0x27b0d400 JavaThread "SocketListener(ECEB-4076-14-ad-uillinois-edu.local.)" daemon [_thread_in_native, id=8276, stack(0x28580000,0x285d0000)]
  0x27b21000 JavaThread "Multihomed mDNS.Timer" daemon [_thread_blocked, id=6336, stack(0x284f0000,0x28540000)]
=>0x27b0d000 JavaThread "cc.arduino.packages.discoverers.serial.SerialBoardsLister" [_thread_in_native, id=14340, stack(0x276a0000,0x276f0000)]
  0x25db9c00 JavaThread "AWT-Windows" daemon [_thread_in_native, id=11176, stack(0x26b20000,0x26b70000)]
  0x25db8400 JavaThread "Java2D Disposer" daemon [_thread_blocked, id=11576, stack(0x26a00000,0x26a50000)]
  0x24ff1000 JavaThread "Service Thread" daemon [_thread_blocked, id=5712, stack(0x25a70000,0x25ac0000)]
  0x24ffc400 JavaThread "C1 CompilerThread0" daemon [_thread_blocked, id=2444, stack(0x259e0000,0x25a30000)]
  0x24ffa800 JavaThread "Attach Listener" daemon [_thread_blocked, id=15040, stack(0x25950000,0x259a0000)]
  0x24ff8800 JavaThread "Signal Dispatcher" daemon [_thread_blocked, id=15136, stack(0x258c0000,0x25910000)]
  0x24fda000 JavaThread "Finalizer" daemon [_thread_blocked, id=13372, stack(0x25340000,0x25390000)]
  0x24fc4400 JavaThread "Reference Handler" daemon [_thread_blocked, id=11384, stack(0x25200000,0x25250000)]

Other Threads:
  0x0269dc00 VMThread [stack: 0x24f70000,0x24fc0000] [id=13172]
  0x25020000 WatcherThread [stack: 0x25b00000,0x25b50000] [id=5568]

VM state:not at safepoint (normal execution)

VM Mutex/Monitor currently owned by a thread: None

Heap:
 def new generation   total 39424K, used 5803K [0x04a00000, 0x074c0000, 0x0f4a0000)
  eden space 35072K,  16% used [0x04a00000, 0x04f9bab0, 0x06c40000)
  from space 4352K,   1% used [0x06c40000, 0x06c4f198, 0x07080000)
  to   space 4352K,   0% used [0x07080000, 0x07080000, 0x074c0000)
 tenured generation   total 87424K, used 35605K [0x0f4a0000, 0x14a00000, 0x24a00000)
   the space 87424K,  40% used [0x0f4a0000, 0x117655b0, 0x11765600, 0x14a00000)
 Metaspace       used 18472K, capacity 18905K, committed 19072K, reserved 19840K

Card table byte_map: [0x24a00000,0x24b10000] byte_map_base: 0x249db000

Polling page: 0x00ce0000

CodeCache: size=32768Kb used=1805Kb max_used=3960Kb free=30962Kb
 bounds [0x02920000, 0x02d00000, 0x04920000]
 total_blobs=1101 nmethods=826 adapters=205
 compilation: enabled

Compilation events (10 events):
Event: 167091.798 Thread 0x24ffc400 3024             java.lang.String::split (326 bytes)
Event: 167091.799 Thread 0x24ffc400 nmethod 3024 0x02b73308 code [0x02b73570, 0x02b74148]
Event: 167091.800 Thread 0x24ffc400 3025  s          processing.app.Platform::resolveDeviceByVendorIdProductId (473 bytes)
Event: 167091.801 Thread 0x24ffc400 nmethod 3025 0x02c2f208 code [0x02c2f630, 0x02c30670]
Event: 177010.033 Thread 0x24ffc400 3026   !         javax.jmdns.impl.DNSRecord$Service::handleQuery (374 bytes)
Event: 177010.035 Thread 0x24ffc400 nmethod 3026 0x029fbf08 code [0x029fc240, 0x029fcda4]
Event: 180733.910 Thread 0x24ffc400 3027  s          javax.jmdns.impl.ServiceInfoImpl::hasData (35 bytes)
Event: 180733.910 Thread 0x24ffc400 nmethod 3027 0x02c51008 code [0x02c51130, 0x02c513f8]
Event: 180733.911 Thread 0x24ffc400 3028             javax.jmdns.impl.ServiceInfoImpl::getServer (17 bytes)
Event: 180733.911 Thread 0x24ffc400 nmethod 3028 0x02c2e7c8 code [0x02c2e8c0, 0x02c2e950]

GC Heap History (10 events):
Event: 181938.911 GC heap before
{Heap before GC invocations=220 (full 2):
 def new generation   total 39424K, used 35166K [0x04a00000, 0x074c0000, 0x0f4a0000)
  eden space 35072K, 100% used [0x04a00000, 0x06c40000, 0x06c40000)
  from space 4352K,   2% used [0x07080000, 0x07097930, 0x074c0000)
  to   space 4352K,   0% used [0x06c40000, 0x06c40000, 0x07080000)
 tenured generation   total 87424K, used 35603K [0x0f4a0000, 0x14a00000, 0x24a00000)
   the space 87424K,  40% used [0x0f4a0000, 0x11764f48, 0x11765000, 0x14a00000)
 Metaspace       used 18472K, capacity 18905K, committed 19072K, reserved 19840K
Event: 181938.913 GC heap after
Heap after GC invocations=221 (full 2):
 def new generation   total 39424K, used 62K [0x04a00000, 0x074c0000, 0x0f4a0000)
  eden space 35072K,   0% used [0x04a00000, 0x04a00000, 0x06c40000)
  from space 4352K,   1% used [0x06c40000, 0x06c4f818, 0x07080000)
  to   space 4352K,   0% used [0x07080000, 0x07080000, 0x074c0000)
 tenured generation   total 87424K, used 35603K [0x0f4a0000, 0x14a00000, 0x24a00000)
   the space 87424K,  40% used [0x0f4a0000, 0x11764f48, 0x11765000, 0x14a00000)
 Metaspace       used 18472K, capacity 18905K, committed 19072K, reserved 19840K
}
Event: 182859.812 GC heap before
{Heap before GC invocations=221 (full 2):
 def new generation   total 39424K, used 35134K [0x04a00000, 0x074c0000, 0x0f4a0000)
  eden space 35072K, 100% used [0x04a00000, 0x06c40000, 0x06c40000)
  from space 4352K,   1% used [0x06c40000, 0x06c4f818, 0x07080000)
  to   space 4352K,   0% used [0x07080000, 0x07080000, 0x074c0000)
 tenured generation   total 87424K, used 35603K [0x0f4a0000, 0x14a00000, 0x24a00000)
   the space 87424K,  40% used [0x0f4a0000, 0x11764f48, 0x11765000, 0x14a00000)
 Metaspace       used 18472K, capacity 18905K, committed 19072K, reserved 19840K
Event: 182859.814 GC heap after
Heap after GC invocations=222 (full 2):
 def new generation   total 39424K, used 65K [0x04a00000, 0x074c0000, 0x0f4a0000)
  eden space 35072K,   0% used [0x04a00000, 0x04a00000, 0x06c40000)
  from space 4352K,   1% used [0x07080000, 0x070905d0, 0x074c0000)
  to   space 4352K,   0% used [0x06c40000, 0x06c40000, 0x07080000)
 tenured generation   total 87424K, used 35603K [0x0f4a0000, 0x14a00000, 0x24a00000)
   the space 87424K,  40% used [0x0f4a0000, 0x11764f48, 0x11765000, 0x14a00000)
 Metaspace       used 18472K, capacity 18905K, committed 19072K, reserved 19840K
}
Event: 183675.297 GC heap before
{Heap before GC invocations=222 (full 2):
 def new generation   total 39424K, used 35137K [0x04a00000, 0x074c0000, 0x0f4a0000)
  eden space 35072K, 100% used [0x04a00000, 0x06c40000, 0x06c40000)
  from space 4352K,   1% used [0x07080000, 0x070905d0, 0x074c0000)
  to   space 4352K,   0% used [0x06c40000, 0x06c40000, 0x07080000)
 tenured generation   total 87424K, used 35603K [0x0f4a0000, 0x14a00000, 0x24a00000)
   the space 87424K,  40% used [0x0f4a0000, 0x11764f48, 0x11765000, 0x14a00000)
 Metaspace       used 18472K, capacity 18905K, committed 19072K, reserved 19840K
Event: 183675.299 GC heap after
Heap after GC invocations=223 (full 2):
 def new generation   total 39424K, used 88K [0x04a00000, 0x074c0000, 0x0f4a0000)
  eden space 35072K,   0% used [0x04a00000, 0x04a00000, 0x06c40000)
  from space 4352K,   2% used [0x06c40000, 0x06c56110, 0x07080000)
  to   space 4352K,   0% used [0x07080000, 0x07080000, 0x074c0000)
 tenured generation   total 87424K, used 35603K [0x0f4a0000, 0x14a00000, 0x24a00000)
   the space 87424K,  40% used [0x0f4a0000, 0x11764f48, 0x11765000, 0x14a00000)
 Metaspace       used 18472K, capacity 18905K, committed 19072K, reserved 19840K
}
Event: 184222.253 GC heap before
{Heap before GC invocations=223 (full 2):
 def new generation   total 39424K, used 35160K [0x04a00000, 0x074c0000, 0x0f4a0000)
  eden space 35072K, 100% used [0x04a00000, 0x06c40000, 0x06c40000)
  from space 4352K,   2% used [0x06c40000, 0x06c56110, 0x07080000)
  to   space 4352K,   0% used [0x07080000, 0x07080000, 0x074c0000)
 tenured generation   total 87424K, used 35603K [0x0f4a0000, 0x14a00000, 0x24a00000)
   the space 87424K,  40% used [0x0f4a0000, 0x11764f48, 0x11765000, 0x14a00000)
 Metaspace       used 18472K, capacity 18905K, committed 19072K, reserved 19840K
Event: 184222.254 GC heap after
Heap after GC invocations=224 (full 2):
 def new generation   total 39424K, used 93K [0x04a00000, 0x074c0000, 0x0f4a0000)
  eden space 35072K,   0% used [0x04a00000, 0x04a00000, 0x06c40000)
  from space 4352K,   2% used [0x07080000, 0x070976b8, 0x074c0000)
  to   space 4352K,   0% used [0x06c40000, 0x06c40000, 0x07080000)
 tenured generation   total 87424K, used 35605K [0x0f4a0000, 0x14a00000, 0x24a00000)
   the space 87424K,  40% used [0x0f4a0000, 0x117655b0, 0x11765600, 0x14a00000)
 Metaspace       used 18472K, capacity 18905K, committed 19072K, reserved 19840K
}
Event: 185220.325 GC heap before
{Heap before GC invocations=224 (full 2):
 def new generation   total 39424K, used 35165K [0x04a00000, 0x074c0000, 0x0f4a0000)
  eden space 35072K, 100% used [0x04a00000, 0x06c40000, 0x06c40000)
  from space 4352K,   2% used [0x07080000, 0x070976b8, 0x074c0000)
  to   space 4352K,   0% used [0x06c40000, 0x06c40000, 0x07080000)
 tenured generation   total 87424K, used 35605K [0x0f4a0000, 0x14a00000, 0x24a00000)
   the space 87424K,  40% used [0x0f4a0000, 0x117655b0, 0x11765600, 0x14a00000)
 Metaspace       used 18472K, capacity 18905K, committed 19072K, reserved 19840K
Event: 185220.327 GC heap after
Heap after GC invocations=225 (full 2):
 def new generation   total 39424K, used 60K [0x04a00000, 0x074c0000, 0x0f4a0000)
  eden space 35072K,   0% used [0x04a00000, 0x04a00000, 0x06c40000)
  from space 4352K,   1% used [0x06c40000, 0x06c4f198, 0x07080000)
  to   space 4352K,   0% used [0x07080000, 0x07080000, 0x074c0000)
 tenured generation   total 87424K, used 35605K [0x0f4a0000, 0x14a00000, 0x24a00000)
   the space 87424K,  40% used [0x0f4a0000, 0x117655b0, 0x11765600, 0x14a00000)
 Metaspace       used 18472K, capacity 18905K, committed 19072K, reserved 19840K
}

Deoptimization events (0 events):
No events

Internal exceptions (10 events):
Event: 62.604 Thread 0x27b64400 Exception <a 'sun/nio/fs/WindowsException'> (0x06a8bc20) thrown at [C:\workspace\8-2-build-windows-i586-cygwin\jdk8u144\9417\hotspot\src\share\vm\prims\jni.cpp, line 709]
Event: 62.604 Thread 0x27b64400 Exception <a 'sun/nio/fs/WindowsException'> (0x06a8c088) thrown at [C:\workspace\8-2-build-windows-i586-cygwin\jdk8u144\9417\hotspot\src\share\vm\prims\jni.cpp, line 709]
Event: 62.605 Thread 0x27b64400 Exception <a 'sun/nio/fs/WindowsException'> (0x06a9bc98) thrown at [C:\workspace\8-2-build-windows-i586-cygwin\jdk8u144\9417\hotspot\src\share\vm\prims\jni.cpp, line 709]
Event: 62.605 Thread 0x27b64400 Exception <a 'sun/nio/fs/WindowsException'> (0x06a9c100) thrown at [C:\workspace\8-2-build-windows-i586-cygwin\jdk8u144\9417\hotspot\src\share\vm\prims\jni.cpp, line 709]
Event: 62.606 Thread 0x27b64400 Exception <a 'sun/nio/fs/WindowsException'> (0x06aae120) thrown at [C:\workspace\8-2-build-windows-i586-cygwin\jdk8u144\9417\hotspot\src\share\vm\prims\jni.cpp, line 709]
Event: 62.606 Thread 0x27b64400 Exception <a 'sun/nio/fs/WindowsException'> (0x06aae808) thrown at [C:\workspace\8-2-build-windows-i586-cygwin\jdk8u144\9417\hotspot\src\share\vm\prims\jni.cpp, line 709]
Event: 62.607 Thread 0x27b64400 Exception <a 'sun/nio/fs/WindowsException'> (0x06ab4fc0) thrown at [C:\workspace\8-2-build-windows-i586-cygwin\jdk8u144\9417\hotspot\src\share\vm\prims\jni.cpp, line 709]
Event: 62.607 Thread 0x27b64400 Exception <a 'sun/nio/fs/WindowsException'> (0x06ab56a8) thrown at [C:\workspace\8-2-build-windows-i586-cygwin\jdk8u144\9417\hotspot\src\share\vm\prims\jni.cpp, line 709]
Event: 62.609 Thread 0x27b64400 Exception <a 'sun/nio/fs/WindowsException'> (0x06ac3dd0) thrown at [C:\workspace\8-2-build-windows-i586-cygwin\jdk8u144\9417\hotspot\src\share\vm\prims\jni.cpp, line 709]
Event: 62.609 Thread 0x27b64400 Exception <a 'sun/nio/fs/WindowsException'> (0x06ac44b8) thrown at [C:\workspace\8-2-build-windows-i586-cygwin\jdk8u144\9417\hotspot\src\share\vm\prims\jni.cpp, line 709]

Events (10 events):
Event: 184118.968 Executing VM operation: RevokeBias
Event: 184118.968 Executing VM operation: RevokeBias done
Event: 184118.968 Executing VM operation: RevokeBias
Event: 184118.968 Executing VM operation: RevokeBias done
Event: 184118.968 Executing VM operation: BulkRevokeBias
Event: 184118.968 Executing VM operation: BulkRevokeBias done
Event: 184222.253 Executing VM operation: GenCollectForAllocation
Event: 184222.254 Executing VM operation: GenCollectForAllocation done
Event: 185220.325 Executing VM operation: GenCollectForAllocation
Event: 185220.327 Executing VM operation: GenCollectForAllocation done


Dynamic libraries:
0x008e0000 - 0x00913000 	C:\Arduino\java\bin\javaw.exe
0x771f0000 - 0x77380000 	C:\WINDOWS\SYSTEM32\ntdll.dll
0x75000000 - 0x750e0000 	C:\WINDOWS\System32\KERNEL32.DLL
0x74250000 - 0x74434000 	C:\WINDOWS\System32\KERNELBASE.dll
0x74590000 - 0x74608000 	C:\WINDOWS\System32\ADVAPI32.dll
0x74610000 - 0x746cf000 	C:\WINDOWS\System32\msvcrt.dll
0x76f20000 - 0x76f64000 	C:\WINDOWS\System32\sechost.dll
0x74130000 - 0x741f0000 	C:\WINDOWS\System32\RPCRT4.dll
0x73ab0000 - 0x73ad0000 	C:\WINDOWS\System32\SspiCli.dll
0x73aa0000 - 0x73aaa000 	C:\WINDOWS\System32\CRYPTBASE.dll
0x74e40000 - 0x74e98000 	C:\WINDOWS\System32\bcryptPrimitives.dll
0x76f70000 - 0x770fd000 	C:\WINDOWS\System32\USER32.dll
0x73d40000 - 0x73d57000 	C:\WINDOWS\System32\win32u.dll
0x73d60000 - 0x73d82000 	C:\WINDOWS\System32\GDI32.dll
0x73fc0000 - 0x74124000 	C:\WINDOWS\System32\gdi32full.dll
0x74f30000 - 0x74fad000 	C:\WINDOWS\System32\msvcp_win.dll
0x74470000 - 0x7458e000 	C:\WINDOWS\System32\ucrtbase.dll
0x6d920000 - 0x6db24000 	C:\WINDOWS\WinSxS\x86_microsoft.windows.common-controls_6595b64144ccf1df_6.0.17134.472_none_42ecd1cc44e43e73\COMCTL32.dll
0x74b10000 - 0x74d6c000 	C:\WINDOWS\System32\combase.dll
0x74440000 - 0x74466000 	C:\WINDOWS\System32\IMM32.DLL
0x62190000 - 0x6224f000 	C:\Arduino\java\bin\msvcr100.dll
0x617f0000 - 0x61bbe000 	C:\Arduino\java\bin\client\jvm.dll
0x751a0000 - 0x751a6000 	C:\WINDOWS\System32\PSAPI.DLL
0x72cb0000 - 0x72cb8000 	C:\WINDOWS\SYSTEM32\WSOCK32.dll
0x71a20000 - 0x71a44000 	C:\WINDOWS\SYSTEM32\WINMM.dll
0x72100000 - 0x72108000 	C:\WINDOWS\SYSTEM32\VERSION.dll
0x73d90000 - 0x73df7000 	C:\WINDOWS\System32\WS2_32.dll
0x719a0000 - 0x719c3000 	C:\WINDOWS\SYSTEM32\WINMMBASE.dll
0x74d70000 - 0x74da9000 	C:\WINDOWS\System32\cfgmgr32.dll
0x62160000 - 0x62190000 	C:\Arduino\java\bin\splashscreen.dll
0x6ed80000 - 0x6edfc000 	C:\WINDOWS\system32\uxtheme.dll
0x66310000 - 0x6631c000 	C:\Arduino\java\bin\verify.dll
0x62130000 - 0x62151000 	C:\Arduino\java\bin\java.dll
0x76670000 - 0x767b3000 	C:\WINDOWS\System32\MSCTF.dll
0x750e0000 - 0x75176000 	C:\WINDOWS\System32\OLEAUT32.dll
0x62110000 - 0x62123000 	C:\Arduino\java\bin\zip.dll
0x73ad0000 - 0x73adf000 	C:\WINDOWS\System32\kernel.appcore.dll
0x6a640000 - 0x6a6bd000 	C:\WINDOWS\System32\TextInputFramework.dll
0x68b10000 - 0x68d6d000 	C:\WINDOWS\System32\CoreUIComponents.dll
0x6a5b0000 - 0x6a63b000 	C:\WINDOWS\System32\CoreMessaging.dll
0x751b0000 - 0x75238000 	C:\WINDOWS\System32\SHCORE.dll
0x71010000 - 0x71039000 	C:\WINDOWS\SYSTEM32\ntmarta.dll
0x6bd20000 - 0x6bdf6000 	C:\WINDOWS\SYSTEM32\wintypes.dll
0x752d0000 - 0x7661a000 	C:\WINDOWS\System32\SHELL32.dll
0x767c0000 - 0x76d7a000 	C:\WINDOWS\System32\windows.storage.dll
0x73e00000 - 0x73e45000 	C:\WINDOWS\System32\shlwapi.dll
0x752a0000 - 0x752b8000 	C:\WINDOWS\System32\profapi.dll
0x76620000 - 0x76665000 	C:\WINDOWS\System32\powrprof.dll
0x746d0000 - 0x746d8000 	C:\WINDOWS\System32\FLTLIB.DLL
0x6bab0000 - 0x6bb06000 	C:\WINDOWS\system32\Oleacc.dll
0x6ecb0000 - 0x6ecd3000 	C:\WINDOWS\system32\dwmapi.dll
0x26750000 - 0x267c2000 	C:\Arduino\lib\listSerialsj.dll
0x746e0000 - 0x74b0b000 	C:\WINDOWS\System32\SETUPAPI.dll
0x620f0000 - 0x6210d000 	C:\Arduino\lib\jnidispatch-4.2.2-win32-x86.dll
0x73eb0000 - 0x73fac000 	C:\WINDOWS\System32\Ole32.dll
0x620d0000 - 0x620e6000 	C:\Arduino\java\bin\net.dll
0x72d40000 - 0x72d96000 	C:\WINDOWS\system32\mswsock.dll
0x620c0000 - 0x620cf000 	C:\Arduino\java\bin\nio.dll
0x616a0000 - 0x617e5000 	C:\Arduino\java\bin\awt.dll
0x71100000 - 0x7119d000 	C:\WINDOWS\SYSTEM32\apphelp.dll
0x62080000 - 0x620b9000 	C:\Arduino\java\bin\fontmanager.dll
0x615c0000 - 0x61699000 	C:\WINDOWS\system32\opengl32.dll
0x62040000 - 0x6207f000 	C:\WINDOWS\SYSTEM32\GLU32.dll
0x61580000 - 0x615b2000 	C:\Arduino\java\bin\t2k.dll
0x70950000 - 0x70972000 	C:\WINDOWS\SYSTEM32\DEVOBJ.dll
0x74fb0000 - 0x74ff7000 	C:\WINDOWS\System32\WINTRUST.dll
0x73d30000 - 0x73d3e000 	C:\WINDOWS\System32\MSASN1.dll
0x76d80000 - 0x76f16000 	C:\WINDOWS\System32\CRYPT32.dll
0x72640000 - 0x72670000 	C:\WINDOWS\SYSTEM32\IPHLPAPI.DLL
0x73fb0000 - 0x73fb7000 	C:\WINDOWS\System32\NSI.dll
0x710d0000 - 0x710e3000 	C:\WINDOWS\SYSTEM32\dhcpcsvc6.DLL
0x71290000 - 0x712a4000 	C:\WINDOWS\SYSTEM32\dhcpcsvc.DLL
0x70f80000 - 0x7100e000 	C:\WINDOWS\SYSTEM32\DNSAPI.dll
0x70f40000 - 0x70f61000 	C:\Program Files (x86)\Bonjour\mdnsNSP.dll
0x70f30000 - 0x70f38000 	C:\Windows\System32\rasadhlp.dll
0x70ee0000 - 0x70f2f000 	C:\WINDOWS\System32\fwpuclnt.dll
0x72ce0000 - 0x72cf9000 	C:\WINDOWS\SYSTEM32\bcrypt.dll
0x61510000 - 0x61579000 	C:\Arduino\msvcp100.dll
0x61450000 - 0x6150e000 	C:\Arduino\msvcr100.dll
0x292a0000 - 0x292d2000 	C:\Arduino\lib\AStylej.dll
0x61420000 - 0x61444000 	C:\Arduino\java\bin\dcpr.dll
0x74db0000 - 0x74e33000 	C:\WINDOWS\System32\clbcatq.dll
0x61bc0000 - 0x61d31000 	C:\WINDOWS\SYSTEM32\WindowsCodecs.dll
0x54b20000 - 0x54b6f000 	C:\WINDOWS\system32\dataexchange.dll
0x5f240000 - 0x5f492000 	C:\WINDOWS\system32\d3d11.dll
0x59920000 - 0x59a5c000 	C:\WINDOWS\system32\dcomp.dll
0x5f4a0000 - 0x5f538000 	C:\WINDOWS\system32\dxgi.dll
0x5ea00000 - 0x5eb65000 	C:\WINDOWS\system32\twinapi.appcore.dll
0x659a0000 - 0x659ba000 	C:\WINDOWS\system32\RMCLIENT.dll
0x5f9b0000 - 0x5fa99000 	C:\Program Files (x86)\Bandicam\bdcam.dll

VM Arguments:
jvm_args: -Dsun.java2d.d3d=false -Djna.nosys=true -Djna.nounpack=true -Djna.boot.library.name=jnidispatch-4.2.2-win32-x86 -Djna.boot.library.path=C:\Arduino/lib -Djssc.library.path=C:\Arduino/lib -DAPP_DIR=C:\Arduino -Xms128M -Xmx512M 
java_command: processing.app.Base X:\Microgrid testbed - work\100 nodes\Arduino\Final2v2\Final2v2.ino
java_class_path (initial): C:\Arduino\lib\apple.jar;C:\Arduino\lib\arduino-core.jar;C:\Arduino\lib\batik-1.8.jar;C:\Arduino\lib\batik-anim-1.8.jar;C:\Arduino\lib\batik-awt-util-1.8.jar;C:\Arduino\lib\batik-bridge-1.8.jar;C:\Arduino\lib\batik-codec-1.8.jar;C:\Arduino\lib\batik-css-1.8.jar;C:\Arduino\lib\batik-dom-1.8.jar;C:\Arduino\lib\batik-ext-1.8.jar;C:\Arduino\lib\batik-gvt-1.8.jar;C:\Arduino\lib\batik-parser-1.8.jar;C:\Arduino\lib\batik-rasterizer-1.8.jar;C:\Arduino\lib\batik-script-1.8.jar;C:\Arduino\lib\batik-squiggle-1.8.jar;C:\Arduino\lib\batik-svg-dom-1.8.jar;C:\Arduino\lib\batik-svgpp-1.8.jar;C:\Arduino\lib\batik-transcoder-1.8.jar;C:\Arduino\lib\batik-util-1.8.jar;C:\Arduino\lib\batik-xml-1.8.jar;C:\Arduino\lib\bcpg-jdk15on-152.jar;C:\Arduino\lib\bcprov-jdk15on-152.jar;C:\Arduino\lib\commons-codec-1.7.jar;C:\Arduino\lib\commons-compress-1.8.jar;C:\Arduino\lib\commons-exec-1.1.jar;C:\Arduino\lib\commons-httpclient-3.1.jar;C:\Arduino\lib\commons-lang3-3.3.2.jar;C:\Arduino\lib\commons-logging-1.0.4.jar;C:\Arduino\lib\commons-net-3.3.jar;C:\Arduino\lib\jackson-annotations-2.6.3.jar;C:\Arduino\lib\jackson-core-2.6.3.jar;C:\Arduino\lib\jackson-databind-2.6.3.jar;C:\Arduino\lib\jackson-module-mrbean-2.6.3.jar;C:\Arduino\lib\java-semver-0.8.0.jar;C:\Arduino\lib\jmdns-3.5.1.jar;C:\Arduino\lib\slf4j-simple-1.7.22.jar;C:\Arduino\lib\slf4j-api-1.7.22.jar;C:\Arduino\lib\jna-4.2.2.jar;C:\Arduino\lib\jna-platform-4.2.2.jar;C:\Arduino\lib\jsch-0.1.50.jar;C:\Arduino\lib\jssc-2.8.0-arduino1.jar;C:\Arduino\lib\pde.jar;C:\Arduino\lib\rsyntaxtextarea-2.6.1.jar;C:\Arduino\lib\xml-apis-1.3.04.jar;C:\Arduino\lib\xml-apis-ext-1.3.04.jar;C:\Arduino\lib\xmlgraphics-commons-2.0.jar
Launcher Type: SUN_STANDARD

Environment Variables:
PATH=C:\Program Files (x86)\NVIDIA Corporation\PhysX\Common;C:\Program Files (x86)\Common Files\Oracle\Java\javapath;C:\ProgramData\Oracle\Java\javapath;C:\WINDOWS\system32;C:\WINDOWS;C:\WINDOWS\System32\Wbem;C:\WINDOWS\System32\WindowsPowerShell\v1.0\;C:\Program Files (x86)\PuTTY\;C:\Program Files\MATLAB\R2017a\runtime\win64;C:\Program Files\MATLAB\R2017a\bin;C:\Program Files (x86)\MATLAB\MATLAB Compiler Runtime\v79\runtime\win32;C:\Program Files (x86)\IVI Foundation\VISA\WinNT\Bin\;C:\Program Files\IVI Foundation\VISA\Win64\Bin\;C:\Program Files (x86)\IVI Foundation\VISA\WinNT\Bin;C:\processing-2.2.1;;C:\WINDOWS\System32\OpenSSH\;C:\Typhoon HIL Control Center\bin\;C:\Program Files\Microsoft SQL Server\Client SDK\ODBC\110\Tools\Binn\;C:\Program Files (x86)\Microsoft SQL Server\120\Tools\Binn\;C:\Program Files\Microsoft SQL Server\120\Tools\Binn\;C:\Program Files\Microsoft SQL Server\120\DTS\Binn\;C:\Program Files (x86)\Windows Kits\8.1\Windows Performance Toolkit\;C:\Users\ora2\AppData\Local\Microsoft\WindowsApps;C:\processing-2.2.1;;C:\Arduino\java\bin
USERNAME=ora2
OS=Windows_NT
PROCESSOR_IDENTIFIER=Intel64 Family 6 Model 158 Stepping 9, GenuineIntel



---------------  S Y S T E M  ---------------

OS: Windows 10.0 , 64 bit Build 17134 (10.0.17134.1)

CPU:total 8 (initial active 8) (4 cores per cpu, 2 threads per core) family 6 model 158 stepping 9, cmov, cx8, fxsr, mmx, sse, sse2, sse3, ssse3, sse4.1, sse4.2, popcnt, avx, avx2, aes, clmul, erms, rtm, 3dnowpref, lzcnt, ht, tsc, tscinvbit, bmi1, bmi2, adx

Memory: 4k page, physical 16666376k(6490756k free), swap 21909256k(3955796k free)

vm_info: Java HotSpot(TM) Client VM (25.144-b01) for windows-x86 JRE (1.8.0_144-b01), built on Jul 21 2017 21:58:05 by "java_re" with MS VC++ 10.0 (VS2010)

time: Wed Jan 09 16:58:24 2019
elapsed time: 185397 seconds (2d 3h 29m 57s)

