#
# A fatal error has been detected by the Java Runtime Environment:
#
#  EXCEPTION_ACCESS_VIOLATION (0xc0000005) at pc=0x619489b6, pid=15840, tid=0x00002a98
#
# JRE version: Java(TM) SE Runtime Environment (8.0_144-b01) (build 1.8.0_144-b01)
# Java VM: Java HotSpot(TM) Client VM (25.144-b01 mixed mode windows-x86 )
# Problematic frame:
# C  [listSerialsj.dll+0x89b6]
#
# Failed to write core dump. Minidumps are not enabled by default on client versions of Windows
#
# If you would like to submit a bug report, please visit:
#   http://bugreport.java.com/bugreport/crash.jsp
# The crash happened outside the Java Virtual Machine in native code.
# See problematic frame for where to report the bug.
#

---------------  T H R E A D  ---------------

Current thread (0x29529c00):  JavaThread "cc.arduino.packages.discoverers.serial.SerialBoardsLister" [_thread_in_native, id=10904, stack(0x291d0000,0x29220000)]

siginfo: ExceptionCode=0xc0000005, writing address 0x0000004c

Registers:
EAX=0x00000000, EBX=0x00000000, ECX=0xc6411d2a, EDX=0x00000000
ESP=0x2921eba0, EBP=0x28f93ea8, ESI=0x0000004c, EDI=0x75436840
EIP=0x619489b6, EFLAGS=0x00010206

Top of Stack: (sp=0x2921eba0)
0x2921eba0:   0000fde9 00000000 28f93ea8 ffffffff
0x2921ebb0:   00000000 0000004c 00000000 00000000
0x2921ebc0:   000000a0 28f93ea0 000000a0 28fc0e58
0x2921ebd0:   00000ad8 00000007 2921ec38 61948d53
0x2921ebe0:   00000ad8 00220414 28f93ea0 000000a0
0x2921ebf0:   28f93ea0 000000a0 2921ec38 00000000
0x2921ec00:   00000000 75431190 6194da6f 00000000
0x2921ec10:   28fa55b8 0000001a 00000000 28f93ea0 

Instructions: (pc=0x619489b6)
0x61948996:   89 44 24 10 c7 44 24 0c ff ff ff ff c7 44 24 04
0x619489a6:   00 00 00 00 c7 04 24 e9 fd 00 00 ff d7 83 ec 20
0x619489b6:   c6 04 33 00 89 d8 83 c4 2c 5b 5e 5f 5d c3 8d b6
0x619489c6:   00 00 00 00 8d bf 00 00 00 00 57 56 89 ce 53 b9 


Register to memory mapping:

EAX=0x00000000 is an unknown value
EBX=0x00000000 is an unknown value
ECX=0xc6411d2a is an unknown value
EDX=0x00000000 is an unknown value
ESP=0x2921eba0 is pointing into the stack for thread: 0x29529c00
EBP=0x28f93ea8 is an unknown value
ESI=0x0000004c is an unknown value
EDI=0x75436840 is an unknown value


Stack: [0x291d0000,0x29220000],  sp=0x2921eba0,  free space=314k
Native frames: (J=compiled Java code, j=interpreted, Vv=VM code, C=native code)
C  [listSerialsj.dll+0x89b6]

Java frames: (J=compiled Java code, j=interpreted, Vv=VM code)
J 2759  processing.app.Platform.listSerialsNative()[Ljava/lang/String; (0 bytes) @ 0x02e7d14f [0x02e7d110+0x3f]
J 2752 C1 cc.arduino.packages.discoverers.serial.SerialBoardsLister.retriggerDiscovery(Z)V (751 bytes) @ 0x02c6aa64 [0x02c6a910+0x154]
J 2758 C1 cc.arduino.packages.discoverers.serial.SerialBoardsLister.run()V (13 bytes) @ 0x02e7d3d4 [0x02e7d390+0x44]
J 2727% C1 java.util.TimerThread.mainLoop()V (232 bytes) @ 0x02ddbed4 [0x02ddbaa0+0x434]
j  java.util.TimerThread.run()V+1
v  ~StubRoutines::call_stub

---------------  P R O C E S S  ---------------

Java Threads: ( => current thread )
  0x29580c00 JavaThread "DestroyJavaVM" [_thread_blocked, id=13808, stack(0x011f0000,0x01240000)]
  0x29580000 JavaThread "TimerQueue" daemon [_thread_blocked, id=3260, stack(0x2b5d0000,0x2b620000)]
  0x29581400 JavaThread "Batik CleanerThread" daemon [_thread_blocked, id=15164, stack(0x2ae40000,0x2ae90000)]
  0x2957e800 JavaThread "AWT-EventQueue-0" [_thread_blocked, id=11924, stack(0x26d30000,0x26d80000)]
  0x2957b000 JavaThread "AWT-Shutdown" [_thread_blocked, id=7752, stack(0x04d40000,0x04d90000)]
  0x2957fc00 JavaThread "Timer-0" [_thread_blocked, id=1624, stack(0x2a8c0000,0x2a910000)]
  0x2955fc00 JavaThread "JmDNS(ECEB-4076-14-ad-uillinois-edu.local.).State.Timer" daemon [_thread_blocked, id=13128, stack(0x2a830000,0x2a880000)]
  0x29563400 JavaThread "JmDNS(ECEB-4076-14-ad-uillinois-edu.local.).Timer" daemon [_thread_blocked, id=16560, stack(0x2a7a0000,0x2a7f0000)]
  0x29561400 JavaThread "SocketListener(ECEB-4076-14-ad-uillinois-edu.local.)" daemon [_thread_in_native, id=4516, stack(0x2a710000,0x2a760000)]
  0x29560800 JavaThread "JmDNS(ECEB-4076-14-ad-uillinois-edu.local.).State.Timer" daemon [_thread_blocked, id=13432, stack(0x2a680000,0x2a6d0000)]
  0x29563000 JavaThread "JmDNS(ECEB-4076-14-ad-uillinois-edu.local.).Timer" daemon [_thread_blocked, id=5412, stack(0x2a5f0000,0x2a640000)]
  0x29560400 JavaThread "SocketListener(ECEB-4076-14-ad-uillinois-edu.local.)" daemon [_thread_in_native, id=17112, stack(0x2a560000,0x2a5b0000)]
  0x29562000 JavaThread "JmDNS(ECEB-4076-14-ad-uillinois-edu.local.).State.Timer" daemon [_thread_blocked, id=2668, stack(0x2a4d0000,0x2a520000)]
  0x29561c00 JavaThread "JmDNS(ECEB-4076-14-ad-uillinois-edu.local.).Timer" daemon [_thread_blocked, id=14104, stack(0x2a440000,0x2a490000)]
  0x29561000 JavaThread "SocketListener(ECEB-4076-14-ad-uillinois-edu.local.)" daemon [_thread_in_native, id=7932, stack(0x2a3b0000,0x2a400000)]
  0x29551400 JavaThread "JmDNS(ECEB-4076-14-ad-uillinois-edu.local.).State.Timer" daemon [_thread_blocked, id=1176, stack(0x2a200000,0x2a250000)]
  0x29551000 JavaThread "JmDNS(ECEB-4076-14-ad-uillinois-edu.local.).Timer" daemon [_thread_blocked, id=12416, stack(0x2a170000,0x2a1c0000)]
  0x29550800 JavaThread "SocketListener(ECEB-4076-14-ad-uillinois-edu.local.)" daemon [_thread_in_native, id=8092, stack(0x29fa0000,0x29ff0000)]
  0x2952a400 JavaThread "Multihomed mDNS.Timer" daemon [_thread_blocked, id=5992, stack(0x29f10000,0x29f60000)]
=>0x29529c00 JavaThread "cc.arduino.packages.discoverers.serial.SerialBoardsLister" [_thread_in_native, id=10904, stack(0x291d0000,0x29220000)]
  0x268fcc00 JavaThread "AWT-Windows" daemon [_thread_in_native, id=14288, stack(0x26dc0000,0x26e10000)]
  0x268fb800 JavaThread "Java2D Disposer" daemon [_thread_blocked, id=14632, stack(0x26ca0000,0x26cf0000)]
  0x26188c00 JavaThread "Service Thread" daemon [_thread_blocked, id=8564, stack(0x26590000,0x265e0000)]
  0x26170c00 JavaThread "C1 CompilerThread0" daemon [_thread_blocked, id=14328, stack(0x26500000,0x26550000)]
  0x2616ec00 JavaThread "Attach Listener" daemon [_thread_blocked, id=16644, stack(0x26470000,0x264c0000)]
  0x2616cc00 JavaThread "Signal Dispatcher" daemon [_thread_blocked, id=13932, stack(0x25580000,0x255d0000)]
  0x2615a800 JavaThread "Finalizer" daemon [_thread_blocked, id=17028, stack(0x254f0000,0x25540000)]
  0x26144800 JavaThread "Reference Handler" daemon [_thread_blocked, id=9576, stack(0x25460000,0x254b0000)]

Other Threads:
  0x0299e400 VMThread [stack: 0x04da0000,0x04df0000] [id=13452]
  0x261a0400 WatcherThread [stack: 0x26620000,0x26670000] [id=12252]

VM state:not at safepoint (normal execution)

VM Mutex/Monitor currently owned by a thread: None

Heap:
 def new generation   total 39424K, used 7712K [0x04e00000, 0x078c0000, 0x0f8a0000)
  eden space 35072K,  21% used [0x04e00000, 0x0557e1f0, 0x07040000)
  from space 4352K,   0% used [0x07040000, 0x0704a0e0, 0x07480000)
  to   space 4352K,   0% used [0x07480000, 0x07480000, 0x078c0000)
 tenured generation   total 87424K, used 40159K [0x0f8a0000, 0x14e00000, 0x24e00000)
   the space 87424K,  45% used [0x0f8a0000, 0x11fd7d58, 0x11fd7e00, 0x14e00000)
 Metaspace       used 18784K, capacity 19236K, committed 19328K, reserved 19840K

Card table byte_map: [0x24e00000,0x24f10000] byte_map_base: 0x24dd9000

Polling page: 0x01240000

CodeCache: size=32768Kb used=1932Kb max_used=4395Kb free=30836Kb
 bounds [0x02bb0000, 0x03000000, 0x04bb0000]
 total_blobs=1087 nmethods=808 adapters=208
 compilation: enabled

Compilation events (10 events):
Event: 152852.880 Thread 0x26170c00 4272             java.io.ByteArrayOutputStream::ensureCapacity (16 bytes)
Event: 152852.880 Thread 0x26170c00 nmethod 4272 0x02e5b888 code [0x02e5b990, 0x02e5ba3c]
Event: 152944.341 Thread 0x26170c00 4273             java.util.LinkedList::size (5 bytes)
Event: 152944.341 Thread 0x26170c00 nmethod 4273 0x02dc3508 code [0x02dc3600, 0x02dc3680]
Event: 153191.156 Thread 0x26170c00 4274             java.util.LinkedList::node (65 bytes)
Event: 153191.156 Thread 0x26170c00 nmethod 4274 0x02dc3248 code [0x02dc3350, 0x02dc3430]
Event: 153499.656 Thread 0x26170c00 4275             java.util.LinkedList$ListItr::<init> (47 bytes)
Event: 153499.657 Thread 0x26170c00 nmethod 4275 0x02d97548 code [0x02d97650, 0x02d9773c]
Event: 154357.392 Thread 0x26170c00 4276             java.util.AbstractList::listIterator (6 bytes)
Event: 154357.392 Thread 0x26170c00 nmethod 4276 0x02d97348 code [0x02d97450, 0x02d974ec]

GC Heap History (10 events):
Event: 184490.730 GC heap before
{Heap before GC invocations=288 (full 1):
 def new generation   total 39424K, used 35164K [0x04e00000, 0x078c0000, 0x0f8a0000)
  eden space 35072K, 100% used [0x04e00000, 0x07040000, 0x07040000)
  from space 4352K,   2% used [0x07480000, 0x074973b8, 0x078c0000)
  to   space 4352K,   0% used [0x07040000, 0x07040000, 0x07480000)
 tenured generation   total 87424K, used 40159K [0x0f8a0000, 0x14e00000, 0x24e00000)
   the space 87424K,  45% used [0x0f8a0000, 0x11fd7d58, 0x11fd7e00, 0x14e00000)
 Metaspace       used 18784K, capacity 19236K, committed 19328K, reserved 19840K
Event: 184490.731 GC heap after
Heap after GC invocations=289 (full 1):
 def new generation   total 39424K, used 64K [0x04e00000, 0x078c0000, 0x0f8a0000)
  eden space 35072K,   0% used [0x04e00000, 0x04e00000, 0x07040000)
  from space 4352K,   1% used [0x07040000, 0x070500c8, 0x07480000)
  to   space 4352K,   0% used [0x07480000, 0x07480000, 0x078c0000)
 tenured generation   total 87424K, used 40159K [0x0f8a0000, 0x14e00000, 0x24e00000)
   the space 87424K,  45% used [0x0f8a0000, 0x11fd7d58, 0x11fd7e00, 0x14e00000)
 Metaspace       used 18784K, capacity 19236K, committed 19328K, reserved 19840K
}
Event: 185381.716 GC heap before
{Heap before GC invocations=289 (full 1):
 def new generation   total 39424K, used 35136K [0x04e00000, 0x078c0000, 0x0f8a0000)
  eden space 35072K, 100% used [0x04e00000, 0x07040000, 0x07040000)
  from space 4352K,   1% used [0x07040000, 0x070500c8, 0x07480000)
  to   space 4352K,   0% used [0x07480000, 0x07480000, 0x078c0000)
 tenured generation   total 87424K, used 40159K [0x0f8a0000, 0x14e00000, 0x24e00000)
   the space 87424K,  45% used [0x0f8a0000, 0x11fd7d58, 0x11fd7e00, 0x14e00000)
 Metaspace       used 18784K, capacity 19236K, committed 19328K, reserved 19840K
Event: 185381.717 GC heap after
Heap after GC invocations=290 (full 1):
 def new generation   total 39424K, used 56K [0x04e00000, 0x078c0000, 0x0f8a0000)
  eden space 35072K,   0% used [0x04e00000, 0x04e00000, 0x07040000)
  from space 4352K,   1% used [0x07480000, 0x0748e2a0, 0x078c0000)
  to   space 4352K,   0% used [0x07040000, 0x07040000, 0x07480000)
 tenured generation   total 87424K, used 40159K [0x0f8a0000, 0x14e00000, 0x24e00000)
   the space 87424K,  45% used [0x0f8a0000, 0x11fd7d58, 0x11fd7e00, 0x14e00000)
 Metaspace       used 18784K, capacity 19236K, committed 19328K, reserved 19840K
}
Event: 186201.564 GC heap before
{Heap before GC invocations=290 (full 1):
 def new generation   total 39424K, used 35128K [0x04e00000, 0x078c0000, 0x0f8a0000)
  eden space 35072K, 100% used [0x04e00000, 0x07040000, 0x07040000)
  from space 4352K,   1% used [0x07480000, 0x0748e2a0, 0x078c0000)
  to   space 4352K,   0% used [0x07040000, 0x07040000, 0x07480000)
 tenured generation   total 87424K, used 40159K [0x0f8a0000, 0x14e00000, 0x24e00000)
   the space 87424K,  45% used [0x0f8a0000, 0x11fd7d58, 0x11fd7e00, 0x14e00000)
 Metaspace       used 18784K, capacity 19236K, committed 19328K, reserved 19840K
Event: 186201.566 GC heap after
Heap after GC invocations=291 (full 1):
 def new generation   total 39424K, used 49K [0x04e00000, 0x078c0000, 0x0f8a0000)
  eden space 35072K,   0% used [0x04e00000, 0x04e00000, 0x07040000)
  from space 4352K,   1% used [0x07040000, 0x0704c420, 0x07480000)
  to   space 4352K,   0% used [0x07480000, 0x07480000, 0x078c0000)
 tenured generation   total 87424K, used 40159K [0x0f8a0000, 0x14e00000, 0x24e00000)
   the space 87424K,  45% used [0x0f8a0000, 0x11fd7d58, 0x11fd7e00, 0x14e00000)
 Metaspace       used 18784K, capacity 19236K, committed 19328K, reserved 19840K
}
Event: 187006.227 GC heap before
{Heap before GC invocations=291 (full 1):
 def new generation   total 39424K, used 35121K [0x04e00000, 0x078c0000, 0x0f8a0000)
  eden space 35072K, 100% used [0x04e00000, 0x07040000, 0x07040000)
  from space 4352K,   1% used [0x07040000, 0x0704c420, 0x07480000)
  to   space 4352K,   0% used [0x07480000, 0x07480000, 0x078c0000)
 tenured generation   total 87424K, used 40159K [0x0f8a0000, 0x14e00000, 0x24e00000)
   the space 87424K,  45% used [0x0f8a0000, 0x11fd7d58, 0x11fd7e00, 0x14e00000)
 Metaspace       used 18784K, capacity 19236K, committed 19328K, reserved 19840K
Event: 187006.228 GC heap after
Heap after GC invocations=292 (full 1):
 def new generation   total 39424K, used 53K [0x04e00000, 0x078c0000, 0x0f8a0000)
  eden space 35072K,   0% used [0x04e00000, 0x04e00000, 0x07040000)
  from space 4352K,   1% used [0x07480000, 0x0748d6c8, 0x078c0000)
  to   space 4352K,   0% used [0x07040000, 0x07040000, 0x07480000)
 tenured generation   total 87424K, used 40159K [0x0f8a0000, 0x14e00000, 0x24e00000)
   the space 87424K,  45% used [0x0f8a0000, 0x11fd7d58, 0x11fd7e00, 0x14e00000)
 Metaspace       used 18784K, capacity 19236K, committed 19328K, reserved 19840K
}
Event: 187902.914 GC heap before
{Heap before GC invocations=292 (full 1):
 def new generation   total 39424K, used 35125K [0x04e00000, 0x078c0000, 0x0f8a0000)
  eden space 35072K, 100% used [0x04e00000, 0x07040000, 0x07040000)
  from space 4352K,   1% used [0x07480000, 0x0748d6c8, 0x078c0000)
  to   space 4352K,   0% used [0x07040000, 0x07040000, 0x07480000)
 tenured generation   total 87424K, used 40159K [0x0f8a0000, 0x14e00000, 0x24e00000)
   the space 87424K,  45% used [0x0f8a0000, 0x11fd7d58, 0x11fd7e00, 0x14e00000)
 Metaspace       used 18784K, capacity 19236K, committed 19328K, reserved 19840K
Event: 187902.915 GC heap after
Heap after GC invocations=293 (full 1):
 def new generation   total 39424K, used 40K [0x04e00000, 0x078c0000, 0x0f8a0000)
  eden space 35072K,   0% used [0x04e00000, 0x04e00000, 0x07040000)
  from space 4352K,   0% used [0x07040000, 0x0704a0e0, 0x07480000)
  to   space 4352K,   0% used [0x07480000, 0x07480000, 0x078c0000)
 tenured generation   total 87424K, used 40159K [0x0f8a0000, 0x14e00000, 0x24e00000)
   the space 87424K,  45% used [0x0f8a0000, 0x11fd7d58, 0x11fd7e00, 0x14e00000)
 Metaspace       used 18784K, capacity 19236K, committed 19328K, reserved 19840K
}

Deoptimization events (0 events):
No events

Internal exceptions (10 events):
Event: 8973.391 Thread 0x29560400 Exception <a 'java/io/IOException'> (0x061d2780) thrown at [C:\workspace\8-2-build-windows-i586-cygwin\jdk8u144\9417\hotspot\src\share\vm\prims\jni.cpp, line 709]
Event: 8973.391 Thread 0x29560400 Exception <a 'java/io/IOException'> (0x061d29f8) thrown at [C:\workspace\8-2-build-windows-i586-cygwin\jdk8u144\9417\hotspot\src\share\vm\prims\jni.cpp, line 709]
Event: 8973.391 Thread 0x29560400 Exception <a 'java/io/IOException'> (0x061d2c40) thrown at [C:\workspace\8-2-build-windows-i586-cygwin\jdk8u144\9417\hotspot\src\share\vm\prims\jni.cpp, line 709]
Event: 8973.391 Thread 0x29560400 Exception <a 'java/io/IOException'> (0x061d2e88) thrown at [C:\workspace\8-2-build-windows-i586-cygwin\jdk8u144\9417\hotspot\src\share\vm\prims\jni.cpp, line 709]
Event: 8973.391 Thread 0x29560400 Exception <a 'java/io/IOException'> (0x061d4bd0) thrown at [C:\workspace\8-2-build-windows-i586-cygwin\jdk8u144\9417\hotspot\src\share\vm\prims\jni.cpp, line 709]
Event: 8973.391 Thread 0x29560400 Exception <a 'java/io/IOException'> (0x061d4e48) thrown at [C:\workspace\8-2-build-windows-i586-cygwin\jdk8u144\9417\hotspot\src\share\vm\prims\jni.cpp, line 709]
Event: 8973.391 Thread 0x29560400 Exception <a 'java/io/IOException'> (0x061d5090) thrown at [C:\workspace\8-2-build-windows-i586-cygwin\jdk8u144\9417\hotspot\src\share\vm\prims\jni.cpp, line 709]
Event: 8973.391 Thread 0x29560400 Exception <a 'java/io/IOException'> (0x061d52d8) thrown at [C:\workspace\8-2-build-windows-i586-cygwin\jdk8u144\9417\hotspot\src\share\vm\prims\jni.cpp, line 709]
Event: 10176.799 Thread 0x268fcc00 Exception <a 'java/lang/InternalError': Could not update the devices array.> (0x06674f60) thrown at [C:\workspace\8-2-build-windows-i586-cygwin\jdk8u144\9417\hotspot\src\share\vm\prims\jni.cpp, line 735]
Event: 64764.065 Thread 0x268fcc00 Exception <a 'java/lang/InternalError': Could not update the devices array.> (0x050d16b0) thrown at [C:\workspace\8-2-build-windows-i586-cygwin\jdk8u144\9417\hotspot\src\share\vm\prims\jni.cpp, line 735]

Events (10 events):
Event: 184490.730 Executing VM operation: GenCollectForAllocation
Event: 184490.731 Executing VM operation: GenCollectForAllocation done
Event: 185381.715 Executing VM operation: GenCollectForAllocation
Event: 185381.717 Executing VM operation: GenCollectForAllocation done
Event: 186201.564 Executing VM operation: GenCollectForAllocation
Event: 186201.566 Executing VM operation: GenCollectForAllocation done
Event: 187006.227 Executing VM operation: GenCollectForAllocation
Event: 187006.228 Executing VM operation: GenCollectForAllocation done
Event: 187902.914 Executing VM operation: GenCollectForAllocation
Event: 187902.915 Executing VM operation: GenCollectForAllocation done


Dynamic libraries:
0x00dc0000 - 0x00df3000 	C:\Arduino\java\bin\javaw.exe
0x77a00000 - 0x77b90000 	C:\WINDOWS\SYSTEM32\ntdll.dll
0x75420000 - 0x75500000 	C:\WINDOWS\System32\KERNEL32.DLL
0x74310000 - 0x744f4000 	C:\WINDOWS\System32\KERNELBASE.dll
0x774e0000 - 0x77558000 	C:\WINDOWS\System32\ADVAPI32.dll
0x777f0000 - 0x778af000 	C:\WINDOWS\System32\msvcrt.dll
0x75800000 - 0x75844000 	C:\WINDOWS\System32\sechost.dll
0x756d0000 - 0x75790000 	C:\WINDOWS\System32\RPCRT4.dll
0x742c0000 - 0x742e0000 	C:\WINDOWS\System32\SspiCli.dll
0x742b0000 - 0x742ba000 	C:\WINDOWS\System32\CRYPTBASE.dll
0x75620000 - 0x75678000 	C:\WINDOWS\System32\bcryptPrimitives.dll
0x76f10000 - 0x7709d000 	C:\WINDOWS\System32\USER32.dll
0x77570000 - 0x77587000 	C:\WINDOWS\System32\win32u.dll
0x742e0000 - 0x74302000 	C:\WINDOWS\System32\GDI32.dll
0x76da0000 - 0x76f04000 	C:\WINDOWS\System32\gdi32full.dll
0x748b0000 - 0x7492d000 	C:\WINDOWS\System32\msvcp_win.dll
0x75500000 - 0x7561e000 	C:\WINDOWS\System32\ucrtbase.dll
0x6f770000 - 0x6f974000 	C:\WINDOWS\WinSxS\x86_microsoft.windows.common-controls_6595b64144ccf1df_6.0.17134.523_none_42edd4b044e3535c\COMCTL32.dll
0x77590000 - 0x777ec000 	C:\WINDOWS\System32\combase.dll
0x74880000 - 0x748a6000 	C:\WINDOWS\System32\IMM32.DLL
0x6fae0000 - 0x6fb9f000 	C:\Arduino\java\bin\msvcr100.dll
0x6cb50000 - 0x6cf1e000 	C:\Arduino\java\bin\client\jvm.dll
0x750e0000 - 0x750e6000 	C:\WINDOWS\System32\PSAPI.DLL
0x73370000 - 0x73378000 	C:\WINDOWS\SYSTEM32\WSOCK32.dll
0x72220000 - 0x72244000 	C:\WINDOWS\SYSTEM32\WINMM.dll
0x72e60000 - 0x72e68000 	C:\WINDOWS\SYSTEM32\VERSION.dll
0x75790000 - 0x757f7000 	C:\WINDOWS\System32\WS2_32.dll
0x721a0000 - 0x721c3000 	C:\WINDOWS\SYSTEM32\winmmbase.dll
0x75090000 - 0x750c9000 	C:\WINDOWS\System32\cfgmgr32.dll
0x6fc00000 - 0x6fc30000 	C:\Arduino\java\bin\splashscreen.dll
0x6fc30000 - 0x6fcac000 	C:\WINDOWS\system32\uxtheme.dll
0x6fbf0000 - 0x6fbfc000 	C:\Arduino\java\bin\verify.dll
0x6fbc0000 - 0x6fbe1000 	C:\Arduino\java\bin\java.dll
0x74500000 - 0x74643000 	C:\WINDOWS\System32\MSCTF.dll
0x74ff0000 - 0x75086000 	C:\WINDOWS\System32\OLEAUT32.dll
0x6fac0000 - 0x6fad3000 	C:\Arduino\java\bin\zip.dll
0x77560000 - 0x7756f000 	C:\WINDOWS\System32\kernel.appcore.dll
0x63f30000 - 0x63fad000 	C:\WINDOWS\System32\TextInputFramework.dll
0x62a80000 - 0x62cdd000 	C:\WINDOWS\System32\CoreUIComponents.dll
0x62ce0000 - 0x62d6b000 	C:\WINDOWS\System32\CoreMessaging.dll
0x75390000 - 0x75418000 	C:\WINDOWS\System32\SHCORE.dll
0x6e520000 - 0x6e5f6000 	C:\WINDOWS\SYSTEM32\wintypes.dll
0x71810000 - 0x71839000 	C:\WINDOWS\SYSTEM32\ntmarta.dll
0x6f570000 - 0x6f593000 	C:\WINDOWS\system32\dwmapi.dll
0x759d0000 - 0x76d1a000 	C:\WINDOWS\System32\SHELL32.dll
0x74a30000 - 0x74fea000 	C:\WINDOWS\System32\windows.storage.dll
0x74930000 - 0x74975000 	C:\WINDOWS\System32\shlwapi.dll
0x76d80000 - 0x76d98000 	C:\WINDOWS\System32\profapi.dll
0x75680000 - 0x756c5000 	C:\WINDOWS\System32\powrprof.dll
0x75380000 - 0x75388000 	C:\WINDOWS\System32\FLTLIB.DLL
0x61940000 - 0x619b2000 	C:\Arduino\lib\listSerialsj.dll
0x770a0000 - 0x774cb000 	C:\WINDOWS\System32\SETUPAPI.dll
0x6faa0000 - 0x6fabd000 	C:\Arduino\lib\jnidispatch-4.2.2-win32-x86.dll
0x750f0000 - 0x751ec000 	C:\WINDOWS\System32\Ole32.dll
0x6fa80000 - 0x6fa96000 	C:\Arduino\java\bin\net.dll
0x73550000 - 0x735a6000 	C:\WINDOWS\system32\mswsock.dll
0x6fa70000 - 0x6fa7f000 	C:\Arduino\java\bin\nio.dll
0x6cfe0000 - 0x6d125000 	C:\Arduino\java\bin\awt.dll
0x55140000 - 0x551dd000 	C:\WINDOWS\SYSTEM32\apphelp.dll
0x6fa30000 - 0x6fa69000 	C:\Arduino\java\bin\fontmanager.dll
0x502d0000 - 0x503a9000 	C:\WINDOWS\system32\opengl32.dll
0x6f9f0000 - 0x6fa2f000 	C:\WINDOWS\SYSTEM32\GLU32.dll
0x6f9b0000 - 0x6f9e2000 	C:\Arduino\java\bin\t2k.dll
0x711c0000 - 0x711e2000 	C:\WINDOWS\SYSTEM32\DEVOBJ.dll
0x75250000 - 0x75297000 	C:\WINDOWS\System32\WINTRUST.dll
0x750d0000 - 0x750de000 	C:\WINDOWS\System32\MSASN1.dll
0x746e0000 - 0x74876000 	C:\WINDOWS\System32\CRYPT32.dll
0x733a0000 - 0x733d0000 	C:\WINDOWS\SYSTEM32\IPHLPAPI.DLL
0x759c0000 - 0x759c7000 	C:\WINDOWS\System32\NSI.dll
0x718e0000 - 0x718f3000 	C:\WINDOWS\SYSTEM32\dhcpcsvc6.DLL
0x71c80000 - 0x71c94000 	C:\WINDOWS\SYSTEM32\dhcpcsvc.DLL
0x719b0000 - 0x71a3e000 	C:\WINDOWS\SYSTEM32\DNSAPI.dll
0x71960000 - 0x71981000 	C:\Program Files (x86)\Bonjour\mdnsNSP.dll
0x71950000 - 0x71958000 	C:\Windows\System32\rasadhlp.dll
0x71900000 - 0x7194f000 	C:\WINDOWS\System32\fwpuclnt.dll
0x734f0000 - 0x73509000 	C:\WINDOWS\SYSTEM32\bcrypt.dll
0x50260000 - 0x502c9000 	C:\Arduino\msvcp100.dll
0x501a0000 - 0x5025e000 	C:\Arduino\msvcr100.dll
0x2acc0000 - 0x2acf2000 	C:\Arduino\lib\AStylej.dll
0x6cfb0000 - 0x6cfd4000 	C:\Arduino\java\bin\dcpr.dll
0x74980000 - 0x74a03000 	C:\WINDOWS\System32\clbcatq.dll
0x5f640000 - 0x5f7b1000 	C:\WINDOWS\SYSTEM32\WindowsCodecs.dll
0x59eb0000 - 0x59eff000 	C:\WINDOWS\system32\dataexchange.dll
0x59b10000 - 0x59c4c000 	C:\WINDOWS\system32\dcomp.dll
0x59c50000 - 0x59ea2000 	C:\WINDOWS\system32\d3d11.dll
0x59a70000 - 0x59b08000 	C:\WINDOWS\system32\dxgi.dll
0x59900000 - 0x59a65000 	C:\WINDOWS\system32\twinapi.appcore.dll
0x598e0000 - 0x598fa000 	C:\WINDOWS\system32\RMCLIENT.dll
0x70f50000 - 0x70f63000 	C:\WINDOWS\SYSTEM32\CRYPTSP.dll
0x70f20000 - 0x70f4f000 	C:\WINDOWS\system32\rsaenh.dll
0x72cd0000 - 0x72cf1000 	C:\WINDOWS\SYSTEM32\USERENV.dll
0x64000000 - 0x6401b000 	C:\Arduino\lib\jSSC-2.8_x86.dll

VM Arguments:
jvm_args: -Dsun.java2d.d3d=false -Djna.nosys=true -Djna.nounpack=true -Djna.boot.library.name=jnidispatch-4.2.2-win32-x86 -Djna.boot.library.path=C:\Arduino/lib -Djssc.library.path=C:\Arduino/lib -DAPP_DIR=C:\Arduino -Xms128M -Xmx512M 
java_command: processing.app.Base X:\Microgrid testbed - work\100 nodes\Arduino\Final6v2\Final6v2.ino
java_class_path (initial): C:\Arduino\lib\apple.jar;C:\Arduino\lib\arduino-core.jar;C:\Arduino\lib\batik-1.8.jar;C:\Arduino\lib\batik-anim-1.8.jar;C:\Arduino\lib\batik-awt-util-1.8.jar;C:\Arduino\lib\batik-bridge-1.8.jar;C:\Arduino\lib\batik-codec-1.8.jar;C:\Arduino\lib\batik-css-1.8.jar;C:\Arduino\lib\batik-dom-1.8.jar;C:\Arduino\lib\batik-ext-1.8.jar;C:\Arduino\lib\batik-gvt-1.8.jar;C:\Arduino\lib\batik-parser-1.8.jar;C:\Arduino\lib\batik-rasterizer-1.8.jar;C:\Arduino\lib\batik-script-1.8.jar;C:\Arduino\lib\batik-squiggle-1.8.jar;C:\Arduino\lib\batik-svg-dom-1.8.jar;C:\Arduino\lib\batik-svgpp-1.8.jar;C:\Arduino\lib\batik-transcoder-1.8.jar;C:\Arduino\lib\batik-util-1.8.jar;C:\Arduino\lib\batik-xml-1.8.jar;C:\Arduino\lib\bcpg-jdk15on-152.jar;C:\Arduino\lib\bcprov-jdk15on-152.jar;C:\Arduino\lib\commons-codec-1.7.jar;C:\Arduino\lib\commons-compress-1.8.jar;C:\Arduino\lib\commons-exec-1.1.jar;C:\Arduino\lib\commons-httpclient-3.1.jar;C:\Arduino\lib\commons-lang3-3.3.2.jar;C:\Arduino\lib\commons-logging-1.0.4.jar;C:\Arduino\lib\commons-net-3.3.jar;C:\Arduino\lib\jackson-annotations-2.6.3.jar;C:\Arduino\lib\jackson-core-2.6.3.jar;C:\Arduino\lib\jackson-databind-2.6.3.jar;C:\Arduino\lib\jackson-module-mrbean-2.6.3.jar;C:\Arduino\lib\java-semver-0.8.0.jar;C:\Arduino\lib\jmdns-3.5.1.jar;C:\Arduino\lib\slf4j-simple-1.7.22.jar;C:\Arduino\lib\slf4j-api-1.7.22.jar;C:\Arduino\lib\jna-4.2.2.jar;C:\Arduino\lib\jna-platform-4.2.2.jar;C:\Arduino\lib\jsch-0.1.50.jar;C:\Arduino\lib\jssc-2.8.0-arduino1.jar;C:\Arduino\lib\pde.jar;C:\Arduino\lib\rsyntaxtextarea-2.6.1.jar;C:\Arduino\lib\xml-apis-1.3.04.jar;C:\Arduino\lib\xml-apis-ext-1.3.04.jar;C:\Arduino\lib\xmlgraphics-commons-2.0.jar
Launcher Type: SUN_STANDARD

Environment Variables:
PATH=C:\Program Files (x86)\NVIDIA Corporation\PhysX\Common;C:\Program Files (x86)\Common Files\Oracle\Java\javapath;C:\ProgramData\Oracle\Java\javapath;C:\WINDOWS\system32;C:\WINDOWS;C:\WINDOWS\System32\Wbem;C:\WINDOWS\System32\WindowsPowerShell\v1.0\;C:\Program Files (x86)\PuTTY\;C:\Program Files\MATLAB\R2017a\runtime\win64;C:\Program Files\MATLAB\R2017a\bin;C:\Program Files (x86)\MATLAB\MATLAB Compiler Runtime\v79\runtime\win32;C:\Program Files (x86)\IVI Foundation\VISA\WinNT\Bin\;C:\Program Files\IVI Foundation\VISA\Win64\Bin\;C:\Program Files (x86)\IVI Foundation\VISA\WinNT\Bin;C:\processing-2.2.1;;C:\WINDOWS\System32\OpenSSH\;C:\Typhoon HIL Control Center\bin\;C:\Program Files\Microsoft SQL Server\Client SDK\ODBC\110\Tools\Binn\;C:\Program Files (x86)\Microsoft SQL Server\120\Tools\Binn\;C:\Program Files\Microsoft SQL Server\120\Tools\Binn\;C:\Program Files\Microsoft SQL Server\120\DTS\Binn\;C:\Program Files (x86)\Windows Kits\8.1\Windows Performance Toolkit\;C:\Users\ora2\AppData\Local\Microsoft\WindowsApps;C:\processing-2.2.1;;C:\Arduino\java\bin
USERNAME=ora2
OS=Windows_NT
PROCESSOR_IDENTIFIER=Intel64 Family 6 Model 158 Stepping 9, GenuineIntel



---------------  S Y S T E M  ---------------

OS: Windows 10.0 , 64 bit Build 17134 (10.0.17134.1)

CPU:total 8 (initial active 8) (4 cores per cpu, 2 threads per core) family 6 model 158 stepping 9, cmov, cx8, fxsr, mmx, sse, sse2, sse3, ssse3, sse4.1, sse4.2, popcnt, avx, avx2, aes, clmul, erms, rtm, 3dnowpref, lzcnt, ht, tsc, tscinvbit, bmi1, bmi2, adx

Memory: 4k page, physical 16666376k(5739952k free), swap 34029064k(13548084k free)

vm_info: Java HotSpot(TM) Client VM (25.144-b01) for windows-x86 JRE (1.8.0_144-b01), built on Jul 21 2017 21:58:05 by "java_re" with MS VC++ 10.0 (VS2010)

time: Sat Jan 26 18:36:47 2019
elapsed time: 188086 seconds (2d 4h 14m 46s)

