#
# A fatal error has been detected by the Java Runtime Environment:
#
#  EXCEPTION_ACCESS_VIOLATION (0xc0000005) at pc=0x619489b6, pid=8232, tid=0x000030c4
#
# JRE version: Java(TM) SE Runtime Environment (8.0_144-b01) (build 1.8.0_144-b01)
# Java VM: Java HotSpot(TM) Client VM (25.144-b01 mixed mode windows-x86 )
# Problematic frame:
# C  [listSerialsj.dll+0x89b6]
#
# Failed to write core dump. Minidumps are not enabled by default on client versions of Windows
#
# If you would like to submit a bug report, please visit:
#   http://bugreport.java.com/bugreport/crash.jsp
# The crash happened outside the Java Virtual Machine in native code.
# See problematic frame for where to report the bug.
#

---------------  T H R E A D  ---------------

Current thread (0x28f41800):  JavaThread "cc.arduino.packages.discoverers.serial.SerialBoardsLister" [_thread_in_native, id=12484, stack(0x26ab0000,0x26b00000)]

siginfo: ExceptionCode=0xc0000005, writing address 0x0000004c

Registers:
EAX=0x00000000, EBX=0x00000000, ECX=0x5781cf1d, EDX=0x00000000
ESP=0x26afed30, EBP=0x6a9a8388, ESI=0x0000004c, EDI=0x77376840
EIP=0x619489b6, EFLAGS=0x00010206

Top of Stack: (sp=0x26afed30)
0x26afed30:   0000fde9 00000000 6a9a8388 ffffffff
0x26afed40:   00000000 0000004c 00000000 00000000
0x26afed50:   000000a0 6a9a8380 000000a0 332153a0
0x26afed60:   00000a94 00000007 26afedc8 61948d53
0x26afed70:   00000a94 00220414 6a9a8380 000000a0
0x26afed80:   6a9a8380 000000a0 26afedc8 00000000
0x26afed90:   00000000 77371190 6194da6f 00000000
0x26afeda0:   28b04170 0000001a 00000000 6a9a8380 

Instructions: (pc=0x619489b6)
0x61948996:   89 44 24 10 c7 44 24 0c ff ff ff ff c7 44 24 04
0x619489a6:   00 00 00 00 c7 04 24 e9 fd 00 00 ff d7 83 ec 20
0x619489b6:   c6 04 33 00 89 d8 83 c4 2c 5b 5e 5f 5d c3 8d b6
0x619489c6:   00 00 00 00 8d bf 00 00 00 00 57 56 89 ce 53 b9 


Register to memory mapping:

EAX=0x00000000 is an unknown value
EBX=0x00000000 is an unknown value
ECX=0x5781cf1d is an unknown value
EDX=0x00000000 is an unknown value
ESP=0x26afed30 is pointing into the stack for thread: 0x28f41800
EBP=0x6a9a8388 is an unknown value
ESI=0x0000004c is an unknown value
EDI=0x77376840 is an unknown value


Stack: [0x26ab0000,0x26b00000],  sp=0x26afed30,  free space=315k
Native frames: (J=compiled Java code, j=interpreted, Vv=VM code, C=native code)
C  [listSerialsj.dll+0x89b6]

Java frames: (J=compiled Java code, j=interpreted, Vv=VM code)
J 2240  processing.app.Platform.listSerialsNative()[Ljava/lang/String; (0 bytes) @ 0x0296860f [0x029685d0+0x3f]
J 2162 C1 cc.arduino.packages.discoverers.serial.SerialBoardsLister.retriggerDiscovery(Z)V (751 bytes) @ 0x0294b1e4 [0x0294b090+0x154]
J 2235 C1 cc.arduino.packages.discoverers.serial.SerialBoardsLister.run()V (13 bytes) @ 0x029679d4 [0x02967990+0x44]
J 2249% C1 java.util.TimerThread.mainLoop()V (232 bytes) @ 0x0296bf94 [0x0296bb60+0x434]
j  java.util.TimerThread.run()V+1
v  ~StubRoutines::call_stub

---------------  P R O C E S S  ---------------

Java Threads: ( => current thread )
  0x28f9b000 JavaThread "DestroyJavaVM" [_thread_blocked, id=16996, stack(0x02540000,0x02590000)]
  0x28f98c00 JavaThread "TimerQueue" daemon [_thread_blocked, id=22328, stack(0x28180000,0x281d0000)]
  0x28f94c00 JavaThread "Batik CleanerThread" daemon [_thread_blocked, id=24400, stack(0x279f0000,0x27a40000)]
  0x28f95800 JavaThread "AWT-EventQueue-0" [_thread_blocked, id=17636, stack(0x27660000,0x276b0000)]
  0x28f96000 JavaThread "AWT-Shutdown" [_thread_blocked, id=14492, stack(0x267c0000,0x26810000)]
  0x28f94800 JavaThread "Timer-0" [_thread_blocked, id=5564, stack(0x274d0000,0x27520000)]
  0x28f7cc00 JavaThread "JmDNS(ECEB-4076-14-ad-uillinois-edu.local.).State.Timer" daemon [_thread_blocked, id=13984, stack(0x27440000,0x27490000)]
  0x28f7c800 JavaThread "JmDNS(ECEB-4076-14-ad-uillinois-edu.local.).Timer" daemon [_thread_blocked, id=6612, stack(0x273b0000,0x27400000)]
  0x28f7ac00 JavaThread "SocketListener(ECEB-4076-14-ad-uillinois-edu.local.)" daemon [_thread_in_native, id=11720, stack(0x27320000,0x27370000)]
  0x28f79c00 JavaThread "JmDNS(ECEB-4076-14-ad-uillinois-edu.local.).State.Timer" daemon [_thread_blocked, id=22352, stack(0x27290000,0x272e0000)]
  0x28f7b400 JavaThread "JmDNS(ECEB-4076-14-ad-uillinois-edu.local.).Timer" daemon [_thread_blocked, id=3752, stack(0x27200000,0x27250000)]
  0x28f7c000 JavaThread "SocketListener(ECEB-4076-14-ad-uillinois-edu.local.)" daemon [_thread_in_native, id=14816, stack(0x27170000,0x271c0000)]
  0x28f7a000 JavaThread "JmDNS(ECEB-4076-14-ad-uillinois-edu.local.).State.Timer" daemon [_thread_blocked, id=8688, stack(0x270e0000,0x27130000)]
  0x28f7b800 JavaThread "JmDNS(ECEB-4076-14-ad-uillinois-edu.local.).Timer" daemon [_thread_blocked, id=19612, stack(0x27050000,0x270a0000)]
  0x28f7a800 JavaThread "SocketListener(ECEB-4076-14-ad-uillinois-edu.local.)" daemon [_thread_in_native, id=11564, stack(0x26fc0000,0x27010000)]
  0x28f5a800 JavaThread "JmDNS(ECEB-4076-14-ad-uillinois-edu.local.).State.Timer" daemon [_thread_blocked, id=10904, stack(0x26d10000,0x26d60000)]
  0x28f69000 JavaThread "JmDNS(ECEB-4076-14-ad-uillinois-edu.local.).Timer" daemon [_thread_blocked, id=11344, stack(0x26c80000,0x26cd0000)]
  0x28f68c00 JavaThread "SocketListener(ECEB-4076-14-ad-uillinois-edu.local.)" daemon [_thread_in_native, id=11540, stack(0x26bf0000,0x26c40000)]
  0x28f42400 JavaThread "Multihomed mDNS.Timer" daemon [_thread_blocked, id=20512, stack(0x26b40000,0x26b90000)]
=>0x28f41800 JavaThread "cc.arduino.packages.discoverers.serial.SerialBoardsLister" [_thread_in_native, id=12484, stack(0x26ab0000,0x26b00000)]
  0x26392c00 JavaThread "AWT-Windows" daemon [_thread_in_native, id=2348, stack(0x26850000,0x268a0000)]
  0x26391c00 JavaThread "Java2D Disposer" daemon [_thread_blocked, id=18492, stack(0x26730000,0x26780000)]
  0x24d24800 JavaThread "Service Thread" daemon [_thread_blocked, id=19040, stack(0x26020000,0x26070000)]
  0x24d1d000 JavaThread "C1 CompilerThread0" daemon [_thread_blocked, id=16224, stack(0x25f90000,0x25fe0000)]
  0x24d2c400 JavaThread "Attach Listener" daemon [_thread_blocked, id=14876, stack(0x25f00000,0x25f50000)]
  0x24d28800 JavaThread "Signal Dispatcher" daemon [_thread_blocked, id=436, stack(0x25e70000,0x25ec0000)]
  0x24d0a000 JavaThread "Finalizer" daemon [_thread_blocked, id=4928, stack(0x25070000,0x250c0000)]
  0x24cf4400 JavaThread "Reference Handler" daemon [_thread_blocked, id=22476, stack(0x24fe0000,0x25030000)]

Other Threads:
  0x00a0dc00 VMThread [stack: 0x24ca0000,0x24cf0000] [id=14344]
  0x24d27c00 WatcherThread [stack: 0x260b0000,0x26100000] [id=6356]

VM state:not at safepoint (normal execution)

VM Mutex/Monitor currently owned by a thread: None

Heap:
 def new generation   total 39424K, used 25185K [0x04800000, 0x072c0000, 0x0f2a0000)
  eden space 35072K,  71% used [0x04800000, 0x0607b7a0, 0x06a40000)
  from space 4352K,   2% used [0x06a40000, 0x06a5cf18, 0x06e80000)
  to   space 4352K,   0% used [0x06e80000, 0x06e80000, 0x072c0000)
 tenured generation   total 87424K, used 35087K [0x0f2a0000, 0x14800000, 0x24800000)
   the space 87424K,  40% used [0x0f2a0000, 0x114e3ed8, 0x114e4000, 0x14800000)
 Metaspace       used 18699K, capacity 19158K, committed 19200K, reserved 19840K

Card table byte_map: [0x04610000,0x04720000] byte_map_base: 0x045ec000

Polling page: 0x00340000

CodeCache: size=32768Kb used=2150Kb max_used=4169Kb free=30617Kb
 bounds [0x02590000, 0x029a8000, 0x04590000]
 total_blobs=1224 nmethods=948 adapters=206
 compilation: enabled

Compilation events (10 events):
Event: 152614.352 Thread 0x24d1d000 2530             javax.jmdns.impl.ServiceInfoImpl::getQualifiedNameMap (81 bytes)
Event: 152614.352 Thread 0x24d1d000 nmethod 2530 0x0288b008 code [0x0288b1b0, 0x0288b4d4]
Event: 152614.373 Thread 0x24d1d000 2531             javax.jmdns.impl.ServiceInfoImpl::getSubtype (17 bytes)
Event: 152614.373 Thread 0x24d1d000 nmethod 2531 0x027b7488 code [0x027b7580, 0x027b7610]
Event: 152852.265 Thread 0x24d1d000 2532             java.util.HashMap::clear (50 bytes)
Event: 152852.265 Thread 0x24d1d000 nmethod 2532 0x027b7208 code [0x027b7300, 0x027b73d0]
Event: 162586.215 Thread 0x24d1d000 2533  s          sun.awt.windows.WDesktopProperties::setColorProperty (107 bytes)
Event: 162586.233 Thread 0x24d1d000 nmethod 2533 0x027b6848 code [0x027b69d0, 0x027b6e2c]
Event: 188431.472 Thread 0x24d1d000 2534             java.util.AbstractMap::containsKey (86 bytes)
Event: 188431.473 Thread 0x24d1d000 nmethod 2534 0x026d7108 code [0x026d72a0, 0x026d751c]

GC Heap History (10 events):
Event: 185203.119 GC heap before
{Heap before GC invocations=298 (full 1):
 def new generation   total 39424K, used 35191K [0x04800000, 0x072c0000, 0x0f2a0000)
  eden space 35072K, 100% used [0x04800000, 0x06a40000, 0x06a40000)
  from space 4352K,   2% used [0x06e80000, 0x06e9dc48, 0x072c0000)
  to   space 4352K,   0% used [0x06a40000, 0x06a40000, 0x06e80000)
 tenured generation   total 87424K, used 35084K [0x0f2a0000, 0x14800000, 0x24800000)
   the space 87424K,  40% used [0x0f2a0000, 0x114e3190, 0x114e3200, 0x14800000)
 Metaspace       used 18699K, capacity 19158K, committed 19200K, reserved 19840K
Event: 185203.121 GC heap after
Heap after GC invocations=299 (full 1):
 def new generation   total 39424K, used 203K [0x04800000, 0x072c0000, 0x0f2a0000)
  eden space 35072K,   0% used [0x04800000, 0x04800000, 0x06a40000)
  from space 4352K,   4% used [0x06a40000, 0x06a72d08, 0x06e80000)
  to   space 4352K,   0% used [0x06e80000, 0x06e80000, 0x072c0000)
 tenured generation   total 87424K, used 35084K [0x0f2a0000, 0x14800000, 0x24800000)
   the space 87424K,  40% used [0x0f2a0000, 0x114e3190, 0x114e3200, 0x14800000)
 Metaspace       used 18699K, capacity 19158K, committed 19200K, reserved 19840K
}
Event: 185894.624 GC heap before
{Heap before GC invocations=299 (full 1):
 def new generation   total 39424K, used 35275K [0x04800000, 0x072c0000, 0x0f2a0000)
  eden space 35072K, 100% used [0x04800000, 0x06a40000, 0x06a40000)
  from space 4352K,   4% used [0x06a40000, 0x06a72d08, 0x06e80000)
  to   space 4352K,   0% used [0x06e80000, 0x06e80000, 0x072c0000)
 tenured generation   total 87424K, used 35084K [0x0f2a0000, 0x14800000, 0x24800000)
   the space 87424K,  40% used [0x0f2a0000, 0x114e3190, 0x114e3200, 0x14800000)
 Metaspace       used 18699K, capacity 19158K, committed 19200K, reserved 19840K
Event: 185894.626 GC heap after
Heap after GC invocations=300 (full 1):
 def new generation   total 39424K, used 90K [0x04800000, 0x072c0000, 0x0f2a0000)
  eden space 35072K,   0% used [0x04800000, 0x04800000, 0x06a40000)
  from space 4352K,   2% used [0x06e80000, 0x06e96bb0, 0x072c0000)
  to   space 4352K,   0% used [0x06a40000, 0x06a40000, 0x06e80000)
 tenured generation   total 87424K, used 35084K [0x0f2a0000, 0x14800000, 0x24800000)
   the space 87424K,  40% used [0x0f2a0000, 0x114e3190, 0x114e3200, 0x14800000)
 Metaspace       used 18699K, capacity 19158K, committed 19200K, reserved 19840K
}
Event: 186678.552 GC heap before
{Heap before GC invocations=300 (full 1):
 def new generation   total 39424K, used 35162K [0x04800000, 0x072c0000, 0x0f2a0000)
  eden space 35072K, 100% used [0x04800000, 0x06a40000, 0x06a40000)
  from space 4352K,   2% used [0x06e80000, 0x06e96bb0, 0x072c0000)
  to   space 4352K,   0% used [0x06a40000, 0x06a40000, 0x06e80000)
 tenured generation   total 87424K, used 35084K [0x0f2a0000, 0x14800000, 0x24800000)
   the space 87424K,  40% used [0x0f2a0000, 0x114e3190, 0x114e3200, 0x14800000)
 Metaspace       used 18699K, capacity 19158K, committed 19200K, reserved 19840K
Event: 186678.553 GC heap after
Heap after GC invocations=301 (full 1):
 def new generation   total 39424K, used 77K [0x04800000, 0x072c0000, 0x0f2a0000)
  eden space 35072K,   0% used [0x04800000, 0x04800000, 0x06a40000)
  from space 4352K,   1% used [0x06a40000, 0x06a53570, 0x06e80000)
  to   space 4352K,   0% used [0x06e80000, 0x06e80000, 0x072c0000)
 tenured generation   total 87424K, used 35084K [0x0f2a0000, 0x14800000, 0x24800000)
   the space 87424K,  40% used [0x0f2a0000, 0x114e3190, 0x114e3200, 0x14800000)
 Metaspace       used 18699K, capacity 19158K, committed 19200K, reserved 19840K
}
Event: 187569.445 GC heap before
{Heap before GC invocations=301 (full 1):
 def new generation   total 39424K, used 35149K [0x04800000, 0x072c0000, 0x0f2a0000)
  eden space 35072K, 100% used [0x04800000, 0x06a40000, 0x06a40000)
  from space 4352K,   1% used [0x06a40000, 0x06a53570, 0x06e80000)
  to   space 4352K,   0% used [0x06e80000, 0x06e80000, 0x072c0000)
 tenured generation   total 87424K, used 35084K [0x0f2a0000, 0x14800000, 0x24800000)
   the space 87424K,  40% used [0x0f2a0000, 0x114e3190, 0x114e3200, 0x14800000)
 Metaspace       used 18699K, capacity 19158K, committed 19200K, reserved 19840K
Event: 187569.447 GC heap after
Heap after GC invocations=302 (full 1):
 def new generation   total 39424K, used 71K [0x04800000, 0x072c0000, 0x0f2a0000)
  eden space 35072K,   0% used [0x04800000, 0x04800000, 0x06a40000)
  from space 4352K,   1% used [0x06e80000, 0x06e91d18, 0x072c0000)
  to   space 4352K,   0% used [0x06a40000, 0x06a40000, 0x06e80000)
 tenured generation   total 87424K, used 35084K [0x0f2a0000, 0x14800000, 0x24800000)
   the space 87424K,  40% used [0x0f2a0000, 0x114e3190, 0x114e3200, 0x14800000)
 Metaspace       used 18699K, capacity 19158K, committed 19200K, reserved 19840K
}
Event: 188058.326 GC heap before
{Heap before GC invocations=302 (full 1):
 def new generation   total 39424K, used 35143K [0x04800000, 0x072c0000, 0x0f2a0000)
  eden space 35072K, 100% used [0x04800000, 0x06a40000, 0x06a40000)
  from space 4352K,   1% used [0x06e80000, 0x06e91d18, 0x072c0000)
  to   space 4352K,   0% used [0x06a40000, 0x06a40000, 0x06e80000)
 tenured generation   total 87424K, used 35084K [0x0f2a0000, 0x14800000, 0x24800000)
   the space 87424K,  40% used [0x0f2a0000, 0x114e3190, 0x114e3200, 0x14800000)
 Metaspace       used 18699K, capacity 19158K, committed 19200K, reserved 19840K
Event: 188058.327 GC heap after
Heap after GC invocations=303 (full 1):
 def new generation   total 39424K, used 115K [0x04800000, 0x072c0000, 0x0f2a0000)
  eden space 35072K,   0% used [0x04800000, 0x04800000, 0x06a40000)
  from space 4352K,   2% used [0x06a40000, 0x06a5cf18, 0x06e80000)
  to   space 4352K,   0% used [0x06e80000, 0x06e80000, 0x072c0000)
 tenured generation   total 87424K, used 35087K [0x0f2a0000, 0x14800000, 0x24800000)
   the space 87424K,  40% used [0x0f2a0000, 0x114e3ed8, 0x114e4000, 0x14800000)
 Metaspace       used 18699K, capacity 19158K, committed 19200K, reserved 19840K
}

Deoptimization events (0 events):
No events

Internal exceptions (10 events):
Event: 84.727 Thread 0x28f99400 Exception <a 'sun/nio/fs/WindowsException'> (0x048e2dd8) thrown at [C:\workspace\8-2-build-windows-i586-cygwin\jdk8u144\9417\hotspot\src\share\vm\prims\jni.cpp, line 709]
Event: 84.727 Thread 0x28f99400 Exception <a 'sun/nio/fs/WindowsException'> (0x048e3240) thrown at [C:\workspace\8-2-build-windows-i586-cygwin\jdk8u144\9417\hotspot\src\share\vm\prims\jni.cpp, line 709]
Event: 84.728 Thread 0x28f99400 Exception <a 'sun/nio/fs/WindowsException'> (0x048f2be8) thrown at [C:\workspace\8-2-build-windows-i586-cygwin\jdk8u144\9417\hotspot\src\share\vm\prims\jni.cpp, line 709]
Event: 84.728 Thread 0x28f99400 Exception <a 'sun/nio/fs/WindowsException'> (0x048f3050) thrown at [C:\workspace\8-2-build-windows-i586-cygwin\jdk8u144\9417\hotspot\src\share\vm\prims\jni.cpp, line 709]
Event: 84.729 Thread 0x28f99400 Exception <a 'sun/nio/fs/WindowsException'> (0x04900d08) thrown at [C:\workspace\8-2-build-windows-i586-cygwin\jdk8u144\9417\hotspot\src\share\vm\prims\jni.cpp, line 709]
Event: 84.729 Thread 0x28f99400 Exception <a 'sun/nio/fs/WindowsException'> (0x04901400) thrown at [C:\workspace\8-2-build-windows-i586-cygwin\jdk8u144\9417\hotspot\src\share\vm\prims\jni.cpp, line 709]
Event: 84.729 Thread 0x28f99400 Exception <a 'sun/nio/fs/WindowsException'> (0x0490fa18) thrown at [C:\workspace\8-2-build-windows-i586-cygwin\jdk8u144\9417\hotspot\src\share\vm\prims\jni.cpp, line 709]
Event: 84.729 Thread 0x28f99400 Exception <a 'sun/nio/fs/WindowsException'> (0x04910110) thrown at [C:\workspace\8-2-build-windows-i586-cygwin\jdk8u144\9417\hotspot\src\share\vm\prims\jni.cpp, line 709]
Event: 84.730 Thread 0x28f99400 Exception <a 'sun/nio/fs/WindowsException'> (0x0491a628) thrown at [C:\workspace\8-2-build-windows-i586-cygwin\jdk8u144\9417\hotspot\src\share\vm\prims\jni.cpp, line 709]
Event: 84.730 Thread 0x28f99400 Exception <a 'sun/nio/fs/WindowsException'> (0x0491ad20) thrown at [C:\workspace\8-2-build-windows-i586-cygwin\jdk8u144\9417\hotspot\src\share\vm\prims\jni.cpp, line 709]

Events (10 events):
Event: 188558.637 Executing VM operation: RevokeBias
Event: 188558.637 Executing VM operation: RevokeBias done
Event: 188558.637 Executing VM operation: RevokeBias
Event: 188558.637 Executing VM operation: RevokeBias done
Event: 188558.637 Executing VM operation: RevokeBias
Event: 188558.637 Executing VM operation: RevokeBias done
Event: 188559.432 Executing VM operation: RevokeBias
Event: 188559.432 Executing VM operation: RevokeBias done
Event: 188559.432 Executing VM operation: RevokeBias
Event: 188559.432 Executing VM operation: RevokeBias done


Dynamic libraries:
0x00180000 - 0x001b3000 	C:\Arduino\java\bin\javaw.exe
0x77c80000 - 0x77e10000 	C:\WINDOWS\SYSTEM32\ntdll.dll
0x77360000 - 0x77440000 	C:\WINDOWS\System32\KERNEL32.DLL
0x77440000 - 0x77624000 	C:\WINDOWS\System32\KERNELBASE.dll
0x75cd0000 - 0x75d48000 	C:\WINDOWS\System32\ADVAPI32.dll
0x75630000 - 0x756ef000 	C:\WINDOWS\System32\msvcrt.dll
0x77b30000 - 0x77b74000 	C:\WINDOWS\System32\sechost.dll
0x74650000 - 0x74710000 	C:\WINDOWS\System32\RPCRT4.dll
0x74540000 - 0x74560000 	C:\WINDOWS\System32\SspiCli.dll
0x74530000 - 0x7453a000 	C:\WINDOWS\System32\CRYPTBASE.dll
0x74c90000 - 0x74ce8000 	C:\WINDOWS\System32\bcryptPrimitives.dll
0x74940000 - 0x74acd000 	C:\WINDOWS\System32\USER32.dll
0x77b10000 - 0x77b27000 	C:\WINDOWS\System32\win32u.dll
0x75dc0000 - 0x75de2000 	C:\WINDOWS\System32\GDI32.dll
0x74b20000 - 0x74c84000 	C:\WINDOWS\System32\gdi32full.dll
0x75f90000 - 0x7600d000 	C:\WINDOWS\System32\msvcp_win.dll
0x74770000 - 0x7488e000 	C:\WINDOWS\System32\ucrtbase.dll
0x6f020000 - 0x6f224000 	C:\WINDOWS\WinSxS\x86_microsoft.windows.common-controls_6595b64144ccf1df_6.0.17134.590_none_42ead2d644e6098e\COMCTL32.dll
0x77780000 - 0x779dc000 	C:\WINDOWS\System32\combase.dll
0x74ad0000 - 0x74af6000 	C:\WINDOWS\System32\IMM32.DLL
0x6ed80000 - 0x6ee3f000 	C:\Arduino\java\bin\msvcr100.dll
0x6e9b0000 - 0x6ed7e000 	C:\Arduino\java\bin\client\jvm.dll
0x77b80000 - 0x77b86000 	C:\WINDOWS\System32\PSAPI.DLL
0x72720000 - 0x72728000 	C:\WINDOWS\SYSTEM32\WSOCK32.dll
0x727b0000 - 0x727d4000 	C:\WINDOWS\SYSTEM32\WINMM.dll
0x72830000 - 0x72838000 	C:\WINDOWS\SYSTEM32\VERSION.dll
0x74f20000 - 0x74f87000 	C:\WINDOWS\System32\WS2_32.dll
0x72560000 - 0x72583000 	C:\WINDOWS\SYSTEM32\winmmbase.dll
0x74d80000 - 0x74db9000 	C:\WINDOWS\System32\cfgmgr32.dll
0x6e980000 - 0x6e9b0000 	C:\Arduino\java\bin\splashscreen.dll
0x6f520000 - 0x6f52c000 	C:\Arduino\java\bin\verify.dll
0x6e950000 - 0x6e971000 	C:\Arduino\java\bin\java.dll
0x6f950000 - 0x6f9cc000 	C:\WINDOWS\system32\uxtheme.dll
0x77630000 - 0x77773000 	C:\WINDOWS\System32\MSCTF.dll
0x745b0000 - 0x74646000 	C:\WINDOWS\System32\OLEAUT32.dll
0x6e930000 - 0x6e943000 	C:\Arduino\java\bin\zip.dll
0x76010000 - 0x7735a000 	C:\WINDOWS\System32\SHELL32.dll
0x75100000 - 0x75188000 	C:\WINDOWS\System32\shcore.dll
0x75710000 - 0x75cca000 	C:\WINDOWS\System32\windows.storage.dll
0x74560000 - 0x745a5000 	C:\WINDOWS\System32\shlwapi.dll
0x756f0000 - 0x756ff000 	C:\WINDOWS\System32\kernel.appcore.dll
0x74b00000 - 0x74b18000 	C:\WINDOWS\System32\profapi.dll
0x75d60000 - 0x75da5000 	C:\WINDOWS\System32\powrprof.dll
0x75db0000 - 0x75db8000 	C:\WINDOWS\System32\FLTLIB.DLL
0x6c450000 - 0x6c4cd000 	C:\WINDOWS\System32\TextInputFramework.dll
0x66b00000 - 0x66b8b000 	C:\WINDOWS\System32\CoreMessaging.dll
0x66460000 - 0x666bd000 	C:\WINDOWS\System32\CoreUIComponents.dll
0x71c60000 - 0x71c89000 	C:\WINDOWS\SYSTEM32\ntmarta.dll
0x69870000 - 0x69946000 	C:\WINDOWS\SYSTEM32\wintypes.dll
0x6c100000 - 0x6c123000 	C:\WINDOWS\system32\dwmapi.dll
0x61940000 - 0x619b2000 	C:\Arduino\lib\listSerialsj.dll
0x75190000 - 0x755bb000 	C:\WINDOWS\System32\SETUPAPI.dll
0x6e910000 - 0x6e92d000 	C:\Arduino\lib\jnidispatch-4.2.2-win32-x86.dll
0x74e20000 - 0x74f1c000 	C:\WINDOWS\System32\Ole32.dll
0x6e8f0000 - 0x6e906000 	C:\Arduino\java\bin\net.dll
0x737d0000 - 0x73826000 	C:\WINDOWS\system32\mswsock.dll
0x6f510000 - 0x6f51f000 	C:\Arduino\java\bin\nio.dll
0x6e7a0000 - 0x6e8e5000 	C:\Arduino\java\bin\awt.dll
0x595c0000 - 0x5965d000 	C:\WINDOWS\SYSTEM32\apphelp.dll
0x6e760000 - 0x6e799000 	C:\Arduino\java\bin\fontmanager.dll
0x6e680000 - 0x6e759000 	C:\WINDOWS\system32\opengl32.dll
0x6e640000 - 0x6e67f000 	C:\WINDOWS\SYSTEM32\GLU32.dll
0x6e600000 - 0x6e632000 	C:\Arduino\java\bin\t2k.dll
0x70db0000 - 0x70dd2000 	C:\WINDOWS\SYSTEM32\DEVOBJ.dll
0x779e0000 - 0x77a27000 	C:\WINDOWS\System32\WINTRUST.dll
0x75d50000 - 0x75d5e000 	C:\WINDOWS\System32\MSASN1.dll
0x75df0000 - 0x75f86000 	C:\WINDOWS\System32\CRYPT32.dll
0x72730000 - 0x72760000 	C:\WINDOWS\SYSTEM32\IPHLPAPI.DLL
0x75700000 - 0x75707000 	C:\WINDOWS\System32\NSI.dll
0x72290000 - 0x722a3000 	C:\WINDOWS\SYSTEM32\dhcpcsvc6.DLL
0x72410000 - 0x72424000 	C:\WINDOWS\SYSTEM32\dhcpcsvc.DLL
0x72380000 - 0x7240e000 	C:\WINDOWS\SYSTEM32\DNSAPI.dll
0x71bc0000 - 0x71be1000 	C:\Program Files (x86)\Bonjour\mdnsNSP.dll
0x71bb0000 - 0x71bb8000 	C:\Windows\System32\rasadhlp.dll
0x71b50000 - 0x71b9f000 	C:\WINDOWS\System32\fwpuclnt.dll
0x73770000 - 0x73789000 	C:\WINDOWS\SYSTEM32\bcrypt.dll
0x6e590000 - 0x6e5f9000 	C:\Arduino\msvcp100.dll
0x6e4d0000 - 0x6e58e000 	C:\Arduino\msvcr100.dll
0x27970000 - 0x279a2000 	C:\Arduino\lib\AStylej.dll
0x6e4a0000 - 0x6e4c4000 	C:\Arduino\java\bin\dcpr.dll
0x74890000 - 0x74913000 	C:\WINDOWS\System32\clbcatq.dll
0x58b20000 - 0x58c91000 	C:\WINDOWS\SYSTEM32\WindowsCodecs.dll
0x64b00000 - 0x64b4f000 	C:\WINDOWS\system32\dataexchange.dll
0x64760000 - 0x6489c000 	C:\WINDOWS\system32\dcomp.dll
0x648a0000 - 0x64af2000 	C:\WINDOWS\system32\d3d11.dll
0x646c0000 - 0x64758000 	C:\WINDOWS\system32\dxgi.dll
0x68bb0000 - 0x68d15000 	C:\WINDOWS\system32\twinapi.appcore.dll
0x68b80000 - 0x68ba1000 	C:\WINDOWS\system32\RMCLIENT.dll
0x64000000 - 0x6401b000 	C:\Arduino\lib\jSSC-2.8_x86.dll

VM Arguments:
jvm_args: -Dsun.java2d.d3d=false -Djna.nosys=true -Djna.nounpack=true -Djna.boot.library.name=jnidispatch-4.2.2-win32-x86 -Djna.boot.library.path=C:\Arduino/lib -Djssc.library.path=C:\Arduino/lib -DAPP_DIR=C:\Arduino -Xms128M -Xmx512M 
java_command: processing.app.Base C:\git\microgrid_testbed\100 nodes\Arduino\Final7v2\Final7v2.ino
java_class_path (initial): C:\Arduino\lib\apple.jar;C:\Arduino\lib\arduino-core.jar;C:\Arduino\lib\batik-1.8.jar;C:\Arduino\lib\batik-anim-1.8.jar;C:\Arduino\lib\batik-awt-util-1.8.jar;C:\Arduino\lib\batik-bridge-1.8.jar;C:\Arduino\lib\batik-codec-1.8.jar;C:\Arduino\lib\batik-css-1.8.jar;C:\Arduino\lib\batik-dom-1.8.jar;C:\Arduino\lib\batik-ext-1.8.jar;C:\Arduino\lib\batik-gvt-1.8.jar;C:\Arduino\lib\batik-parser-1.8.jar;C:\Arduino\lib\batik-rasterizer-1.8.jar;C:\Arduino\lib\batik-script-1.8.jar;C:\Arduino\lib\batik-squiggle-1.8.jar;C:\Arduino\lib\batik-svg-dom-1.8.jar;C:\Arduino\lib\batik-svgpp-1.8.jar;C:\Arduino\lib\batik-transcoder-1.8.jar;C:\Arduino\lib\batik-util-1.8.jar;C:\Arduino\lib\batik-xml-1.8.jar;C:\Arduino\lib\bcpg-jdk15on-152.jar;C:\Arduino\lib\bcprov-jdk15on-152.jar;C:\Arduino\lib\commons-codec-1.7.jar;C:\Arduino\lib\commons-compress-1.8.jar;C:\Arduino\lib\commons-exec-1.1.jar;C:\Arduino\lib\commons-httpclient-3.1.jar;C:\Arduino\lib\commons-lang3-3.3.2.jar;C:\Arduino\lib\commons-logging-1.0.4.jar;C:\Arduino\lib\commons-net-3.3.jar;C:\Arduino\lib\jackson-annotations-2.6.3.jar;C:\Arduino\lib\jackson-core-2.6.3.jar;C:\Arduino\lib\jackson-databind-2.6.3.jar;C:\Arduino\lib\jackson-module-mrbean-2.6.3.jar;C:\Arduino\lib\java-semver-0.8.0.jar;C:\Arduino\lib\jmdns-3.5.1.jar;C:\Arduino\lib\slf4j-simple-1.7.22.jar;C:\Arduino\lib\slf4j-api-1.7.22.jar;C:\Arduino\lib\jna-4.2.2.jar;C:\Arduino\lib\jna-platform-4.2.2.jar;C:\Arduino\lib\jsch-0.1.50.jar;C:\Arduino\lib\jssc-2.8.0-arduino1.jar;C:\Arduino\lib\pde.jar;C:\Arduino\lib\rsyntaxtextarea-2.6.1.jar;C:\Arduino\lib\xml-apis-1.3.04.jar;C:\Arduino\lib\xml-apis-ext-1.3.04.jar;C:\Arduino\lib\xmlgraphics-commons-2.0.jar
Launcher Type: SUN_STANDARD

Environment Variables:
PATH=C:\Program Files (x86)\NVIDIA Corporation\PhysX\Common;C:\Program Files (x86)\Common Files\Oracle\Java\javapath;C:\ProgramData\Oracle\Java\javapath;C:\WINDOWS\system32;C:\WINDOWS;C:\WINDOWS\System32\Wbem;C:\WINDOWS\System32\WindowsPowerShell\v1.0\;C:\Program Files (x86)\PuTTY\;C:\Program Files\MATLAB\R2017a\runtime\win64;C:\Program Files\MATLAB\R2017a\bin;C:\Program Files (x86)\MATLAB\MATLAB Compiler Runtime\v79\runtime\win32;C:\Program Files (x86)\IVI Foundation\VISA\WinNT\Bin\;C:\Program Files\IVI Foundation\VISA\Win64\Bin\;C:\Program Files (x86)\IVI Foundation\VISA\WinNT\Bin;C:\processing-2.2.1;;C:\WINDOWS\System32\OpenSSH\;C:\Typhoon HIL Control Center\bin\;C:\Program Files\Microsoft SQL Server\Client SDK\ODBC\110\Tools\Binn\;C:\Program Files (x86)\Microsoft SQL Server\120\Tools\Binn\;C:\Program Files\Microsoft SQL Server\120\Tools\Binn\;C:\Program Files\Microsoft SQL Server\120\DTS\Binn\;C:\Program Files (x86)\Windows Kits\8.1\Windows Performance Toolkit\;C:\Users\nigam4\AppData\Local\Microsoft\WindowsApps;C:\Users\nigam4\AppData\Local\Programs\MiKTeX 2.9\miktex\bin\x64\;;C:\Arduino\java\bin
USERNAME=nigam4
OS=Windows_NT
PROCESSOR_IDENTIFIER=Intel64 Family 6 Model 158 Stepping 9, GenuineIntel



---------------  S Y S T E M  ---------------

OS: Windows 10.0 , 64 bit Build 17134 (10.0.17134.556)

CPU:total 8 (initial active 8) (4 cores per cpu, 2 threads per core) family 6 model 158 stepping 9, cmov, cx8, fxsr, mmx, sse, sse2, sse3, ssse3, sse4.1, sse4.2, popcnt, avx, avx2, aes, clmul, erms, rtm, 3dnowpref, lzcnt, ht, tsc, tscinvbit, bmi1, bmi2, adx

Memory: 4k page, physical 16666376k(2550460k free), swap 33060472k(6811084k free)

vm_info: Java HotSpot(TM) Client VM (25.144-b01) for windows-x86 JRE (1.8.0_144-b01), built on Jul 21 2017 21:58:05 by "java_re" with MS VC++ 10.0 (VS2010)

time: Wed Feb 27 16:27:07 2019
elapsed time: 188675 seconds (2d 4h 24m 35s)

