#
# A fatal error has been detected by the Java Runtime Environment:
#
#  EXCEPTION_ACCESS_VIOLATION (0xc0000005) at pc=0x619489b6, pid=7768, tid=0x00003fec
#
# JRE version: Java(TM) SE Runtime Environment (8.0_144-b01) (build 1.8.0_144-b01)
# Java VM: Java HotSpot(TM) Client VM (25.144-b01 mixed mode windows-x86 )
# Problematic frame:
# C  [listSerialsj.dll+0x89b6]
#
# Failed to write core dump. Minidumps are not enabled by default on client versions of Windows
#
# If you would like to submit a bug report, please visit:
#   http://bugreport.java.com/bugreport/crash.jsp
# The crash happened outside the Java Virtual Machine in native code.
# See problematic frame for where to report the bug.
#

---------------  T H R E A D  ---------------

Current thread (0x28948400):  JavaThread "cc.arduino.packages.discoverers.serial.SerialBoardsLister" [_thread_in_native, id=16364, stack(0x25210000,0x25260000)]

siginfo: ExceptionCode=0xc0000005, writing address 0x0000004c

Registers:
EAX=0x00000000, EBX=0x00000000, ECX=0x3ec8ca9b, EDX=0x00000000
ESP=0x2525ed20, EBP=0x28016b88, ESI=0x0000004c, EDI=0x75cb6850
EIP=0x619489b6, EFLAGS=0x00010202

Top of Stack: (sp=0x2525ed20)
0x2525ed20:   0000fde9 00000000 28016b88 ffffffff
0x2525ed30:   00000000 0000004c 00000000 00000000
0x2525ed40:   000000a0 28016b80 000000a0 79f84a20
0x2525ed50:   00000598 00000007 2525edb8 61948d53
0x2525ed60:   00000598 00220414 28016b80 000000a0
0x2525ed70:   28016b80 000000a0 2525edb8 00000000
0x2525ed80:   00000000 75cb1190 6194da6f 00000000
0x2525ed90:   79f80df8 0000001a 00000000 28016b80 

Instructions: (pc=0x619489b6)
0x61948996:   89 44 24 10 c7 44 24 0c ff ff ff ff c7 44 24 04
0x619489a6:   00 00 00 00 c7 04 24 e9 fd 00 00 ff d7 83 ec 20
0x619489b6:   c6 04 33 00 89 d8 83 c4 2c 5b 5e 5f 5d c3 8d b6
0x619489c6:   00 00 00 00 8d bf 00 00 00 00 57 56 89 ce 53 b9 


Register to memory mapping:

EAX=0x00000000 is an unknown value
EBX=0x00000000 is an unknown value
ECX=0x3ec8ca9b is an unknown value
EDX=0x00000000 is an unknown value
ESP=0x2525ed20 is pointing into the stack for thread: 0x28948400
EBP=0x28016b88 is an unknown value
ESI=0x0000004c is an unknown value
EDI=0x75cb6850 is an unknown value


Stack: [0x25210000,0x25260000],  sp=0x2525ed20,  free space=315k
Native frames: (J=compiled Java code, j=interpreted, Vv=VM code, C=native code)
C  [listSerialsj.dll+0x89b6]

Java frames: (J=compiled Java code, j=interpreted, Vv=VM code)
J 2132  processing.app.Platform.listSerialsNative()[Ljava/lang/String; (0 bytes) @ 0x029afb0f [0x029afad0+0x3f]
J 2124 C1 cc.arduino.packages.discoverers.serial.SerialBoardsLister.retriggerDiscovery(Z)V (751 bytes) @ 0x029a9f64 [0x029a9e10+0x154]
J 2131 C1 cc.arduino.packages.discoverers.serial.SerialBoardsLister.run()V (13 bytes) @ 0x029af8d4 [0x029af890+0x44]
J 2128% C1 java.util.TimerThread.mainLoop()V (232 bytes) @ 0x029ae514 [0x029ae0e0+0x434]
j  java.util.TimerThread.run()V+1
v  ~StubRoutines::call_stub

---------------  P R O C E S S  ---------------

Java Threads: ( => current thread )
  0x2899f400 JavaThread "DestroyJavaVM" [_thread_blocked, id=1772, stack(0x00e80000,0x00ed0000)]
  0x2899ec00 JavaThread "TimerQueue" daemon [_thread_blocked, id=6184, stack(0x27e60000,0x27eb0000)]
  0x289a5400 JavaThread "Batik CleanerThread" daemon [_thread_blocked, id=412, stack(0x27690000,0x276e0000)]
  0x289a2c00 JavaThread "AWT-EventQueue-0" [_thread_blocked, id=14692, stack(0x272c0000,0x27310000)]
  0x2899e800 JavaThread "AWT-Shutdown" [_thread_blocked, id=9552, stack(0x26a20000,0x26a70000)]
  0x289a0c00 JavaThread "Timer-0" [_thread_blocked, id=12980, stack(0x26f80000,0x26fd0000)]
  0x28984c00 JavaThread "JmDNS(ECEB-4076-14-ad-uillinois-edu.local.).State.Timer" daemon [_thread_blocked, id=15516, stack(0x26ef0000,0x26f40000)]
  0x28984800 JavaThread "JmDNS(ECEB-4076-14-ad-uillinois-edu.local.).Timer" daemon [_thread_blocked, id=4796, stack(0x26e60000,0x26eb0000)]
  0x28984000 JavaThread "SocketListener(ECEB-4076-14-ad-uillinois-edu.local.)" daemon [_thread_in_native, id=15272, stack(0x26dd0000,0x26e20000)]
  0x28981c00 JavaThread "JmDNS(ECEB-4076-14-ad-uillinois-edu.local.).State.Timer" daemon [_thread_blocked, id=10468, stack(0x26d40000,0x26d90000)]
  0x28983c00 JavaThread "JmDNS(ECEB-4076-14-ad-uillinois-edu.local.).Timer" daemon [_thread_blocked, id=10852, stack(0x26cb0000,0x26d00000)]
  0x28983000 JavaThread "SocketListener(ECEB-4076-14-ad-uillinois-edu.local.)" daemon [_thread_in_native, id=2668, stack(0x26c20000,0x26c70000)]
  0x28982800 JavaThread "JmDNS(ECEB-4076-14-ad-uillinois-edu.local.).State.Timer" daemon [_thread_blocked, id=5380, stack(0x298b0000,0x29900000)]
  0x28983400 JavaThread "JmDNS(ECEB-4076-14-ad-uillinois-edu.local.).Timer" daemon [_thread_blocked, id=15348, stack(0x29820000,0x29870000)]
  0x28982000 JavaThread "SocketListener(ECEB-4076-14-ad-uillinois-edu.local.)" daemon [_thread_in_native, id=7172, stack(0x29790000,0x297e0000)]
  0x28949800 JavaThread "JmDNS(ECEB-4076-14-ad-uillinois-edu.local.).State.Timer" daemon [_thread_blocked, id=12848, stack(0x294d0000,0x29520000)]
  0x28949000 JavaThread "JmDNS(ECEB-4076-14-ad-uillinois-edu.local.).Timer" daemon [_thread_blocked, id=10728, stack(0x29440000,0x29490000)]
  0x28948c00 JavaThread "SocketListener(ECEB-4076-14-ad-uillinois-edu.local.)" daemon [_thread_in_native, id=5496, stack(0x293b0000,0x29400000)]
  0x2895a400 JavaThread "Multihomed mDNS.Timer" daemon [_thread_blocked, id=4016, stack(0x29320000,0x29370000)]
=>0x28948400 JavaThread "cc.arduino.packages.discoverers.serial.SerialBoardsLister" [_thread_in_native, id=16364, stack(0x25210000,0x25260000)]
  0x265f5c00 JavaThread "AWT-Windows" daemon [_thread_in_native, id=3496, stack(0x26ab0000,0x26b00000)]
  0x265f4800 JavaThread "Java2D Disposer" daemon [_thread_blocked, id=8336, stack(0x26990000,0x269e0000)]
  0x24ca2400 JavaThread "Service Thread" daemon [_thread_blocked, id=284, stack(0x26280000,0x262d0000)]
  0x24c9d000 JavaThread "C1 CompilerThread0" daemon [_thread_blocked, id=664, stack(0x261f0000,0x26240000)]
  0x24cac400 JavaThread "Attach Listener" daemon [_thread_blocked, id=14808, stack(0x26160000,0x261b0000)]
  0x24ca8400 JavaThread "Signal Dispatcher" daemon [_thread_blocked, id=9240, stack(0x260d0000,0x26120000)]
  0x24c8a000 JavaThread "Finalizer" daemon [_thread_blocked, id=3680, stack(0x24ff0000,0x25040000)]
  0x24c74400 JavaThread "Reference Handler" daemon [_thread_blocked, id=12704, stack(0x24eb0000,0x24f00000)]

Other Threads:
  0x0102dc00 VMThread [stack: 0x24c20000,0x24c70000] [id=15340]
  0x24ca7000 WatcherThread [stack: 0x26310000,0x26360000] [id=14064]

VM state:not at safepoint (normal execution)

VM Mutex/Monitor currently owned by a thread: None

Heap:
 def new generation   total 39424K, used 25615K [0x04600000, 0x070c0000, 0x0f0a0000)
  eden space 35072K,  72% used [0x04600000, 0x05ef3460, 0x06840000)
  from space 4352K,   1% used [0x06840000, 0x068507e8, 0x06c80000)
  to   space 4352K,   0% used [0x06c80000, 0x06c80000, 0x070c0000)
 tenured generation   total 87424K, used 34718K [0x0f0a0000, 0x14600000, 0x24600000)
   the space 87424K,  39% used [0x0f0a0000, 0x11287b78, 0x11287c00, 0x14600000)
 Metaspace       used 18881K, capacity 19350K, committed 19456K, reserved 19840K

Card table byte_map: [0x24600000,0x24710000] byte_map_base: 0x245dd000

Polling page: 0x00e30000

CodeCache: size=32768Kb used=2115Kb max_used=4023Kb free=30652Kb
 bounds [0x02600000, 0x029f0000, 0x04600000]
 total_blobs=1197 nmethods=920 adapters=207
 compilation: enabled

Compilation events (10 events):
Event: 178401.588 Thread 0x24c9d000 2382  s          java.io.ByteArrayOutputStream::write (66 bytes)
Event: 178401.588 Thread 0x24c9d000 nmethod 2382 0x0282c908 code [0x0282ca30, 0x0282cd74]
Event: 179473.910 Thread 0x24c9d000 2383             sun.awt.AWTAutoShutdown::getInstance (4 bytes)
Event: 179473.910 Thread 0x24c9d000 nmethod 2383 0x028c5b48 code [0x028c5c40, 0x028c5cb0]
Event: 179473.910 Thread 0x24c9d000 2384             java.util.AbstractCollection::<init> (5 bytes)
Event: 179473.910 Thread 0x24c9d000 nmethod 2384 0x028c7888 code [0x028c7980, 0x028c7a00]
Event: 185052.594 Thread 0x24c9d000 2385             java.lang.StringBuilder::<init> (7 bytes)
Event: 185052.594 Thread 0x24c9d000 nmethod 2385 0x027d55c8 code [0x027d56c0, 0x027d57d0]
Event: 186867.097 Thread 0x24c9d000 2386             java.awt.EventQueue::noEvents (29 bytes)
Event: 186867.098 Thread 0x24c9d000 nmethod 2386 0x0282c648 code [0x0282c740, 0x0282c820]

GC Heap History (10 events):
Event: 185924.369 GC heap before
{Heap before GC invocations=262 (full 1):
 def new generation   total 39424K, used 36195K [0x04600000, 0x070c0000, 0x0f0a0000)
  eden space 35072K, 100% used [0x04600000, 0x06840000, 0x06840000)
  from space 4352K,  25% used [0x06c80000, 0x06d98c00, 0x070c0000)
  to   space 4352K,   0% used [0x06840000, 0x06840000, 0x06c80000)
 tenured generation   total 87424K, used 33641K [0x0f0a0000, 0x14600000, 0x24600000)
   the space 87424K,  38% used [0x0f0a0000, 0x1117a710, 0x1117a800, 0x14600000)
 Metaspace       used 18881K, capacity 19350K, committed 19456K, reserved 19840K
Event: 185924.371 GC heap after
Heap after GC invocations=263 (full 1):
 def new generation   total 39424K, used 57K [0x04600000, 0x070c0000, 0x0f0a0000)
  eden space 35072K,   0% used [0x04600000, 0x04600000, 0x06840000)
  from space 4352K,   1% used [0x06840000, 0x0684e430, 0x06c80000)
  to   space 4352K,   0% used [0x06c80000, 0x06c80000, 0x070c0000)
 tenured generation   total 87424K, used 34708K [0x0f0a0000, 0x14600000, 0x24600000)
   the space 87424K,  39% used [0x0f0a0000, 0x112852d8, 0x11285400, 0x14600000)
 Metaspace       used 18881K, capacity 19350K, committed 19456K, reserved 19840K
}
Event: 186929.150 GC heap before
{Heap before GC invocations=263 (full 1):
 def new generation   total 39424K, used 35129K [0x04600000, 0x070c0000, 0x0f0a0000)
  eden space 35072K, 100% used [0x04600000, 0x06840000, 0x06840000)
  from space 4352K,   1% used [0x06840000, 0x0684e430, 0x06c80000)
  to   space 4352K,   0% used [0x06c80000, 0x06c80000, 0x070c0000)
 tenured generation   total 87424K, used 34708K [0x0f0a0000, 0x14600000, 0x24600000)
   the space 87424K,  39% used [0x0f0a0000, 0x112852d8, 0x11285400, 0x14600000)
 Metaspace       used 18881K, capacity 19350K, committed 19456K, reserved 19840K
Event: 186929.151 GC heap after
Heap after GC invocations=264 (full 1):
 def new generation   total 39424K, used 74K [0x04600000, 0x070c0000, 0x0f0a0000)
  eden space 35072K,   0% used [0x04600000, 0x04600000, 0x06840000)
  from space 4352K,   1% used [0x06c80000, 0x06c92b90, 0x070c0000)
  to   space 4352K,   0% used [0x06840000, 0x06840000, 0x06c80000)
 tenured generation   total 87424K, used 34709K [0x0f0a0000, 0x14600000, 0x24600000)
   the space 87424K,  39% used [0x0f0a0000, 0x112854d8, 0x11285600, 0x14600000)
 Metaspace       used 18881K, capacity 19350K, committed 19456K, reserved 19840K
}
Event: 187250.096 GC heap before
{Heap before GC invocations=264 (full 1):
 def new generation   total 39424K, used 35146K [0x04600000, 0x070c0000, 0x0f0a0000)
  eden space 35072K, 100% used [0x04600000, 0x06840000, 0x06840000)
  from space 4352K,   1% used [0x06c80000, 0x06c92b90, 0x070c0000)
  to   space 4352K,   0% used [0x06840000, 0x06840000, 0x06c80000)
 tenured generation   total 87424K, used 34709K [0x0f0a0000, 0x14600000, 0x24600000)
   the space 87424K,  39% used [0x0f0a0000, 0x112854d8, 0x11285600, 0x14600000)
 Metaspace       used 18881K, capacity 19350K, committed 19456K, reserved 19840K
Event: 187250.098 GC heap after
Heap after GC invocations=265 (full 1):
 def new generation   total 39424K, used 120K [0x04600000, 0x070c0000, 0x0f0a0000)
  eden space 35072K,   0% used [0x04600000, 0x04600000, 0x06840000)
  from space 4352K,   2% used [0x06840000, 0x0685e368, 0x06c80000)
  to   space 4352K,   0% used [0x06c80000, 0x06c80000, 0x070c0000)
 tenured generation   total 87424K, used 34718K [0x0f0a0000, 0x14600000, 0x24600000)
   the space 87424K,  39% used [0x0f0a0000, 0x11287b78, 0x11287c00, 0x14600000)
 Metaspace       used 18881K, capacity 19350K, committed 19456K, reserved 19840K
}
Event: 188428.143 GC heap before
{Heap before GC invocations=265 (full 1):
 def new generation   total 39424K, used 35192K [0x04600000, 0x070c0000, 0x0f0a0000)
  eden space 35072K, 100% used [0x04600000, 0x06840000, 0x06840000)
  from space 4352K,   2% used [0x06840000, 0x0685e368, 0x06c80000)
  to   space 4352K,   0% used [0x06c80000, 0x06c80000, 0x070c0000)
 tenured generation   total 87424K, used 34718K [0x0f0a0000, 0x14600000, 0x24600000)
   the space 87424K,  39% used [0x0f0a0000, 0x11287b78, 0x11287c00, 0x14600000)
 Metaspace       used 18881K, capacity 19350K, committed 19456K, reserved 19840K
Event: 188428.145 GC heap after
Heap after GC invocations=266 (full 1):
 def new generation   total 39424K, used 48K [0x04600000, 0x070c0000, 0x0f0a0000)
  eden space 35072K,   0% used [0x04600000, 0x04600000, 0x06840000)
  from space 4352K,   1% used [0x06c80000, 0x06c8c088, 0x070c0000)
  to   space 4352K,   0% used [0x06840000, 0x06840000, 0x06c80000)
 tenured generation   total 87424K, used 34718K [0x0f0a0000, 0x14600000, 0x24600000)
   the space 87424K,  39% used [0x0f0a0000, 0x11287b78, 0x11287c00, 0x14600000)
 Metaspace       used 18881K, capacity 19350K, committed 19456K, reserved 19840K
}
Event: 189150.461 GC heap before
{Heap before GC invocations=266 (full 1):
 def new generation   total 39424K, used 35120K [0x04600000, 0x070c0000, 0x0f0a0000)
  eden space 35072K, 100% used [0x04600000, 0x06840000, 0x06840000)
  from space 4352K,   1% used [0x06c80000, 0x06c8c088, 0x070c0000)
  to   space 4352K,   0% used [0x06840000, 0x06840000, 0x06c80000)
 tenured generation   total 87424K, used 34718K [0x0f0a0000, 0x14600000, 0x24600000)
   the space 87424K,  39% used [0x0f0a0000, 0x11287b78, 0x11287c00, 0x14600000)
 Metaspace       used 18881K, capacity 19350K, committed 19456K, reserved 19840K
Event: 189150.462 GC heap after
Heap after GC invocations=267 (full 1):
 def new generation   total 39424K, used 65K [0x04600000, 0x070c0000, 0x0f0a0000)
  eden space 35072K,   0% used [0x04600000, 0x04600000, 0x06840000)
  from space 4352K,   1% used [0x06840000, 0x068507e8, 0x06c80000)
  to   space 4352K,   0% used [0x06c80000, 0x06c80000, 0x070c0000)
 tenured generation   total 87424K, used 34718K [0x0f0a0000, 0x14600000, 0x24600000)
   the space 87424K,  39% used [0x0f0a0000, 0x11287b78, 0x11287c00, 0x14600000)
 Metaspace       used 18881K, capacity 19350K, committed 19456K, reserved 19840K
}

Deoptimization events (0 events):
No events

Internal exceptions (10 events):
Event: 63.986 Thread 0x289a4000 Exception <a 'sun/nio/fs/WindowsException'> (0x051c2458) thrown at [C:\workspace\8-2-build-windows-i586-cygwin\jdk8u144\9417\hotspot\src\share\vm\prims\jni.cpp, line 709]
Event: 63.986 Thread 0x289a4000 Exception <a 'sun/nio/fs/WindowsException'> (0x051c2958) thrown at [C:\workspace\8-2-build-windows-i586-cygwin\jdk8u144\9417\hotspot\src\share\vm\prims\jni.cpp, line 709]
Event: 63.987 Thread 0x289a4000 Exception <a 'sun/nio/fs/WindowsException'> (0x051d2550) thrown at [C:\workspace\8-2-build-windows-i586-cygwin\jdk8u144\9417\hotspot\src\share\vm\prims\jni.cpp, line 709]
Event: 63.987 Thread 0x289a4000 Exception <a 'sun/nio/fs/WindowsException'> (0x051d29b8) thrown at [C:\workspace\8-2-build-windows-i586-cygwin\jdk8u144\9417\hotspot\src\share\vm\prims\jni.cpp, line 709]
Event: 63.988 Thread 0x289a4000 Exception <a 'sun/nio/fs/WindowsException'> (0x051e4a10) thrown at [C:\workspace\8-2-build-windows-i586-cygwin\jdk8u144\9417\hotspot\src\share\vm\prims\jni.cpp, line 709]
Event: 63.988 Thread 0x289a4000 Exception <a 'sun/nio/fs/WindowsException'> (0x051e50f8) thrown at [C:\workspace\8-2-build-windows-i586-cygwin\jdk8u144\9417\hotspot\src\share\vm\prims\jni.cpp, line 709]
Event: 63.989 Thread 0x289a4000 Exception <a 'sun/nio/fs/WindowsException'> (0x051ef978) thrown at [C:\workspace\8-2-build-windows-i586-cygwin\jdk8u144\9417\hotspot\src\share\vm\prims\jni.cpp, line 709]
Event: 63.989 Thread 0x289a4000 Exception <a 'sun/nio/fs/WindowsException'> (0x051f0060) thrown at [C:\workspace\8-2-build-windows-i586-cygwin\jdk8u144\9417\hotspot\src\share\vm\prims\jni.cpp, line 709]
Event: 63.990 Thread 0x289a4000 Exception <a 'sun/nio/fs/WindowsException'> (0x051fa760) thrown at [C:\workspace\8-2-build-windows-i586-cygwin\jdk8u144\9417\hotspot\src\share\vm\prims\jni.cpp, line 709]
Event: 63.990 Thread 0x289a4000 Exception <a 'sun/nio/fs/WindowsException'> (0x051fae48) thrown at [C:\workspace\8-2-build-windows-i586-cygwin\jdk8u144\9417\hotspot\src\share\vm\prims\jni.cpp, line 709]

Events (10 events):
Event: 185924.368 Executing VM operation: GenCollectForAllocation
Event: 185924.371 Executing VM operation: GenCollectForAllocation done
Event: 186929.149 Executing VM operation: GenCollectForAllocation
Event: 186929.152 Executing VM operation: GenCollectForAllocation done
Event: 187250.096 Executing VM operation: GenCollectForAllocation
Event: 187250.098 Executing VM operation: GenCollectForAllocation done
Event: 188428.143 Executing VM operation: GenCollectForAllocation
Event: 188428.145 Executing VM operation: GenCollectForAllocation done
Event: 189150.460 Executing VM operation: GenCollectForAllocation
Event: 189150.462 Executing VM operation: GenCollectForAllocation done


Dynamic libraries:
0x011b0000 - 0x011e3000 	C:\Arduino\java\bin\javaw.exe
0x774c0000 - 0x77650000 	C:\WINDOWS\SYSTEM32\ntdll.dll
0x75ca0000 - 0x75d80000 	C:\WINDOWS\System32\KERNEL32.DLL
0x763d0000 - 0x765b4000 	C:\WINDOWS\System32\KERNELBASE.dll
0x765c0000 - 0x76638000 	C:\WINDOWS\System32\ADVAPI32.dll
0x76030000 - 0x760ef000 	C:\WINDOWS\System32\msvcrt.dll
0x75f20000 - 0x75f64000 	C:\WINDOWS\System32\sechost.dll
0x760f0000 - 0x761b0000 	C:\WINDOWS\System32\RPCRT4.dll
0x73d80000 - 0x73da0000 	C:\WINDOWS\System32\SspiCli.dll
0x73d70000 - 0x73d7a000 	C:\WINDOWS\System32\CRYPTBASE.dll
0x75fd0000 - 0x76028000 	C:\WINDOWS\System32\bcryptPrimitives.dll
0x766a0000 - 0x7682d000 	C:\WINDOWS\System32\USER32.dll
0x76bd0000 - 0x76be7000 	C:\WINDOWS\System32\win32u.dll
0x76f80000 - 0x76fa2000 	C:\WINDOWS\System32\GDI32.dll
0x76950000 - 0x76ab4000 	C:\WINDOWS\System32\gdi32full.dll
0x768d0000 - 0x7694d000 	C:\WINDOWS\System32\msvcp_win.dll
0x761d0000 - 0x762ed000 	C:\WINDOWS\System32\ucrtbase.dll
0x6eb60000 - 0x6ed64000 	C:\WINDOWS\WinSxS\x86_microsoft.windows.common-controls_6595b64144ccf1df_6.0.17134.706_none_42f0d9a244e0990d\COMCTL32.dll
0x76fb0000 - 0x7720c000 	C:\WINDOWS\System32\combase.dll
0x768a0000 - 0x768c6000 	C:\WINDOWS\System32\IMM32.DLL
0x77f40000 - 0x77fff000 	C:\Arduino\java\bin\msvcr100.dll
0x77b70000 - 0x77f3e000 	C:\Arduino\java\bin\client\jvm.dll
0x77230000 - 0x77236000 	C:\WINDOWS\System32\PSAPI.DLL
0x72f00000 - 0x72f08000 	C:\WINDOWS\SYSTEM32\WSOCK32.dll
0x724d0000 - 0x724f4000 	C:\WINDOWS\SYSTEM32\WINMM.dll
0x72e40000 - 0x72e48000 	C:\WINDOWS\SYSTEM32\VERSION.dll
0x76ac0000 - 0x76b27000 	C:\WINDOWS\System32\WS2_32.dll
0x72420000 - 0x72443000 	C:\WINDOWS\SYSTEM32\winmmbase.dll
0x76da0000 - 0x76dd9000 	C:\WINDOWS\System32\cfgmgr32.dll
0x50040000 - 0x50070000 	C:\Arduino\java\bin\splashscreen.dll
0x6e860000 - 0x6e8dc000 	C:\WINDOWS\system32\uxtheme.dll
0x6ea50000 - 0x6ea5c000 	C:\Arduino\java\bin\verify.dll
0x50010000 - 0x50031000 	C:\Arduino\java\bin\java.dll
0x76bf0000 - 0x76d33000 	C:\WINDOWS\System32\MSCTF.dll
0x76ee0000 - 0x76f76000 	C:\WINDOWS\System32\OLEAUT32.dll
0x77b50000 - 0x77b63000 	C:\Arduino\java\bin\zip.dll
0x74220000 - 0x7556a000 	C:\WINDOWS\System32\SHELL32.dll
0x77240000 - 0x772c8000 	C:\WINDOWS\System32\shcore.dll
0x756e0000 - 0x75c9a000 	C:\WINDOWS\System32\windows.storage.dll
0x76650000 - 0x76695000 	C:\WINDOWS\System32\shlwapi.dll
0x76640000 - 0x7664f000 	C:\WINDOWS\System32\kernel.appcore.dll
0x77210000 - 0x77228000 	C:\WINDOWS\System32\profapi.dll
0x741d0000 - 0x74215000 	C:\WINDOWS\System32\powrprof.dll
0x76830000 - 0x76838000 	C:\WINDOWS\System32\FLTLIB.DLL
0x2fb50000 - 0x2fbcd000 	C:\WINDOWS\System32\TextInputFramework.dll
0x25270000 - 0x254cd000 	C:\WINDOWS\System32\CoreUIComponents.dll
0x25130000 - 0x251bb000 	C:\WINDOWS\System32\CoreMessaging.dll
0x5dab0000 - 0x5db86000 	C:\WINDOWS\SYSTEM32\wintypes.dll
0x711f0000 - 0x71219000 	C:\WINDOWS\SYSTEM32\ntmarta.dll
0x6f170000 - 0x6f193000 	C:\WINDOWS\system32\dwmapi.dll
0x61940000 - 0x619b2000 	C:\Arduino\lib\listSerialsj.dll
0x73da0000 - 0x741cb000 	C:\WINDOWS\System32\SETUPAPI.dll
0x77b30000 - 0x77b4d000 	C:\Arduino\lib\jnidispatch-4.2.2-win32-x86.dll
0x76de0000 - 0x76edc000 	C:\WINDOWS\System32\Ole32.dll
0x77b10000 - 0x77b26000 	C:\Arduino\java\bin\net.dll
0x73010000 - 0x73066000 	C:\WINDOWS\system32\mswsock.dll
0x54000000 - 0x5400f000 	C:\Arduino\java\bin\nio.dll
0x779c0000 - 0x77b05000 	C:\Arduino\java\bin\awt.dll
0x72250000 - 0x722ed000 	C:\WINDOWS\SYSTEM32\apphelp.dll
0x77980000 - 0x779b9000 	C:\Arduino\java\bin\fontmanager.dll
0x778a0000 - 0x77979000 	C:\WINDOWS\system32\opengl32.dll
0x77860000 - 0x7789f000 	C:\WINDOWS\SYSTEM32\GLU32.dll
0x77820000 - 0x77852000 	C:\Arduino\java\bin\t2k.dll
0x70830000 - 0x70852000 	C:\WINDOWS\SYSTEM32\DEVOBJ.dll
0x75f80000 - 0x75fc7000 	C:\WINDOWS\System32\WINTRUST.dll
0x76bc0000 - 0x76bce000 	C:\WINDOWS\System32\MSASN1.dll
0x75d80000 - 0x75f16000 	C:\WINDOWS\System32\CRYPT32.dll
0x72e10000 - 0x72e40000 	C:\WINDOWS\SYSTEM32\IPHLPAPI.DLL
0x772d0000 - 0x772d7000 	C:\WINDOWS\System32\NSI.dll
0x722f0000 - 0x72303000 	C:\WINDOWS\SYSTEM32\dhcpcsvc6.DLL
0x723a0000 - 0x723b4000 	C:\WINDOWS\SYSTEM32\dhcpcsvc.DLL
0x72310000 - 0x7239e000 	C:\WINDOWS\SYSTEM32\DNSAPI.dll
0x71340000 - 0x71361000 	C:\Program Files (x86)\Bonjour\mdnsNSP.dll
0x71330000 - 0x71338000 	C:\Windows\System32\rasadhlp.dll
0x712e0000 - 0x7132f000 	C:\WINDOWS\System32\fwpuclnt.dll
0x72fb0000 - 0x72fc9000 	C:\WINDOWS\SYSTEM32\bcrypt.dll
0x777b0000 - 0x77819000 	C:\Arduino\msvcp100.dll
0x776f0000 - 0x777ae000 	C:\Arduino\msvcr100.dll
0x274e0000 - 0x27512000 	C:\Arduino\lib\AStylej.dll
0x776c0000 - 0x776e4000 	C:\Arduino\java\bin\dcpr.dll
0x77340000 - 0x773c3000 	C:\WINDOWS\System32\clbcatq.dll
0x58940000 - 0x58ab1000 	C:\WINDOWS\SYSTEM32\WindowsCodecs.dll
0x5c230000 - 0x5c27f000 	C:\WINDOWS\system32\dataexchange.dll
0x5bbf0000 - 0x5bd2c000 	C:\WINDOWS\system32\dcomp.dll
0x5bd30000 - 0x5bf82000 	C:\WINDOWS\system32\d3d11.dll
0x5b980000 - 0x5ba18000 	C:\WINDOWS\system32\dxgi.dll
0x5d5a0000 - 0x5d705000 	C:\WINDOWS\system32\twinapi.appcore.dll
0x5d570000 - 0x5d591000 	C:\WINDOWS\system32\RMCLIENT.dll
0x6c570000 - 0x6c5ff000 	C:\WINDOWS\WinSxS\x86_microsoft.windows.common-controls_6595b64144ccf1df_5.82.17134.706_none_40fb64164515a358\comctl32.dll
0x64000000 - 0x6401b000 	C:\Arduino\lib\jSSC-2.8_x86.dll

VM Arguments:
jvm_args: -Dsun.java2d.d3d=false -Djna.nosys=true -Djna.nounpack=true -Djna.boot.library.name=jnidispatch-4.2.2-win32-x86 -Djna.boot.library.path=C:\Arduino/lib -Djssc.library.path=C:\Arduino/lib -DAPP_DIR=C:\Arduino -Xms128M -Xmx512M 
java_command: processing.app.Base C:\git\microgrid_testbed\100 nodes\Arduino\Final7v2\Final7v2.ino
java_class_path (initial): C:\Arduino\lib\apple.jar;C:\Arduino\lib\arduino-core.jar;C:\Arduino\lib\batik-1.8.jar;C:\Arduino\lib\batik-anim-1.8.jar;C:\Arduino\lib\batik-awt-util-1.8.jar;C:\Arduino\lib\batik-bridge-1.8.jar;C:\Arduino\lib\batik-codec-1.8.jar;C:\Arduino\lib\batik-css-1.8.jar;C:\Arduino\lib\batik-dom-1.8.jar;C:\Arduino\lib\batik-ext-1.8.jar;C:\Arduino\lib\batik-gvt-1.8.jar;C:\Arduino\lib\batik-parser-1.8.jar;C:\Arduino\lib\batik-rasterizer-1.8.jar;C:\Arduino\lib\batik-script-1.8.jar;C:\Arduino\lib\batik-squiggle-1.8.jar;C:\Arduino\lib\batik-svg-dom-1.8.jar;C:\Arduino\lib\batik-svgpp-1.8.jar;C:\Arduino\lib\batik-transcoder-1.8.jar;C:\Arduino\lib\batik-util-1.8.jar;C:\Arduino\lib\batik-xml-1.8.jar;C:\Arduino\lib\bcpg-jdk15on-152.jar;C:\Arduino\lib\bcprov-jdk15on-152.jar;C:\Arduino\lib\commons-codec-1.7.jar;C:\Arduino\lib\commons-compress-1.8.jar;C:\Arduino\lib\commons-exec-1.1.jar;C:\Arduino\lib\commons-httpclient-3.1.jar;C:\Arduino\lib\commons-lang3-3.3.2.jar;C:\Arduino\lib\commons-logging-1.0.4.jar;C:\Arduino\lib\commons-net-3.3.jar;C:\Arduino\lib\jackson-annotations-2.6.3.jar;C:\Arduino\lib\jackson-core-2.6.3.jar;C:\Arduino\lib\jackson-databind-2.6.3.jar;C:\Arduino\lib\jackson-module-mrbean-2.6.3.jar;C:\Arduino\lib\java-semver-0.8.0.jar;C:\Arduino\lib\jmdns-3.5.1.jar;C:\Arduino\lib\slf4j-simple-1.7.22.jar;C:\Arduino\lib\slf4j-api-1.7.22.jar;C:\Arduino\lib\jna-4.2.2.jar;C:\Arduino\lib\jna-platform-4.2.2.jar;C:\Arduino\lib\jsch-0.1.50.jar;C:\Arduino\lib\jssc-2.8.0-arduino1.jar;C:\Arduino\lib\pde.jar;C:\Arduino\lib\rsyntaxtextarea-2.6.1.jar;C:\Arduino\lib\xml-apis-1.3.04.jar;C:\Arduino\lib\xml-apis-ext-1.3.04.jar;C:\Arduino\lib\xmlgraphics-commons-2.0.jar
Launcher Type: SUN_STANDARD

Environment Variables:
PATH=C:\Program Files (x86)\NVIDIA Corporation\PhysX\Common;C:\Program Files (x86)\Common Files\Oracle\Java\javapath;C:\ProgramData\Oracle\Java\javapath;C:\WINDOWS\system32;C:\WINDOWS;C:\WINDOWS\System32\Wbem;C:\WINDOWS\System32\WindowsPowerShell\v1.0\;C:\Program Files (x86)\PuTTY\;C:\Program Files\MATLAB\R2017a\runtime\win64;C:\Program Files\MATLAB\R2017a\bin;C:\Program Files (x86)\MATLAB\MATLAB Compiler Runtime\v79\runtime\win32;C:\Program Files (x86)\IVI Foundation\VISA\WinNT\Bin\;C:\Program Files\IVI Foundation\VISA\Win64\Bin\;C:\Program Files (x86)\IVI Foundation\VISA\WinNT\Bin;C:\processing-2.2.1;;C:\WINDOWS\System32\OpenSSH\;C:\Typhoon HIL Control Center\bin\;C:\Program Files\Microsoft SQL Server\Client SDK\ODBC\110\Tools\Binn\;C:\Program Files (x86)\Microsoft SQL Server\120\Tools\Binn\;C:\Program Files\Microsoft SQL Server\120\Tools\Binn\;C:\Program Files\Microsoft SQL Server\120\DTS\Binn\;C:\Program Files (x86)\Windows Kits\8.1\Windows Performance Toolkit\;C:\Users\ora2\AppData\Local\Microsoft\WindowsApps;C:\processing-2.2.1;;C:\Arduino\java\bin
USERNAME=ora2
OS=Windows_NT
PROCESSOR_IDENTIFIER=Intel64 Family 6 Model 158 Stepping 9, GenuineIntel



---------------  S Y S T E M  ---------------

OS: Windows 10.0 , 64 bit Build 17134 (10.0.17134.706)

CPU:total 8 (initial active 8) (4 cores per cpu, 2 threads per core) family 6 model 158 stepping 9, cmov, cx8, fxsr, mmx, sse, sse2, sse3, ssse3, sse4.1, sse4.2, popcnt, avx, avx2, aes, clmul, erms, rtm, 3dnowpref, lzcnt, ht, tsc, tscinvbit, bmi1, bmi2, adx

Memory: 4k page, physical 16666376k(10683336k free), swap 19156744k(8273732k free)

vm_info: Java HotSpot(TM) Client VM (25.144-b01) for windows-x86 JRE (1.8.0_144-b01), built on Jul 21 2017 21:58:05 by "java_re" with MS VC++ 10.0 (VS2010)

time: Sun May 05 20:15:47 2019
elapsed time: 189562 seconds (2d 4h 39m 22s)

