#
# A fatal error has been detected by the Java Runtime Environment:
#
#  EXCEPTION_ACCESS_VIOLATION (0xc0000005) at pc=0x617484fb, pid=20356, tid=0x00004250
#
# JRE version: Java(TM) SE Runtime Environment (8.0_171-b11) (build 1.8.0_171-b11)
# Java VM: Java HotSpot(TM) Client VM (25.171-b11 mixed mode windows-x86 )
# Problematic frame:
# C  [listSerialsj.dll+0x84fb]
#
# Failed to write core dump. Minidumps are not enabled by default on client versions of Windows
#
# If you would like to submit a bug report, please visit:
#   http://bugreport.java.com/bugreport/crash.jsp
# The crash happened outside the Java Virtual Machine in native code.
# See problematic frame for where to report the bug.
#

---------------  T H R E A D  ---------------

Current thread (0x29baec00):  JavaThread "cc.arduino.packages.discoverers.serial.SerialBoardsLister" [_thread_in_native, id=16976, stack(0x2a790000,0x2a7e0000)]

siginfo: ExceptionCode=0xc0000005, writing address 0x0000004b

Registers:
EAX=0x00000000, EBX=0x00000000, ECX=0xee2428de, EDX=0x00000000
ESP=0x2a7deaf0, EBP=0x2a7deb18, ESI=0x0000004b, EDI=0x747e6840
EIP=0x617484fb, EFLAGS=0x00010246

Top of Stack: (sp=0x2a7deaf0)
0x2a7deaf0:   747e1210 00000ad0 00220414 6e0b4e08
0x2a7deb00:   0000009e 6e0b4e00 0000009e 53c58cc0
0x2a7deb10:   00000001 2a7deb78 2a7decc8 61748927
0x2a7deb20:   00000ad0 00220414 6e0b4e00 0000009e
0x2a7deb30:   6e0b4e00 0000009e 2a7deb78 00000000
0x2a7deb40:   6e0b4e00 00000004 00000058 00000000
0x2a7deb50:   2a7ded2c 00000ad0 747e1190 6caa0f38
0x2a7deb60:   03030158 00000001 08000008 0000004c 

Instructions: (pc=0x617484fb)
0x617484db:   ff ff ff 89 54 24 08 89 c3 89 44 24 10 c7 44 24
0x617484eb:   04 00 00 00 00 c7 04 24 e9 fd 00 00 ff d7 89 d8
0x617484fb:   c6 04 33 00 83 ec 20 8d 65 f4 5b 5e 5f 5d c3 8d
0x6174850b:   b6 00 00 00 00 55 89 e5 57 56 89 d6 53 bb 0b 01 


Register to memory mapping:

EAX=0x00000000 is an unknown value
EBX=0x00000000 is an unknown value
ECX=0xee2428de is an unknown value
EDX=0x00000000 is an unknown value
ESP=0x2a7deaf0 is pointing into the stack for thread: 0x29baec00
EBP=0x2a7deb18 is pointing into the stack for thread: 0x29baec00
ESI=0x0000004b is an unknown value
EDI=0x747e6840 is an unknown value


Stack: [0x2a790000,0x2a7e0000],  sp=0x2a7deaf0,  free space=314k
Native frames: (J=compiled Java code, j=interpreted, Vv=VM code, C=native code)
C  [listSerialsj.dll+0x84fb]
C  [listSerialsj.dll+0x8927]
C  [listSerialsj.dll+0x8990]
C  [listSerialsj.dll+0x94cc]
C  [listSerialsj.dll+0x2216]

Java frames: (J=compiled Java code, j=interpreted, Vv=VM code)
j  processing.app.Platform.listSerialsNative()[Ljava/lang/String;+0
j  processing.app.Platform.listSerials()Ljava/util/List;+5
j  cc.arduino.packages.discoverers.serial.SerialBoardsLister.retriggerDiscovery(Z)V+22
j  cc.arduino.packages.discoverers.serial.SerialBoardsLister.run()V+9
J 2407% C1 java.util.TimerThread.mainLoop()V (232 bytes) @ 0x031ad654 [0x031ad220+0x434]
j  java.util.TimerThread.run()V+1
v  ~StubRoutines::call_stub

---------------  P R O C E S S  ---------------

Java Threads: ( => current thread )
  0x29df9c00 JavaThread "EventThread COM5" [_thread_in_native, id=19440, stack(0x287f0000,0x28840000)]
  0x29dfb000 JavaThread "JmDNS(ECEB-4076-15-ad-uillinois-edu.local.).State.Timer" [_thread_blocked, id=21556, stack(0x28d10000,0x28d60000)]
  0x29dfc800 JavaThread "JmDNS(ECEB-4076-15-ad-uillinois-edu.local.).Timer" daemon [_thread_blocked, id=21408, stack(0x051b0000,0x05200000)]
  0x29df9000 JavaThread "SocketListener(ECEB-4076-15-ad-uillinois-edu.local.)" daemon [_thread_in_native, id=12400, stack(0x05160000,0x051b0000)]
  0x29df6000 JavaThread "DestroyJavaVM" [_thread_blocked, id=16300, stack(0x02eb0000,0x02f00000)]
  0x29dfac00 JavaThread "TimerQueue" daemon [_thread_blocked, id=9348, stack(0x28c80000,0x28cd0000)]
  0x29dfbc00 JavaThread "JmDNS(ECEB-4076-15-ad-uillinois-edu.local.).State.Timer" [_thread_blocked, id=5380, stack(0x286a0000,0x286f0000)]
  0x29c44c00 JavaThread "JmDNS(ECEB-4076-15-ad-uillinois-edu.local.).Timer" daemon [_thread_blocked, id=1412, stack(0x28610000,0x28660000)]
  0x29c43400 JavaThread "SocketListener(ECEB-4076-15-ad-uillinois-edu.local.)" daemon [_thread_in_native, id=18684, stack(0x28580000,0x285d0000)]
  0x29c43000 JavaThread "JmDNS(ECEB-4076-15-ad-uillinois-edu.local.).State.Timer" [_thread_blocked, id=10936, stack(0x283f0000,0x28440000)]
  0x29c45400 JavaThread "JmDNS(ECEB-4076-15-ad-uillinois-edu.local.).Timer" daemon [_thread_blocked, id=9396, stack(0x28360000,0x283b0000)]
  0x29c42800 JavaThread "SocketListener(ECEB-4076-15-ad-uillinois-edu.local.)" daemon [_thread_in_native, id=2272, stack(0x282d0000,0x28320000)]
  0x29c43c00 JavaThread "Batik CleanerThread" daemon [_thread_blocked, id=11292, stack(0x27eb0000,0x27f00000)]
  0x29c42000 JavaThread "AWT-EventQueue-0" [_thread_blocked, id=8024, stack(0x27ca0000,0x27cf0000)]
  0x29c44800 JavaThread "AWT-Shutdown" [_thread_blocked, id=8872, stack(0x27180000,0x271d0000)]
  0x29c3c000 JavaThread "JmDNS(ECEB-4076-15-ad-uillinois-edu.local.).State.Timer" [_thread_blocked, id=14296, stack(0x2aa40000,0x2aa90000)]
  0x29c2e400 JavaThread "JmDNS(ECEB-4076-15-ad-uillinois-edu.local.).Timer" daemon [_thread_blocked, id=17528, stack(0x2a9b0000,0x2aa00000)]
  0x29c2dc00 JavaThread "SocketListener(ECEB-4076-15-ad-uillinois-edu.local.)" daemon [_thread_in_native, id=12764, stack(0x2a920000,0x2a970000)]
  0x29bad800 JavaThread "Multihomed mDNS.Timer" daemon [_thread_blocked, id=15664, stack(0x2a570000,0x2a5c0000)]
=>0x29baec00 JavaThread "cc.arduino.packages.discoverers.serial.SerialBoardsLister" [_thread_in_native, id=16976, stack(0x2a790000,0x2a7e0000)]
  0x26d20000 JavaThread "AWT-Windows" daemon [_thread_in_native, id=21960, stack(0x27210000,0x27260000)]
  0x26d1f000 JavaThread "Java2D Disposer" daemon [_thread_blocked, id=18744, stack(0x270f0000,0x27140000)]
  0x26573800 JavaThread "Service Thread" daemon [_thread_blocked, id=4876, stack(0x269e0000,0x26a30000)]
  0x2657ec00 JavaThread "C1 CompilerThread0" daemon [_thread_blocked, id=17652, stack(0x26950000,0x269a0000)]
  0x2657d000 JavaThread "Attach Listener" daemon [_thread_blocked, id=18004, stack(0x268c0000,0x26910000)]
  0x26579400 JavaThread "Signal Dispatcher" daemon [_thread_blocked, id=16992, stack(0x26830000,0x26880000)]
  0x2655a800 JavaThread "Finalizer" daemon [_thread_blocked, id=16240, stack(0x25c80000,0x25cd0000)]
  0x26544c00 JavaThread "Reference Handler" daemon [_thread_blocked, id=11248, stack(0x25bf0000,0x25c40000)]

Other Threads:
  0x02eae400 VMThread [stack: 0x25b60000,0x25bb0000] [id=6168]
  0x26576c00 WatcherThread [stack: 0x26a70000,0x26ac0000] [id=18864]

VM state:not at safepoint (normal execution)

VM Mutex/Monitor currently owned by a thread: None

Heap:
 def new generation   total 39424K, used 10709K [0x05200000, 0x07cc0000, 0x0fca0000)
  eden space 35072K,  29% used [0x05200000, 0x05c2dce0, 0x07440000)
  from space 4352K,   6% used [0x07440000, 0x07487990, 0x07880000)
  to   space 4352K,   0% used [0x07880000, 0x07880000, 0x07cc0000)
 tenured generation   total 87424K, used 81991K [0x0fca0000, 0x15200000, 0x25200000)
   the space 87424K,  93% used [0x0fca0000, 0x14cb1e10, 0x14cb2000, 0x15200000)
 Metaspace       used 19110K, capacity 19643K, committed 19712K, reserved 19840K

Card table byte_map: [0x25200000,0x25310000] byte_map_base: 0x251d7000

Polling page: 0x02bd0000

CodeCache: size=32768Kb used=1708Kb max_used=4044Kb free=31059Kb
 bounds [0x030c0000, 0x034b8000, 0x050c0000]
 total_blobs=1053 nmethods=779 adapters=204
 compilation: enabled

Compilation events (10 events):
Event: 162891.987 Thread 0x2657ec00 83893             sun.font.FontDesignMetrics::charsWidth (201 bytes)
Event: 162891.987 Thread 0x2657ec00 nmethod 83893 0x0340c088 code [0x0340c280, 0x0340c8fc]
Event: 162892.336 Thread 0x2657ec00 83894             java.util.ArrayList::<init> (61 bytes)
Event: 162892.337 Thread 0x2657ec00 nmethod 83894 0x032b25c8 code [0x032b2700, 0x032b2a30]
Event: 162893.341 Thread 0x2657ec00 83895             javax.jmdns.impl.tasks.Responder::getName (43 bytes)
Event: 162893.341 Thread 0x2657ec00 nmethod 83895 0x032f9648 code [0x032f9780, 0x032f99b0]
Event: 162895.629 Thread 0x2657ec00 83896             java.util.LinkedList::node (65 bytes)
Event: 162895.630 Thread 0x2657ec00 nmethod 83896 0x031b1c88 code [0x031b1d90, 0x031b1e70]
Event: 162896.626 Thread 0x2657ec00 83897             sun.font.FontUtilities::isComplexText (38 bytes)
Event: 162896.627 Thread 0x2657ec00 nmethod 83897 0x03368b08 code [0x03368c10, 0x03368d5c]

GC Heap History (10 events):
Event: 161949.655 GC heap before
{Heap before GC invocations=3808 (full 1):
 def new generation   total 39424K, used 35364K [0x05200000, 0x07cc0000, 0x0fca0000)
  eden space 35072K, 100% used [0x05200000, 0x07440000, 0x07440000)
  from space 4352K,   6% used [0x07880000, 0x078c9040, 0x07cc0000)
  to   space 4352K,   0% used [0x07440000, 0x07440000, 0x07880000)
 tenured generation   total 87424K, used 81905K [0x0fca0000, 0x15200000, 0x25200000)
   the space 87424K,  93% used [0x0fca0000, 0x14c9c4c0, 0x14c9c600, 0x15200000)
 Metaspace       used 19110K, capacity 19643K, committed 19712K, reserved 19840K
Event: 161949.657 GC heap after
Heap after GC invocations=3809 (full 1):
 def new generation   total 39424K, used 314K [0x05200000, 0x07cc0000, 0x0fca0000)
  eden space 35072K,   0% used [0x05200000, 0x05200000, 0x07440000)
  from space 4352K,   7% used [0x07440000, 0x0748eb40, 0x07880000)
  to   space 4352K,   0% used [0x07880000, 0x07880000, 0x07cc0000)
 tenured generation   total 87424K, used 81922K [0x0fca0000, 0x15200000, 0x25200000)
   the space 87424K,  93% used [0x0fca0000, 0x14ca0980, 0x14ca0a00, 0x15200000)
 Metaspace       used 19110K, capacity 19643K, committed 19712K, reserved 19840K
}
Event: 162144.989 GC heap before
{Heap before GC invocations=3809 (full 1):
 def new generation   total 39424K, used 35386K [0x05200000, 0x07cc0000, 0x0fca0000)
  eden space 35072K, 100% used [0x05200000, 0x07440000, 0x07440000)
  from space 4352K,   7% used [0x07440000, 0x0748eb40, 0x07880000)
  to   space 4352K,   0% used [0x07880000, 0x07880000, 0x07cc0000)
 tenured generation   total 87424K, used 81922K [0x0fca0000, 0x15200000, 0x25200000)
   the space 87424K,  93% used [0x0fca0000, 0x14ca0980, 0x14ca0a00, 0x15200000)
 Metaspace       used 19110K, capacity 19643K, committed 19712K, reserved 19840K
Event: 162144.990 GC heap after
Heap after GC invocations=3810 (full 1):
 def new generation   total 39424K, used 289K [0x05200000, 0x07cc0000, 0x0fca0000)
  eden space 35072K,   0% used [0x05200000, 0x05200000, 0x07440000)
  from space 4352K,   6% used [0x07880000, 0x078c85e8, 0x07cc0000)
  to   space 4352K,   0% used [0x07440000, 0x07440000, 0x07880000)
 tenured generation   total 87424K, used 81939K [0x0fca0000, 0x15200000, 0x25200000)
   the space 87424K,  93% used [0x0fca0000, 0x14ca4e40, 0x14ca5000, 0x15200000)
 Metaspace       used 19110K, capacity 19643K, committed 19712K, reserved 19840K
}
Event: 162354.766 GC heap before
{Heap before GC invocations=3810 (full 1):
 def new generation   total 39424K, used 35361K [0x05200000, 0x07cc0000, 0x0fca0000)
  eden space 35072K, 100% used [0x05200000, 0x07440000, 0x07440000)
  from space 4352K,   6% used [0x07880000, 0x078c85e8, 0x07cc0000)
  to   space 4352K,   0% used [0x07440000, 0x07440000, 0x07880000)
 tenured generation   total 87424K, used 81939K [0x0fca0000, 0x15200000, 0x25200000)
   the space 87424K,  93% used [0x0fca0000, 0x14ca4e40, 0x14ca5000, 0x15200000)
 Metaspace       used 19110K, capacity 19643K, committed 19712K, reserved 19840K
Event: 162354.767 GC heap after
Heap after GC invocations=3811 (full 1):
 def new generation   total 39424K, used 275K [0x05200000, 0x07cc0000, 0x0fca0000)
  eden space 35072K,   0% used [0x05200000, 0x05200000, 0x07440000)
  from space 4352K,   6% used [0x07440000, 0x07484d20, 0x07880000)
  to   space 4352K,   0% used [0x07880000, 0x07880000, 0x07cc0000)
 tenured generation   total 87424K, used 81957K [0x0fca0000, 0x15200000, 0x25200000)
   the space 87424K,  93% used [0x0fca0000, 0x14ca9490, 0x14ca9600, 0x15200000)
 Metaspace       used 19110K, capacity 19643K, committed 19712K, reserved 19840K
}
Event: 162573.095 GC heap before
{Heap before GC invocations=3811 (full 1):
 def new generation   total 39424K, used 35347K [0x05200000, 0x07cc0000, 0x0fca0000)
  eden space 35072K, 100% used [0x05200000, 0x07440000, 0x07440000)
  from space 4352K,   6% used [0x07440000, 0x07484d20, 0x07880000)
  to   space 4352K,   0% used [0x07880000, 0x07880000, 0x07cc0000)
 tenured generation   total 87424K, used 81957K [0x0fca0000, 0x15200000, 0x25200000)
   the space 87424K,  93% used [0x0fca0000, 0x14ca9490, 0x14ca9600, 0x15200000)
 Metaspace       used 19110K, capacity 19643K, committed 19712K, reserved 19840K
Event: 162573.096 GC heap after
Heap after GC invocations=3812 (full 1):
 def new generation   total 39424K, used 281K [0x05200000, 0x07cc0000, 0x0fca0000)
  eden space 35072K,   0% used [0x05200000, 0x05200000, 0x07440000)
  from space 4352K,   6% used [0x07880000, 0x078c67e8, 0x07cc0000)
  to   space 4352K,   0% used [0x07440000, 0x07440000, 0x07880000)
 tenured generation   total 87424K, used 81974K [0x0fca0000, 0x15200000, 0x25200000)
   the space 87424K,  93% used [0x0fca0000, 0x14cad950, 0x14cada00, 0x15200000)
 Metaspace       used 19110K, capacity 19643K, committed 19712K, reserved 19840K
}
Event: 162829.032 GC heap before
{Heap before GC invocations=3812 (full 1):
 def new generation   total 39424K, used 35353K [0x05200000, 0x07cc0000, 0x0fca0000)
  eden space 35072K, 100% used [0x05200000, 0x07440000, 0x07440000)
  from space 4352K,   6% used [0x07880000, 0x078c67e8, 0x07cc0000)
  to   space 4352K,   0% used [0x07440000, 0x07440000, 0x07880000)
 tenured generation   total 87424K, used 81974K [0x0fca0000, 0x15200000, 0x25200000)
   the space 87424K,  93% used [0x0fca0000, 0x14cad950, 0x14cada00, 0x15200000)
 Metaspace       used 19110K, capacity 19643K, committed 19712K, reserved 19840K
Event: 162829.033 GC heap after
Heap after GC invocations=3813 (full 1):
 def new generation   total 39424K, used 286K [0x05200000, 0x07cc0000, 0x0fca0000)
  eden space 35072K,   0% used [0x05200000, 0x05200000, 0x07440000)
  from space 4352K,   6% used [0x07440000, 0x07487990, 0x07880000)
  to   space 4352K,   0% used [0x07880000, 0x07880000, 0x07cc0000)
 tenured generation   total 87424K, used 81991K [0x0fca0000, 0x15200000, 0x25200000)
   the space 87424K,  93% used [0x0fca0000, 0x14cb1e10, 0x14cb2000, 0x15200000)
 Metaspace       used 19110K, capacity 19643K, committed 19712K, reserved 19840K
}

Deoptimization events (0 events):
No events

Classes redefined (0 events):
No events

Internal exceptions (10 events):
Event: 17069.894 Thread 0x29df5400 Exception <a 'sun/nio/fs/WindowsException'> (0x060f0ef0) thrown at [C:\re\workspace\8-2-build-windows-i586-cygwin\jdk8u171\10807\hotspot\src\share\vm\prims\jni.cpp, line 709]
Event: 17069.894 Thread 0x29df5400 Exception <a 'sun/nio/fs/WindowsException'> (0x060f1358) thrown at [C:\re\workspace\8-2-build-windows-i586-cygwin\jdk8u171\10807\hotspot\src\share\vm\prims\jni.cpp, line 709]
Event: 17069.895 Thread 0x29df5400 Exception <a 'sun/nio/fs/WindowsException'> (0x06100b88) thrown at [C:\re\workspace\8-2-build-windows-i586-cygwin\jdk8u171\10807\hotspot\src\share\vm\prims\jni.cpp, line 709]
Event: 17069.895 Thread 0x29df5400 Exception <a 'sun/nio/fs/WindowsException'> (0x06100ff0) thrown at [C:\re\workspace\8-2-build-windows-i586-cygwin\jdk8u171\10807\hotspot\src\share\vm\prims\jni.cpp, line 709]
Event: 17069.896 Thread 0x29df5400 Exception <a 'sun/nio/fs/WindowsException'> (0x06112660) thrown at [C:\re\workspace\8-2-build-windows-i586-cygwin\jdk8u171\10807\hotspot\src\share\vm\prims\jni.cpp, line 709]
Event: 17069.896 Thread 0x29df5400 Exception <a 'sun/nio/fs/WindowsException'> (0x06112d58) thrown at [C:\re\workspace\8-2-build-windows-i586-cygwin\jdk8u171\10807\hotspot\src\share\vm\prims\jni.cpp, line 709]
Event: 17069.897 Thread 0x29df5400 Exception <a 'sun/nio/fs/WindowsException'> (0x0611cb20) thrown at [C:\re\workspace\8-2-build-windows-i586-cygwin\jdk8u171\10807\hotspot\src\share\vm\prims\jni.cpp, line 709]
Event: 17069.897 Thread 0x29df5400 Exception <a 'sun/nio/fs/WindowsException'> (0x0611d218) thrown at [C:\re\workspace\8-2-build-windows-i586-cygwin\jdk8u171\10807\hotspot\src\share\vm\prims\jni.cpp, line 709]
Event: 17069.897 Thread 0x29df5400 Exception <a 'sun/nio/fs/WindowsException'> (0x06126ff8) thrown at [C:\re\workspace\8-2-build-windows-i586-cygwin\jdk8u171\10807\hotspot\src\share\vm\prims\jni.cpp, line 709]
Event: 17069.897 Thread 0x29df5400 Exception <a 'sun/nio/fs/WindowsException'> (0x061276f0) thrown at [C:\re\workspace\8-2-build-windows-i586-cygwin\jdk8u171\10807\hotspot\src\share\vm\prims\jni.cpp, line 709]

Events (10 events):
Event: 162887.425 Thread 0x2657ec00 flushing nmethod 0x03292ec8
Event: 162887.526 Thread 0x2657ec00 flushing nmethod 0x032d9288
Event: 162887.526 Thread 0x2657ec00 flushing nmethod 0x03368ac8
Event: 162891.987 Thread 0x2657ec00 flushing nmethod 0x031e05c8
Event: 162892.337 Thread 0x2657ec00 flushing nmethod 0x03311548
Event: 162892.337 Thread 0x2657ec00 flushing nmethod 0x03375a88
Event: 162893.342 Thread 0x2657ec00 flushing nmethod 0x031b4548
Event: 162895.630 Thread 0x2657ec00 flushing nmethod 0x03201b88
Event: 162895.630 Thread 0x2657ec00 flushing nmethod 0x03292bc8
Event: 162896.627 Thread 0x2657ec00 flushing nmethod 0x032f9308


Dynamic libraries:
0x00130000 - 0x00163000 	C:\Arduino\java\bin\javaw.exe
0x77890000 - 0x77a20000 	C:\WINDOWS\SYSTEM32\ntdll.dll
0x747d0000 - 0x748b0000 	C:\WINDOWS\System32\KERNEL32.DLL
0x74a80000 - 0x74c64000 	C:\WINDOWS\System32\KERNELBASE.dll
0x77350000 - 0x773c8000 	C:\WINDOWS\System32\ADVAPI32.dll
0x77570000 - 0x7762f000 	C:\WINDOWS\System32\msvcrt.dll
0x75930000 - 0x75974000 	C:\WINDOWS\System32\sechost.dll
0x75870000 - 0x75930000 	C:\WINDOWS\System32\RPCRT4.dll
0x74150000 - 0x74170000 	C:\WINDOWS\System32\SspiCli.dll
0x74140000 - 0x7414a000 	C:\WINDOWS\System32\CRYPTBASE.dll
0x77630000 - 0x77688000 	C:\WINDOWS\System32\bcryptPrimitives.dll
0x752a0000 - 0x7542d000 	C:\WINDOWS\System32\USER32.dll
0x741f0000 - 0x74207000 	C:\WINDOWS\System32\win32u.dll
0x744b0000 - 0x744d2000 	C:\WINDOWS\System32\GDI32.dll
0x744e0000 - 0x74644000 	C:\WINDOWS\System32\gdi32full.dll
0x74310000 - 0x7438d000 	C:\WINDOWS\System32\msvcp_win.dll
0x74390000 - 0x744ae000 	C:\WINDOWS\System32\ucrtbase.dll
0x700d0000 - 0x702d4000 	C:\WINDOWS\WinSxS\x86_microsoft.windows.common-controls_6595b64144ccf1df_6.0.17134.345_none_42efd13044e18c5e\COMCTL32.dll
0x770f0000 - 0x7734c000 	C:\WINDOWS\System32\combase.dll
0x76f40000 - 0x76f66000 	C:\WINDOWS\System32\IMM32.DLL
0x6aab0000 - 0x6ab6f000 	C:\Arduino\java\bin\msvcr100.dll
0x576f0000 - 0x57ac1000 	C:\Arduino\java\bin\client\jvm.dll
0x77790000 - 0x77796000 	C:\WINDOWS\System32\PSAPI.DLL
0x71e40000 - 0x71e64000 	C:\WINDOWS\SYSTEM32\WINMM.dll
0x726e0000 - 0x726e8000 	C:\WINDOWS\SYSTEM32\WSOCK32.dll
0x72b90000 - 0x72b98000 	C:\WINDOWS\SYSTEM32\VERSION.dll
0x76ed0000 - 0x76f37000 	C:\WINDOWS\System32\WS2_32.dll
0x71e10000 - 0x71e33000 	C:\WINDOWS\SYSTEM32\WINMMBASE.dll
0x746b0000 - 0x746e9000 	C:\WINDOWS\System32\cfgmgr32.dll
0x71fe0000 - 0x72010000 	C:\Arduino\java\bin\splashscreen.dll
0x70620000 - 0x7069c000 	C:\WINDOWS\system32\uxtheme.dll
0x70360000 - 0x7036c000 	C:\Arduino\java\bin\verify.dll
0x70060000 - 0x70082000 	C:\Arduino\java\bin\java.dll
0x76d80000 - 0x76ec4000 	C:\WINDOWS\System32\MSCTF.dll
0x77050000 - 0x770e6000 	C:\WINDOWS\System32\OLEAUT32.dll
0x6aa90000 - 0x6aaa4000 	C:\Arduino\java\bin\zip.dll
0x74c70000 - 0x74c7f000 	C:\WINDOWS\System32\kernel.appcore.dll
0x5a080000 - 0x5a0fd000 	C:\WINDOWS\System32\TextInputFramework.dll
0x59ff0000 - 0x5a07b000 	C:\WINDOWS\System32\CoreMessaging.dll
0x59d90000 - 0x59fed000 	C:\WINDOWS\System32\CoreUIComponents.dll
0x74270000 - 0x742f8000 	C:\WINDOWS\System32\SHCORE.dll
0x72040000 - 0x72069000 	C:\WINDOWS\SYSTEM32\ntmarta.dll
0x6ff10000 - 0x6ffe6000 	C:\WINDOWS\SYSTEM32\wintypes.dll
0x705c0000 - 0x705e3000 	C:\WINDOWS\system32\dwmapi.dll
0x759a0000 - 0x76cea000 	C:\WINDOWS\System32\SHELL32.dll
0x74ce0000 - 0x75299000 	C:\WINDOWS\System32\windows.storage.dll
0x74a20000 - 0x74a65000 	C:\WINDOWS\System32\shlwapi.dll
0x741d0000 - 0x741e8000 	C:\WINDOWS\System32\profapi.dll
0x74210000 - 0x74255000 	C:\WINDOWS\System32\powrprof.dll
0x75860000 - 0x75868000 	C:\WINDOWS\System32\FLTLIB.DLL
0x61740000 - 0x6176b000 	C:\Arduino\lib\listSerialsj.dll
0x75430000 - 0x7585b000 	C:\WINDOWS\System32\SETUPAPI.dll
0x6aa70000 - 0x6aa8d000 	C:\Arduino\lib\jnidispatch-4.2.2-win32-x86.dll
0x77690000 - 0x7778c000 	C:\WINDOWS\System32\Ole32.dll
0x6aa50000 - 0x6aa65000 	C:\Arduino\java\bin\net.dll
0x73430000 - 0x73486000 	C:\WINDOWS\system32\mswsock.dll
0x70050000 - 0x7005f000 	C:\Arduino\java\bin\nio.dll
0x575a0000 - 0x576e5000 	C:\Arduino\java\bin\awt.dll
0x72c70000 - 0x72d0d000 	C:\WINDOWS\SYSTEM32\apphelp.dll
0x6aa10000 - 0x6aa49000 	C:\Arduino\java\bin\fontmanager.dll
0x5d120000 - 0x5d1f9000 	C:\WINDOWS\system32\opengl32.dll
0x6a9d0000 - 0x6aa0f000 	C:\WINDOWS\SYSTEM32\GLU32.dll
0x6a990000 - 0x6a9c2000 	C:\Arduino\java\bin\t2k.dll
0x71970000 - 0x71992000 	C:\WINDOWS\SYSTEM32\DEVOBJ.dll
0x77000000 - 0x77047000 	C:\WINDOWS\System32\WINTRUST.dll
0x74260000 - 0x7426e000 	C:\WINDOWS\System32\MSASN1.dll
0x773d0000 - 0x77566000 	C:\WINDOWS\System32\CRYPT32.dll
0x72db0000 - 0x72de0000 	C:\WINDOWS\SYSTEM32\IPHLPAPI.DLL
0x74300000 - 0x74307000 	C:\WINDOWS\System32\NSI.dll
0x733f0000 - 0x73403000 	C:\WINDOWS\SYSTEM32\dhcpcsvc6.DLL
0x72d90000 - 0x72da4000 	C:\WINDOWS\SYSTEM32\dhcpcsvc.DLL
0x72290000 - 0x7231e000 	C:\WINDOWS\SYSTEM32\DNSAPI.dll
0x72170000 - 0x72178000 	C:\Windows\System32\rasadhlp.dll
0x72d40000 - 0x72d8f000 	C:\WINDOWS\System32\fwpuclnt.dll
0x733d0000 - 0x733e9000 	C:\WINDOWS\SYSTEM32\bcrypt.dll
0x6a740000 - 0x6a7a9000 	C:\Arduino\msvcp100.dll
0x574e0000 - 0x5759e000 	C:\Arduino\msvcr100.dll
0x27cf0000 - 0x27d22000 	C:\Arduino\lib\AStylej.dll
0x6a6d0000 - 0x6a6f4000 	C:\Arduino\java\bin\dcpr.dll
0x76f70000 - 0x76ff3000 	C:\WINDOWS\System32\clbcatq.dll
0x65dd0000 - 0x65f41000 	C:\WINDOWS\SYSTEM32\WindowsCodecs.dll
0x6d260000 - 0x6d2af000 	C:\WINDOWS\system32\dataexchange.dll
0x6bd10000 - 0x6bf62000 	C:\WINDOWS\system32\d3d11.dll
0x6c430000 - 0x6c56c000 	C:\WINDOWS\system32\dcomp.dll
0x6c390000 - 0x6c428000 	C:\WINDOWS\system32\dxgi.dll
0x6c820000 - 0x6c985000 	C:\WINDOWS\system32\twinapi.appcore.dll
0x6d6c0000 - 0x6d6da000 	C:\WINDOWS\system32\RMCLIENT.dll
0x64000000 - 0x6401b000 	C:\Users\nigam4\.jssc\windows\jSSC-2.8_x86.dll

VM Arguments:
jvm_args: -Dsun.java2d.d3d=false -Djna.nosys=true -Djna.nounpack=true -Djna.boot.library.name=jnidispatch-4.2.2-win32-x86 -Djna.boot.library.path=C:\Arduino/lib -Djssc.library.path=C:\Arduino/lib -DAPP_DIR=C:\Arduino -Xms128M -Xmx512M 
java_command: processing.app.Base X:\Microgrid testbed - work\ComEd_2018\Islanded\Node11_modbus\Node11_modbus.ino
java_class_path (initial): C:\Arduino\lib\apple.jar;C:\Arduino\lib\arduino-core.jar;C:\Arduino\lib\batik-1.8.jar;C:\Arduino\lib\batik-anim-1.8.jar;C:\Arduino\lib\batik-awt-util-1.8.jar;C:\Arduino\lib\batik-bridge-1.8.jar;C:\Arduino\lib\batik-codec-1.8.jar;C:\Arduino\lib\batik-css-1.8.jar;C:\Arduino\lib\batik-dom-1.8.jar;C:\Arduino\lib\batik-ext-1.8.jar;C:\Arduino\lib\batik-gvt-1.8.jar;C:\Arduino\lib\batik-parser-1.8.jar;C:\Arduino\lib\batik-rasterizer-1.8.jar;C:\Arduino\lib\batik-script-1.8.jar;C:\Arduino\lib\batik-squiggle-1.8.jar;C:\Arduino\lib\batik-svg-dom-1.8.jar;C:\Arduino\lib\batik-svgpp-1.8.jar;C:\Arduino\lib\batik-transcoder-1.8.jar;C:\Arduino\lib\batik-util-1.8.jar;C:\Arduino\lib\batik-xml-1.8.jar;C:\Arduino\lib\bcpg-jdk15on-152.jar;C:\Arduino\lib\bcprov-jdk15on-152.jar;C:\Arduino\lib\commons-codec-1.7.jar;C:\Arduino\lib\commons-compress-1.8.jar;C:\Arduino\lib\commons-exec-1.1.jar;C:\Arduino\lib\commons-httpclient-3.1.jar;C:\Arduino\lib\commons-lang3-3.3.2.jar;C:\Arduino\lib\commons-logging-1.0.4.jar;C:\Arduino\lib\commons-net-3.3.jar;C:\Arduino\lib\jackson-annotations-2.9.5.jar;C:\Arduino\lib\jackson-core-2.9.5.jar;C:\Arduino\lib\jackson-databind-2.9.5.jar;C:\Arduino\lib\jackson-module-mrbean-2.9.5.jar;C:\Arduino\lib\java-semver-0.8.0.jar;C:\Arduino\lib\jmdns-3.5.3.jar;C:\Arduino\lib\slf4j-simple-1.7.22.jar;C:\Arduino\lib\slf4j-api-1.7.22.jar;C:\Arduino\lib\jna-4.2.2.jar;C:\Arduino\lib\jna-platform-4.2.2.jar;C:\Arduino\lib\jsch-0.1.50.jar;C:\Arduino\lib\jssc-2.8.0-arduino2.jar;C:\Arduino\lib\pde.jar;C:\Arduino\lib\rsyntaxtextarea-2.6.1.jar;C:\Arduino\lib\xml-apis-1.3.04.jar;C:\Arduino\lib\xml-apis-ext-1.3.04.jar;C:\Arduino\lib\xmlgraphics-commons-2.0.jar
Launcher Type: SUN_STANDARD

Environment Variables:
PATH=C:\ProgramData\Oracle\Java\javapath;C:\WINDOWS\system32;C:\WINDOWS;C:\WINDOWS\System32\Wbem;C:\WINDOWS\System32\WindowsPowerShell\v1.0\;C:\Program Files (x86)\PuTTY\;C:\Program Files\MATLAB\R2017a\runtime\win64;C:\Program Files\MATLAB\R2017a\bin;C:\Program Files (x86)\MATLAB\MATLAB Compiler Runtime\v79\runtime\win32;C:\Program Files (x86)\IVI Foundation\VISA\WinNT\Bin\;C:\Program Files\IVI Foundation\VISA\Win64\Bin\;C:\Program Files (x86)\IVI Foundation\VISA\WinNT\Bin;C:\WINDOWS\System32\OpenSSH\;C:\Typhoon HIL Control Center\bin\;C:\Users\nigam4\AppData\Local\Microsoft\WindowsApps;;C:\Arduino\java\bin
USERNAME=nigam4
OS=Windows_NT
PROCESSOR_IDENTIFIER=Intel64 Family 6 Model 158 Stepping 9, GenuineIntel



---------------  S Y S T E M  ---------------

OS: Windows 10.0 , 64 bit Build 17134 (10.0.17134.1)

CPU:total 8 (initial active 8) (4 cores per cpu, 2 threads per core) family 6 model 158 stepping 9, cmov, cx8, fxsr, mmx, sse, sse2, sse3, ssse3, sse4.1, sse4.2, popcnt, avx, avx2, aes, clmul, erms, rtm, 3dnowpref, lzcnt, ht, tsc, tscinvbit, bmi1, bmi2, adx

Memory: 4k page, physical 16666376k(10944368k free), swap 27393688k(16842112k free)

vm_info: Java HotSpot(TM) Client VM (25.171-b11) for windows-x86 JRE (1.8.0_171-b11), built on Mar 28 2018 14:51:22 by "java_re" with MS VC++ 10.0 (VS2010)

time: Sun Oct 28 06:00:47 2018
elapsed time: 162898 seconds (1d 21h 14m 58s)

