#
# A fatal error has been detected by the Java Runtime Environment:
#
#  EXCEPTION_ACCESS_VIOLATION (0xc0000005) at pc=0x262e89b6, pid=8180, tid=0x00002d40
#
# JRE version: Java(TM) SE Runtime Environment (8.0_144-b01) (build 1.8.0_144-b01)
# Java VM: Java HotSpot(TM) Client VM (25.144-b01 mixed mode windows-x86 )
# Problematic frame:
# C  [listSerialsj.dll+0x89b6]
#
# Failed to write core dump. Minidumps are not enabled by default on client versions of Windows
#
# If you would like to submit a bug report, please visit:
#   http://bugreport.java.com/bugreport/crash.jsp
# The crash happened outside the Java Virtual Machine in native code.
# See problematic frame for where to report the bug.
#

---------------  T H R E A D  ---------------

Current thread (0x275a7c00):  JavaThread "cc.arduino.packages.discoverers.serial.SerialBoardsLister" [_thread_in_native, id=11584, stack(0x27fb0000,0x28000000)]

siginfo: ExceptionCode=0xc0000005, writing address 0x0000004d

Registers:
EAX=0x00000000, EBX=0x00000000, ECX=0xf1d0dadc, EDX=0x00000000
ESP=0x27ffe820, EBP=0x702febe8, ESI=0x0000004d, EDI=0x75016840
EIP=0x262e89b6, EFLAGS=0x00010202

Top of Stack: (sp=0x27ffe820)
0x27ffe820:   0000fde9 00000000 702febe8 ffffffff
0x27ffe830:   00000000 0000004d 00000000 00000000
0x27ffe840:   000000a2 702febe0 000000a2 7dc56030
0x27ffe850:   00000bdc 00000013 27ffe8b8 262e8d53
0x27ffe860:   00000bdc 00220414 702febe0 000000a2
0x27ffe870:   702febe0 000000a2 27ffe8b8 00000000
0x27ffe880:   00000000 75011190 262eda6f 00000000
0x27ffe890:   72c92990 0000001a 00000000 702febe0 

Instructions: (pc=0x262e89b6)
0x262e8996:   89 44 24 10 c7 44 24 0c ff ff ff ff c7 44 24 04
0x262e89a6:   00 00 00 00 c7 04 24 e9 fd 00 00 ff d7 83 ec 20
0x262e89b6:   c6 04 33 00 89 d8 83 c4 2c 5b 5e 5f 5d c3 8d b6
0x262e89c6:   00 00 00 00 8d bf 00 00 00 00 57 56 89 ce 53 b9 


Register to memory mapping:

EAX=0x00000000 is an unknown value
EBX=0x00000000 is an unknown value
ECX=0xf1d0dadc is an unknown value
EDX=0x00000000 is an unknown value
ESP=0x27ffe820 is pointing into the stack for thread: 0x275a7c00
EBP=0x702febe8 is an unknown value
ESI=0x0000004d is an unknown value
EDI=0x75016840 is an unknown value


Stack: [0x27fb0000,0x28000000],  sp=0x27ffe820,  free space=314k
Native frames: (J=compiled Java code, j=interpreted, Vv=VM code, C=native code)
C  [listSerialsj.dll+0x89b6]

Java frames: (J=compiled Java code, j=interpreted, Vv=VM code)
J 1994  processing.app.Platform.listSerialsNative()[Ljava/lang/String; (0 bytes) @ 0x027dab8f [0x027dab50+0x3f]
J 1969 C1 cc.arduino.packages.discoverers.serial.SerialBoardsLister.retriggerDiscovery(Z)V (751 bytes) @ 0x027d09e4 [0x027d0890+0x154]
J 1990 C1 cc.arduino.packages.discoverers.serial.SerialBoardsLister.run()V (13 bytes) @ 0x027d9814 [0x027d97d0+0x44]
J 2021% C1 java.util.TimerThread.mainLoop()V (232 bytes) @ 0x027e4414 [0x027e3fe0+0x434]
j  java.util.TimerThread.run()V+1
v  ~StubRoutines::call_stub

---------------  P R O C E S S  ---------------

Java Threads: ( => current thread )
  0x27604400 JavaThread "JmDNS(ECEB-4076-14-ad-uillinois-edu.local.).State.Timer" daemon [_thread_blocked, id=14492, stack(0x26d80000,0x26dd0000)]
  0x27603c00 JavaThread "JmDNS(ECEB-4076-14-ad-uillinois-edu.local.).Timer" daemon [_thread_blocked, id=3416, stack(0x26cf0000,0x26d40000)]
  0x27600000 JavaThread "SocketListener(ECEB-4076-14-ad-uillinois-edu.local.)" daemon [_thread_in_native, id=19276, stack(0x26c60000,0x26cb0000)]
  0x275ff800 JavaThread "JmDNS(ECEB-4076-14-ad-uillinois-edu.local.).State.Timer" daemon [_thread_blocked, id=2156, stack(0x265e0000,0x26630000)]
  0x27602c00 JavaThread "JmDNS(ECEB-4076-14-ad-uillinois-edu.local.).Timer" daemon [_thread_blocked, id=17040, stack(0x24c60000,0x24cb0000)]
  0x27600400 JavaThread "SocketListener(ECEB-4076-14-ad-uillinois-edu.local.)" daemon [_thread_in_native, id=19476, stack(0x021f0000,0x02240000)]
  0x27600c00 JavaThread "DestroyJavaVM" [_thread_blocked, id=15068, stack(0x022d0000,0x02320000)]
  0x275fe400 JavaThread "TimerQueue" daemon [_thread_blocked, id=12268, stack(0x296b0000,0x29700000)]
  0x275ff000 JavaThread "Batik CleanerThread" daemon [_thread_blocked, id=8772, stack(0x28f70000,0x28fc0000)]
  0x275fec00 JavaThread "AWT-EventQueue-0" [_thread_blocked, id=7432, stack(0x28d80000,0x28dd0000)]
  0x27605c00 JavaThread "AWT-Shutdown" [_thread_blocked, id=8992, stack(0x28cf0000,0x28d40000)]
  0x27605800 JavaThread "Timer-0" [_thread_blocked, id=9704, stack(0x28b60000,0x28bb0000)]
  0x275e1000 JavaThread "JmDNS(ECEB-4076-14-ad-uillinois-edu.local.).State.Timer" daemon [_thread_blocked, id=8828, stack(0x288b0000,0x28900000)]
  0x275e1800 JavaThread "JmDNS(ECEB-4076-14-ad-uillinois-edu.local.).Timer" daemon [_thread_blocked, id=8644, stack(0x28820000,0x28870000)]
  0x275df000 JavaThread "SocketListener(ECEB-4076-14-ad-uillinois-edu.local.)" daemon [_thread_in_native, id=10772, stack(0x28790000,0x287e0000)]
  0x275ba000 JavaThread "JmDNS(ECEB-4076-14-ad-uillinois-edu.local.).State.Timer" daemon [_thread_blocked, id=1956, stack(0x28230000,0x28280000)]
  0x275b9c00 JavaThread "JmDNS(ECEB-4076-14-ad-uillinois-edu.local.).Timer" daemon [_thread_blocked, id=13504, stack(0x28160000,0x281b0000)]
  0x275a9400 JavaThread "SocketListener(ECEB-4076-14-ad-uillinois-edu.local.)" daemon [_thread_in_native, id=8336, stack(0x280d0000,0x28120000)]
  0x275a8800 JavaThread "Multihomed mDNS.Timer" daemon [_thread_blocked, id=2896, stack(0x28040000,0x28090000)]
=>0x275a7c00 JavaThread "cc.arduino.packages.discoverers.serial.SerialBoardsLister" [_thread_in_native, id=11584, stack(0x27fb0000,0x28000000)]
  0x26144000 JavaThread "AWT-Windows" daemon [_thread_in_native, id=8948, stack(0x266b0000,0x26700000)]
  0x26143000 JavaThread "Java2D Disposer" daemon [_thread_blocked, id=7016, stack(0x26590000,0x265e0000)]
  0x25873000 JavaThread "Service Thread" daemon [_thread_blocked, id=4188, stack(0x25e00000,0x25e50000)]
  0x2586dc00 JavaThread "C1 CompilerThread0" daemon [_thread_blocked, id=9004, stack(0x25d70000,0x25dc0000)]
  0x2587d400 JavaThread "Attach Listener" daemon [_thread_blocked, id=7900, stack(0x25ce0000,0x25d30000)]
  0x25879800 JavaThread "Signal Dispatcher" daemon [_thread_blocked, id=13592, stack(0x25c50000,0x25ca0000)]
  0x2585a000 JavaThread "Finalizer" daemon [_thread_blocked, id=12424, stack(0x25ad0000,0x25b20000)]
  0x25844400 JavaThread "Reference Handler" daemon [_thread_blocked, id=13492, stack(0x25a40000,0x25a90000)]

Other Threads:
  0x021ddc00 VMThread [stack: 0x24bc0000,0x24c10000] [id=7916]
  0x25877400 WatcherThread [stack: 0x25e90000,0x25ee0000] [id=8536]

VM state:not at safepoint (normal execution)

VM Mutex/Monitor currently owned by a thread: None

Heap:
 def new generation   total 39424K, used 8541K [0x04600000, 0x070c0000, 0x0f0a0000)
  eden space 35072K,  24% used [0x04600000, 0x04e42478, 0x06840000)
  from space 4352K,   1% used [0x06c80000, 0x06c95270, 0x070c0000)
  to   space 4352K,   0% used [0x06840000, 0x06840000, 0x06c80000)
 tenured generation   total 87424K, used 39619K [0x0f0a0000, 0x14600000, 0x24600000)
   the space 87424K,  45% used [0x0f0a0000, 0x11750c60, 0x11750e00, 0x14600000)
 Metaspace       used 18517K, capacity 18980K, committed 19072K, reserved 19840K

Card table byte_map: [0x04460000,0x04570000] byte_map_base: 0x0443d000

Polling page: 0x001c0000

CodeCache: size=32768Kb used=2063Kb max_used=3794Kb free=30704Kb
 bounds [0x02460000, 0x02818000, 0x04460000]
 total_blobs=1150 nmethods=875 adapters=205
 compilation: enabled

Compilation events (10 events):
Event: 159619.650 Thread 0x2586dc00 2283             java.util.AbstractMap::containsKey (86 bytes)
Event: 159619.651 Thread 0x2586dc00 nmethod 2283 0x025a0948 code [0x025a0ae0, 0x025a0d5c]
Event: 167233.119 Thread 0x2586dc00 2284             java.util.AbstractCollection::<init> (5 bytes)
Event: 167233.119 Thread 0x2586dc00 nmethod 2284 0x025a0788 code [0x025a0880, 0x025a0900]
Event: 167233.120 Thread 0x2586dc00 2285  s          processing.app.Platform::resolveDeviceByVendorIdProductId (473 bytes)
Event: 167233.123 Thread 0x2586dc00 nmethod 2285 0x02670e08 code [0x02671230, 0x02672270]
Event: 167233.126 Thread 0x2586dc00 2286             java.lang.String::split (326 bytes)
Event: 167233.128 Thread 0x2586dc00 nmethod 2286 0x025cb608 code [0x025cb870, 0x025cc448]
Event: 181807.303 Thread 0x2586dc00 2287             java.util.AbstractList::<init> (10 bytes)
Event: 181807.303 Thread 0x2586dc00 nmethod 2287 0x025cb448 code [0x025cb540, 0x025cb5c0]

GC Heap History (10 events):
Event: 182444.349 GC heap before
{Heap before GC invocations=217 (full 1):
 def new generation   total 39424K, used 35165K [0x04600000, 0x070c0000, 0x0f0a0000)
  eden space 35072K, 100% used [0x04600000, 0x06840000, 0x06840000)
  from space 4352K,   2% used [0x06840000, 0x068574a0, 0x06c80000)
  to   space 4352K,   0% used [0x06c80000, 0x06c80000, 0x070c0000)
 tenured generation   total 87424K, used 39617K [0x0f0a0000, 0x14600000, 0x24600000)
   the space 87424K,  45% used [0x0f0a0000, 0x117505f8, 0x11750600, 0x14600000)
 Metaspace       used 18517K, capacity 18980K, committed 19072K, reserved 19840K
Event: 182444.351 GC heap after
Heap after GC invocations=218 (full 1):
 def new generation   total 39424K, used 55K [0x04600000, 0x070c0000, 0x0f0a0000)
  eden space 35072K,   0% used [0x04600000, 0x04600000, 0x06840000)
  from space 4352K,   1% used [0x06c80000, 0x06c8dd38, 0x070c0000)
  to   space 4352K,   0% used [0x06840000, 0x06840000, 0x06c80000)
 tenured generation   total 87424K, used 39617K [0x0f0a0000, 0x14600000, 0x24600000)
   the space 87424K,  45% used [0x0f0a0000, 0x117505f8, 0x11750600, 0x14600000)
 Metaspace       used 18517K, capacity 18980K, committed 19072K, reserved 19840K
}
Event: 183206.333 GC heap before
{Heap before GC invocations=218 (full 1):
 def new generation   total 39424K, used 35127K [0x04600000, 0x070c0000, 0x0f0a0000)
  eden space 35072K, 100% used [0x04600000, 0x06840000, 0x06840000)
  from space 4352K,   1% used [0x06c80000, 0x06c8dd38, 0x070c0000)
  to   space 4352K,   0% used [0x06840000, 0x06840000, 0x06c80000)
 tenured generation   total 87424K, used 39617K [0x0f0a0000, 0x14600000, 0x24600000)
   the space 87424K,  45% used [0x0f0a0000, 0x117505f8, 0x11750600, 0x14600000)
 Metaspace       used 18517K, capacity 18980K, committed 19072K, reserved 19840K
Event: 183206.335 GC heap after
Heap after GC invocations=219 (full 1):
 def new generation   total 39424K, used 150K [0x04600000, 0x070c0000, 0x0f0a0000)
  eden space 35072K,   0% used [0x04600000, 0x04600000, 0x06840000)
  from space 4352K,   3% used [0x06840000, 0x06865aa0, 0x06c80000)
  to   space 4352K,   0% used [0x06c80000, 0x06c80000, 0x070c0000)
 tenured generation   total 87424K, used 39617K [0x0f0a0000, 0x14600000, 0x24600000)
   the space 87424K,  45% used [0x0f0a0000, 0x117505f8, 0x11750600, 0x14600000)
 Metaspace       used 18517K, capacity 18980K, committed 19072K, reserved 19840K
}
Event: 183962.894 GC heap before
{Heap before GC invocations=219 (full 1):
 def new generation   total 39424K, used 35222K [0x04600000, 0x070c0000, 0x0f0a0000)
  eden space 35072K, 100% used [0x04600000, 0x06840000, 0x06840000)
  from space 4352K,   3% used [0x06840000, 0x06865aa0, 0x06c80000)
  to   space 4352K,   0% used [0x06c80000, 0x06c80000, 0x070c0000)
 tenured generation   total 87424K, used 39617K [0x0f0a0000, 0x14600000, 0x24600000)
   the space 87424K,  45% used [0x0f0a0000, 0x117505f8, 0x11750600, 0x14600000)
 Metaspace       used 18517K, capacity 18980K, committed 19072K, reserved 19840K
Event: 183962.896 GC heap after
Heap after GC invocations=220 (full 1):
 def new generation   total 39424K, used 72K [0x04600000, 0x070c0000, 0x0f0a0000)
  eden space 35072K,   0% used [0x04600000, 0x04600000, 0x06840000)
  from space 4352K,   1% used [0x06c80000, 0x06c92190, 0x070c0000)
  to   space 4352K,   0% used [0x06840000, 0x06840000, 0x06c80000)
 tenured generation   total 87424K, used 39617K [0x0f0a0000, 0x14600000, 0x24600000)
   the space 87424K,  45% used [0x0f0a0000, 0x117505f8, 0x11750600, 0x14600000)
 Metaspace       used 18517K, capacity 18980K, committed 19072K, reserved 19840K
}
Event: 184681.115 GC heap before
{Heap before GC invocations=220 (full 1):
 def new generation   total 39424K, used 35144K [0x04600000, 0x070c0000, 0x0f0a0000)
  eden space 35072K, 100% used [0x04600000, 0x06840000, 0x06840000)
  from space 4352K,   1% used [0x06c80000, 0x06c92190, 0x070c0000)
  to   space 4352K,   0% used [0x06840000, 0x06840000, 0x06c80000)
 tenured generation   total 87424K, used 39617K [0x0f0a0000, 0x14600000, 0x24600000)
   the space 87424K,  45% used [0x0f0a0000, 0x117505f8, 0x11750600, 0x14600000)
 Metaspace       used 18517K, capacity 18980K, committed 19072K, reserved 19840K
Event: 184681.117 GC heap after
Heap after GC invocations=221 (full 1):
 def new generation   total 39424K, used 58K [0x04600000, 0x070c0000, 0x0f0a0000)
  eden space 35072K,   0% used [0x04600000, 0x04600000, 0x06840000)
  from space 4352K,   1% used [0x06840000, 0x0684ea98, 0x06c80000)
  to   space 4352K,   0% used [0x06c80000, 0x06c80000, 0x070c0000)
 tenured generation   total 87424K, used 39619K [0x0f0a0000, 0x14600000, 0x24600000)
   the space 87424K,  45% used [0x0f0a0000, 0x11750c60, 0x11750e00, 0x14600000)
 Metaspace       used 18517K, capacity 18980K, committed 19072K, reserved 19840K
}
Event: 185646.377 GC heap before
{Heap before GC invocations=221 (full 1):
 def new generation   total 39424K, used 35130K [0x04600000, 0x070c0000, 0x0f0a0000)
  eden space 35072K, 100% used [0x04600000, 0x06840000, 0x06840000)
  from space 4352K,   1% used [0x06840000, 0x0684ea98, 0x06c80000)
  to   space 4352K,   0% used [0x06c80000, 0x06c80000, 0x070c0000)
 tenured generation   total 87424K, used 39619K [0x0f0a0000, 0x14600000, 0x24600000)
   the space 87424K,  45% used [0x0f0a0000, 0x11750c60, 0x11750e00, 0x14600000)
 Metaspace       used 18517K, capacity 18980K, committed 19072K, reserved 19840K
Event: 185646.378 GC heap after
Heap after GC invocations=222 (full 1):
 def new generation   total 39424K, used 84K [0x04600000, 0x070c0000, 0x0f0a0000)
  eden space 35072K,   0% used [0x04600000, 0x04600000, 0x06840000)
  from space 4352K,   1% used [0x06c80000, 0x06c95270, 0x070c0000)
  to   space 4352K,   0% used [0x06840000, 0x06840000, 0x06c80000)
 tenured generation   total 87424K, used 39619K [0x0f0a0000, 0x14600000, 0x24600000)
   the space 87424K,  45% used [0x0f0a0000, 0x11750c60, 0x11750e00, 0x14600000)
 Metaspace       used 18517K, capacity 18980K, committed 19072K, reserved 19840K
}

Deoptimization events (0 events):
No events

Internal exceptions (10 events):
Event: 64.552 Thread 0x27605000 Exception <a 'sun/nio/fs/WindowsException'> (0x06738a00) thrown at [C:\workspace\8-2-build-windows-i586-cygwin\jdk8u144\9417\hotspot\src\share\vm\prims\jni.cpp, line 709]
Event: 64.552 Thread 0x27605000 Exception <a 'sun/nio/fs/WindowsException'> (0x06738e68) thrown at [C:\workspace\8-2-build-windows-i586-cygwin\jdk8u144\9417\hotspot\src\share\vm\prims\jni.cpp, line 709]
Event: 64.553 Thread 0x27605000 Exception <a 'sun/nio/fs/WindowsException'> (0x06748a70) thrown at [C:\workspace\8-2-build-windows-i586-cygwin\jdk8u144\9417\hotspot\src\share\vm\prims\jni.cpp, line 709]
Event: 64.553 Thread 0x27605000 Exception <a 'sun/nio/fs/WindowsException'> (0x06748ed8) thrown at [C:\workspace\8-2-build-windows-i586-cygwin\jdk8u144\9417\hotspot\src\share\vm\prims\jni.cpp, line 709]
Event: 64.554 Thread 0x27605000 Exception <a 'sun/nio/fs/WindowsException'> (0x0675af80) thrown at [C:\workspace\8-2-build-windows-i586-cygwin\jdk8u144\9417\hotspot\src\share\vm\prims\jni.cpp, line 709]
Event: 64.554 Thread 0x27605000 Exception <a 'sun/nio/fs/WindowsException'> (0x0675b668) thrown at [C:\workspace\8-2-build-windows-i586-cygwin\jdk8u144\9417\hotspot\src\share\vm\prims\jni.cpp, line 709]
Event: 64.555 Thread 0x27605000 Exception <a 'sun/nio/fs/WindowsException'> (0x06761e20) thrown at [C:\workspace\8-2-build-windows-i586-cygwin\jdk8u144\9417\hotspot\src\share\vm\prims\jni.cpp, line 709]
Event: 64.555 Thread 0x27605000 Exception <a 'sun/nio/fs/WindowsException'> (0x06762508) thrown at [C:\workspace\8-2-build-windows-i586-cygwin\jdk8u144\9417\hotspot\src\share\vm\prims\jni.cpp, line 709]
Event: 64.556 Thread 0x27605000 Exception <a 'sun/nio/fs/WindowsException'> (0x06770c30) thrown at [C:\workspace\8-2-build-windows-i586-cygwin\jdk8u144\9417\hotspot\src\share\vm\prims\jni.cpp, line 709]
Event: 64.556 Thread 0x27605000 Exception <a 'sun/nio/fs/WindowsException'> (0x06771318) thrown at [C:\workspace\8-2-build-windows-i586-cygwin\jdk8u144\9417\hotspot\src\share\vm\prims\jni.cpp, line 709]

Events (10 events):
Event: 184260.347 Executing VM operation: RevokeBias
Event: 184260.347 Executing VM operation: RevokeBias done
Event: 184260.347 Executing VM operation: RevokeBias
Event: 184260.347 Executing VM operation: RevokeBias done
Event: 184270.347 Executing VM operation: BulkRevokeBias
Event: 184270.347 Executing VM operation: BulkRevokeBias done
Event: 184681.115 Executing VM operation: GenCollectForAllocation
Event: 184681.117 Executing VM operation: GenCollectForAllocation done
Event: 185646.376 Executing VM operation: GenCollectForAllocation
Event: 185646.378 Executing VM operation: GenCollectForAllocation done


Dynamic libraries:
0x008e0000 - 0x00913000 	C:\Arduino\java\bin\javaw.exe
0x771f0000 - 0x77380000 	C:\WINDOWS\SYSTEM32\ntdll.dll
0x75000000 - 0x750e0000 	C:\WINDOWS\System32\KERNEL32.DLL
0x74250000 - 0x74434000 	C:\WINDOWS\System32\KERNELBASE.dll
0x74590000 - 0x74608000 	C:\WINDOWS\System32\ADVAPI32.dll
0x74610000 - 0x746cf000 	C:\WINDOWS\System32\msvcrt.dll
0x76f20000 - 0x76f64000 	C:\WINDOWS\System32\sechost.dll
0x74130000 - 0x741f0000 	C:\WINDOWS\System32\RPCRT4.dll
0x73ab0000 - 0x73ad0000 	C:\WINDOWS\System32\SspiCli.dll
0x73aa0000 - 0x73aaa000 	C:\WINDOWS\System32\CRYPTBASE.dll
0x74e40000 - 0x74e98000 	C:\WINDOWS\System32\bcryptPrimitives.dll
0x76f70000 - 0x770fd000 	C:\WINDOWS\System32\USER32.dll
0x73d40000 - 0x73d57000 	C:\WINDOWS\System32\win32u.dll
0x73d60000 - 0x73d82000 	C:\WINDOWS\System32\GDI32.dll
0x73fc0000 - 0x74124000 	C:\WINDOWS\System32\gdi32full.dll
0x74f30000 - 0x74fad000 	C:\WINDOWS\System32\msvcp_win.dll
0x74470000 - 0x7458e000 	C:\WINDOWS\System32\ucrtbase.dll
0x6d920000 - 0x6db24000 	C:\WINDOWS\WinSxS\x86_microsoft.windows.common-controls_6595b64144ccf1df_6.0.17134.472_none_42ecd1cc44e43e73\COMCTL32.dll
0x74b10000 - 0x74d6c000 	C:\WINDOWS\System32\combase.dll
0x74440000 - 0x74466000 	C:\WINDOWS\System32\IMM32.DLL
0x62190000 - 0x6224f000 	C:\Arduino\java\bin\msvcr100.dll
0x617f0000 - 0x61bbe000 	C:\Arduino\java\bin\client\jvm.dll
0x751a0000 - 0x751a6000 	C:\WINDOWS\System32\PSAPI.DLL
0x72cb0000 - 0x72cb8000 	C:\WINDOWS\SYSTEM32\WSOCK32.dll
0x71a20000 - 0x71a44000 	C:\WINDOWS\SYSTEM32\WINMM.dll
0x72100000 - 0x72108000 	C:\WINDOWS\SYSTEM32\VERSION.dll
0x73d90000 - 0x73df7000 	C:\WINDOWS\System32\WS2_32.dll
0x719a0000 - 0x719c3000 	C:\WINDOWS\SYSTEM32\WINMMBASE.dll
0x74d70000 - 0x74da9000 	C:\WINDOWS\System32\cfgmgr32.dll
0x62160000 - 0x62190000 	C:\Arduino\java\bin\splashscreen.dll
0x6ed80000 - 0x6edfc000 	C:\WINDOWS\system32\uxtheme.dll
0x66310000 - 0x6631c000 	C:\Arduino\java\bin\verify.dll
0x62130000 - 0x62151000 	C:\Arduino\java\bin\java.dll
0x76670000 - 0x767b3000 	C:\WINDOWS\System32\MSCTF.dll
0x750e0000 - 0x75176000 	C:\WINDOWS\System32\OLEAUT32.dll
0x62110000 - 0x62123000 	C:\Arduino\java\bin\zip.dll
0x73ad0000 - 0x73adf000 	C:\WINDOWS\System32\kernel.appcore.dll
0x6a640000 - 0x6a6bd000 	C:\WINDOWS\System32\TextInputFramework.dll
0x68b10000 - 0x68d6d000 	C:\WINDOWS\System32\CoreUIComponents.dll
0x6a5b0000 - 0x6a63b000 	C:\WINDOWS\System32\CoreMessaging.dll
0x751b0000 - 0x75238000 	C:\WINDOWS\System32\SHCORE.dll
0x71010000 - 0x71039000 	C:\WINDOWS\SYSTEM32\ntmarta.dll
0x6bd20000 - 0x6bdf6000 	C:\WINDOWS\SYSTEM32\wintypes.dll
0x6ecb0000 - 0x6ecd3000 	C:\WINDOWS\system32\dwmapi.dll
0x6bab0000 - 0x6bb06000 	C:\WINDOWS\system32\Oleacc.dll
0x752d0000 - 0x7661a000 	C:\WINDOWS\System32\SHELL32.dll
0x767c0000 - 0x76d7a000 	C:\WINDOWS\System32\windows.storage.dll
0x73e00000 - 0x73e45000 	C:\WINDOWS\System32\shlwapi.dll
0x752a0000 - 0x752b8000 	C:\WINDOWS\System32\profapi.dll
0x76620000 - 0x76665000 	C:\WINDOWS\System32\powrprof.dll
0x746d0000 - 0x746d8000 	C:\WINDOWS\System32\FLTLIB.DLL
0x262e0000 - 0x26352000 	C:\Arduino\lib\listSerialsj.dll
0x746e0000 - 0x74b0b000 	C:\WINDOWS\System32\SETUPAPI.dll
0x620f0000 - 0x6210d000 	C:\Arduino\lib\jnidispatch-4.2.2-win32-x86.dll
0x73eb0000 - 0x73fac000 	C:\WINDOWS\System32\Ole32.dll
0x620d0000 - 0x620e6000 	C:\Arduino\java\bin\net.dll
0x72d40000 - 0x72d96000 	C:\WINDOWS\system32\mswsock.dll
0x620c0000 - 0x620cf000 	C:\Arduino\java\bin\nio.dll
0x616a0000 - 0x617e5000 	C:\Arduino\java\bin\awt.dll
0x71100000 - 0x7119d000 	C:\WINDOWS\SYSTEM32\apphelp.dll
0x62080000 - 0x620b9000 	C:\Arduino\java\bin\fontmanager.dll
0x615c0000 - 0x61699000 	C:\WINDOWS\system32\opengl32.dll
0x62040000 - 0x6207f000 	C:\WINDOWS\SYSTEM32\GLU32.dll
0x61580000 - 0x615b2000 	C:\Arduino\java\bin\t2k.dll
0x70950000 - 0x70972000 	C:\WINDOWS\SYSTEM32\DEVOBJ.dll
0x74fb0000 - 0x74ff7000 	C:\WINDOWS\System32\WINTRUST.dll
0x73d30000 - 0x73d3e000 	C:\WINDOWS\System32\MSASN1.dll
0x76d80000 - 0x76f16000 	C:\WINDOWS\System32\CRYPT32.dll
0x72640000 - 0x72670000 	C:\WINDOWS\SYSTEM32\IPHLPAPI.DLL
0x73fb0000 - 0x73fb7000 	C:\WINDOWS\System32\NSI.dll
0x710d0000 - 0x710e3000 	C:\WINDOWS\SYSTEM32\dhcpcsvc6.DLL
0x71290000 - 0x712a4000 	C:\WINDOWS\SYSTEM32\dhcpcsvc.DLL
0x70f80000 - 0x7100e000 	C:\WINDOWS\SYSTEM32\DNSAPI.dll
0x70f40000 - 0x70f61000 	C:\Program Files (x86)\Bonjour\mdnsNSP.dll
0x70f30000 - 0x70f38000 	C:\Windows\System32\rasadhlp.dll
0x70ee0000 - 0x70f2f000 	C:\WINDOWS\System32\fwpuclnt.dll
0x72ce0000 - 0x72cf9000 	C:\WINDOWS\SYSTEM32\bcrypt.dll
0x61510000 - 0x61579000 	C:\Arduino\msvcp100.dll
0x61450000 - 0x6150e000 	C:\Arduino\msvcr100.dll
0x28dd0000 - 0x28e02000 	C:\Arduino\lib\AStylej.dll
0x61420000 - 0x61444000 	C:\Arduino\java\bin\dcpr.dll
0x74db0000 - 0x74e33000 	C:\WINDOWS\System32\clbcatq.dll
0x61bc0000 - 0x61d31000 	C:\WINDOWS\SYSTEM32\WindowsCodecs.dll
0x54b20000 - 0x54b6f000 	C:\WINDOWS\system32\dataexchange.dll
0x59920000 - 0x59a5c000 	C:\WINDOWS\system32\dcomp.dll
0x5f240000 - 0x5f492000 	C:\WINDOWS\system32\d3d11.dll
0x5f4a0000 - 0x5f538000 	C:\WINDOWS\system32\dxgi.dll
0x5ea00000 - 0x5eb65000 	C:\WINDOWS\system32\twinapi.appcore.dll
0x659a0000 - 0x659ba000 	C:\WINDOWS\system32\RMCLIENT.dll

VM Arguments:
jvm_args: -Dsun.java2d.d3d=false -Djna.nosys=true -Djna.nounpack=true -Djna.boot.library.name=jnidispatch-4.2.2-win32-x86 -Djna.boot.library.path=C:\Arduino/lib -Djssc.library.path=C:\Arduino/lib -DAPP_DIR=C:\Arduino -Xms128M -Xmx512M 
java_command: processing.app.Base X:\Microgrid testbed - work\100 nodes\Arduino\Final1v2\Final1v2\Final1v2.ino
java_class_path (initial): C:\Arduino\lib\apple.jar;C:\Arduino\lib\arduino-core.jar;C:\Arduino\lib\batik-1.8.jar;C:\Arduino\lib\batik-anim-1.8.jar;C:\Arduino\lib\batik-awt-util-1.8.jar;C:\Arduino\lib\batik-bridge-1.8.jar;C:\Arduino\lib\batik-codec-1.8.jar;C:\Arduino\lib\batik-css-1.8.jar;C:\Arduino\lib\batik-dom-1.8.jar;C:\Arduino\lib\batik-ext-1.8.jar;C:\Arduino\lib\batik-gvt-1.8.jar;C:\Arduino\lib\batik-parser-1.8.jar;C:\Arduino\lib\batik-rasterizer-1.8.jar;C:\Arduino\lib\batik-script-1.8.jar;C:\Arduino\lib\batik-squiggle-1.8.jar;C:\Arduino\lib\batik-svg-dom-1.8.jar;C:\Arduino\lib\batik-svgpp-1.8.jar;C:\Arduino\lib\batik-transcoder-1.8.jar;C:\Arduino\lib\batik-util-1.8.jar;C:\Arduino\lib\batik-xml-1.8.jar;C:\Arduino\lib\bcpg-jdk15on-152.jar;C:\Arduino\lib\bcprov-jdk15on-152.jar;C:\Arduino\lib\commons-codec-1.7.jar;C:\Arduino\lib\commons-compress-1.8.jar;C:\Arduino\lib\commons-exec-1.1.jar;C:\Arduino\lib\commons-httpclient-3.1.jar;C:\Arduino\lib\commons-lang3-3.3.2.jar;C:\Arduino\lib\commons-logging-1.0.4.jar;C:\Arduino\lib\commons-net-3.3.jar;C:\Arduino\lib\jackson-annotations-2.6.3.jar;C:\Arduino\lib\jackson-core-2.6.3.jar;C:\Arduino\lib\jackson-databind-2.6.3.jar;C:\Arduino\lib\jackson-module-mrbean-2.6.3.jar;C:\Arduino\lib\java-semver-0.8.0.jar;C:\Arduino\lib\jmdns-3.5.1.jar;C:\Arduino\lib\slf4j-simple-1.7.22.jar;C:\Arduino\lib\slf4j-api-1.7.22.jar;C:\Arduino\lib\jna-4.2.2.jar;C:\Arduino\lib\jna-platform-4.2.2.jar;C:\Arduino\lib\jsch-0.1.50.jar;C:\Arduino\lib\jssc-2.8.0-arduino1.jar;C:\Arduino\lib\pde.jar;C:\Arduino\lib\rsyntaxtextarea-2.6.1.jar;C:\Arduino\lib\xml-apis-1.3.04.jar;C:\Arduino\lib\xml-apis-ext-1.3.04.jar;C:\Arduino\lib\xmlgraphics-commons-2.0.jar
Launcher Type: SUN_STANDARD

Environment Variables:
PATH=C:\Program Files (x86)\NVIDIA Corporation\PhysX\Common;C:\Program Files (x86)\Common Files\Oracle\Java\javapath;C:\ProgramData\Oracle\Java\javapath;C:\WINDOWS\system32;C:\WINDOWS;C:\WINDOWS\System32\Wbem;C:\WINDOWS\System32\WindowsPowerShell\v1.0\;C:\Program Files (x86)\PuTTY\;C:\Program Files\MATLAB\R2017a\runtime\win64;C:\Program Files\MATLAB\R2017a\bin;C:\Program Files (x86)\MATLAB\MATLAB Compiler Runtime\v79\runtime\win32;C:\Program Files (x86)\IVI Foundation\VISA\WinNT\Bin\;C:\Program Files\IVI Foundation\VISA\Win64\Bin\;C:\Program Files (x86)\IVI Foundation\VISA\WinNT\Bin;C:\processing-2.2.1;;C:\WINDOWS\System32\OpenSSH\;C:\Typhoon HIL Control Center\bin\;C:\Program Files\Microsoft SQL Server\Client SDK\ODBC\110\Tools\Binn\;C:\Program Files (x86)\Microsoft SQL Server\120\Tools\Binn\;C:\Program Files\Microsoft SQL Server\120\Tools\Binn\;C:\Program Files\Microsoft SQL Server\120\DTS\Binn\;C:\Program Files (x86)\Windows Kits\8.1\Windows Performance Toolkit\;C:\Users\ora2\AppData\Local\Microsoft\WindowsApps;C:\processing-2.2.1;;C:\Arduino\java\bin
USERNAME=ora2
OS=Windows_NT
PROCESSOR_IDENTIFIER=Intel64 Family 6 Model 158 Stepping 9, GenuineIntel



---------------  S Y S T E M  ---------------

OS: Windows 10.0 , 64 bit Build 17134 (10.0.17134.1)

CPU:total 8 (initial active 8) (4 cores per cpu, 2 threads per core) family 6 model 158 stepping 9, cmov, cx8, fxsr, mmx, sse, sse2, sse3, ssse3, sse4.1, sse4.2, popcnt, avx, avx2, aes, clmul, erms, rtm, 3dnowpref, lzcnt, ht, tsc, tscinvbit, bmi1, bmi2, adx

Memory: 4k page, physical 16666376k(7397076k free), swap 21909256k(5460160k free)

vm_info: Java HotSpot(TM) Client VM (25.144-b01) for windows-x86 JRE (1.8.0_144-b01), built on Jul 21 2017 21:58:05 by "java_re" with MS VC++ 10.0 (VS2010)

time: Wed Jan 09 17:02:26 2019
elapsed time: 185780 seconds (2d 3h 36m 20s)

