#
# A fatal error has been detected by the Java Runtime Environment:
#
#  EXCEPTION_ACCESS_VIOLATION (0xc0000005) at pc=0x619489b6, pid=11284, tid=0x00005674
#
# JRE version: Java(TM) SE Runtime Environment (8.0_144-b01) (build 1.8.0_144-b01)
# Java VM: Java HotSpot(TM) Client VM (25.144-b01 mixed mode windows-x86 )
# Problematic frame:
# C  [listSerialsj.dll+0x89b6]
#
# Failed to write core dump. Minidumps are not enabled by default on client versions of Windows
#
# If you would like to submit a bug report, please visit:
#   http://bugreport.java.com/bugreport/crash.jsp
# The crash happened outside the Java Virtual Machine in native code.
# See problematic frame for where to report the bug.
#

---------------  T H R E A D  ---------------

Current thread (0x28dad800):  JavaThread "cc.arduino.packages.discoverers.serial.SerialBoardsLister" [_thread_in_native, id=22132, stack(0x023b0000,0x02400000)]

siginfo: ExceptionCode=0xc0000005, writing address 0x0000004c

Registers:
EAX=0x00000000, EBX=0x00000000, ECX=0xb02fa484, EDX=0x00000000
ESP=0x023fe740, EBP=0x288139d8, ESI=0x0000004c, EDI=0x77376840
EIP=0x619489b6, EFLAGS=0x00010202

Top of Stack: (sp=0x023fe740)
0x023fe740:   0000fde9 00000000 288139d8 ffffffff
0x023fe750:   00000000 0000004c 00000000 00000000
0x023fe760:   000000a0 288139d0 000000a0 288514e0
0x023fe770:   00000bd4 00000007 023fe7d8 61948d53
0x023fe780:   00000bd4 00220414 288139d0 000000a0
0x023fe790:   288139d0 000000a0 023fe7d8 00000000
0x023fe7a0:   00000000 77371190 6194da6f 00000001
0x023fe7b0:   28804228 0000001a 00000001 288139d0 

Instructions: (pc=0x619489b6)
0x61948996:   89 44 24 10 c7 44 24 0c ff ff ff ff c7 44 24 04
0x619489a6:   00 00 00 00 c7 04 24 e9 fd 00 00 ff d7 83 ec 20
0x619489b6:   c6 04 33 00 89 d8 83 c4 2c 5b 5e 5f 5d c3 8d b6
0x619489c6:   00 00 00 00 8d bf 00 00 00 00 57 56 89 ce 53 b9 


Register to memory mapping:

EAX=0x00000000 is an unknown value
EBX=0x00000000 is an unknown value
ECX=0xb02fa484 is an unknown value
EDX=0x00000000 is an unknown value
ESP=0x023fe740 is pointing into the stack for thread: 0x28dad800
EBP=0x288139d8 is an unknown value
ESI=0x0000004c is an unknown value
EDI=0x77376840 is an unknown value


Stack: [0x023b0000,0x02400000],  sp=0x023fe740,  free space=313k
Native frames: (J=compiled Java code, j=interpreted, Vv=VM code, C=native code)
C  [listSerialsj.dll+0x89b6]

Java frames: (J=compiled Java code, j=interpreted, Vv=VM code)
j  processing.app.Platform.resolveDeviceAttachedToNative(Ljava/lang/String;)Ljava/lang/String;+0
j  processing.app.Platform.resolveDeviceByVendorIdProductId(Ljava/lang/String;Ljava/util/Map;)Ljava/util/Map;+2
J 2425 C1 cc.arduino.packages.discoverers.serial.SerialBoardsLister.retriggerDiscovery(Z)V (751 bytes) @ 0x02826764 [0x02826050+0x714]
J 2588 C1 cc.arduino.packages.discoverers.serial.SerialBoardsLister.run()V (13 bytes) @ 0x02673994 [0x02673950+0x44]
J 2536% C1 java.util.TimerThread.mainLoop()V (232 bytes) @ 0x02504414 [0x02503fe0+0x434]
j  java.util.TimerThread.run()V+1
v  ~StubRoutines::call_stub

---------------  P R O C E S S  ---------------

Java Threads: ( => current thread )
  0x28e12000 JavaThread "DestroyJavaVM" [_thread_blocked, id=10264, stack(0x020d0000,0x02120000)]
  0x28e13000 JavaThread "TimerQueue" daemon [_thread_blocked, id=2792, stack(0x2adf0000,0x2ae40000)]
  0x28e18000 JavaThread "Batik CleanerThread" daemon [_thread_blocked, id=23456, stack(0x2a6b0000,0x2a700000)]
  0x28e11c00 JavaThread "AWT-EventQueue-0" [_thread_blocked, id=22032, stack(0x2a4e0000,0x2a530000)]
  0x28e11000 JavaThread "AWT-Shutdown" [_thread_blocked, id=24116, stack(0x26590000,0x265e0000)]
  0x28e15c00 JavaThread "Timer-0" [_thread_blocked, id=12188, stack(0x2a150000,0x2a1a0000)]
  0x28dfbc00 JavaThread "JmDNS(ECEB-4076-14-ad-uillinois-edu.local.).State.Timer" daemon [_thread_blocked, id=10284, stack(0x2a0c0000,0x2a110000)]
  0x28df9c00 JavaThread "JmDNS(ECEB-4076-14-ad-uillinois-edu.local.).Timer" daemon [_thread_blocked, id=20088, stack(0x2a030000,0x2a080000)]
  0x28dfb400 JavaThread "SocketListener(ECEB-4076-14-ad-uillinois-edu.local.)" daemon [_thread_in_native, id=24540, stack(0x29fa0000,0x29ff0000)]
  0x28dfa800 JavaThread "JmDNS(ECEB-4076-14-ad-uillinois-edu.local.).State.Timer" daemon [_thread_blocked, id=5156, stack(0x29f10000,0x29f60000)]
  0x28df9000 JavaThread "JmDNS(ECEB-4076-14-ad-uillinois-edu.local.).Timer" daemon [_thread_blocked, id=20288, stack(0x29e80000,0x29ed0000)]
  0x28dfa400 JavaThread "SocketListener(ECEB-4076-14-ad-uillinois-edu.local.)" daemon [_thread_in_native, id=7024, stack(0x29df0000,0x29e40000)]
  0x28dfc800 JavaThread "JmDNS(ECEB-4076-14-ad-uillinois-edu.local.).State.Timer" daemon [_thread_blocked, id=23388, stack(0x29d60000,0x29db0000)]
  0x28dfb000 JavaThread "JmDNS(ECEB-4076-14-ad-uillinois-edu.local.).Timer" daemon [_thread_blocked, id=8420, stack(0x29cd0000,0x29d20000)]
  0x28dfc000 JavaThread "SocketListener(ECEB-4076-14-ad-uillinois-edu.local.)" daemon [_thread_in_native, id=11288, stack(0x29c40000,0x29c90000)]
  0x28dea800 JavaThread "JmDNS(ECEB-4076-14-ad-uillinois-edu.local.).State.Timer" daemon [_thread_blocked, id=6372, stack(0x29950000,0x299a0000)]
  0x28dea000 JavaThread "JmDNS(ECEB-4076-14-ad-uillinois-edu.local.).Timer" daemon [_thread_blocked, id=1696, stack(0x298c0000,0x29910000)]
  0x28de9c00 JavaThread "SocketListener(ECEB-4076-14-ad-uillinois-edu.local.)" daemon [_thread_in_native, id=18564, stack(0x29830000,0x29880000)]
  0x28dc1c00 JavaThread "Multihomed mDNS.Timer" daemon [_thread_blocked, id=2988, stack(0x297a0000,0x297f0000)]
=>0x28dad800 JavaThread "cc.arduino.packages.discoverers.serial.SerialBoardsLister" [_thread_in_native, id=22132, stack(0x023b0000,0x02400000)]
  0x2612fc00 JavaThread "AWT-Windows" daemon [_thread_in_native, id=22188, stack(0x26620000,0x26670000)]
  0x2612e800 JavaThread "Java2D Disposer" daemon [_thread_blocked, id=7496, stack(0x26500000,0x26550000)]
  0x25982400 JavaThread "Service Thread" daemon [_thread_blocked, id=22272, stack(0x25df0000,0x25e40000)]
  0x2598cc00 JavaThread "C1 CompilerThread0" daemon [_thread_blocked, id=9640, stack(0x25d60000,0x25db0000)]
  0x2598ac00 JavaThread "Attach Listener" daemon [_thread_blocked, id=20740, stack(0x25cd0000,0x25d20000)]
  0x25988c00 JavaThread "Signal Dispatcher" daemon [_thread_blocked, id=24504, stack(0x25c40000,0x25c90000)]
  0x2596a000 JavaThread "Finalizer" daemon [_thread_blocked, id=1668, stack(0x24d80000,0x24dd0000)]
  0x25954400 JavaThread "Reference Handler" daemon [_thread_blocked, id=4868, stack(0x24cf0000,0x24d40000)]

Other Threads:
  0x0223dc00 VMThread [stack: 0x24c60000,0x24cb0000] [id=23164]
  0x25988400 WatcherThread [stack: 0x25e80000,0x25ed0000] [id=20772]

VM state:not at safepoint (normal execution)

VM Mutex/Monitor currently owned by a thread: None

Heap:
 def new generation   total 39424K, used 17942K [0x04600000, 0x070c0000, 0x0f0a0000)
  eden space 35072K,  50% used [0x04600000, 0x0576a560, 0x06840000)
  from space 4352K,   2% used [0x06c80000, 0x06c9b568, 0x070c0000)
  to   space 4352K,   0% used [0x06840000, 0x06840000, 0x06c80000)
 tenured generation   total 87424K, used 38988K [0x0f0a0000, 0x14600000, 0x24600000)
   the space 87424K,  44% used [0x0f0a0000, 0x116b32e0, 0x116b3400, 0x14600000)
 Metaspace       used 18700K, capacity 19164K, committed 19200K, reserved 19840K

Card table byte_map: [0x24600000,0x24710000] byte_map_base: 0x245dd000

Polling page: 0x02120000

CodeCache: size=32768Kb used=1889Kb max_used=4333Kb free=30878Kb
 bounds [0x02410000, 0x02850000, 0x04410000]
 total_blobs=1072 nmethods=796 adapters=206
 compilation: enabled

Compilation events (10 events):
Event: 131026.620 Thread 0x2598cc00 2851             javax.jmdns.impl.ServiceInfoImpl::getQualifiedNameMap (81 bytes)
Event: 131026.621 Thread 0x2598cc00 nmethod 2851 0x0279b448 code [0x0279b5f0, 0x0279b914]
Event: 131026.636 Thread 0x2598cc00 2852             javax.jmdns.impl.ServiceInfoImpl::getSubtype (17 bytes)
Event: 131026.636 Thread 0x2598cc00 nmethod 2852 0x0279b288 code [0x0279b380, 0x0279b410]
Event: 133670.906 Thread 0x2598cc00 2853   !         javax.jmdns.impl.DNSCache::replaceDNSEntry (113 bytes)
Event: 133670.907 Thread 0x2598cc00 nmethod 2853 0x0279a9c8 code [0x0279ab40, 0x0279af98]
Event: 140406.220 Thread 0x2598cc00 2854             javax.jmdns.impl.tasks.DNSTask::getDns (5 bytes)
Event: 140406.220 Thread 0x2598cc00 nmethod 2854 0x0279a808 code [0x0279a900, 0x0279a980]
Event: 150423.369 Thread 0x2598cc00 2855  s          sun.awt.windows.WDesktopProperties::setColorProperty (107 bytes)
Event: 150423.473 Thread 0x2598cc00 nmethod 2855 0x027e1fc8 code [0x027e2150, 0x027e25ac]

GC Heap History (10 events):
Event: 185161.991 GC heap before
{Heap before GC invocations=299 (full 1):
 def new generation   total 39424K, used 35206K [0x04600000, 0x070c0000, 0x0f0a0000)
  eden space 35072K, 100% used [0x04600000, 0x06840000, 0x06840000)
  from space 4352K,   3% used [0x06840000, 0x06861978, 0x06c80000)
  to   space 4352K,   0% used [0x06c80000, 0x06c80000, 0x070c0000)
 tenured generation   total 87424K, used 38983K [0x0f0a0000, 0x14600000, 0x24600000)
   the space 87424K,  44% used [0x0f0a0000, 0x116b1ca8, 0x116b1e00, 0x14600000)
 Metaspace       used 18700K, capacity 19164K, committed 19200K, reserved 19840K
Event: 185161.993 GC heap after
Heap after GC invocations=300 (full 1):
 def new generation   total 39424K, used 79K [0x04600000, 0x070c0000, 0x0f0a0000)
  eden space 35072K,   0% used [0x04600000, 0x04600000, 0x06840000)
  from space 4352K,   1% used [0x06c80000, 0x06c93d80, 0x070c0000)
  to   space 4352K,   0% used [0x06840000, 0x06840000, 0x06c80000)
 tenured generation   total 87424K, used 38983K [0x0f0a0000, 0x14600000, 0x24600000)
   the space 87424K,  44% used [0x0f0a0000, 0x116b1ca8, 0x116b1e00, 0x14600000)
 Metaspace       used 18700K, capacity 19164K, committed 19200K, reserved 19840K
}
Event: 185969.435 GC heap before
{Heap before GC invocations=300 (full 1):
 def new generation   total 39424K, used 35151K [0x04600000, 0x070c0000, 0x0f0a0000)
  eden space 35072K, 100% used [0x04600000, 0x06840000, 0x06840000)
  from space 4352K,   1% used [0x06c80000, 0x06c93d80, 0x070c0000)
  to   space 4352K,   0% used [0x06840000, 0x06840000, 0x06c80000)
 tenured generation   total 87424K, used 38983K [0x0f0a0000, 0x14600000, 0x24600000)
   the space 87424K,  44% used [0x0f0a0000, 0x116b1ca8, 0x116b1e00, 0x14600000)
 Metaspace       used 18700K, capacity 19164K, committed 19200K, reserved 19840K
Event: 185969.436 GC heap after
Heap after GC invocations=301 (full 1):
 def new generation   total 39424K, used 77K [0x04600000, 0x070c0000, 0x0f0a0000)
  eden space 35072K,   0% used [0x04600000, 0x04600000, 0x06840000)
  from space 4352K,   1% used [0x06840000, 0x068535a0, 0x06c80000)
  to   space 4352K,   0% used [0x06c80000, 0x06c80000, 0x070c0000)
 tenured generation   total 87424K, used 38983K [0x0f0a0000, 0x14600000, 0x24600000)
   the space 87424K,  44% used [0x0f0a0000, 0x116b1ca8, 0x116b1e00, 0x14600000)
 Metaspace       used 18700K, capacity 19164K, committed 19200K, reserved 19840K
}
Event: 186880.095 GC heap before
{Heap before GC invocations=301 (full 1):
 def new generation   total 39424K, used 35149K [0x04600000, 0x070c0000, 0x0f0a0000)
  eden space 35072K, 100% used [0x04600000, 0x06840000, 0x06840000)
  from space 4352K,   1% used [0x06840000, 0x068535a0, 0x06c80000)
  to   space 4352K,   0% used [0x06c80000, 0x06c80000, 0x070c0000)
 tenured generation   total 87424K, used 38983K [0x0f0a0000, 0x14600000, 0x24600000)
   the space 87424K,  44% used [0x0f0a0000, 0x116b1ca8, 0x116b1e00, 0x14600000)
 Metaspace       used 18700K, capacity 19164K, committed 19200K, reserved 19840K
Event: 186880.097 GC heap after
Heap after GC invocations=302 (full 1):
 def new generation   total 39424K, used 84K [0x04600000, 0x070c0000, 0x0f0a0000)
  eden space 35072K,   0% used [0x04600000, 0x04600000, 0x06840000)
  from space 4352K,   1% used [0x06c80000, 0x06c95208, 0x070c0000)
  to   space 4352K,   0% used [0x06840000, 0x06840000, 0x06c80000)
 tenured generation   total 87424K, used 38986K [0x0f0a0000, 0x14600000, 0x24600000)
   the space 87424K,  44% used [0x0f0a0000, 0x116b29f0, 0x116b2a00, 0x14600000)
 Metaspace       used 18700K, capacity 19164K, committed 19200K, reserved 19840K
}
Event: 187349.862 GC heap before
{Heap before GC invocations=302 (full 1):
 def new generation   total 39424K, used 35156K [0x04600000, 0x070c0000, 0x0f0a0000)
  eden space 35072K, 100% used [0x04600000, 0x06840000, 0x06840000)
  from space 4352K,   1% used [0x06c80000, 0x06c95208, 0x070c0000)
  to   space 4352K,   0% used [0x06840000, 0x06840000, 0x06c80000)
 tenured generation   total 87424K, used 38986K [0x0f0a0000, 0x14600000, 0x24600000)
   the space 87424K,  44% used [0x0f0a0000, 0x116b29f0, 0x116b2a00, 0x14600000)
 Metaspace       used 18700K, capacity 19164K, committed 19200K, reserved 19840K
Event: 187349.863 GC heap after
Heap after GC invocations=303 (full 1):
 def new generation   total 39424K, used 72K [0x04600000, 0x070c0000, 0x0f0a0000)
  eden space 35072K,   0% used [0x04600000, 0x04600000, 0x06840000)
  from space 4352K,   1% used [0x06840000, 0x06852370, 0x06c80000)
  to   space 4352K,   0% used [0x06c80000, 0x06c80000, 0x070c0000)
 tenured generation   total 87424K, used 38988K [0x0f0a0000, 0x14600000, 0x24600000)
   the space 87424K,  44% used [0x0f0a0000, 0x116b32e0, 0x116b3400, 0x14600000)
 Metaspace       used 18700K, capacity 19164K, committed 19200K, reserved 19840K
}
Event: 188183.577 GC heap before
{Heap before GC invocations=303 (full 1):
 def new generation   total 39424K, used 35144K [0x04600000, 0x070c0000, 0x0f0a0000)
  eden space 35072K, 100% used [0x04600000, 0x06840000, 0x06840000)
  from space 4352K,   1% used [0x06840000, 0x06852370, 0x06c80000)
  to   space 4352K,   0% used [0x06c80000, 0x06c80000, 0x070c0000)
 tenured generation   total 87424K, used 38988K [0x0f0a0000, 0x14600000, 0x24600000)
   the space 87424K,  44% used [0x0f0a0000, 0x116b32e0, 0x116b3400, 0x14600000)
 Metaspace       used 18700K, capacity 19164K, committed 19200K, reserved 19840K
Event: 188183.578 GC heap after
Heap after GC invocations=304 (full 1):
 def new generation   total 39424K, used 109K [0x04600000, 0x070c0000, 0x0f0a0000)
  eden space 35072K,   0% used [0x04600000, 0x04600000, 0x06840000)
  from space 4352K,   2% used [0x06c80000, 0x06c9b568, 0x070c0000)
  to   space 4352K,   0% used [0x06840000, 0x06840000, 0x06c80000)
 tenured generation   total 87424K, used 38988K [0x0f0a0000, 0x14600000, 0x24600000)
   the space 87424K,  44% used [0x0f0a0000, 0x116b32e0, 0x116b3400, 0x14600000)
 Metaspace       used 18700K, capacity 19164K, committed 19200K, reserved 19840K
}

Deoptimization events (0 events):
No events

Internal exceptions (10 events):
Event: 310.441 Thread 0x28e17800 Exception <a 'sun/nio/fs/WindowsException'> (0x05f83f50) thrown at [C:\workspace\8-2-build-windows-i586-cygwin\jdk8u144\9417\hotspot\src\share\vm\prims\jni.cpp, line 709]
Event: 310.441 Thread 0x28e17800 Exception <a 'sun/nio/fs/WindowsException'> (0x05f843b8) thrown at [C:\workspace\8-2-build-windows-i586-cygwin\jdk8u144\9417\hotspot\src\share\vm\prims\jni.cpp, line 709]
Event: 310.442 Thread 0x28e17800 Exception <a 'sun/nio/fs/WindowsException'> (0x05f93d58) thrown at [C:\workspace\8-2-build-windows-i586-cygwin\jdk8u144\9417\hotspot\src\share\vm\prims\jni.cpp, line 709]
Event: 310.442 Thread 0x28e17800 Exception <a 'sun/nio/fs/WindowsException'> (0x05f941c0) thrown at [C:\workspace\8-2-build-windows-i586-cygwin\jdk8u144\9417\hotspot\src\share\vm\prims\jni.cpp, line 709]
Event: 310.443 Thread 0x28e17800 Exception <a 'sun/nio/fs/WindowsException'> (0x05fa5f10) thrown at [C:\workspace\8-2-build-windows-i586-cygwin\jdk8u144\9417\hotspot\src\share\vm\prims\jni.cpp, line 709]
Event: 310.443 Thread 0x28e17800 Exception <a 'sun/nio/fs/WindowsException'> (0x05fa6608) thrown at [C:\workspace\8-2-build-windows-i586-cygwin\jdk8u144\9417\hotspot\src\share\vm\prims\jni.cpp, line 709]
Event: 310.443 Thread 0x28e17800 Exception <a 'sun/nio/fs/WindowsException'> (0x05fb0ba8) thrown at [C:\workspace\8-2-build-windows-i586-cygwin\jdk8u144\9417\hotspot\src\share\vm\prims\jni.cpp, line 709]
Event: 310.443 Thread 0x28e17800 Exception <a 'sun/nio/fs/WindowsException'> (0x05fb12d8) thrown at [C:\workspace\8-2-build-windows-i586-cygwin\jdk8u144\9417\hotspot\src\share\vm\prims\jni.cpp, line 709]
Event: 310.444 Thread 0x28e17800 Exception <a 'sun/nio/fs/WindowsException'> (0x05fbb7d8) thrown at [C:\workspace\8-2-build-windows-i586-cygwin\jdk8u144\9417\hotspot\src\share\vm\prims\jni.cpp, line 709]
Event: 310.444 Thread 0x28e17800 Exception <a 'sun/nio/fs/WindowsException'> (0x05fbbed0) thrown at [C:\workspace\8-2-build-windows-i586-cygwin\jdk8u144\9417\hotspot\src\share\vm\prims\jni.cpp, line 709]

Events (10 events):
Event: 187689.019 Executing VM operation: RevokeBias
Event: 187689.019 Executing VM operation: RevokeBias done
Event: 187689.019 Executing VM operation: RevokeBias
Event: 187689.019 Executing VM operation: RevokeBias done
Event: 187689.431 Executing VM operation: RevokeBias
Event: 187689.432 Executing VM operation: RevokeBias done
Event: 187689.432 Executing VM operation: RevokeBias
Event: 187689.432 Executing VM operation: RevokeBias done
Event: 188183.577 Executing VM operation: GenCollectForAllocation
Event: 188183.578 Executing VM operation: GenCollectForAllocation done


Dynamic libraries:
0x00180000 - 0x001b3000 	C:\Arduino\java\bin\javaw.exe
0x77c80000 - 0x77e10000 	C:\WINDOWS\SYSTEM32\ntdll.dll
0x77360000 - 0x77440000 	C:\WINDOWS\System32\KERNEL32.DLL
0x77440000 - 0x77624000 	C:\WINDOWS\System32\KERNELBASE.dll
0x75cd0000 - 0x75d48000 	C:\WINDOWS\System32\ADVAPI32.dll
0x75630000 - 0x756ef000 	C:\WINDOWS\System32\msvcrt.dll
0x77b30000 - 0x77b74000 	C:\WINDOWS\System32\sechost.dll
0x74650000 - 0x74710000 	C:\WINDOWS\System32\RPCRT4.dll
0x74540000 - 0x74560000 	C:\WINDOWS\System32\SspiCli.dll
0x74530000 - 0x7453a000 	C:\WINDOWS\System32\CRYPTBASE.dll
0x74c90000 - 0x74ce8000 	C:\WINDOWS\System32\bcryptPrimitives.dll
0x74940000 - 0x74acd000 	C:\WINDOWS\System32\USER32.dll
0x77b10000 - 0x77b27000 	C:\WINDOWS\System32\win32u.dll
0x75dc0000 - 0x75de2000 	C:\WINDOWS\System32\GDI32.dll
0x74b20000 - 0x74c84000 	C:\WINDOWS\System32\gdi32full.dll
0x75f90000 - 0x7600d000 	C:\WINDOWS\System32\msvcp_win.dll
0x74770000 - 0x7488e000 	C:\WINDOWS\System32\ucrtbase.dll
0x6f020000 - 0x6f224000 	C:\WINDOWS\WinSxS\x86_microsoft.windows.common-controls_6595b64144ccf1df_6.0.17134.590_none_42ead2d644e6098e\COMCTL32.dll
0x77780000 - 0x779dc000 	C:\WINDOWS\System32\combase.dll
0x74ad0000 - 0x74af6000 	C:\WINDOWS\System32\IMM32.DLL
0x6ed80000 - 0x6ee3f000 	C:\Arduino\java\bin\msvcr100.dll
0x6e9b0000 - 0x6ed7e000 	C:\Arduino\java\bin\client\jvm.dll
0x77b80000 - 0x77b86000 	C:\WINDOWS\System32\PSAPI.DLL
0x72720000 - 0x72728000 	C:\WINDOWS\SYSTEM32\WSOCK32.dll
0x72830000 - 0x72838000 	C:\WINDOWS\SYSTEM32\VERSION.dll
0x727b0000 - 0x727d4000 	C:\WINDOWS\SYSTEM32\WINMM.dll
0x74f20000 - 0x74f87000 	C:\WINDOWS\System32\WS2_32.dll
0x72560000 - 0x72583000 	C:\WINDOWS\SYSTEM32\winmmbase.dll
0x74d80000 - 0x74db9000 	C:\WINDOWS\System32\cfgmgr32.dll
0x6e980000 - 0x6e9b0000 	C:\Arduino\java\bin\splashscreen.dll
0x6f950000 - 0x6f9cc000 	C:\WINDOWS\system32\uxtheme.dll
0x6f520000 - 0x6f52c000 	C:\Arduino\java\bin\verify.dll
0x6e950000 - 0x6e971000 	C:\Arduino\java\bin\java.dll
0x77630000 - 0x77773000 	C:\WINDOWS\System32\MSCTF.dll
0x745b0000 - 0x74646000 	C:\WINDOWS\System32\OLEAUT32.dll
0x6e930000 - 0x6e943000 	C:\Arduino\java\bin\zip.dll
0x756f0000 - 0x756ff000 	C:\WINDOWS\System32\kernel.appcore.dll
0x6c450000 - 0x6c4cd000 	C:\WINDOWS\System32\TextInputFramework.dll
0x66460000 - 0x666bd000 	C:\WINDOWS\System32\CoreUIComponents.dll
0x66b00000 - 0x66b8b000 	C:\WINDOWS\System32\CoreMessaging.dll
0x75100000 - 0x75188000 	C:\WINDOWS\System32\SHCORE.dll
0x71c60000 - 0x71c89000 	C:\WINDOWS\SYSTEM32\ntmarta.dll
0x69870000 - 0x69946000 	C:\WINDOWS\SYSTEM32\wintypes.dll
0x6c100000 - 0x6c123000 	C:\WINDOWS\system32\dwmapi.dll
0x76010000 - 0x7735a000 	C:\WINDOWS\System32\SHELL32.dll
0x75710000 - 0x75cca000 	C:\WINDOWS\System32\windows.storage.dll
0x74560000 - 0x745a5000 	C:\WINDOWS\System32\shlwapi.dll
0x74b00000 - 0x74b18000 	C:\WINDOWS\System32\profapi.dll
0x75d60000 - 0x75da5000 	C:\WINDOWS\System32\powrprof.dll
0x75db0000 - 0x75db8000 	C:\WINDOWS\System32\FLTLIB.DLL
0x61940000 - 0x619b2000 	C:\Arduino\lib\listSerialsj.dll
0x75190000 - 0x755bb000 	C:\WINDOWS\System32\SETUPAPI.dll
0x6e910000 - 0x6e92d000 	C:\Arduino\lib\jnidispatch-4.2.2-win32-x86.dll
0x74e20000 - 0x74f1c000 	C:\WINDOWS\System32\Ole32.dll
0x6e8f0000 - 0x6e906000 	C:\Arduino\java\bin\net.dll
0x737d0000 - 0x73826000 	C:\WINDOWS\system32\mswsock.dll
0x6f510000 - 0x6f51f000 	C:\Arduino\java\bin\nio.dll
0x6e7a0000 - 0x6e8e5000 	C:\Arduino\java\bin\awt.dll
0x595c0000 - 0x5965d000 	C:\WINDOWS\SYSTEM32\apphelp.dll
0x6e760000 - 0x6e799000 	C:\Arduino\java\bin\fontmanager.dll
0x6e680000 - 0x6e759000 	C:\WINDOWS\system32\opengl32.dll
0x6e640000 - 0x6e67f000 	C:\WINDOWS\SYSTEM32\GLU32.dll
0x6e600000 - 0x6e632000 	C:\Arduino\java\bin\t2k.dll
0x70db0000 - 0x70dd2000 	C:\WINDOWS\SYSTEM32\DEVOBJ.dll
0x779e0000 - 0x77a27000 	C:\WINDOWS\System32\WINTRUST.dll
0x75d50000 - 0x75d5e000 	C:\WINDOWS\System32\MSASN1.dll
0x75df0000 - 0x75f86000 	C:\WINDOWS\System32\CRYPT32.dll
0x72730000 - 0x72760000 	C:\WINDOWS\SYSTEM32\IPHLPAPI.DLL
0x75700000 - 0x75707000 	C:\WINDOWS\System32\NSI.dll
0x72290000 - 0x722a3000 	C:\WINDOWS\SYSTEM32\dhcpcsvc6.DLL
0x72410000 - 0x72424000 	C:\WINDOWS\SYSTEM32\dhcpcsvc.DLL
0x72380000 - 0x7240e000 	C:\WINDOWS\SYSTEM32\DNSAPI.dll
0x71bc0000 - 0x71be1000 	C:\Program Files (x86)\Bonjour\mdnsNSP.dll
0x71bb0000 - 0x71bb8000 	C:\Windows\System32\rasadhlp.dll
0x71b50000 - 0x71b9f000 	C:\WINDOWS\System32\fwpuclnt.dll
0x73770000 - 0x73789000 	C:\WINDOWS\SYSTEM32\bcrypt.dll
0x6e590000 - 0x6e5f9000 	C:\Arduino\msvcp100.dll
0x6e4d0000 - 0x6e58e000 	C:\Arduino\msvcr100.dll
0x2a530000 - 0x2a562000 	C:\Arduino\lib\AStylej.dll
0x6e4a0000 - 0x6e4c4000 	C:\Arduino\java\bin\dcpr.dll
0x74890000 - 0x74913000 	C:\WINDOWS\System32\clbcatq.dll
0x58b20000 - 0x58c91000 	C:\WINDOWS\SYSTEM32\WindowsCodecs.dll
0x64b00000 - 0x64b4f000 	C:\WINDOWS\system32\dataexchange.dll
0x648a0000 - 0x64af2000 	C:\WINDOWS\system32\d3d11.dll
0x64760000 - 0x6489c000 	C:\WINDOWS\system32\dcomp.dll
0x646c0000 - 0x64758000 	C:\WINDOWS\system32\dxgi.dll
0x68bb0000 - 0x68d15000 	C:\WINDOWS\system32\twinapi.appcore.dll
0x68b80000 - 0x68ba1000 	C:\WINDOWS\system32\RMCLIENT.dll
0x64000000 - 0x6401b000 	C:\Arduino\lib\jSSC-2.8_x86.dll

VM Arguments:
jvm_args: -Dsun.java2d.d3d=false -Djna.nosys=true -Djna.nounpack=true -Djna.boot.library.name=jnidispatch-4.2.2-win32-x86 -Djna.boot.library.path=C:\Arduino/lib -Djssc.library.path=C:\Arduino/lib -DAPP_DIR=C:\Arduino -Xms128M -Xmx512M 
java_command: processing.app.Base C:\git\microgrid_testbed\100 nodes\Arduino\Final17v2\Final17v2.ino
java_class_path (initial): C:\Arduino\lib\apple.jar;C:\Arduino\lib\arduino-core.jar;C:\Arduino\lib\batik-1.8.jar;C:\Arduino\lib\batik-anim-1.8.jar;C:\Arduino\lib\batik-awt-util-1.8.jar;C:\Arduino\lib\batik-bridge-1.8.jar;C:\Arduino\lib\batik-codec-1.8.jar;C:\Arduino\lib\batik-css-1.8.jar;C:\Arduino\lib\batik-dom-1.8.jar;C:\Arduino\lib\batik-ext-1.8.jar;C:\Arduino\lib\batik-gvt-1.8.jar;C:\Arduino\lib\batik-parser-1.8.jar;C:\Arduino\lib\batik-rasterizer-1.8.jar;C:\Arduino\lib\batik-script-1.8.jar;C:\Arduino\lib\batik-squiggle-1.8.jar;C:\Arduino\lib\batik-svg-dom-1.8.jar;C:\Arduino\lib\batik-svgpp-1.8.jar;C:\Arduino\lib\batik-transcoder-1.8.jar;C:\Arduino\lib\batik-util-1.8.jar;C:\Arduino\lib\batik-xml-1.8.jar;C:\Arduino\lib\bcpg-jdk15on-152.jar;C:\Arduino\lib\bcprov-jdk15on-152.jar;C:\Arduino\lib\commons-codec-1.7.jar;C:\Arduino\lib\commons-compress-1.8.jar;C:\Arduino\lib\commons-exec-1.1.jar;C:\Arduino\lib\commons-httpclient-3.1.jar;C:\Arduino\lib\commons-lang3-3.3.2.jar;C:\Arduino\lib\commons-logging-1.0.4.jar;C:\Arduino\lib\commons-net-3.3.jar;C:\Arduino\lib\jackson-annotations-2.6.3.jar;C:\Arduino\lib\jackson-core-2.6.3.jar;C:\Arduino\lib\jackson-databind-2.6.3.jar;C:\Arduino\lib\jackson-module-mrbean-2.6.3.jar;C:\Arduino\lib\java-semver-0.8.0.jar;C:\Arduino\lib\jmdns-3.5.1.jar;C:\Arduino\lib\slf4j-simple-1.7.22.jar;C:\Arduino\lib\slf4j-api-1.7.22.jar;C:\Arduino\lib\jna-4.2.2.jar;C:\Arduino\lib\jna-platform-4.2.2.jar;C:\Arduino\lib\jsch-0.1.50.jar;C:\Arduino\lib\jssc-2.8.0-arduino1.jar;C:\Arduino\lib\pde.jar;C:\Arduino\lib\rsyntaxtextarea-2.6.1.jar;C:\Arduino\lib\xml-apis-1.3.04.jar;C:\Arduino\lib\xml-apis-ext-1.3.04.jar;C:\Arduino\lib\xmlgraphics-commons-2.0.jar
Launcher Type: SUN_STANDARD

Environment Variables:
PATH=C:\Program Files (x86)\NVIDIA Corporation\PhysX\Common;C:\Program Files (x86)\Common Files\Oracle\Java\javapath;C:\ProgramData\Oracle\Java\javapath;C:\WINDOWS\system32;C:\WINDOWS;C:\WINDOWS\System32\Wbem;C:\WINDOWS\System32\WindowsPowerShell\v1.0\;C:\Program Files (x86)\PuTTY\;C:\Program Files\MATLAB\R2017a\runtime\win64;C:\Program Files\MATLAB\R2017a\bin;C:\Program Files (x86)\MATLAB\MATLAB Compiler Runtime\v79\runtime\win32;C:\Program Files (x86)\IVI Foundation\VISA\WinNT\Bin\;C:\Program Files\IVI Foundation\VISA\Win64\Bin\;C:\Program Files (x86)\IVI Foundation\VISA\WinNT\Bin;C:\processing-2.2.1;;C:\WINDOWS\System32\OpenSSH\;C:\Typhoon HIL Control Center\bin\;C:\Program Files\Microsoft SQL Server\Client SDK\ODBC\110\Tools\Binn\;C:\Program Files (x86)\Microsoft SQL Server\120\Tools\Binn\;C:\Program Files\Microsoft SQL Server\120\Tools\Binn\;C:\Program Files\Microsoft SQL Server\120\DTS\Binn\;C:\Program Files (x86)\Windows Kits\8.1\Windows Performance Toolkit\;C:\Users\nigam4\AppData\Local\Microsoft\WindowsApps;C:\Users\nigam4\AppData\Local\Programs\MiKTeX 2.9\miktex\bin\x64\;;C:\Arduino\java\bin
USERNAME=nigam4
OS=Windows_NT
PROCESSOR_IDENTIFIER=Intel64 Family 6 Model 158 Stepping 9, GenuineIntel



---------------  S Y S T E M  ---------------

OS: Windows 10.0 , 64 bit Build 17134 (10.0.17134.556)

CPU:total 8 (initial active 8) (4 cores per cpu, 2 threads per core) family 6 model 158 stepping 9, cmov, cx8, fxsr, mmx, sse, sse2, sse3, ssse3, sse4.1, sse4.2, popcnt, avx, avx2, aes, clmul, erms, rtm, 3dnowpref, lzcnt, ht, tsc, tscinvbit, bmi1, bmi2, adx

Memory: 4k page, physical 16666376k(7937028k free), swap 33055364k(14454848k free)

vm_info: Java HotSpot(TM) Client VM (25.144-b01) for windows-x86 JRE (1.8.0_144-b01), built on Jul 21 2017 21:58:05 by "java_re" with MS VC++ 10.0 (VS2010)

time: Wed Feb 27 16:42:06 2019
elapsed time: 188699 seconds (2d 4h 24m 59s)

