#
# A fatal error has been detected by the Java Runtime Environment:
#
#  EXCEPTION_ACCESS_VIOLATION (0xc0000005) at pc=0x619489b6, pid=6088, tid=0x00004de4
#
# JRE version: Java(TM) SE Runtime Environment (8.0_144-b01) (build 1.8.0_144-b01)
# Java VM: Java HotSpot(TM) Client VM (25.144-b01 mixed mode windows-x86 )
# Problematic frame:
# C  [listSerialsj.dll+0x89b6]
#
# Failed to write core dump. Minidumps are not enabled by default on client versions of Windows
#
# If you would like to submit a bug report, please visit:
#   http://bugreport.java.com/bugreport/crash.jsp
# The crash happened outside the Java Virtual Machine in native code.
# See problematic frame for where to report the bug.
#

---------------  T H R E A D  ---------------

Current thread (0x2906b400):  JavaThread "cc.arduino.packages.discoverers.serial.SerialBoardsLister" [_thread_in_native, id=19940, stack(0x29a20000,0x29a70000)]

siginfo: ExceptionCode=0xc0000005, writing address 0x0000004c

Registers:
EAX=0x00000000, EBX=0x00000000, ECX=0x4eafb00e, EDX=0x00000000
ESP=0x29a6eda0, EBP=0x28b34ad0, ESI=0x0000004c, EDI=0x77376840
EIP=0x619489b6, EFLAGS=0x00010206

Top of Stack: (sp=0x29a6eda0)
0x29a6eda0:   0000fde9 00000000 28b34ad0 ffffffff
0x29a6edb0:   00000000 0000004c 00000000 00000000
0x29a6edc0:   000000a0 28b34ac8 000000a0 2d51a030
0x29a6edd0:   00000398 00000007 29a6ee38 61948d53
0x29a6ede0:   00000398 00220414 28b34ac8 000000a0
0x29a6edf0:   28b34ac8 000000a0 29a6ee38 00000000
0x29a6ee00:   00000000 77371190 6194da6f 00000000
0x29a6ee10:   28b412d0 0000001a 00000000 28b34ac8 

Instructions: (pc=0x619489b6)
0x61948996:   89 44 24 10 c7 44 24 0c ff ff ff ff c7 44 24 04
0x619489a6:   00 00 00 00 c7 04 24 e9 fd 00 00 ff d7 83 ec 20
0x619489b6:   c6 04 33 00 89 d8 83 c4 2c 5b 5e 5f 5d c3 8d b6
0x619489c6:   00 00 00 00 8d bf 00 00 00 00 57 56 89 ce 53 b9 


Register to memory mapping:

EAX=0x00000000 is an unknown value
EBX=0x00000000 is an unknown value
ECX=0x4eafb00e is an unknown value
EDX=0x00000000 is an unknown value
ESP=0x29a6eda0 is pointing into the stack for thread: 0x2906b400
EBP=0x28b34ad0 is an unknown value
ESI=0x0000004c is an unknown value
EDI=0x77376840 is an unknown value


Stack: [0x29a20000,0x29a70000],  sp=0x29a6eda0,  free space=315k
Native frames: (J=compiled Java code, j=interpreted, Vv=VM code, C=native code)
C  [listSerialsj.dll+0x89b6]

Java frames: (J=compiled Java code, j=interpreted, Vv=VM code)
J 2161  processing.app.Platform.listSerialsNative()[Ljava/lang/String; (0 bytes) @ 0x02b3ce4f [0x02b3ce10+0x3f]
J 2109 C1 cc.arduino.packages.discoverers.serial.SerialBoardsLister.retriggerDiscovery(Z)V (751 bytes) @ 0x02b26f64 [0x02b26e10+0x154]
J 2169 C1 cc.arduino.packages.discoverers.serial.SerialBoardsLister.run()V (13 bytes) @ 0x02b3f594 [0x02b3f550+0x44]
J 2172% C1 java.util.TimerThread.mainLoop()V (232 bytes) @ 0x02b40c94 [0x02b40860+0x434]
j  java.util.TimerThread.run()V+1
v  ~StubRoutines::call_stub

---------------  P R O C E S S  ---------------

Java Threads: ( => current thread )
  0x290c0c00 JavaThread "DestroyJavaVM" [_thread_blocked, id=24472, stack(0x023f0000,0x02440000)]
  0x290c1000 JavaThread "TimerQueue" daemon [_thread_blocked, id=19908, stack(0x2b180000,0x2b1d0000)]
  0x290c4400 JavaThread "Batik CleanerThread" daemon [_thread_blocked, id=20500, stack(0x2a8b0000,0x2a900000)]
  0x290c3c00 JavaThread "AWT-EventQueue-0" [_thread_blocked, id=22940, stack(0x2a7e0000,0x2a830000)]
  0x290c2400 JavaThread "AWT-Shutdown" [_thread_blocked, id=7700, stack(0x25370000,0x253c0000)]
  0x290c1c00 JavaThread "Timer-0" [_thread_blocked, id=16564, stack(0x2a4b0000,0x2a500000)]
  0x29084000 JavaThread "JmDNS(ECEB-4076-14-ad-uillinois-edu.local.).State.Timer" daemon [_thread_blocked, id=18320, stack(0x2a420000,0x2a470000)]
  0x29087800 JavaThread "JmDNS(ECEB-4076-14-ad-uillinois-edu.local.).Timer" daemon [_thread_blocked, id=19120, stack(0x2a390000,0x2a3e0000)]
  0x29087400 JavaThread "SocketListener(ECEB-4076-14-ad-uillinois-edu.local.)" daemon [_thread_in_native, id=6996, stack(0x2a300000,0x2a350000)]
  0x29086400 JavaThread "JmDNS(ECEB-4076-14-ad-uillinois-edu.local.).State.Timer" daemon [_thread_blocked, id=19276, stack(0x2a270000,0x2a2c0000)]
  0x29084c00 JavaThread "JmDNS(ECEB-4076-14-ad-uillinois-edu.local.).Timer" daemon [_thread_blocked, id=2368, stack(0x2a1e0000,0x2a230000)]
  0x29086000 JavaThread "SocketListener(ECEB-4076-14-ad-uillinois-edu.local.)" daemon [_thread_in_native, id=5716, stack(0x268a0000,0x268f0000)]
  0x29085400 JavaThread "JmDNS(ECEB-4076-14-ad-uillinois-edu.local.).State.Timer" daemon [_thread_blocked, id=16904, stack(0x2a150000,0x2a1a0000)]
  0x29085800 JavaThread "JmDNS(ECEB-4076-14-ad-uillinois-edu.local.).Timer" daemon [_thread_blocked, id=24384, stack(0x2a0c0000,0x2a110000)]
  0x29084800 JavaThread "SocketListener(ECEB-4076-14-ad-uillinois-edu.local.)" daemon [_thread_in_native, id=11388, stack(0x2a030000,0x2a080000)]
  0x29096800 JavaThread "JmDNS(ECEB-4076-14-ad-uillinois-edu.local.).State.Timer" daemon [_thread_blocked, id=7916, stack(0x29c80000,0x29cd0000)]
  0x29096000 JavaThread "JmDNS(ECEB-4076-14-ad-uillinois-edu.local.).Timer" daemon [_thread_blocked, id=15920, stack(0x29bf0000,0x29c40000)]
  0x2906c800 JavaThread "SocketListener(ECEB-4076-14-ad-uillinois-edu.local.)" daemon [_thread_in_native, id=19768, stack(0x29b40000,0x29b90000)]
  0x2906bc00 JavaThread "Multihomed mDNS.Timer" daemon [_thread_blocked, id=1168, stack(0x29ab0000,0x29b00000)]
=>0x2906b400 JavaThread "cc.arduino.packages.discoverers.serial.SerialBoardsLister" [_thread_in_native, id=19940, stack(0x29a20000,0x29a70000)]
  0x2643dc00 JavaThread "AWT-Windows" daemon [_thread_in_native, id=18448, stack(0x26930000,0x26980000)]
  0x2643cc00 JavaThread "Java2D Disposer" daemon [_thread_blocked, id=23712, stack(0x26810000,0x26860000)]
  0x24e58400 JavaThread "Service Thread" daemon [_thread_blocked, id=21928, stack(0x25540000,0x25590000)]
  0x24e51c00 JavaThread "C1 CompilerThread0" daemon [_thread_blocked, id=14264, stack(0x254b0000,0x25500000)]
  0x24e50000 JavaThread "Attach Listener" daemon [_thread_blocked, id=23940, stack(0x25420000,0x25470000)]
  0x24e4e400 JavaThread "Signal Dispatcher" daemon [_thread_blocked, id=5056, stack(0x252e0000,0x25330000)]
  0x24e3bc00 JavaThread "Finalizer" daemon [_thread_blocked, id=22552, stack(0x250b0000,0x25100000)]
  0x24e26400 JavaThread "Reference Handler" daemon [_thread_blocked, id=10312, stack(0x25020000,0x25070000)]

Other Threads:
  0x0262dc00 VMThread [stack: 0x04780000,0x047d0000] [id=1264]
  0x24e5dc00 WatcherThread [stack: 0x26190000,0x261e0000] [id=7228]

VM state:not at safepoint (normal execution)

VM Mutex/Monitor currently owned by a thread: None

Heap:
 def new generation   total 39424K, used 4936K [0x04800000, 0x072c0000, 0x0f2a0000)
  eden space 35072K,  13% used [0x04800000, 0x04cbd300, 0x06a40000)
  from space 4352K,   1% used [0x06e80000, 0x06e950e0, 0x072c0000)
  to   space 4352K,   0% used [0x06a40000, 0x06a40000, 0x06e80000)
 tenured generation   total 87424K, used 39182K [0x0f2a0000, 0x14800000, 0x24800000)
   the space 87424K,  44% used [0x0f2a0000, 0x118e3b00, 0x118e3c00, 0x14800000)
 Metaspace       used 18694K, capacity 19164K, committed 19200K, reserved 19840K

Card table byte_map: [0x24800000,0x24910000] byte_map_base: 0x247dc000

Polling page: 0x00b40000

CodeCache: size=32768Kb used=2004Kb max_used=4046Kb free=30763Kb
 bounds [0x02780000, 0x02b78000, 0x04780000]
 total_blobs=1130 nmethods=854 adapters=206
 compilation: enabled

Compilation events (10 events):
Event: 134457.277 Thread 0x24e51c00 2466             javax.jmdns.impl.ServiceInfoImpl::getSubtype (17 bytes)
Event: 134457.277 Thread 0x24e51c00 nmethod 2466 0x028c7c08 code [0x028c7d00, 0x028c7d90]
Event: 136605.654 Thread 0x24e51c00 2467             java.awt.EventQueue::getNextEventPrivate (76 bytes)
Event: 136605.680 Thread 0x24e51c00 nmethod 2467 0x028c6388 code [0x028c6490, 0x028c65bc]
Event: 140767.343 Thread 0x24e51c00 2468             javax.jmdns.impl.DNSRecord$Text::isSingleValued (2 bytes)
Event: 140767.343 Thread 0x24e51c00 nmethod 2468 0x028c61c8 code [0x028c62c0, 0x028c6340]
Event: 149927.108 Thread 0x24e51c00 2469  s          sun.awt.windows.WDesktopProperties::setColorProperty (107 bytes)
Event: 149927.109 Thread 0x24e51c00 nmethod 2469 0x02a832c8 code [0x02a83450, 0x02a838ac]
Event: 187982.551 Thread 0x24e51c00 2470             java.util.AbstractMap::containsKey (86 bytes)
Event: 187982.627 Thread 0x24e51c00 nmethod 2470 0x02a82cc8 code [0x02a82e60, 0x02a830dc]

GC Heap History (10 events):
Event: 185739.562 GC heap before
{Heap before GC invocations=299 (full 1):
 def new generation   total 39424K, used 35188K [0x04800000, 0x072c0000, 0x0f2a0000)
  eden space 35072K, 100% used [0x04800000, 0x06a40000, 0x06a40000)
  from space 4352K,   2% used [0x06a40000, 0x06a5d1a8, 0x06e80000)
  to   space 4352K,   0% used [0x06e80000, 0x06e80000, 0x072c0000)
 tenured generation   total 87424K, used 39177K [0x0f2a0000, 0x14800000, 0x24800000)
   the space 87424K,  44% used [0x0f2a0000, 0x118e24c8, 0x118e2600, 0x14800000)
 Metaspace       used 18694K, capacity 19164K, committed 19200K, reserved 19840K
Event: 185739.563 GC heap after
Heap after GC invocations=300 (full 1):
 def new generation   total 39424K, used 139K [0x04800000, 0x072c0000, 0x0f2a0000)
  eden space 35072K,   0% used [0x04800000, 0x04800000, 0x06a40000)
  from space 4352K,   3% used [0x06e80000, 0x06ea2eb0, 0x072c0000)
  to   space 4352K,   0% used [0x06a40000, 0x06a40000, 0x06e80000)
 tenured generation   total 87424K, used 39177K [0x0f2a0000, 0x14800000, 0x24800000)
   the space 87424K,  44% used [0x0f2a0000, 0x118e24c8, 0x118e2600, 0x14800000)
 Metaspace       used 18694K, capacity 19164K, committed 19200K, reserved 19840K
}
Event: 186538.739 GC heap before
{Heap before GC invocations=300 (full 1):
 def new generation   total 39424K, used 35211K [0x04800000, 0x072c0000, 0x0f2a0000)
  eden space 35072K, 100% used [0x04800000, 0x06a40000, 0x06a40000)
  from space 4352K,   3% used [0x06e80000, 0x06ea2eb0, 0x072c0000)
  to   space 4352K,   0% used [0x06a40000, 0x06a40000, 0x06e80000)
 tenured generation   total 87424K, used 39177K [0x0f2a0000, 0x14800000, 0x24800000)
   the space 87424K,  44% used [0x0f2a0000, 0x118e24c8, 0x118e2600, 0x14800000)
 Metaspace       used 18694K, capacity 19164K, committed 19200K, reserved 19840K
Event: 186538.740 GC heap after
Heap after GC invocations=301 (full 1):
 def new generation   total 39424K, used 114K [0x04800000, 0x072c0000, 0x0f2a0000)
  eden space 35072K,   0% used [0x04800000, 0x04800000, 0x06a40000)
  from space 4352K,   2% used [0x06a40000, 0x06a5c980, 0x06e80000)
  to   space 4352K,   0% used [0x06e80000, 0x06e80000, 0x072c0000)
 tenured generation   total 87424K, used 39177K [0x0f2a0000, 0x14800000, 0x24800000)
   the space 87424K,  44% used [0x0f2a0000, 0x118e24c8, 0x118e2600, 0x14800000)
 Metaspace       used 18694K, capacity 19164K, committed 19200K, reserved 19840K
}
Event: 187430.746 GC heap before
{Heap before GC invocations=301 (full 1):
 def new generation   total 39424K, used 35186K [0x04800000, 0x072c0000, 0x0f2a0000)
  eden space 35072K, 100% used [0x04800000, 0x06a40000, 0x06a40000)
  from space 4352K,   2% used [0x06a40000, 0x06a5c980, 0x06e80000)
  to   space 4352K,   0% used [0x06e80000, 0x06e80000, 0x072c0000)
 tenured generation   total 87424K, used 39177K [0x0f2a0000, 0x14800000, 0x24800000)
   the space 87424K,  44% used [0x0f2a0000, 0x118e24c8, 0x118e2600, 0x14800000)
 Metaspace       used 18694K, capacity 19164K, committed 19200K, reserved 19840K
Event: 187430.747 GC heap after
Heap after GC invocations=302 (full 1):
 def new generation   total 39424K, used 73K [0x04800000, 0x072c0000, 0x0f2a0000)
  eden space 35072K,   0% used [0x04800000, 0x04800000, 0x06a40000)
  from space 4352K,   1% used [0x06e80000, 0x06e92510, 0x072c0000)
  to   space 4352K,   0% used [0x06a40000, 0x06a40000, 0x06e80000)
 tenured generation   total 87424K, used 39177K [0x0f2a0000, 0x14800000, 0x24800000)
   the space 87424K,  44% used [0x0f2a0000, 0x118e24c8, 0x118e2600, 0x14800000)
 Metaspace       used 18694K, capacity 19164K, committed 19200K, reserved 19840K
}
Event: 188115.069 GC heap before
{Heap before GC invocations=302 (full 1):
 def new generation   total 39424K, used 35145K [0x04800000, 0x072c0000, 0x0f2a0000)
  eden space 35072K, 100% used [0x04800000, 0x06a40000, 0x06a40000)
  from space 4352K,   1% used [0x06e80000, 0x06e92510, 0x072c0000)
  to   space 4352K,   0% used [0x06a40000, 0x06a40000, 0x06e80000)
 tenured generation   total 87424K, used 39177K [0x0f2a0000, 0x14800000, 0x24800000)
   the space 87424K,  44% used [0x0f2a0000, 0x118e24c8, 0x118e2600, 0x14800000)
 Metaspace       used 18694K, capacity 19164K, committed 19200K, reserved 19840K
Event: 188115.071 GC heap after
Heap after GC invocations=303 (full 1):
 def new generation   total 39424K, used 194K [0x04800000, 0x072c0000, 0x0f2a0000)
  eden space 35072K,   0% used [0x04800000, 0x04800000, 0x06a40000)
  from space 4352K,   4% used [0x06a40000, 0x06a70b10, 0x06e80000)
  to   space 4352K,   0% used [0x06e80000, 0x06e80000, 0x072c0000)
 tenured generation   total 87424K, used 39180K [0x0f2a0000, 0x14800000, 0x24800000)
   the space 87424K,  44% used [0x0f2a0000, 0x118e3210, 0x118e3400, 0x14800000)
 Metaspace       used 18694K, capacity 19164K, committed 19200K, reserved 19840K
}
Event: 188782.393 GC heap before
{Heap before GC invocations=303 (full 1):
 def new generation   total 39424K, used 35266K [0x04800000, 0x072c0000, 0x0f2a0000)
  eden space 35072K, 100% used [0x04800000, 0x06a40000, 0x06a40000)
  from space 4352K,   4% used [0x06a40000, 0x06a70b10, 0x06e80000)
  to   space 4352K,   0% used [0x06e80000, 0x06e80000, 0x072c0000)
 tenured generation   total 87424K, used 39180K [0x0f2a0000, 0x14800000, 0x24800000)
   the space 87424K,  44% used [0x0f2a0000, 0x118e3210, 0x118e3400, 0x14800000)
 Metaspace       used 18694K, capacity 19164K, committed 19200K, reserved 19840K
Event: 188782.394 GC heap after
Heap after GC invocations=304 (full 1):
 def new generation   total 39424K, used 84K [0x04800000, 0x072c0000, 0x0f2a0000)
  eden space 35072K,   0% used [0x04800000, 0x04800000, 0x06a40000)
  from space 4352K,   1% used [0x06e80000, 0x06e950e0, 0x072c0000)
  to   space 4352K,   0% used [0x06a40000, 0x06a40000, 0x06e80000)
 tenured generation   total 87424K, used 39182K [0x0f2a0000, 0x14800000, 0x24800000)
   the space 87424K,  44% used [0x0f2a0000, 0x118e3b00, 0x118e3c00, 0x14800000)
 Metaspace       used 18694K, capacity 19164K, committed 19200K, reserved 19840K
}

Deoptimization events (0 events):
No events

Internal exceptions (10 events):
Event: 63.396 Thread 0x290c6800 Exception <a 'sun/nio/fs/WindowsException'> (0x05271890) thrown at [C:\workspace\8-2-build-windows-i586-cygwin\jdk8u144\9417\hotspot\src\share\vm\prims\jni.cpp, line 709]
Event: 63.396 Thread 0x290c6800 Exception <a 'sun/nio/fs/WindowsException'> (0x05271cf8) thrown at [C:\workspace\8-2-build-windows-i586-cygwin\jdk8u144\9417\hotspot\src\share\vm\prims\jni.cpp, line 709]
Event: 63.397 Thread 0x290c6800 Exception <a 'sun/nio/fs/WindowsException'> (0x05281958) thrown at [C:\workspace\8-2-build-windows-i586-cygwin\jdk8u144\9417\hotspot\src\share\vm\prims\jni.cpp, line 709]
Event: 63.397 Thread 0x290c6800 Exception <a 'sun/nio/fs/WindowsException'> (0x05281dc0) thrown at [C:\workspace\8-2-build-windows-i586-cygwin\jdk8u144\9417\hotspot\src\share\vm\prims\jni.cpp, line 709]
Event: 63.399 Thread 0x290c6800 Exception <a 'sun/nio/fs/WindowsException'> (0x05293e80) thrown at [C:\workspace\8-2-build-windows-i586-cygwin\jdk8u144\9417\hotspot\src\share\vm\prims\jni.cpp, line 709]
Event: 63.399 Thread 0x290c6800 Exception <a 'sun/nio/fs/WindowsException'> (0x05294578) thrown at [C:\workspace\8-2-build-windows-i586-cygwin\jdk8u144\9417\hotspot\src\share\vm\prims\jni.cpp, line 709]
Event: 63.400 Thread 0x290c6800 Exception <a 'sun/nio/fs/WindowsException'> (0x0529f258) thrown at [C:\workspace\8-2-build-windows-i586-cygwin\jdk8u144\9417\hotspot\src\share\vm\prims\jni.cpp, line 709]
Event: 63.400 Thread 0x290c6800 Exception <a 'sun/nio/fs/WindowsException'> (0x0529f950) thrown at [C:\workspace\8-2-build-windows-i586-cygwin\jdk8u144\9417\hotspot\src\share\vm\prims\jni.cpp, line 709]
Event: 63.402 Thread 0x290c6800 Exception <a 'sun/nio/fs/WindowsException'> (0x052aa108) thrown at [C:\workspace\8-2-build-windows-i586-cygwin\jdk8u144\9417\hotspot\src\share\vm\prims\jni.cpp, line 709]
Event: 63.402 Thread 0x290c6800 Exception <a 'sun/nio/fs/WindowsException'> (0x052aa800) thrown at [C:\workspace\8-2-build-windows-i586-cygwin\jdk8u144\9417\hotspot\src\share\vm\prims\jni.cpp, line 709]

Events (10 events):
Event: 186538.739 Executing VM operation: GenCollectForAllocation
Event: 186538.740 Executing VM operation: GenCollectForAllocation done
Event: 187430.745 Executing VM operation: GenCollectForAllocation
Event: 187430.747 Executing VM operation: GenCollectForAllocation done
Event: 188115.069 Executing VM operation: GenCollectForAllocation
Event: 188115.071 Executing VM operation: GenCollectForAllocation done
Event: 188779.007 Executing VM operation: BulkRevokeBias
Event: 188779.007 Executing VM operation: BulkRevokeBias done
Event: 188782.393 Executing VM operation: GenCollectForAllocation
Event: 188782.394 Executing VM operation: GenCollectForAllocation done


Dynamic libraries:
0x00180000 - 0x001b3000 	C:\Arduino\java\bin\javaw.exe
0x77c80000 - 0x77e10000 	C:\WINDOWS\SYSTEM32\ntdll.dll
0x77360000 - 0x77440000 	C:\WINDOWS\System32\KERNEL32.DLL
0x77440000 - 0x77624000 	C:\WINDOWS\System32\KERNELBASE.dll
0x75cd0000 - 0x75d48000 	C:\WINDOWS\System32\ADVAPI32.dll
0x75630000 - 0x756ef000 	C:\WINDOWS\System32\msvcrt.dll
0x77b30000 - 0x77b74000 	C:\WINDOWS\System32\sechost.dll
0x74650000 - 0x74710000 	C:\WINDOWS\System32\RPCRT4.dll
0x74540000 - 0x74560000 	C:\WINDOWS\System32\SspiCli.dll
0x74530000 - 0x7453a000 	C:\WINDOWS\System32\CRYPTBASE.dll
0x74c90000 - 0x74ce8000 	C:\WINDOWS\System32\bcryptPrimitives.dll
0x74940000 - 0x74acd000 	C:\WINDOWS\System32\USER32.dll
0x77b10000 - 0x77b27000 	C:\WINDOWS\System32\win32u.dll
0x75dc0000 - 0x75de2000 	C:\WINDOWS\System32\GDI32.dll
0x74b20000 - 0x74c84000 	C:\WINDOWS\System32\gdi32full.dll
0x75f90000 - 0x7600d000 	C:\WINDOWS\System32\msvcp_win.dll
0x74770000 - 0x7488e000 	C:\WINDOWS\System32\ucrtbase.dll
0x6f020000 - 0x6f224000 	C:\WINDOWS\WinSxS\x86_microsoft.windows.common-controls_6595b64144ccf1df_6.0.17134.590_none_42ead2d644e6098e\COMCTL32.dll
0x77780000 - 0x779dc000 	C:\WINDOWS\System32\combase.dll
0x74ad0000 - 0x74af6000 	C:\WINDOWS\System32\IMM32.DLL
0x6ed80000 - 0x6ee3f000 	C:\Arduino\java\bin\msvcr100.dll
0x6e9b0000 - 0x6ed7e000 	C:\Arduino\java\bin\client\jvm.dll
0x77b80000 - 0x77b86000 	C:\WINDOWS\System32\PSAPI.DLL
0x72720000 - 0x72728000 	C:\WINDOWS\SYSTEM32\WSOCK32.dll
0x72830000 - 0x72838000 	C:\WINDOWS\SYSTEM32\VERSION.dll
0x727b0000 - 0x727d4000 	C:\WINDOWS\SYSTEM32\WINMM.dll
0x74f20000 - 0x74f87000 	C:\WINDOWS\System32\WS2_32.dll
0x72560000 - 0x72583000 	C:\WINDOWS\SYSTEM32\winmmbase.dll
0x74d80000 - 0x74db9000 	C:\WINDOWS\System32\cfgmgr32.dll
0x6e980000 - 0x6e9b0000 	C:\Arduino\java\bin\splashscreen.dll
0x6f950000 - 0x6f9cc000 	C:\WINDOWS\system32\uxtheme.dll
0x6f520000 - 0x6f52c000 	C:\Arduino\java\bin\verify.dll
0x6e950000 - 0x6e971000 	C:\Arduino\java\bin\java.dll
0x77630000 - 0x77773000 	C:\WINDOWS\System32\MSCTF.dll
0x745b0000 - 0x74646000 	C:\WINDOWS\System32\OLEAUT32.dll
0x6e930000 - 0x6e943000 	C:\Arduino\java\bin\zip.dll
0x76010000 - 0x7735a000 	C:\WINDOWS\System32\SHELL32.dll
0x75100000 - 0x75188000 	C:\WINDOWS\System32\shcore.dll
0x75710000 - 0x75cca000 	C:\WINDOWS\System32\windows.storage.dll
0x74560000 - 0x745a5000 	C:\WINDOWS\System32\shlwapi.dll
0x756f0000 - 0x756ff000 	C:\WINDOWS\System32\kernel.appcore.dll
0x74b00000 - 0x74b18000 	C:\WINDOWS\System32\profapi.dll
0x75d60000 - 0x75da5000 	C:\WINDOWS\System32\powrprof.dll
0x75db0000 - 0x75db8000 	C:\WINDOWS\System32\FLTLIB.DLL
0x6c450000 - 0x6c4cd000 	C:\WINDOWS\System32\TextInputFramework.dll
0x66460000 - 0x666bd000 	C:\WINDOWS\System32\CoreUIComponents.dll
0x66b00000 - 0x66b8b000 	C:\WINDOWS\System32\CoreMessaging.dll
0x71c60000 - 0x71c89000 	C:\WINDOWS\SYSTEM32\ntmarta.dll
0x69870000 - 0x69946000 	C:\WINDOWS\SYSTEM32\wintypes.dll
0x6c100000 - 0x6c123000 	C:\WINDOWS\system32\dwmapi.dll
0x61940000 - 0x619b2000 	C:\Arduino\lib\listSerialsj.dll
0x75190000 - 0x755bb000 	C:\WINDOWS\System32\SETUPAPI.dll
0x6e910000 - 0x6e92d000 	C:\Arduino\lib\jnidispatch-4.2.2-win32-x86.dll
0x74e20000 - 0x74f1c000 	C:\WINDOWS\System32\Ole32.dll
0x6e8f0000 - 0x6e906000 	C:\Arduino\java\bin\net.dll
0x737d0000 - 0x73826000 	C:\WINDOWS\system32\mswsock.dll
0x6f510000 - 0x6f51f000 	C:\Arduino\java\bin\nio.dll
0x6e7a0000 - 0x6e8e5000 	C:\Arduino\java\bin\awt.dll
0x595c0000 - 0x5965d000 	C:\WINDOWS\SYSTEM32\apphelp.dll
0x6e760000 - 0x6e799000 	C:\Arduino\java\bin\fontmanager.dll
0x6e680000 - 0x6e759000 	C:\WINDOWS\system32\opengl32.dll
0x6e640000 - 0x6e67f000 	C:\WINDOWS\SYSTEM32\GLU32.dll
0x6e600000 - 0x6e632000 	C:\Arduino\java\bin\t2k.dll
0x70db0000 - 0x70dd2000 	C:\WINDOWS\SYSTEM32\DEVOBJ.dll
0x779e0000 - 0x77a27000 	C:\WINDOWS\System32\WINTRUST.dll
0x75d50000 - 0x75d5e000 	C:\WINDOWS\System32\MSASN1.dll
0x75df0000 - 0x75f86000 	C:\WINDOWS\System32\CRYPT32.dll
0x72730000 - 0x72760000 	C:\WINDOWS\SYSTEM32\IPHLPAPI.DLL
0x75700000 - 0x75707000 	C:\WINDOWS\System32\NSI.dll
0x72290000 - 0x722a3000 	C:\WINDOWS\SYSTEM32\dhcpcsvc6.DLL
0x72410000 - 0x72424000 	C:\WINDOWS\SYSTEM32\dhcpcsvc.DLL
0x72380000 - 0x7240e000 	C:\WINDOWS\SYSTEM32\DNSAPI.dll
0x71bc0000 - 0x71be1000 	C:\Program Files (x86)\Bonjour\mdnsNSP.dll
0x71bb0000 - 0x71bb8000 	C:\Windows\System32\rasadhlp.dll
0x71b50000 - 0x71b9f000 	C:\WINDOWS\System32\fwpuclnt.dll
0x73770000 - 0x73789000 	C:\WINDOWS\SYSTEM32\bcrypt.dll
0x6e590000 - 0x6e5f9000 	C:\Arduino\msvcp100.dll
0x6e4d0000 - 0x6e58e000 	C:\Arduino\msvcr100.dll
0x2a830000 - 0x2a862000 	C:\Arduino\lib\AStylej.dll
0x6e4a0000 - 0x6e4c4000 	C:\Arduino\java\bin\dcpr.dll
0x74890000 - 0x74913000 	C:\WINDOWS\System32\clbcatq.dll
0x58b20000 - 0x58c91000 	C:\WINDOWS\SYSTEM32\WindowsCodecs.dll
0x64b00000 - 0x64b4f000 	C:\WINDOWS\system32\dataexchange.dll
0x648a0000 - 0x64af2000 	C:\WINDOWS\system32\d3d11.dll
0x64760000 - 0x6489c000 	C:\WINDOWS\system32\dcomp.dll
0x646c0000 - 0x64758000 	C:\WINDOWS\system32\dxgi.dll
0x68bb0000 - 0x68d15000 	C:\WINDOWS\system32\twinapi.appcore.dll
0x68b80000 - 0x68ba1000 	C:\WINDOWS\system32\RMCLIENT.dll
0x64000000 - 0x6401b000 	C:\Arduino\lib\jSSC-2.8_x86.dll

VM Arguments:
jvm_args: -Dsun.java2d.d3d=false -Djna.nosys=true -Djna.nounpack=true -Djna.boot.library.name=jnidispatch-4.2.2-win32-x86 -Djna.boot.library.path=C:\Arduino/lib -Djssc.library.path=C:\Arduino/lib -DAPP_DIR=C:\Arduino -Xms128M -Xmx512M 
java_command: processing.app.Base C:\git\microgrid_testbed\100 nodes\Arduino\Final4v2\Final4v2.ino
java_class_path (initial): C:\Arduino\lib\apple.jar;C:\Arduino\lib\arduino-core.jar;C:\Arduino\lib\batik-1.8.jar;C:\Arduino\lib\batik-anim-1.8.jar;C:\Arduino\lib\batik-awt-util-1.8.jar;C:\Arduino\lib\batik-bridge-1.8.jar;C:\Arduino\lib\batik-codec-1.8.jar;C:\Arduino\lib\batik-css-1.8.jar;C:\Arduino\lib\batik-dom-1.8.jar;C:\Arduino\lib\batik-ext-1.8.jar;C:\Arduino\lib\batik-gvt-1.8.jar;C:\Arduino\lib\batik-parser-1.8.jar;C:\Arduino\lib\batik-rasterizer-1.8.jar;C:\Arduino\lib\batik-script-1.8.jar;C:\Arduino\lib\batik-squiggle-1.8.jar;C:\Arduino\lib\batik-svg-dom-1.8.jar;C:\Arduino\lib\batik-svgpp-1.8.jar;C:\Arduino\lib\batik-transcoder-1.8.jar;C:\Arduino\lib\batik-util-1.8.jar;C:\Arduino\lib\batik-xml-1.8.jar;C:\Arduino\lib\bcpg-jdk15on-152.jar;C:\Arduino\lib\bcprov-jdk15on-152.jar;C:\Arduino\lib\commons-codec-1.7.jar;C:\Arduino\lib\commons-compress-1.8.jar;C:\Arduino\lib\commons-exec-1.1.jar;C:\Arduino\lib\commons-httpclient-3.1.jar;C:\Arduino\lib\commons-lang3-3.3.2.jar;C:\Arduino\lib\commons-logging-1.0.4.jar;C:\Arduino\lib\commons-net-3.3.jar;C:\Arduino\lib\jackson-annotations-2.6.3.jar;C:\Arduino\lib\jackson-core-2.6.3.jar;C:\Arduino\lib\jackson-databind-2.6.3.jar;C:\Arduino\lib\jackson-module-mrbean-2.6.3.jar;C:\Arduino\lib\java-semver-0.8.0.jar;C:\Arduino\lib\jmdns-3.5.1.jar;C:\Arduino\lib\slf4j-simple-1.7.22.jar;C:\Arduino\lib\slf4j-api-1.7.22.jar;C:\Arduino\lib\jna-4.2.2.jar;C:\Arduino\lib\jna-platform-4.2.2.jar;C:\Arduino\lib\jsch-0.1.50.jar;C:\Arduino\lib\jssc-2.8.0-arduino1.jar;C:\Arduino\lib\pde.jar;C:\Arduino\lib\rsyntaxtextarea-2.6.1.jar;C:\Arduino\lib\xml-apis-1.3.04.jar;C:\Arduino\lib\xml-apis-ext-1.3.04.jar;C:\Arduino\lib\xmlgraphics-commons-2.0.jar
Launcher Type: SUN_STANDARD

Environment Variables:
PATH=C:\Program Files (x86)\NVIDIA Corporation\PhysX\Common;C:\Program Files (x86)\Common Files\Oracle\Java\javapath;C:\ProgramData\Oracle\Java\javapath;C:\WINDOWS\system32;C:\WINDOWS;C:\WINDOWS\System32\Wbem;C:\WINDOWS\System32\WindowsPowerShell\v1.0\;C:\Program Files (x86)\PuTTY\;C:\Program Files\MATLAB\R2017a\runtime\win64;C:\Program Files\MATLAB\R2017a\bin;C:\Program Files (x86)\MATLAB\MATLAB Compiler Runtime\v79\runtime\win32;C:\Program Files (x86)\IVI Foundation\VISA\WinNT\Bin\;C:\Program Files\IVI Foundation\VISA\Win64\Bin\;C:\Program Files (x86)\IVI Foundation\VISA\WinNT\Bin;C:\processing-2.2.1;;C:\WINDOWS\System32\OpenSSH\;C:\Typhoon HIL Control Center\bin\;C:\Program Files\Microsoft SQL Server\Client SDK\ODBC\110\Tools\Binn\;C:\Program Files (x86)\Microsoft SQL Server\120\Tools\Binn\;C:\Program Files\Microsoft SQL Server\120\Tools\Binn\;C:\Program Files\Microsoft SQL Server\120\DTS\Binn\;C:\Program Files (x86)\Windows Kits\8.1\Windows Performance Toolkit\;C:\Users\nigam4\AppData\Local\Microsoft\WindowsApps;C:\Users\nigam4\AppData\Local\Programs\MiKTeX 2.9\miktex\bin\x64\;;C:\Arduino\java\bin
USERNAME=nigam4
OS=Windows_NT
PROCESSOR_IDENTIFIER=Intel64 Family 6 Model 158 Stepping 9, GenuineIntel



---------------  S Y S T E M  ---------------

OS: Windows 10.0 , 64 bit Build 17134 (10.0.17134.556)

CPU:total 8 (initial active 8) (4 cores per cpu, 2 threads per core) family 6 model 158 stepping 9, cmov, cx8, fxsr, mmx, sse, sse2, sse3, ssse3, sse4.1, sse4.2, popcnt, avx, avx2, aes, clmul, erms, rtm, 3dnowpref, lzcnt, ht, tsc, tscinvbit, bmi1, bmi2, adx

Memory: 4k page, physical 16666376k(3636016k free), swap 33060312k(8327412k free)

vm_info: Java HotSpot(TM) Client VM (25.144-b01) for windows-x86 JRE (1.8.0_144-b01), built on Jul 21 2017 21:58:05 by "java_re" with MS VC++ 10.0 (VS2010)

time: Wed Feb 27 16:27:33 2019
elapsed time: 188921 seconds (2d 4h 28m 41s)

