#
# A fatal error has been detected by the Java Runtime Environment:
#
#  EXCEPTION_ACCESS_VIOLATION (0xc0000005) at pc=0x619489b6, pid=14296, tid=0x000037c0
#
# JRE version: Java(TM) SE Runtime Environment (8.0_144-b01) (build 1.8.0_144-b01)
# Java VM: Java HotSpot(TM) Client VM (25.144-b01 mixed mode windows-x86 )
# Problematic frame:
# C  [listSerialsj.dll+0x89b6]
#
# Failed to write core dump. Minidumps are not enabled by default on client versions of Windows
#
# If you would like to submit a bug report, please visit:
#   http://bugreport.java.com/bugreport/crash.jsp
# The crash happened outside the Java Virtual Machine in native code.
# See problematic frame for where to report the bug.
#

---------------  T H R E A D  ---------------

Current thread (0x27dfec00):  JavaThread "cc.arduino.packages.discoverers.serial.SerialBoardsLister" [_thread_in_native, id=14272, stack(0x27990000,0x279e0000)]

siginfo: ExceptionCode=0xc0000005, writing address 0x0000004c

Registers:
EAX=0x00000000, EBX=0x00000000, ECX=0xd23143b9, EDX=0x00000000
ESP=0x279defb0, EBP=0x27854630, ESI=0x0000004c, EDI=0x77236840
EIP=0x619489b6, EFLAGS=0x00010202

Top of Stack: (sp=0x279defb0)
0x279defb0:   0000fde9 00000000 27854630 ffffffff
0x279defc0:   00000000 0000004c 00000000 00000000
0x279defd0:   000000a0 27854628 000000a0 278a13f8
0x279defe0:   000008e8 00000007 279df048 61948d53
0x279deff0:   000008e8 00220414 27854628 000000a0
0x279df000:   27854628 000000a0 279df048 00000000
0x279df010:   00000000 77231190 6194da6f 00000001
0x279df020:   27864d48 0000001a 00000001 27854628 

Instructions: (pc=0x619489b6)
0x61948996:   89 44 24 10 c7 44 24 0c ff ff ff ff c7 44 24 04
0x619489a6:   00 00 00 00 c7 04 24 e9 fd 00 00 ff d7 83 ec 20
0x619489b6:   c6 04 33 00 89 d8 83 c4 2c 5b 5e 5f 5d c3 8d b6
0x619489c6:   00 00 00 00 8d bf 00 00 00 00 57 56 89 ce 53 b9 


Register to memory mapping:

EAX=0x00000000 is an unknown value
EBX=0x00000000 is an unknown value
ECX=0xd23143b9 is an unknown value
EDX=0x00000000 is an unknown value
ESP=0x279defb0 is pointing into the stack for thread: 0x27dfec00
EBP=0x27854630 is an unknown value
ESI=0x0000004c is an unknown value
EDI=0x77236840 is an unknown value


Stack: [0x27990000,0x279e0000],  sp=0x279defb0,  free space=315k
Native frames: (J=compiled Java code, j=interpreted, Vv=VM code, C=native code)
C  [listSerialsj.dll+0x89b6]

Java frames: (J=compiled Java code, j=interpreted, Vv=VM code)
j  processing.app.Platform.resolveDeviceAttachedToNative(Ljava/lang/String;)Ljava/lang/String;+0
j  processing.app.Platform.resolveDeviceByVendorIdProductId(Ljava/lang/String;Ljava/util/Map;)Ljava/util/Map;+2
J 2094 C1 cc.arduino.packages.discoverers.serial.SerialBoardsLister.retriggerDiscovery(Z)V (751 bytes) @ 0x027be1a4 [0x027bda90+0x714]
J 2105 C1 cc.arduino.packages.discoverers.serial.SerialBoardsLister.run()V (13 bytes) @ 0x027c77d4 [0x027c7790+0x44]
J 2111% C1 java.util.TimerThread.mainLoop()V (232 bytes) @ 0x027c8a54 [0x027c8620+0x434]
j  java.util.TimerThread.run()V+1
v  ~StubRoutines::call_stub

---------------  P R O C E S S  ---------------

Java Threads: ( => current thread )
  0x282a7400 JavaThread "DestroyJavaVM" [_thread_blocked, id=9400, stack(0x00c90000,0x00ce0000)]
  0x27e47c00 JavaThread "TimerQueue" daemon [_thread_blocked, id=4972, stack(0x29eb0000,0x29f00000)]
  0x27e46800 JavaThread "Batik CleanerThread" daemon [_thread_blocked, id=11060, stack(0x294e0000,0x29530000)]
  0x27e47800 JavaThread "AWT-EventQueue-0" [_thread_blocked, id=11940, stack(0x29410000,0x29460000)]
  0x27e48400 JavaThread "AWT-Shutdown" [_thread_blocked, id=4300, stack(0x265c0000,0x26610000)]
  0x27e48800 JavaThread "Timer-0" [_thread_blocked, id=5900, stack(0x29180000,0x291d0000)]
  0x27e4b000 JavaThread "JmDNS(ECEB-4076-14-ad-uillinois-edu.local.).State.Timer" daemon [_thread_blocked, id=5528, stack(0x290f0000,0x29140000)]
  0x27e4a800 JavaThread "JmDNS(ECEB-4076-14-ad-uillinois-edu.local.).Timer" daemon [_thread_blocked, id=864, stack(0x29060000,0x290b0000)]
  0x27e4a400 JavaThread "SocketListener(ECEB-4076-14-ad-uillinois-edu.local.)" daemon [_thread_in_native, id=2096, stack(0x28fd0000,0x29020000)]
  0x27e4d000 JavaThread "JmDNS(ECEB-4076-14-ad-uillinois-edu.local.).State.Timer" daemon [_thread_blocked, id=8140, stack(0x28f40000,0x28f90000)]
  0x27e4b800 JavaThread "JmDNS(ECEB-4076-14-ad-uillinois-edu.local.).Timer" daemon [_thread_blocked, id=13288, stack(0x28eb0000,0x28f00000)]
  0x27e4bc00 JavaThread "SocketListener(ECEB-4076-14-ad-uillinois-edu.local.)" daemon [_thread_in_native, id=504, stack(0x28e20000,0x28e70000)]
  0x27e4c400 JavaThread "JmDNS(ECEB-4076-14-ad-uillinois-edu.local.).State.Timer" daemon [_thread_blocked, id=11404, stack(0x28d90000,0x28de0000)]
  0x27e4dc00 JavaThread "JmDNS(ECEB-4076-14-ad-uillinois-edu.local.).Timer" daemon [_thread_blocked, id=2452, stack(0x28d00000,0x28d50000)]
  0x27e4c800 JavaThread "SocketListener(ECEB-4076-14-ad-uillinois-edu.local.)" daemon [_thread_in_native, id=1436, stack(0x28c70000,0x28cc0000)]
  0x27dff800 JavaThread "JmDNS(ECEB-4076-14-ad-uillinois-edu.local.).State.Timer" daemon [_thread_blocked, id=2168, stack(0x28ac0000,0x28b10000)]
  0x27dff400 JavaThread "JmDNS(ECEB-4076-14-ad-uillinois-edu.local.).Timer" daemon [_thread_blocked, id=8648, stack(0x28a30000,0x28a80000)]
  0x27e39800 JavaThread "SocketListener(ECEB-4076-14-ad-uillinois-edu.local.)" daemon [_thread_in_native, id=9672, stack(0x28970000,0x289c0000)]
  0x27e21400 JavaThread "Multihomed mDNS.Timer" daemon [_thread_blocked, id=9288, stack(0x287e0000,0x28830000)]
=>0x27dfec00 JavaThread "cc.arduino.packages.discoverers.serial.SerialBoardsLister" [_thread_in_native, id=14272, stack(0x27990000,0x279e0000)]
  0x2615a400 JavaThread "AWT-Windows" daemon [_thread_in_native, id=1908, stack(0x26650000,0x266a0000)]
  0x26159400 JavaThread "Java2D Disposer" daemon [_thread_blocked, id=3416, stack(0x26530000,0x26580000)]
  0x25979000 JavaThread "Service Thread" daemon [_thread_blocked, id=9496, stack(0x25e20000,0x25e70000)]
  0x2597dc00 JavaThread "C1 CompilerThread0" daemon [_thread_blocked, id=328, stack(0x25d90000,0x25de0000)]
  0x2597c400 JavaThread "Attach Listener" daemon [_thread_blocked, id=7328, stack(0x25d00000,0x25d50000)]
  0x2597a400 JavaThread "Signal Dispatcher" daemon [_thread_blocked, id=5560, stack(0x25c70000,0x25cc0000)]
  0x2595a000 JavaThread "Finalizer" daemon [_thread_blocked, id=11716, stack(0x250c0000,0x25110000)]
  0x25944400 JavaThread "Reference Handler" daemon [_thread_blocked, id=11536, stack(0x25030000,0x25080000)]

Other Threads:
  0x0222dc00 VMThread [stack: 0x24fa0000,0x24ff0000] [id=8884]
  0x25975000 WatcherThread [stack: 0x25eb0000,0x25f00000] [id=8588]

VM state:not at safepoint (normal execution)

VM Mutex/Monitor currently owned by a thread: None

Heap:
 def new generation   total 39424K, used 6990K [0x04600000, 0x070c0000, 0x0f0a0000)
  eden space 35072K,  19% used [0x04600000, 0x04cc36a0, 0x06840000)
  from space 4352K,   1% used [0x06840000, 0x068503b0, 0x06c80000)
  to   space 4352K,   0% used [0x06c80000, 0x06c80000, 0x070c0000)
 tenured generation   total 87424K, used 57652K [0x0f0a0000, 0x14600000, 0x24600000)
   the space 87424K,  65% used [0x0f0a0000, 0x128ed1c0, 0x128ed200, 0x14600000)
 Metaspace       used 18962K, capacity 19419K, committed 19456K, reserved 19840K

Card table byte_map: [0x24600000,0x24710000] byte_map_base: 0x245dd000

Polling page: 0x001e0000

CodeCache: size=32768Kb used=2340Kb max_used=3999Kb free=30427Kb
 bounds [0x02410000, 0x02800000, 0x04410000]
 total_blobs=1434 nmethods=1156 adapters=208
 compilation: enabled

Compilation events (10 events):
Event: 187856.001 Thread 0x2597dc00 3327             javax.jmdns.impl.DNSRecord$Address::handleResponse (101 bytes)
Event: 187856.002 Thread 0x2597dc00 nmethod 3327 0x0263c948 code [0x0263cb00, 0x0263cfa4]
Event: 188192.066 Thread 0x2597dc00 3328             javax.jmdns.impl.DNSOutgoing$MessageOutputStream::writeShort (14 bytes)
Event: 188192.066 Thread 0x2597dc00 nmethod 3328 0x0263c6c8 code [0x0263c7d0, 0x0263c898]
Event: 188252.250 Thread 0x2597dc00 3329             java.util.Arrays$ArrayList::toArray (11 bytes)
Event: 188252.250 Thread 0x2597dc00 nmethod 3329 0x026f39c8 code [0x026f3ad0, 0x026f3b8c]
Event: 188755.327 Thread 0x2597dc00 3330             java.net.DatagramSocket::checkAddress (47 bytes)
Event: 188755.327 Thread 0x2597dc00 nmethod 3330 0x026f1ec8 code [0x026f2000, 0x026f22d0]
Event: 188877.716 Thread 0x2597dc00 3331             java.lang.Integer::formatUnsignedInt (48 bytes)
Event: 188877.717 Thread 0x2597dc00 nmethod 3331 0x025338c8 code [0x025339d0, 0x02533ad0]

GC Heap History (10 events):
Event: 185069.235 GC heap before
{Heap before GC invocations=186 (full 1):
 def new generation   total 39424K, used 35497K [0x04600000, 0x070c0000, 0x0f0a0000)
  eden space 35072K, 100% used [0x04600000, 0x06840000, 0x06840000)
  from space 4352K,   9% used [0x06c80000, 0x06cea7a0, 0x070c0000)
  to   space 4352K,   0% used [0x06840000, 0x06840000, 0x06c80000)
 tenured generation   total 87424K, used 57316K [0x0f0a0000, 0x14600000, 0x24600000)
   the space 87424K,  65% used [0x0f0a0000, 0x12899040, 0x12899200, 0x14600000)
 Metaspace       used 18962K, capacity 19419K, committed 19456K, reserved 19840K
Event: 185069.237 GC heap after
Heap after GC invocations=187 (full 1):
 def new generation   total 39424K, used 415K [0x04600000, 0x070c0000, 0x0f0a0000)
  eden space 35072K,   0% used [0x04600000, 0x04600000, 0x06840000)
  from space 4352K,   9% used [0x06840000, 0x068a7c78, 0x06c80000)
  to   space 4352K,   0% used [0x06c80000, 0x06c80000, 0x070c0000)
 tenured generation   total 87424K, used 57316K [0x0f0a0000, 0x14600000, 0x24600000)
   the space 87424K,  65% used [0x0f0a0000, 0x128992c0, 0x12899400, 0x14600000)
 Metaspace       used 18962K, capacity 19419K, committed 19456K, reserved 19840K
}
Event: 186174.642 GC heap before
{Heap before GC invocations=187 (full 1):
 def new generation   total 39424K, used 35487K [0x04600000, 0x070c0000, 0x0f0a0000)
  eden space 35072K, 100% used [0x04600000, 0x06840000, 0x06840000)
  from space 4352K,   9% used [0x06840000, 0x068a7c78, 0x06c80000)
  to   space 4352K,   0% used [0x06c80000, 0x06c80000, 0x070c0000)
 tenured generation   total 87424K, used 57316K [0x0f0a0000, 0x14600000, 0x24600000)
   the space 87424K,  65% used [0x0f0a0000, 0x128992c0, 0x12899400, 0x14600000)
 Metaspace       used 18962K, capacity 19419K, committed 19456K, reserved 19840K
Event: 186174.644 GC heap after
Heap after GC invocations=188 (full 1):
 def new generation   total 39424K, used 400K [0x04600000, 0x070c0000, 0x0f0a0000)
  eden space 35072K,   0% used [0x04600000, 0x04600000, 0x06840000)
  from space 4352K,   9% used [0x06c80000, 0x06ce4010, 0x070c0000)
  to   space 4352K,   0% used [0x06840000, 0x06840000, 0x06c80000)
 tenured generation   total 87424K, used 57316K [0x0f0a0000, 0x14600000, 0x24600000)
   the space 87424K,  65% used [0x0f0a0000, 0x128992c0, 0x12899400, 0x14600000)
 Metaspace       used 18962K, capacity 19419K, committed 19456K, reserved 19840K
}
Event: 187093.651 GC heap before
{Heap before GC invocations=188 (full 1):
 def new generation   total 39424K, used 35472K [0x04600000, 0x070c0000, 0x0f0a0000)
  eden space 35072K, 100% used [0x04600000, 0x06840000, 0x06840000)
  from space 4352K,   9% used [0x06c80000, 0x06ce4010, 0x070c0000)
  to   space 4352K,   0% used [0x06840000, 0x06840000, 0x06c80000)
 tenured generation   total 87424K, used 57316K [0x0f0a0000, 0x14600000, 0x24600000)
   the space 87424K,  65% used [0x0f0a0000, 0x128992c0, 0x12899400, 0x14600000)
 Metaspace       used 18962K, capacity 19419K, committed 19456K, reserved 19840K
Event: 187093.655 GC heap after
Heap after GC invocations=189 (full 1):
 def new generation   total 39424K, used 197K [0x04600000, 0x070c0000, 0x0f0a0000)
  eden space 35072K,   0% used [0x04600000, 0x04600000, 0x06840000)
  from space 4352K,   4% used [0x06840000, 0x068716c0, 0x06c80000)
  to   space 4352K,   0% used [0x06c80000, 0x06c80000, 0x070c0000)
 tenured generation   total 87424K, used 57542K [0x0f0a0000, 0x14600000, 0x24600000)
   the space 87424K,  65% used [0x0f0a0000, 0x128d19c0, 0x128d1a00, 0x14600000)
 Metaspace       used 18962K, capacity 19419K, committed 19456K, reserved 19840K
}
Event: 188296.867 GC heap before
{Heap before GC invocations=189 (full 1):
 def new generation   total 39424K, used 35269K [0x04600000, 0x070c0000, 0x0f0a0000)
  eden space 35072K, 100% used [0x04600000, 0x06840000, 0x06840000)
  from space 4352K,   4% used [0x06840000, 0x068716c0, 0x06c80000)
  to   space 4352K,   0% used [0x06c80000, 0x06c80000, 0x070c0000)
 tenured generation   total 87424K, used 57542K [0x0f0a0000, 0x14600000, 0x24600000)
   the space 87424K,  65% used [0x0f0a0000, 0x128d19c0, 0x128d1a00, 0x14600000)
 Metaspace       used 18962K, capacity 19419K, committed 19456K, reserved 19840K
Event: 188296.869 GC heap after
Heap after GC invocations=190 (full 1):
 def new generation   total 39424K, used 69K [0x04600000, 0x070c0000, 0x0f0a0000)
  eden space 35072K,   0% used [0x04600000, 0x04600000, 0x06840000)
  from space 4352K,   1% used [0x06c80000, 0x06c917f8, 0x070c0000)
  to   space 4352K,   0% used [0x06840000, 0x06840000, 0x06c80000)
 tenured generation   total 87424K, used 57652K [0x0f0a0000, 0x14600000, 0x24600000)
   the space 87424K,  65% used [0x0f0a0000, 0x128ed1c0, 0x128ed200, 0x14600000)
 Metaspace       used 18962K, capacity 19419K, committed 19456K, reserved 19840K
}
Event: 189303.683 GC heap before
{Heap before GC invocations=190 (full 1):
 def new generation   total 39424K, used 35141K [0x04600000, 0x070c0000, 0x0f0a0000)
  eden space 35072K, 100% used [0x04600000, 0x06840000, 0x06840000)
  from space 4352K,   1% used [0x06c80000, 0x06c917f8, 0x070c0000)
  to   space 4352K,   0% used [0x06840000, 0x06840000, 0x06c80000)
 tenured generation   total 87424K, used 57652K [0x0f0a0000, 0x14600000, 0x24600000)
   the space 87424K,  65% used [0x0f0a0000, 0x128ed1c0, 0x128ed200, 0x14600000)
 Metaspace       used 18962K, capacity 19419K, committed 19456K, reserved 19840K
Event: 189303.684 GC heap after
Heap after GC invocations=191 (full 1):
 def new generation   total 39424K, used 64K [0x04600000, 0x070c0000, 0x0f0a0000)
  eden space 35072K,   0% used [0x04600000, 0x04600000, 0x06840000)
  from space 4352K,   1% used [0x06840000, 0x068503b0, 0x06c80000)
  to   space 4352K,   0% used [0x06c80000, 0x06c80000, 0x070c0000)
 tenured generation   total 87424K, used 57652K [0x0f0a0000, 0x14600000, 0x24600000)
   the space 87424K,  65% used [0x0f0a0000, 0x128ed1c0, 0x128ed200, 0x14600000)
 Metaspace       used 18962K, capacity 19419K, committed 19456K, reserved 19840K
}

Deoptimization events (0 events):
No events

Internal exceptions (10 events):
Event: 172184.514 Thread 0x282a4800 Exception <a 'java/io/IOException'> (0x0576c500) thrown at [C:\workspace\8-2-build-windows-i586-cygwin\jdk8u144\9417\hotspot\src\share\vm\prims\jni.cpp, line 709]
Event: 172184.514 Thread 0x282a4800 Exception <a 'java/io/IOException'> (0x0576d348) thrown at [C:\workspace\8-2-build-windows-i586-cygwin\jdk8u144\9417\hotspot\src\share\vm\prims\jni.cpp, line 709]
Event: 172184.514 Thread 0x282a4800 Exception <a 'java/io/IOException'> (0x0576d6d0) thrown at [C:\workspace\8-2-build-windows-i586-cygwin\jdk8u144\9417\hotspot\src\share\vm\prims\jni.cpp, line 709]
Event: 172184.514 Thread 0x282a4800 Exception <a 'java/io/IOException'> (0x0576d918) thrown at [C:\workspace\8-2-build-windows-i586-cygwin\jdk8u144\9417\hotspot\src\share\vm\prims\jni.cpp, line 709]
Event: 172184.514 Thread 0x282a4800 Exception <a 'java/io/IOException'> (0x0576e378) thrown at [C:\workspace\8-2-build-windows-i586-cygwin\jdk8u144\9417\hotspot\src\share\vm\prims\jni.cpp, line 709]
Event: 172184.514 Thread 0x282a4800 Exception <a 'java/io/IOException'> (0x0576e700) thrown at [C:\workspace\8-2-build-windows-i586-cygwin\jdk8u144\9417\hotspot\src\share\vm\prims\jni.cpp, line 709]
Event: 172184.514 Thread 0x282a4800 Exception <a 'java/io/IOException'> (0x0576e948) thrown at [C:\workspace\8-2-build-windows-i586-cygwin\jdk8u144\9417\hotspot\src\share\vm\prims\jni.cpp, line 709]
Event: 172185.317 Thread 0x282aa800 Exception <a 'java/io/IOException'> (0x0582bd50) thrown at [C:\workspace\8-2-build-windows-i586-cygwin\jdk8u144\9417\hotspot\src\share\vm\prims\jni.cpp, line 709]
Event: 172185.317 Thread 0x282aa800 Exception <a 'java/io/IOException'> (0x0582c110) thrown at [C:\workspace\8-2-build-windows-i586-cygwin\jdk8u144\9417\hotspot\src\share\vm\prims\jni.cpp, line 709]
Event: 172185.317 Thread 0x282aa800 Exception <a 'java/io/IOException'> (0x0582c358) thrown at [C:\workspace\8-2-build-windows-i586-cygwin\jdk8u144\9417\hotspot\src\share\vm\prims\jni.cpp, line 709]

Events (10 events):
Event: 188296.867 Executing VM operation: GenCollectForAllocation
Event: 188296.869 Executing VM operation: GenCollectForAllocation done
Event: 188782.516 Executing VM operation: RevokeBias
Event: 188782.516 Executing VM operation: RevokeBias done
Event: 188782.516 Executing VM operation: RevokeBias
Event: 188782.516 Executing VM operation: RevokeBias done
Event: 188877.717 Thread 0x2597dc00 flushing nmethod 0x026f35c8
Event: 188877.717 Thread 0x2597dc00 flushing nmethod 0x02700048
Event: 189303.682 Executing VM operation: GenCollectForAllocation
Event: 189303.684 Executing VM operation: GenCollectForAllocation done


Dynamic libraries:
0x00ce0000 - 0x00d13000 	C:\Arduino\java\bin\javaw.exe
0x77780000 - 0x77910000 	C:\WINDOWS\SYSTEM32\ntdll.dll
0x77220000 - 0x77300000 	C:\WINDOWS\System32\KERNEL32.DLL
0x75680000 - 0x75864000 	C:\WINDOWS\System32\KERNELBASE.dll
0x74c50000 - 0x74cc8000 	C:\WINDOWS\System32\ADVAPI32.dll
0x74490000 - 0x7454f000 	C:\WINDOWS\System32\msvcrt.dll
0x74610000 - 0x74654000 	C:\WINDOWS\System32\sechost.dll
0x74550000 - 0x74610000 	C:\WINDOWS\System32\RPCRT4.dll
0x74040000 - 0x74060000 	C:\WINDOWS\System32\SspiCli.dll
0x74030000 - 0x7403a000 	C:\WINDOWS\System32\CRYPTBASE.dll
0x77450000 - 0x774a8000 	C:\WINDOWS\System32\bcryptPrimitives.dll
0x76ee0000 - 0x7706d000 	C:\WINDOWS\System32\USER32.dll
0x76e30000 - 0x76e47000 	C:\WINDOWS\System32\win32u.dll
0x74990000 - 0x749b2000 	C:\WINDOWS\System32\GDI32.dll
0x77520000 - 0x77684000 	C:\WINDOWS\System32\gdi32full.dll
0x74b70000 - 0x74bed000 	C:\WINDOWS\System32\msvcp_win.dll
0x74800000 - 0x7491e000 	C:\WINDOWS\System32\ucrtbase.dll
0x6de10000 - 0x6e014000 	C:\WINDOWS\WinSxS\x86_microsoft.windows.common-controls_6595b64144ccf1df_6.0.17134.523_none_42edd4b044e3535c\COMCTL32.dll
0x75880000 - 0x75adc000 	C:\WINDOWS\System32\combase.dll
0x74c00000 - 0x74c26000 	C:\WINDOWS\System32\IMM32.DLL
0x57270000 - 0x5732f000 	C:\Arduino\java\bin\msvcr100.dll
0x56ea0000 - 0x5726e000 	C:\Arduino\java\bin\client\jvm.dll
0x774b0000 - 0x774b6000 	C:\WINDOWS\System32\PSAPI.DLL
0x71fa0000 - 0x71fa8000 	C:\WINDOWS\SYSTEM32\WSOCK32.dll
0x72a10000 - 0x72a18000 	C:\WINDOWS\SYSTEM32\VERSION.dll
0x72270000 - 0x72294000 	C:\WINDOWS\SYSTEM32\WINMM.dll
0x74920000 - 0x74987000 	C:\WINDOWS\System32\WS2_32.dll
0x72140000 - 0x72163000 	C:\WINDOWS\SYSTEM32\WINMMBASE.dll
0x74cf0000 - 0x74d29000 	C:\WINDOWS\System32\cfgmgr32.dll
0x56e70000 - 0x56ea0000 	C:\Arduino\java\bin\splashscreen.dll
0x6dd90000 - 0x6de0c000 	C:\WINDOWS\system32\uxtheme.dll
0x5b560000 - 0x5b56c000 	C:\Arduino\java\bin\verify.dll
0x56e40000 - 0x56e61000 	C:\Arduino\java\bin\java.dll
0x746b0000 - 0x747f3000 	C:\WINDOWS\System32\MSCTF.dll
0x749c0000 - 0x74a56000 	C:\WINDOWS\System32\OLEAUT32.dll
0x56e20000 - 0x56e33000 	C:\Arduino\java\bin\zip.dll
0x77070000 - 0x7707f000 	C:\WINDOWS\System32\kernel.appcore.dll
0x6b640000 - 0x6b6bd000 	C:\WINDOWS\System32\TextInputFramework.dll
0x6b3e0000 - 0x6b63d000 	C:\WINDOWS\System32\CoreUIComponents.dll
0x6b350000 - 0x6b3db000 	C:\WINDOWS\System32\CoreMessaging.dll
0x74ae0000 - 0x74b68000 	C:\WINDOWS\System32\SHCORE.dll
0x71830000 - 0x71859000 	C:\WINDOWS\SYSTEM32\ntmarta.dll
0x6bdd0000 - 0x6bea6000 	C:\WINDOWS\SYSTEM32\wintypes.dll
0x6f420000 - 0x6f443000 	C:\WINDOWS\system32\dwmapi.dll
0x6b2f0000 - 0x6b346000 	C:\WINDOWS\system32\Oleacc.dll
0x75ae0000 - 0x76e2a000 	C:\WINDOWS\System32\SHELL32.dll
0x74f80000 - 0x7553a000 	C:\WINDOWS\System32\windows.storage.dll
0x74660000 - 0x746a5000 	C:\WINDOWS\System32\shlwapi.dll
0x74c30000 - 0x74c48000 	C:\WINDOWS\System32\profapi.dll
0x74f30000 - 0x74f75000 	C:\WINDOWS\System32\powrprof.dll
0x74ad0000 - 0x74ad8000 	C:\WINDOWS\System32\FLTLIB.DLL
0x61940000 - 0x619b2000 	C:\Arduino\lib\listSerialsj.dll
0x74060000 - 0x7448b000 	C:\WINDOWS\System32\SETUPAPI.dll
0x56e00000 - 0x56e1d000 	C:\Arduino\lib\jnidispatch-4.2.2-win32-x86.dll
0x77300000 - 0x773fc000 	C:\WINDOWS\System32\Ole32.dll
0x56de0000 - 0x56df6000 	C:\Arduino\java\bin\net.dll
0x732d0000 - 0x73326000 	C:\WINDOWS\system32\mswsock.dll
0x56dd0000 - 0x56ddf000 	C:\Arduino\java\bin\nio.dll
0x56c80000 - 0x56dc5000 	C:\Arduino\java\bin\awt.dll
0x667f0000 - 0x6688d000 	C:\WINDOWS\SYSTEM32\apphelp.dll
0x56c40000 - 0x56c79000 	C:\Arduino\java\bin\fontmanager.dll
0x56b60000 - 0x56c39000 	C:\WINDOWS\system32\opengl32.dll
0x56b20000 - 0x56b5f000 	C:\WINDOWS\SYSTEM32\GLU32.dll
0x56ae0000 - 0x56b12000 	C:\Arduino\java\bin\t2k.dll
0x70f80000 - 0x70fa2000 	C:\WINDOWS\SYSTEM32\DEVOBJ.dll
0x77400000 - 0x77447000 	C:\WINDOWS\System32\WINTRUST.dll
0x75870000 - 0x7587e000 	C:\WINDOWS\System32\MSASN1.dll
0x77080000 - 0x77216000 	C:\WINDOWS\System32\CRYPT32.dll
0x72dd0000 - 0x72e00000 	C:\WINDOWS\SYSTEM32\IPHLPAPI.DLL
0x74ac0000 - 0x74ac7000 	C:\WINDOWS\System32\NSI.dll
0x71860000 - 0x71873000 	C:\WINDOWS\SYSTEM32\dhcpcsvc6.DLL
0x719b0000 - 0x719c4000 	C:\WINDOWS\SYSTEM32\dhcpcsvc.DLL
0x71880000 - 0x7190e000 	C:\WINDOWS\SYSTEM32\DNSAPI.dll
0x71440000 - 0x71461000 	C:\Program Files (x86)\Bonjour\mdnsNSP.dll
0x713e0000 - 0x713e8000 	C:\Windows\System32\rasadhlp.dll
0x713f0000 - 0x7143f000 	C:\WINDOWS\System32\fwpuclnt.dll
0x73270000 - 0x73289000 	C:\WINDOWS\SYSTEM32\bcrypt.dll
0x56a70000 - 0x56ad9000 	C:\Arduino\msvcp100.dll
0x569b0000 - 0x56a6e000 	C:\Arduino\msvcr100.dll
0x29460000 - 0x29492000 	C:\Arduino\lib\AStylej.dll
0x56980000 - 0x569a4000 	C:\Arduino\java\bin\dcpr.dll
0x76e50000 - 0x76ed3000 	C:\WINDOWS\System32\clbcatq.dll
0x58e70000 - 0x58fe1000 	C:\WINDOWS\SYSTEM32\WindowsCodecs.dll
0x6a560000 - 0x6a5af000 	C:\WINDOWS\system32\dataexchange.dll
0x6a1c0000 - 0x6a2fc000 	C:\WINDOWS\system32\dcomp.dll
0x6a300000 - 0x6a552000 	C:\WINDOWS\system32\d3d11.dll
0x6a120000 - 0x6a1b8000 	C:\WINDOWS\system32\dxgi.dll
0x6b9b0000 - 0x6bb15000 	C:\WINDOWS\system32\twinapi.appcore.dll
0x6b990000 - 0x6b9aa000 	C:\WINDOWS\system32\RMCLIENT.dll
0x64000000 - 0x6401b000 	C:\Arduino\lib\jSSC-2.8_x86.dll

VM Arguments:
jvm_args: -Dsun.java2d.d3d=false -Djna.nosys=true -Djna.nounpack=true -Djna.boot.library.name=jnidispatch-4.2.2-win32-x86 -Djna.boot.library.path=C:\Arduino/lib -Djssc.library.path=C:\Arduino/lib -DAPP_DIR=C:\Arduino -Xms128M -Xmx512M 
java_command: processing.app.Base X:\Microgrid testbed - work\100 nodes\Arduino\Final4v2\Final4v2.ino
java_class_path (initial): C:\Arduino\lib\apple.jar;C:\Arduino\lib\arduino-core.jar;C:\Arduino\lib\batik-1.8.jar;C:\Arduino\lib\batik-anim-1.8.jar;C:\Arduino\lib\batik-awt-util-1.8.jar;C:\Arduino\lib\batik-bridge-1.8.jar;C:\Arduino\lib\batik-codec-1.8.jar;C:\Arduino\lib\batik-css-1.8.jar;C:\Arduino\lib\batik-dom-1.8.jar;C:\Arduino\lib\batik-ext-1.8.jar;C:\Arduino\lib\batik-gvt-1.8.jar;C:\Arduino\lib\batik-parser-1.8.jar;C:\Arduino\lib\batik-rasterizer-1.8.jar;C:\Arduino\lib\batik-script-1.8.jar;C:\Arduino\lib\batik-squiggle-1.8.jar;C:\Arduino\lib\batik-svg-dom-1.8.jar;C:\Arduino\lib\batik-svgpp-1.8.jar;C:\Arduino\lib\batik-transcoder-1.8.jar;C:\Arduino\lib\batik-util-1.8.jar;C:\Arduino\lib\batik-xml-1.8.jar;C:\Arduino\lib\bcpg-jdk15on-152.jar;C:\Arduino\lib\bcprov-jdk15on-152.jar;C:\Arduino\lib\commons-codec-1.7.jar;C:\Arduino\lib\commons-compress-1.8.jar;C:\Arduino\lib\commons-exec-1.1.jar;C:\Arduino\lib\commons-httpclient-3.1.jar;C:\Arduino\lib\commons-lang3-3.3.2.jar;C:\Arduino\lib\commons-logging-1.0.4.jar;C:\Arduino\lib\commons-net-3.3.jar;C:\Arduino\lib\jackson-annotations-2.6.3.jar;C:\Arduino\lib\jackson-core-2.6.3.jar;C:\Arduino\lib\jackson-databind-2.6.3.jar;C:\Arduino\lib\jackson-module-mrbean-2.6.3.jar;C:\Arduino\lib\java-semver-0.8.0.jar;C:\Arduino\lib\jmdns-3.5.1.jar;C:\Arduino\lib\slf4j-simple-1.7.22.jar;C:\Arduino\lib\slf4j-api-1.7.22.jar;C:\Arduino\lib\jna-4.2.2.jar;C:\Arduino\lib\jna-platform-4.2.2.jar;C:\Arduino\lib\jsch-0.1.50.jar;C:\Arduino\lib\jssc-2.8.0-arduino1.jar;C:\Arduino\lib\pde.jar;C:\Arduino\lib\rsyntaxtextarea-2.6.1.jar;C:\Arduino\lib\xml-apis-1.3.04.jar;C:\Arduino\lib\xml-apis-ext-1.3.04.jar;C:\Arduino\lib\xmlgraphics-commons-2.0.jar
Launcher Type: SUN_STANDARD

Environment Variables:
PATH=C:\Program Files (x86)\NVIDIA Corporation\PhysX\Common;C:\Program Files (x86)\Common Files\Oracle\Java\javapath;C:\ProgramData\Oracle\Java\javapath;C:\WINDOWS\system32;C:\WINDOWS;C:\WINDOWS\System32\Wbem;C:\WINDOWS\System32\WindowsPowerShell\v1.0\;C:\Program Files (x86)\PuTTY\;C:\Program Files\MATLAB\R2017a\runtime\win64;C:\Program Files\MATLAB\R2017a\bin;C:\Program Files (x86)\MATLAB\MATLAB Compiler Runtime\v79\runtime\win32;C:\Program Files (x86)\IVI Foundation\VISA\WinNT\Bin\;C:\Program Files\IVI Foundation\VISA\Win64\Bin\;C:\Program Files (x86)\IVI Foundation\VISA\WinNT\Bin;C:\processing-2.2.1;;C:\WINDOWS\System32\OpenSSH\;C:\Typhoon HIL Control Center\bin\;C:\Program Files\Microsoft SQL Server\Client SDK\ODBC\110\Tools\Binn\;C:\Program Files (x86)\Microsoft SQL Server\120\Tools\Binn\;C:\Program Files\Microsoft SQL Server\120\Tools\Binn\;C:\Program Files\Microsoft SQL Server\120\DTS\Binn\;C:\Program Files (x86)\Windows Kits\8.1\Windows Performance Toolkit\;C:\Users\ora2\AppData\Local\Microsoft\WindowsApps;C:\processing-2.2.1;;C:\Arduino\java\bin
USERNAME=ora2
OS=Windows_NT
PROCESSOR_IDENTIFIER=Intel64 Family 6 Model 158 Stepping 9, GenuineIntel



---------------  S Y S T E M  ---------------

OS: Windows 10.0 , 64 bit Build 17134 (10.0.17134.1)

CPU:total 8 (initial active 8) (4 cores per cpu, 2 threads per core) family 6 model 158 stepping 9, cmov, cx8, fxsr, mmx, sse, sse2, sse3, ssse3, sse4.1, sse4.2, popcnt, avx, avx2, aes, clmul, erms, rtm, 3dnowpref, lzcnt, ht, tsc, tscinvbit, bmi1, bmi2, adx

Memory: 4k page, physical 16666376k(10295900k free), swap 19156744k(9869528k free)

vm_info: Java HotSpot(TM) Client VM (25.144-b01) for windows-x86 JRE (1.8.0_144-b01), built on Jul 21 2017 21:58:05 by "java_re" with MS VC++ 10.0 (VS2010)

time: Sun Feb 17 18:46:30 2019
elapsed time: 189545 seconds (2d 4h 39m 5s)

