#
# A fatal error has been detected by the Java Runtime Environment:
#
#  EXCEPTION_ACCESS_VIOLATION (0xc0000005) at pc=0x619489b6, pid=68544, tid=0x00007ac4
#
# JRE version: Java(TM) SE Runtime Environment (8.0_144-b01) (build 1.8.0_144-b01)
# Java VM: Java HotSpot(TM) Client VM (25.144-b01 mixed mode windows-x86 )
# Problematic frame:
# C  [listSerialsj.dll+0x89b6]
#
# Failed to write core dump. Minidumps are not enabled by default on client versions of Windows
#
# If you would like to submit a bug report, please visit:
#   http://bugreport.java.com/bugreport/crash.jsp
# The crash happened outside the Java Virtual Machine in native code.
# See problematic frame for where to report the bug.
#

---------------  T H R E A D  ---------------

Current thread (0x28f4c800):  JavaThread "cc.arduino.packages.discoverers.serial.SerialBoardsLister" [_thread_in_native, id=31428, stack(0x24fd0000,0x25020000)]

siginfo: ExceptionCode=0xc0000005, writing address 0x0000004c

Registers:
EAX=0x00000000, EBX=0x00000000, ECX=0x859023dd, EDX=0x00000000
ESP=0x2501e700, EBP=0x553cce08, ESI=0x0000004c, EDI=0x77376840
EIP=0x619489b6, EFLAGS=0x00010206

Top of Stack: (sp=0x2501e700)
0x2501e700:   0000fde9 00000000 553cce08 ffffffff
0x2501e710:   00000000 0000004c 00000000 00000000
0x2501e720:   000000a0 553cce00 000000a0 6f782bf0
0x2501e730:   000008f8 00000001 2501e798 61948d53
0x2501e740:   000008f8 00220414 553cce00 000000a0
0x2501e750:   553cce00 000000a0 2501e798 00000000
0x2501e760:   00000000 77371190 2501e94c 00000000
0x2501e770:   54d8f5d8 00000004 00000000 553cce00 

Instructions: (pc=0x619489b6)
0x61948996:   89 44 24 10 c7 44 24 0c ff ff ff ff c7 44 24 04
0x619489a6:   00 00 00 00 c7 04 24 e9 fd 00 00 ff d7 83 ec 20
0x619489b6:   c6 04 33 00 89 d8 83 c4 2c 5b 5e 5f 5d c3 8d b6
0x619489c6:   00 00 00 00 8d bf 00 00 00 00 57 56 89 ce 53 b9 


Register to memory mapping:

EAX=0x00000000 is an unknown value
EBX=0x00000000 is an unknown value
ECX=0x859023dd is an unknown value
EDX=0x00000000 is an unknown value
ESP=0x2501e700 is pointing into the stack for thread: 0x28f4c800
EBP=0x553cce08 is an unknown value
ESI=0x0000004c is an unknown value
EDI=0x77376840 is an unknown value


Stack: [0x24fd0000,0x25020000],  sp=0x2501e700,  free space=313k
Native frames: (J=compiled Java code, j=interpreted, Vv=VM code, C=native code)
C  [listSerialsj.dll+0x89b6]

Java frames: (J=compiled Java code, j=interpreted, Vv=VM code)
J 2522  processing.app.Platform.listSerialsNative()[Ljava/lang/String; (0 bytes) @ 0x02732f4f [0x02732f10+0x3f]
J 2510 C1 cc.arduino.packages.discoverers.serial.SerialBoardsLister.retriggerDiscovery(Z)V (751 bytes) @ 0x025b5524 [0x025b53d0+0x154]
J 2530 C1 cc.arduino.packages.discoverers.serial.SerialBoardsLister.run()V (13 bytes) @ 0x0270ae54 [0x0270ae10+0x44]
J 2513% C1 java.util.TimerThread.mainLoop()V (232 bytes) @ 0x0262b914 [0x0262b4e0+0x434]
j  java.util.TimerThread.run()V+1
v  ~StubRoutines::call_stub

---------------  P R O C E S S  ---------------

Java Threads: ( => current thread )
  0x28fb6400 JavaThread "DestroyJavaVM" [_thread_blocked, id=31760, stack(0x02480000,0x024d0000)]
  0x28fb0400 JavaThread "TimerQueue" daemon [_thread_blocked, id=5156, stack(0x280b0000,0x28100000)]
  0x28fb5400 JavaThread "Batik CleanerThread" daemon [_thread_blocked, id=30456, stack(0x278f0000,0x27940000)]
  0x28fb7000 JavaThread "AWT-EventQueue-0" [_thread_blocked, id=3420, stack(0x26920000,0x26970000)]
  0x28fb5c00 JavaThread "AWT-Shutdown" [_thread_blocked, id=53332, stack(0x26890000,0x268e0000)]
  0x28fb5000 JavaThread "Timer-0" [_thread_blocked, id=46536, stack(0x273a0000,0x273f0000)]
  0x28fb0c00 JavaThread "JmDNS(ECEB-4076-14-ad-uillinois-edu.local.).State.Timer" daemon [_thread_blocked, id=68228, stack(0x27310000,0x27360000)]
  0x28f93400 JavaThread "JmDNS(ECEB-4076-14-ad-uillinois-edu.local.).Timer" daemon [_thread_blocked, id=43436, stack(0x27280000,0x272d0000)]
  0x28f93000 JavaThread "SocketListener(ECEB-4076-14-ad-uillinois-edu.local.)" daemon [_thread_in_native, id=43420, stack(0x271f0000,0x27240000)]
  0x28f95000 JavaThread "JmDNS(ECEB-4076-14-ad-uillinois-edu.local.).State.Timer" daemon [_thread_blocked, id=59736, stack(0x27060000,0x270b0000)]
  0x28f95400 JavaThread "JmDNS(ECEB-4076-14-ad-uillinois-edu.local.).Timer" daemon [_thread_blocked, id=10936, stack(0x26fd0000,0x27020000)]
  0x28f94000 JavaThread "SocketListener(ECEB-4076-14-ad-uillinois-edu.local.)" daemon [_thread_in_native, id=33904, stack(0x26f40000,0x26f90000)]
  0x28f96000 JavaThread "JmDNS(ECEB-4076-14-ad-uillinois-edu.local.).State.Timer" daemon [_thread_blocked, id=52696, stack(0x26eb0000,0x26f00000)]
  0x28f93c00 JavaThread "JmDNS(ECEB-4076-14-ad-uillinois-edu.local.).Timer" daemon [_thread_blocked, id=47876, stack(0x26e20000,0x26e70000)]
  0x28f96800 JavaThread "SocketListener(ECEB-4076-14-ad-uillinois-edu.local.)" daemon [_thread_in_native, id=14908, stack(0x26d90000,0x26de0000)]
  0x28f8b000 JavaThread "JmDNS(ECEB-4076-14-ad-uillinois-edu.local.).State.Timer" daemon [_thread_blocked, id=16272, stack(0x26be0000,0x26c30000)]
  0x28f78800 JavaThread "JmDNS(ECEB-4076-14-ad-uillinois-edu.local.).Timer" daemon [_thread_blocked, id=41468, stack(0x26b50000,0x26ba0000)]
  0x28f78000 JavaThread "SocketListener(ECEB-4076-14-ad-uillinois-edu.local.)" daemon [_thread_in_native, id=20108, stack(0x26ac0000,0x26b10000)]
  0x28f4d400 JavaThread "Multihomed mDNS.Timer" daemon [_thread_blocked, id=58344, stack(0x266a0000,0x266f0000)]
=>0x28f4c800 JavaThread "cc.arduino.packages.discoverers.serial.SerialBoardsLister" [_thread_in_native, id=31428, stack(0x24fd0000,0x25020000)]
  0x2624d000 JavaThread "AWT-Windows" daemon [_thread_in_native, id=15600, stack(0x26730000,0x26780000)]
  0x2624bc00 JavaThread "Java2D Disposer" daemon [_thread_blocked, id=54360, stack(0x26610000,0x26660000)]
  0x24ca7400 JavaThread "Service Thread" daemon [_thread_blocked, id=27896, stack(0x25f00000,0x25f50000)]
  0x24cac400 JavaThread "C1 CompilerThread0" daemon [_thread_blocked, id=53084, stack(0x25e70000,0x25ec0000)]
  0x24caa800 JavaThread "Attach Listener" daemon [_thread_blocked, id=56928, stack(0x25de0000,0x25e30000)]
  0x24ca8800 JavaThread "Signal Dispatcher" daemon [_thread_blocked, id=11460, stack(0x250f0000,0x25140000)]
  0x24c8a000 JavaThread "Finalizer" daemon [_thread_blocked, id=53264, stack(0x24f40000,0x24f90000)]
  0x24c74400 JavaThread "Reference Handler" daemon [_thread_blocked, id=60380, stack(0x24eb0000,0x24f00000)]

Other Threads:
  0x023ddc00 VMThread [stack: 0x24c20000,0x24c70000] [id=31280]
  0x24ca8000 WatcherThread [stack: 0x25f90000,0x25fe0000] [id=34880]

VM state:not at safepoint (normal execution)

VM Mutex/Monitor currently owned by a thread: None

Heap:
 def new generation   total 39424K, used 26359K [0x04600000, 0x070c0000, 0x0f0a0000)
  eden space 35072K,  74% used [0x04600000, 0x05fafcc8, 0x06840000)
  from space 4352K,   1% used [0x06c80000, 0x06c8e2e8, 0x070c0000)
  to   space 4352K,   0% used [0x06840000, 0x06840000, 0x06c80000)
 tenured generation   total 87424K, used 46577K [0x0f0a0000, 0x14600000, 0x24600000)
   the space 87424K,  53% used [0x0f0a0000, 0x11e1c650, 0x11e1c800, 0x14600000)
 Metaspace       used 18765K, capacity 19215K, committed 19328K, reserved 19840K

Card table byte_map: [0x24600000,0x24710000] byte_map_base: 0x245dd000

Polling page: 0x00650000

CodeCache: size=32768Kb used=1948Kb max_used=3893Kb free=30819Kb
 bounds [0x02510000, 0x028e0000, 0x04510000]
 total_blobs=1147 nmethods=871 adapters=206
 compilation: enabled

Compilation events (10 events):
Event: 143326.243 Thread 0x24cac400 3212             java.util.Collections$EmptyList::iterator (4 bytes)
Event: 143326.243 Thread 0x24cac400 nmethod 3212 0x02808c48 code [0x02808d40, 0x02808dc0]
Event: 146505.701 Thread 0x24cac400 3213             java.util.Collections$EmptyIterator::hasNext (2 bytes)
Event: 146505.702 Thread 0x24cac400 nmethod 3213 0x0280b508 code [0x0280b600, 0x0280b680]
Event: 159052.143 Thread 0x24cac400 3214             java.awt.Color::<init> (72 bytes)
Event: 159052.143 Thread 0x24cac400 nmethod 3214 0x02884f48 code [0x02885040, 0x0288515c]
Event: 159052.143 Thread 0x24cac400 3215             java.awt.Color::testColorValueRange (186 bytes)
Event: 159052.144 Thread 0x24cac400 nmethod 3215 0x025f3d48 code [0x025f3f40, 0x025f4830]
Event: 159052.145 Thread 0x24cac400 3216             java.awt.Color::equals (27 bytes)
Event: 159052.145 Thread 0x24cac400 nmethod 3216 0x02884cc8 code [0x02884dc0, 0x02884ec0]

GC Heap History (10 events):
Event: 164759.068 GC heap before
{Heap before GC invocations=171 (full 1):
 def new generation   total 39424K, used 35133K [0x04600000, 0x070c0000, 0x0f0a0000)
  eden space 35072K, 100% used [0x04600000, 0x06840000, 0x06840000)
  from space 4352K,   1% used [0x06840000, 0x0684f628, 0x06c80000)
  to   space 4352K,   0% used [0x06c80000, 0x06c80000, 0x070c0000)
 tenured generation   total 87424K, used 46577K [0x0f0a0000, 0x14600000, 0x24600000)
   the space 87424K,  53% used [0x0f0a0000, 0x11e1c650, 0x11e1c800, 0x14600000)
 Metaspace       used 18765K, capacity 19215K, committed 19328K, reserved 19840K
Event: 164759.069 GC heap after
Heap after GC invocations=172 (full 1):
 def new generation   total 39424K, used 56K [0x04600000, 0x070c0000, 0x0f0a0000)
  eden space 35072K,   0% used [0x04600000, 0x04600000, 0x06840000)
  from space 4352K,   1% used [0x06c80000, 0x06c8e320, 0x070c0000)
  to   space 4352K,   0% used [0x06840000, 0x06840000, 0x06c80000)
 tenured generation   total 87424K, used 46577K [0x0f0a0000, 0x14600000, 0x24600000)
   the space 87424K,  53% used [0x0f0a0000, 0x11e1c650, 0x11e1c800, 0x14600000)
 Metaspace       used 18765K, capacity 19215K, committed 19328K, reserved 19840K
}
Event: 166015.012 GC heap before
{Heap before GC invocations=172 (full 1):
 def new generation   total 39424K, used 35128K [0x04600000, 0x070c0000, 0x0f0a0000)
  eden space 35072K, 100% used [0x04600000, 0x06840000, 0x06840000)
  from space 4352K,   1% used [0x06c80000, 0x06c8e320, 0x070c0000)
  to   space 4352K,   0% used [0x06840000, 0x06840000, 0x06c80000)
 tenured generation   total 87424K, used 46577K [0x0f0a0000, 0x14600000, 0x24600000)
   the space 87424K,  53% used [0x0f0a0000, 0x11e1c650, 0x11e1c800, 0x14600000)
 Metaspace       used 18765K, capacity 19215K, committed 19328K, reserved 19840K
Event: 166015.013 GC heap after
Heap after GC invocations=173 (full 1):
 def new generation   total 39424K, used 47K [0x04600000, 0x070c0000, 0x0f0a0000)
  eden space 35072K,   0% used [0x04600000, 0x04600000, 0x06840000)
  from space 4352K,   1% used [0x06840000, 0x0684bcf0, 0x06c80000)
  to   space 4352K,   0% used [0x06c80000, 0x06c80000, 0x070c0000)
 tenured generation   total 87424K, used 46577K [0x0f0a0000, 0x14600000, 0x24600000)
   the space 87424K,  53% used [0x0f0a0000, 0x11e1c650, 0x11e1c800, 0x14600000)
 Metaspace       used 18765K, capacity 19215K, committed 19328K, reserved 19840K
}
Event: 167140.596 GC heap before
{Heap before GC invocations=173 (full 1):
 def new generation   total 39424K, used 35119K [0x04600000, 0x070c0000, 0x0f0a0000)
  eden space 35072K, 100% used [0x04600000, 0x06840000, 0x06840000)
  from space 4352K,   1% used [0x06840000, 0x0684bcf0, 0x06c80000)
  to   space 4352K,   0% used [0x06c80000, 0x06c80000, 0x070c0000)
 tenured generation   total 87424K, used 46577K [0x0f0a0000, 0x14600000, 0x24600000)
   the space 87424K,  53% used [0x0f0a0000, 0x11e1c650, 0x11e1c800, 0x14600000)
 Metaspace       used 18765K, capacity 19215K, committed 19328K, reserved 19840K
Event: 167140.597 GC heap after
Heap after GC invocations=174 (full 1):
 def new generation   total 39424K, used 69K [0x04600000, 0x070c0000, 0x0f0a0000)
  eden space 35072K,   0% used [0x04600000, 0x04600000, 0x06840000)
  from space 4352K,   1% used [0x06c80000, 0x06c91510, 0x070c0000)
  to   space 4352K,   0% used [0x06840000, 0x06840000, 0x06c80000)
 tenured generation   total 87424K, used 46577K [0x0f0a0000, 0x14600000, 0x24600000)
   the space 87424K,  53% used [0x0f0a0000, 0x11e1c650, 0x11e1c800, 0x14600000)
 Metaspace       used 18765K, capacity 19215K, committed 19328K, reserved 19840K
}
Event: 168202.429 GC heap before
{Heap before GC invocations=174 (full 1):
 def new generation   total 39424K, used 35141K [0x04600000, 0x070c0000, 0x0f0a0000)
  eden space 35072K, 100% used [0x04600000, 0x06840000, 0x06840000)
  from space 4352K,   1% used [0x06c80000, 0x06c91510, 0x070c0000)
  to   space 4352K,   0% used [0x06840000, 0x06840000, 0x06c80000)
 tenured generation   total 87424K, used 46577K [0x0f0a0000, 0x14600000, 0x24600000)
   the space 87424K,  53% used [0x0f0a0000, 0x11e1c650, 0x11e1c800, 0x14600000)
 Metaspace       used 18765K, capacity 19215K, committed 19328K, reserved 19840K
Event: 168202.430 GC heap after
Heap after GC invocations=175 (full 1):
 def new generation   total 39424K, used 52K [0x04600000, 0x070c0000, 0x0f0a0000)
  eden space 35072K,   0% used [0x04600000, 0x04600000, 0x06840000)
  from space 4352K,   1% used [0x06840000, 0x0684d308, 0x06c80000)
  to   space 4352K,   0% used [0x06c80000, 0x06c80000, 0x070c0000)
 tenured generation   total 87424K, used 46577K [0x0f0a0000, 0x14600000, 0x24600000)
   the space 87424K,  53% used [0x0f0a0000, 0x11e1c650, 0x11e1c800, 0x14600000)
 Metaspace       used 18765K, capacity 19215K, committed 19328K, reserved 19840K
}
Event: 169360.432 GC heap before
{Heap before GC invocations=175 (full 1):
 def new generation   total 39424K, used 35124K [0x04600000, 0x070c0000, 0x0f0a0000)
  eden space 35072K, 100% used [0x04600000, 0x06840000, 0x06840000)
  from space 4352K,   1% used [0x06840000, 0x0684d308, 0x06c80000)
  to   space 4352K,   0% used [0x06c80000, 0x06c80000, 0x070c0000)
 tenured generation   total 87424K, used 46577K [0x0f0a0000, 0x14600000, 0x24600000)
   the space 87424K,  53% used [0x0f0a0000, 0x11e1c650, 0x11e1c800, 0x14600000)
 Metaspace       used 18765K, capacity 19215K, committed 19328K, reserved 19840K
Event: 169360.434 GC heap after
Heap after GC invocations=176 (full 1):
 def new generation   total 39424K, used 56K [0x04600000, 0x070c0000, 0x0f0a0000)
  eden space 35072K,   0% used [0x04600000, 0x04600000, 0x06840000)
  from space 4352K,   1% used [0x06c80000, 0x06c8e2e8, 0x070c0000)
  to   space 4352K,   0% used [0x06840000, 0x06840000, 0x06c80000)
 tenured generation   total 87424K, used 46577K [0x0f0a0000, 0x14600000, 0x24600000)
   the space 87424K,  53% used [0x0f0a0000, 0x11e1c650, 0x11e1c800, 0x14600000)
 Metaspace       used 18765K, capacity 19215K, committed 19328K, reserved 19840K
}

Deoptimization events (0 events):
No events

Internal exceptions (10 events):
Event: 71.004 Thread 0x28fafc00 Exception <a 'sun/nio/fs/WindowsException'> (0x04a95bb8) thrown at [C:\workspace\8-2-build-windows-i586-cygwin\jdk8u144\9417\hotspot\src\share\vm\prims\jni.cpp, line 709]
Event: 71.004 Thread 0x28fafc00 Exception <a 'sun/nio/fs/WindowsException'> (0x04a96020) thrown at [C:\workspace\8-2-build-windows-i586-cygwin\jdk8u144\9417\hotspot\src\share\vm\prims\jni.cpp, line 709]
Event: 71.005 Thread 0x28fafc00 Exception <a 'sun/nio/fs/WindowsException'> (0x04aa9c50) thrown at [C:\workspace\8-2-build-windows-i586-cygwin\jdk8u144\9417\hotspot\src\share\vm\prims\jni.cpp, line 709]
Event: 71.005 Thread 0x28fafc00 Exception <a 'sun/nio/fs/WindowsException'> (0x04aaa0b8) thrown at [C:\workspace\8-2-build-windows-i586-cygwin\jdk8u144\9417\hotspot\src\share\vm\prims\jni.cpp, line 709]
Event: 71.007 Thread 0x28fafc00 Exception <a 'sun/nio/fs/WindowsException'> (0x04abc0e0) thrown at [C:\workspace\8-2-build-windows-i586-cygwin\jdk8u144\9417\hotspot\src\share\vm\prims\jni.cpp, line 709]
Event: 71.007 Thread 0x28fafc00 Exception <a 'sun/nio/fs/WindowsException'> (0x04abc7c8) thrown at [C:\workspace\8-2-build-windows-i586-cygwin\jdk8u144\9417\hotspot\src\share\vm\prims\jni.cpp, line 709]
Event: 71.009 Thread 0x28fafc00 Exception <a 'sun/nio/fs/WindowsException'> (0x04ac6fa0) thrown at [C:\workspace\8-2-build-windows-i586-cygwin\jdk8u144\9417\hotspot\src\share\vm\prims\jni.cpp, line 709]
Event: 71.009 Thread 0x28fafc00 Exception <a 'sun/nio/fs/WindowsException'> (0x04ac7688) thrown at [C:\workspace\8-2-build-windows-i586-cygwin\jdk8u144\9417\hotspot\src\share\vm\prims\jni.cpp, line 709]
Event: 71.010 Thread 0x28fafc00 Exception <a 'sun/nio/fs/WindowsException'> (0x04ad1e80) thrown at [C:\workspace\8-2-build-windows-i586-cygwin\jdk8u144\9417\hotspot\src\share\vm\prims\jni.cpp, line 709]
Event: 71.010 Thread 0x28fafc00 Exception <a 'sun/nio/fs/WindowsException'> (0x04ad2568) thrown at [C:\workspace\8-2-build-windows-i586-cygwin\jdk8u144\9417\hotspot\src\share\vm\prims\jni.cpp, line 709]

Events (10 events):
Event: 164759.067 Executing VM operation: GenCollectForAllocation
Event: 164759.069 Executing VM operation: GenCollectForAllocation done
Event: 166015.012 Executing VM operation: GenCollectForAllocation
Event: 166015.013 Executing VM operation: GenCollectForAllocation done
Event: 167140.596 Executing VM operation: GenCollectForAllocation
Event: 167140.597 Executing VM operation: GenCollectForAllocation done
Event: 168202.429 Executing VM operation: GenCollectForAllocation
Event: 168202.430 Executing VM operation: GenCollectForAllocation done
Event: 169360.432 Executing VM operation: GenCollectForAllocation
Event: 169360.434 Executing VM operation: GenCollectForAllocation done


Dynamic libraries:
0x00180000 - 0x001b3000 	C:\Arduino\java\bin\javaw.exe
0x77c80000 - 0x77e10000 	C:\WINDOWS\SYSTEM32\ntdll.dll
0x77360000 - 0x77440000 	C:\WINDOWS\System32\KERNEL32.DLL
0x77440000 - 0x77624000 	C:\WINDOWS\System32\KERNELBASE.dll
0x75cd0000 - 0x75d48000 	C:\WINDOWS\System32\ADVAPI32.dll
0x75630000 - 0x756ef000 	C:\WINDOWS\System32\msvcrt.dll
0x77b30000 - 0x77b74000 	C:\WINDOWS\System32\sechost.dll
0x74650000 - 0x74710000 	C:\WINDOWS\System32\RPCRT4.dll
0x74540000 - 0x74560000 	C:\WINDOWS\System32\SspiCli.dll
0x74530000 - 0x7453a000 	C:\WINDOWS\System32\CRYPTBASE.dll
0x74c90000 - 0x74ce8000 	C:\WINDOWS\System32\bcryptPrimitives.dll
0x74940000 - 0x74acd000 	C:\WINDOWS\System32\USER32.dll
0x77b10000 - 0x77b27000 	C:\WINDOWS\System32\win32u.dll
0x75dc0000 - 0x75de2000 	C:\WINDOWS\System32\GDI32.dll
0x74b20000 - 0x74c84000 	C:\WINDOWS\System32\gdi32full.dll
0x75f90000 - 0x7600d000 	C:\WINDOWS\System32\msvcp_win.dll
0x74770000 - 0x7488e000 	C:\WINDOWS\System32\ucrtbase.dll
0x6f020000 - 0x6f224000 	C:\WINDOWS\WinSxS\x86_microsoft.windows.common-controls_6595b64144ccf1df_6.0.17134.590_none_42ead2d644e6098e\COMCTL32.dll
0x77780000 - 0x779dc000 	C:\WINDOWS\System32\combase.dll
0x74ad0000 - 0x74af6000 	C:\WINDOWS\System32\IMM32.DLL
0x664b0000 - 0x6656f000 	C:\Arduino\java\bin\msvcr100.dll
0x6c3b0000 - 0x6c77e000 	C:\Arduino\java\bin\client\jvm.dll
0x77b80000 - 0x77b86000 	C:\WINDOWS\System32\PSAPI.DLL
0x72720000 - 0x72728000 	C:\WINDOWS\SYSTEM32\WSOCK32.dll
0x727b0000 - 0x727d4000 	C:\WINDOWS\SYSTEM32\WINMM.dll
0x72830000 - 0x72838000 	C:\WINDOWS\SYSTEM32\VERSION.dll
0x74f20000 - 0x74f87000 	C:\WINDOWS\System32\WS2_32.dll
0x72560000 - 0x72583000 	C:\WINDOWS\SYSTEM32\WINMMBASE.dll
0x74d80000 - 0x74db9000 	C:\WINDOWS\System32\cfgmgr32.dll
0x6ed90000 - 0x6edc0000 	C:\Arduino\java\bin\splashscreen.dll
0x6f950000 - 0x6f9cc000 	C:\WINDOWS\system32\uxtheme.dll
0x6f9e0000 - 0x6f9ec000 	C:\Arduino\java\bin\verify.dll
0x77630000 - 0x77773000 	C:\WINDOWS\System32\MSCTF.dll
0x745b0000 - 0x74646000 	C:\WINDOWS\System32\OLEAUT32.dll
0x69cb0000 - 0x69cd1000 	C:\Arduino\java\bin\java.dll
0x6f540000 - 0x6f553000 	C:\Arduino\java\bin\zip.dll
0x756f0000 - 0x756ff000 	C:\WINDOWS\System32\kernel.appcore.dll
0x6edc0000 - 0x6ee3d000 	C:\WINDOWS\System32\TextInputFramework.dll
0x66b00000 - 0x66b8b000 	C:\WINDOWS\System32\CoreMessaging.dll
0x52f80000 - 0x531dd000 	C:\WINDOWS\System32\CoreUIComponents.dll
0x75100000 - 0x75188000 	C:\WINDOWS\System32\SHCORE.dll
0x71c60000 - 0x71c89000 	C:\WINDOWS\SYSTEM32\ntmarta.dll
0x69870000 - 0x69946000 	C:\WINDOWS\SYSTEM32\wintypes.dll
0x6c100000 - 0x6c123000 	C:\WINDOWS\system32\dwmapi.dll
0x76010000 - 0x7735a000 	C:\WINDOWS\System32\SHELL32.dll
0x75710000 - 0x75cca000 	C:\WINDOWS\System32\windows.storage.dll
0x74560000 - 0x745a5000 	C:\WINDOWS\System32\shlwapi.dll
0x74b00000 - 0x74b18000 	C:\WINDOWS\System32\profapi.dll
0x75d60000 - 0x75da5000 	C:\WINDOWS\System32\powrprof.dll
0x75db0000 - 0x75db8000 	C:\WINDOWS\System32\FLTLIB.DLL
0x61940000 - 0x619b2000 	C:\Arduino\lib\listSerialsj.dll
0x75190000 - 0x755bb000 	C:\WINDOWS\System32\SETUPAPI.dll
0x6ed70000 - 0x6ed8d000 	C:\Arduino\lib\jnidispatch-4.2.2-win32-x86.dll
0x74e20000 - 0x74f1c000 	C:\WINDOWS\System32\Ole32.dll
0x021e0000 - 0x021f6000 	C:\Arduino\java\bin\net.dll
0x737d0000 - 0x73826000 	C:\WINDOWS\system32\mswsock.dll
0x6f9d0000 - 0x6f9df000 	C:\Arduino\java\bin\nio.dll
0x53c90000 - 0x53dd5000 	C:\Arduino\java\bin\awt.dll
0x595c0000 - 0x5965d000 	C:\WINDOWS\SYSTEM32\apphelp.dll
0x69c70000 - 0x69ca9000 	C:\Arduino\java\bin\fontmanager.dll
0x53a20000 - 0x53af9000 	C:\WINDOWS\system32\opengl32.dll
0x692a0000 - 0x692df000 	C:\WINDOWS\SYSTEM32\GLU32.dll
0x68d70000 - 0x68da2000 	C:\Arduino\java\bin\t2k.dll
0x70db0000 - 0x70dd2000 	C:\WINDOWS\SYSTEM32\DEVOBJ.dll
0x779e0000 - 0x77a27000 	C:\WINDOWS\System32\WINTRUST.dll
0x75d50000 - 0x75d5e000 	C:\WINDOWS\System32\MSASN1.dll
0x75df0000 - 0x75f86000 	C:\WINDOWS\System32\CRYPT32.dll
0x72730000 - 0x72760000 	C:\WINDOWS\SYSTEM32\IPHLPAPI.DLL
0x75700000 - 0x75707000 	C:\WINDOWS\System32\NSI.dll
0x72290000 - 0x722a3000 	C:\WINDOWS\SYSTEM32\dhcpcsvc6.DLL
0x72410000 - 0x72424000 	C:\WINDOWS\SYSTEM32\dhcpcsvc.DLL
0x72380000 - 0x7240e000 	C:\WINDOWS\SYSTEM32\DNSAPI.dll
0x71bc0000 - 0x71be1000 	C:\Program Files (x86)\Bonjour\mdnsNSP.dll
0x71bb0000 - 0x71bb8000 	C:\Windows\System32\rasadhlp.dll
0x71b50000 - 0x71b9f000 	C:\WINDOWS\System32\fwpuclnt.dll
0x73770000 - 0x73789000 	C:\WINDOWS\SYSTEM32\bcrypt.dll
0x52890000 - 0x528f9000 	C:\Arduino\msvcp100.dll
0x50130000 - 0x501ee000 	C:\Arduino\msvcr100.dll
0x274a0000 - 0x274d2000 	C:\Arduino\lib\AStylej.dll
0x69310000 - 0x69334000 	C:\Arduino\java\bin\dcpr.dll
0x74890000 - 0x74913000 	C:\WINDOWS\System32\clbcatq.dll
0x58b20000 - 0x58c91000 	C:\WINDOWS\SYSTEM32\WindowsCodecs.dll
0x64b00000 - 0x64b4f000 	C:\WINDOWS\system32\dataexchange.dll
0x64760000 - 0x6489c000 	C:\WINDOWS\system32\dcomp.dll
0x648a0000 - 0x64af2000 	C:\WINDOWS\system32\d3d11.dll
0x646c0000 - 0x64758000 	C:\WINDOWS\system32\dxgi.dll
0x68bb0000 - 0x68d15000 	C:\WINDOWS\system32\twinapi.appcore.dll
0x68b80000 - 0x68ba1000 	C:\WINDOWS\system32\RMCLIENT.dll

VM Arguments:
jvm_args: -Dsun.java2d.d3d=false -Djna.nosys=true -Djna.nounpack=true -Djna.boot.library.name=jnidispatch-4.2.2-win32-x86 -Djna.boot.library.path=C:\Arduino/lib -Djssc.library.path=C:\Arduino/lib -DAPP_DIR=C:\Arduino -Xms128M -Xmx512M 
java_command: processing.app.Base C:\git\microgrid_testbed\100 nodes\Arduino\Final3v2\Final3v2.ino
java_class_path (initial): C:\Arduino\lib\apple.jar;C:\Arduino\lib\arduino-core.jar;C:\Arduino\lib\batik-1.8.jar;C:\Arduino\lib\batik-anim-1.8.jar;C:\Arduino\lib\batik-awt-util-1.8.jar;C:\Arduino\lib\batik-bridge-1.8.jar;C:\Arduino\lib\batik-codec-1.8.jar;C:\Arduino\lib\batik-css-1.8.jar;C:\Arduino\lib\batik-dom-1.8.jar;C:\Arduino\lib\batik-ext-1.8.jar;C:\Arduino\lib\batik-gvt-1.8.jar;C:\Arduino\lib\batik-parser-1.8.jar;C:\Arduino\lib\batik-rasterizer-1.8.jar;C:\Arduino\lib\batik-script-1.8.jar;C:\Arduino\lib\batik-squiggle-1.8.jar;C:\Arduino\lib\batik-svg-dom-1.8.jar;C:\Arduino\lib\batik-svgpp-1.8.jar;C:\Arduino\lib\batik-transcoder-1.8.jar;C:\Arduino\lib\batik-util-1.8.jar;C:\Arduino\lib\batik-xml-1.8.jar;C:\Arduino\lib\bcpg-jdk15on-152.jar;C:\Arduino\lib\bcprov-jdk15on-152.jar;C:\Arduino\lib\commons-codec-1.7.jar;C:\Arduino\lib\commons-compress-1.8.jar;C:\Arduino\lib\commons-exec-1.1.jar;C:\Arduino\lib\commons-httpclient-3.1.jar;C:\Arduino\lib\commons-lang3-3.3.2.jar;C:\Arduino\lib\commons-logging-1.0.4.jar;C:\Arduino\lib\commons-net-3.3.jar;C:\Arduino\lib\jackson-annotations-2.6.3.jar;C:\Arduino\lib\jackson-core-2.6.3.jar;C:\Arduino\lib\jackson-databind-2.6.3.jar;C:\Arduino\lib\jackson-module-mrbean-2.6.3.jar;C:\Arduino\lib\java-semver-0.8.0.jar;C:\Arduino\lib\jmdns-3.5.1.jar;C:\Arduino\lib\slf4j-simple-1.7.22.jar;C:\Arduino\lib\slf4j-api-1.7.22.jar;C:\Arduino\lib\jna-4.2.2.jar;C:\Arduino\lib\jna-platform-4.2.2.jar;C:\Arduino\lib\jsch-0.1.50.jar;C:\Arduino\lib\jssc-2.8.0-arduino1.jar;C:\Arduino\lib\pde.jar;C:\Arduino\lib\rsyntaxtextarea-2.6.1.jar;C:\Arduino\lib\xml-apis-1.3.04.jar;C:\Arduino\lib\xml-apis-ext-1.3.04.jar;C:\Arduino\lib\xmlgraphics-commons-2.0.jar
Launcher Type: SUN_STANDARD

Environment Variables:
PATH=C:\Program Files (x86)\NVIDIA Corporation\PhysX\Common;C:\Program Files (x86)\Common Files\Oracle\Java\javapath;C:\ProgramData\Oracle\Java\javapath;C:\WINDOWS\system32;C:\WINDOWS;C:\WINDOWS\System32\Wbem;C:\WINDOWS\System32\WindowsPowerShell\v1.0\;C:\Program Files (x86)\PuTTY\;C:\Program Files\MATLAB\R2017a\runtime\win64;C:\Program Files\MATLAB\R2017a\bin;C:\Program Files (x86)\MATLAB\MATLAB Compiler Runtime\v79\runtime\win32;C:\Program Files (x86)\IVI Foundation\VISA\WinNT\Bin\;C:\Program Files\IVI Foundation\VISA\Win64\Bin\;C:\Program Files (x86)\IVI Foundation\VISA\WinNT\Bin;C:\processing-2.2.1;;C:\WINDOWS\System32\OpenSSH\;C:\Typhoon HIL Control Center\bin\;C:\Program Files\Microsoft SQL Server\Client SDK\ODBC\110\Tools\Binn\;C:\Program Files (x86)\Microsoft SQL Server\120\Tools\Binn\;C:\Program Files\Microsoft SQL Server\120\Tools\Binn\;C:\Program Files\Microsoft SQL Server\120\DTS\Binn\;C:\Program Files (x86)\Windows Kits\8.1\Windows Performance Toolkit\;C:\Users\ora2\AppData\Local\Microsoft\WindowsApps;C:\processing-2.2.1;;C:\Arduino\java\bin
USERNAME=ora2
OS=Windows_NT
PROCESSOR_IDENTIFIER=Intel64 Family 6 Model 158 Stepping 9, GenuineIntel



---------------  S Y S T E M  ---------------

OS: Windows 10.0 , 64 bit Build 17134 (10.0.17134.556)

CPU:total 8 (initial active 8) (4 cores per cpu, 2 threads per core) family 6 model 158 stepping 9, cmov, cx8, fxsr, mmx, sse, sse2, sse3, ssse3, sse4.1, sse4.2, popcnt, avx, avx2, aes, clmul, erms, rtm, 3dnowpref, lzcnt, ht, tsc, tscinvbit, bmi1, bmi2, adx

Memory: 4k page, physical 16666376k(7100612k free), swap 39267352k(17661912k free)

vm_info: Java HotSpot(TM) Client VM (25.144-b01) for windows-x86 JRE (1.8.0_144-b01), built on Jul 21 2017 21:58:05 by "java_re" with MS VC++ 10.0 (VS2010)

time: Sat Mar 16 14:31:44 2019
elapsed time: 170263 seconds (1d 23h 17m 43s)

