#
# A fatal error has been detected by the Java Runtime Environment:
#
#  EXCEPTION_ACCESS_VIOLATION (0xc0000005) at pc=0x619489b6, pid=10332, tid=0x00000ae8
#
# JRE version: Java(TM) SE Runtime Environment (8.0_144-b01) (build 1.8.0_144-b01)
# Java VM: Java HotSpot(TM) Client VM (25.144-b01 mixed mode windows-x86 )
# Problematic frame:
# C  [listSerialsj.dll+0x89b6]
#
# Failed to write core dump. Minidumps are not enabled by default on client versions of Windows
#
# If you would like to submit a bug report, please visit:
#   http://bugreport.java.com/bugreport/crash.jsp
# The crash happened outside the Java Virtual Machine in native code.
# See problematic frame for where to report the bug.
#

---------------  T H R E A D  ---------------

Current thread (0x289fc400):  JavaThread "cc.arduino.packages.discoverers.serial.SerialBoardsLister" [_thread_in_native, id=2792, stack(0x05220000,0x05270000)]

siginfo: ExceptionCode=0xc0000005, writing address 0x0000004d

Registers:
EAX=0x00000000, EBX=0x00000000, ECX=0x37dd6758, EDX=0x00000000
ESP=0x0526e720, EBP=0x28514e60, ESI=0x0000004d, EDI=0x77236840
EIP=0x619489b6, EFLAGS=0x00010202

Top of Stack: (sp=0x0526e720)
0x0526e720:   0000fde9 00000000 28514e60 ffffffff
0x0526e730:   00000000 0000004d 00000000 00000000
0x0526e740:   000000a2 28514e58 000000a2 7b8328a0
0x0526e750:   00000930 00000013 0526e7b8 61948d53
0x0526e760:   00000930 00220414 28514e58 000000a2
0x0526e770:   28514e58 000000a2 0526e7b8 00000000
0x0526e780:   00000000 77231190 6194da6f 00000000
0x0526e790:   28593228 0000001a 00000000 28514e58 

Instructions: (pc=0x619489b6)
0x61948996:   89 44 24 10 c7 44 24 0c ff ff ff ff c7 44 24 04
0x619489a6:   00 00 00 00 c7 04 24 e9 fd 00 00 ff d7 83 ec 20
0x619489b6:   c6 04 33 00 89 d8 83 c4 2c 5b 5e 5f 5d c3 8d b6
0x619489c6:   00 00 00 00 8d bf 00 00 00 00 57 56 89 ce 53 b9 


Register to memory mapping:

EAX=0x00000000 is an unknown value
EBX=0x00000000 is an unknown value
ECX=0x37dd6758 is an unknown value
EDX=0x00000000 is an unknown value
ESP=0x0526e720 is pointing into the stack for thread: 0x289fc400
EBP=0x28514e60 is an unknown value
ESI=0x0000004d is an unknown value
EDI=0x77236840 is an unknown value


Stack: [0x05220000,0x05270000],  sp=0x0526e720,  free space=313k
Native frames: (J=compiled Java code, j=interpreted, Vv=VM code, C=native code)
C  [listSerialsj.dll+0x89b6]

Java frames: (J=compiled Java code, j=interpreted, Vv=VM code)
J 2159  processing.app.Platform.listSerialsNative()[Ljava/lang/String; (0 bytes) @ 0x0347c28f [0x0347c250+0x3f]
J 2141 C1 cc.arduino.packages.discoverers.serial.SerialBoardsLister.retriggerDiscovery(Z)V (751 bytes) @ 0x03474ee4 [0x03474d90+0x154]
J 2158 C1 cc.arduino.packages.discoverers.serial.SerialBoardsLister.run()V (13 bytes) @ 0x0347c054 [0x0347c010+0x44]
J 2182% C1 java.util.TimerThread.mainLoop()V (232 bytes) @ 0x03485f94 [0x03485b60+0x434]
j  java.util.TimerThread.run()V+1
v  ~StubRoutines::call_stub

---------------  P R O C E S S  ---------------

Java Threads: ( => current thread )
  0x28a64000 JavaThread "DestroyJavaVM" [_thread_blocked, id=1500, stack(0x02d60000,0x02db0000)]
  0x28a62800 JavaThread "TimerQueue" daemon [_thread_blocked, id=2940, stack(0x2ab80000,0x2abd0000)]
  0x28a5e800 JavaThread "Batik CleanerThread" daemon [_thread_blocked, id=8460, stack(0x2a3d0000,0x2a420000)]
  0x28a61400 JavaThread "AWT-EventQueue-0" [_thread_blocked, id=8024, stack(0x29f30000,0x29f80000)]
  0x28a5e000 JavaThread "Timer-0" [_thread_blocked, id=8028, stack(0x29ea0000,0x29ef0000)]
  0x28a43c00 JavaThread "JmDNS(ECEB-4076-14-ad-uillinois-edu.local.).State.Timer" daemon [_thread_blocked, id=8456, stack(0x29e10000,0x29e60000)]
  0x28a47400 JavaThread "JmDNS(ECEB-4076-14-ad-uillinois-edu.local.).Timer" daemon [_thread_blocked, id=1124, stack(0x29d80000,0x29dd0000)]
  0x28a46800 JavaThread "SocketListener(ECEB-4076-14-ad-uillinois-edu.local.)" daemon [_thread_in_native, id=8308, stack(0x29cf0000,0x29d40000)]
  0x28a44400 JavaThread "JmDNS(ECEB-4076-14-ad-uillinois-edu.local.).State.Timer" daemon [_thread_blocked, id=1496, stack(0x29b60000,0x29bb0000)]
  0x28a45c00 JavaThread "JmDNS(ECEB-4076-14-ad-uillinois-edu.local.).Timer" daemon [_thread_blocked, id=7984, stack(0x29ad0000,0x29b20000)]
  0x28a45400 JavaThread "SocketListener(ECEB-4076-14-ad-uillinois-edu.local.)" daemon [_thread_in_native, id=8048, stack(0x29a40000,0x29a90000)]
  0x28a45000 JavaThread "JmDNS(ECEB-4076-14-ad-uillinois-edu.local.).State.Timer" daemon [_thread_blocked, id=6896, stack(0x299b0000,0x29a00000)]
  0x28a44800 JavaThread "JmDNS(ECEB-4076-14-ad-uillinois-edu.local.).Timer" daemon [_thread_blocked, id=12968, stack(0x29920000,0x29970000)]
  0x28a46400 JavaThread "SocketListener(ECEB-4076-14-ad-uillinois-edu.local.)" daemon [_thread_in_native, id=12160, stack(0x29890000,0x298e0000)]
  0x28a17400 JavaThread "JmDNS(ECEB-4076-14-ad-uillinois-edu.local.).State.Timer" daemon [_thread_blocked, id=852, stack(0x295e0000,0x29630000)]
  0x28a17000 JavaThread "JmDNS(ECEB-4076-14-ad-uillinois-edu.local.).Timer" daemon [_thread_blocked, id=7980, stack(0x29510000,0x29560000)]
  0x28a16800 JavaThread "SocketListener(ECEB-4076-14-ad-uillinois-edu.local.)" daemon [_thread_in_native, id=2304, stack(0x29480000,0x294d0000)]
  0x289fcc00 JavaThread "Multihomed mDNS.Timer" daemon [_thread_blocked, id=2308, stack(0x293f0000,0x29440000)]
=>0x289fc400 JavaThread "cc.arduino.packages.discoverers.serial.SerialBoardsLister" [_thread_in_native, id=2792, stack(0x05220000,0x05270000)]
  0x26e1b400 JavaThread "AWT-Windows" daemon [_thread_in_native, id=3100, stack(0x27300000,0x27350000)]
  0x26e1ac00 JavaThread "AWT-Shutdown" [_thread_blocked, id=3104, stack(0x27270000,0x272c0000)]
  0x26e1a400 JavaThread "Java2D Disposer" daemon [_thread_blocked, id=7308, stack(0x271e0000,0x27230000)]
  0x26663400 JavaThread "Service Thread" daemon [_thread_blocked, id=13808, stack(0x26ad0000,0x26b20000)]
  0x2665c400 JavaThread "C1 CompilerThread0" daemon [_thread_blocked, id=8792, stack(0x26a40000,0x26a90000)]
  0x2666c400 JavaThread "Attach Listener" daemon [_thread_blocked, id=8088, stack(0x269b0000,0x26a00000)]
  0x26668400 JavaThread "Signal Dispatcher" daemon [_thread_blocked, id=752, stack(0x26920000,0x26970000)]
  0x2664a000 JavaThread "Finalizer" daemon [_thread_blocked, id=14044, stack(0x25a30000,0x25a80000)]
  0x26634400 JavaThread "Reference Handler" daemon [_thread_blocked, id=12612, stack(0x259a0000,0x259f0000)]

Other Threads:
  0x02f1dc00 VMThread [stack: 0x25910000,0x25960000] [id=640]
  0x2668f800 WatcherThread [stack: 0x26b60000,0x26bb0000] [id=8880]

VM state:not at safepoint (normal execution)

VM Mutex/Monitor currently owned by a thread: None

Heap:
 def new generation   total 39424K, used 24778K [0x05400000, 0x07ec0000, 0x0fea0000)
  eden space 35072K,  70% used [0x05400000, 0x06c0f008, 0x07640000)
  from space 4352K,   3% used [0x07a80000, 0x07aa39e8, 0x07ec0000)
  to   space 4352K,   0% used [0x07640000, 0x07640000, 0x07a80000)
 tenured generation   total 87424K, used 51473K [0x0fea0000, 0x15400000, 0x25400000)
   the space 87424K,  58% used [0x0fea0000, 0x130e4748, 0x130e4800, 0x15400000)
 Metaspace       used 18749K, capacity 19226K, committed 19328K, reserved 19840K

Card table byte_map: [0x05280000,0x05390000] byte_map_base: 0x05256000

Polling page: 0x02dc0000

CodeCache: size=32768Kb used=1899Kb max_used=4080Kb free=30868Kb
 bounds [0x030c0000, 0x034c0000, 0x050c0000]
 total_blobs=1160 nmethods=883 adapters=207
 compilation: enabled

Compilation events (10 events):
Event: 172316.649 Thread 0x2665c400 2656             java.awt.Component::contains (7 bytes)
Event: 172316.649 Thread 0x2665c400 nmethod 2656 0x03419488 code [0x03419580, 0x03419640]
Event: 172316.884 Thread 0x2665c400 2657             java.awt.Component::getCursor_NoClientCode (30 bytes)
Event: 172316.884 Thread 0x2665c400 nmethod 2657 0x03419108 code [0x03419230, 0x03419364]
Event: 172316.906 Thread 0x2665c400 2658             java.awt.event.InputEvent::isConsumed (5 bytes)
Event: 172316.906 Thread 0x2665c400 nmethod 2658 0x03418f48 code [0x03419040, 0x034190c0]
Event: 172317.323 Thread 0x2665c400 2659             java.util.concurrent.locks.AbstractQueuedSynchronizer::compareAndSetWaitStatus (13 bytes)
Event: 172317.323 Thread 0x2665c400 nmethod 2659 0x03418d88 code [0x03418e80, 0x03418f10]
Event: 172417.776 Thread 0x2665c400 2660   !         java.util.Collections$SynchronizedCollection::toArray (24 bytes)
Event: 172417.776 Thread 0x2665c400 nmethod 2660 0x032be6c8 code [0x032be7d0, 0x032be9dc]

GC Heap History (10 events):
Event: 184474.144 GC heap before
{Heap before GC invocations=185 (full 1):
 def new generation   total 39424K, used 35167K [0x05400000, 0x07ec0000, 0x0fea0000)
  eden space 35072K, 100% used [0x05400000, 0x07640000, 0x07640000)
  from space 4352K,   2% used [0x07640000, 0x07657e78, 0x07a80000)
  to   space 4352K,   0% used [0x07a80000, 0x07a80000, 0x07ec0000)
 tenured generation   total 87424K, used 51465K [0x0fea0000, 0x15400000, 0x25400000)
   the space 87424K,  58% used [0x0fea0000, 0x130e2630, 0x130e2800, 0x15400000)
 Metaspace       used 18749K, capacity 19226K, committed 19328K, reserved 19840K
Event: 184474.146 GC heap after
Heap after GC invocations=186 (full 1):
 def new generation   total 39424K, used 75K [0x05400000, 0x07ec0000, 0x0fea0000)
  eden space 35072K,   0% used [0x05400000, 0x05400000, 0x07640000)
  from space 4352K,   1% used [0x07a80000, 0x07a92c60, 0x07ec0000)
  to   space 4352K,   0% used [0x07640000, 0x07640000, 0x07a80000)
 tenured generation   total 87424K, used 51466K [0x0fea0000, 0x15400000, 0x25400000)
   the space 87424K,  58% used [0x0fea0000, 0x130e28f0, 0x130e2a00, 0x15400000)
 Metaspace       used 18749K, capacity 19226K, committed 19328K, reserved 19840K
}
Event: 185665.155 GC heap before
{Heap before GC invocations=186 (full 1):
 def new generation   total 39424K, used 35147K [0x05400000, 0x07ec0000, 0x0fea0000)
  eden space 35072K, 100% used [0x05400000, 0x07640000, 0x07640000)
  from space 4352K,   1% used [0x07a80000, 0x07a92c60, 0x07ec0000)
  to   space 4352K,   0% used [0x07640000, 0x07640000, 0x07a80000)
 tenured generation   total 87424K, used 51466K [0x0fea0000, 0x15400000, 0x25400000)
   the space 87424K,  58% used [0x0fea0000, 0x130e28f0, 0x130e2a00, 0x15400000)
 Metaspace       used 18749K, capacity 19226K, committed 19328K, reserved 19840K
Event: 185665.156 GC heap after
Heap after GC invocations=187 (full 1):
 def new generation   total 39424K, used 58K [0x05400000, 0x07ec0000, 0x0fea0000)
  eden space 35072K,   0% used [0x05400000, 0x05400000, 0x07640000)
  from space 4352K,   1% used [0x07640000, 0x0764e938, 0x07a80000)
  to   space 4352K,   0% used [0x07a80000, 0x07a80000, 0x07ec0000)
 tenured generation   total 87424K, used 51466K [0x0fea0000, 0x15400000, 0x25400000)
   the space 87424K,  58% used [0x0fea0000, 0x130e2b70, 0x130e2c00, 0x15400000)
 Metaspace       used 18749K, capacity 19226K, committed 19328K, reserved 19840K
}
Event: 186735.956 GC heap before
{Heap before GC invocations=187 (full 1):
 def new generation   total 39424K, used 35130K [0x05400000, 0x07ec0000, 0x0fea0000)
  eden space 35072K, 100% used [0x05400000, 0x07640000, 0x07640000)
  from space 4352K,   1% used [0x07640000, 0x0764e938, 0x07a80000)
  to   space 4352K,   0% used [0x07a80000, 0x07a80000, 0x07ec0000)
 tenured generation   total 87424K, used 51466K [0x0fea0000, 0x15400000, 0x25400000)
   the space 87424K,  58% used [0x0fea0000, 0x130e2b70, 0x130e2c00, 0x15400000)
 Metaspace       used 18749K, capacity 19226K, committed 19328K, reserved 19840K
Event: 186735.957 GC heap after
Heap after GC invocations=188 (full 1):
 def new generation   total 39424K, used 66K [0x05400000, 0x07ec0000, 0x0fea0000)
  eden space 35072K,   0% used [0x05400000, 0x05400000, 0x07640000)
  from space 4352K,   1% used [0x07a80000, 0x07a90b88, 0x07ec0000)
  to   space 4352K,   0% used [0x07640000, 0x07640000, 0x07a80000)
 tenured generation   total 87424K, used 51470K [0x0fea0000, 0x15400000, 0x25400000)
   the space 87424K,  58% used [0x0fea0000, 0x130e38a8, 0x130e3a00, 0x15400000)
 Metaspace       used 18749K, capacity 19226K, committed 19328K, reserved 19840K
}
Event: 187723.603 GC heap before
{Heap before GC invocations=188 (full 1):
 def new generation   total 39424K, used 35138K [0x05400000, 0x07ec0000, 0x0fea0000)
  eden space 35072K, 100% used [0x05400000, 0x07640000, 0x07640000)
  from space 4352K,   1% used [0x07a80000, 0x07a90b88, 0x07ec0000)
  to   space 4352K,   0% used [0x07640000, 0x07640000, 0x07a80000)
 tenured generation   total 87424K, used 51470K [0x0fea0000, 0x15400000, 0x25400000)
   the space 87424K,  58% used [0x0fea0000, 0x130e38a8, 0x130e3a00, 0x15400000)
 Metaspace       used 18749K, capacity 19226K, committed 19328K, reserved 19840K
Event: 187723.604 GC heap after
Heap after GC invocations=189 (full 1):
 def new generation   total 39424K, used 60K [0x05400000, 0x07ec0000, 0x0fea0000)
  eden space 35072K,   0% used [0x05400000, 0x05400000, 0x07640000)
  from space 4352K,   1% used [0x07640000, 0x0764f3d8, 0x07a80000)
  to   space 4352K,   0% used [0x07a80000, 0x07a80000, 0x07ec0000)
 tenured generation   total 87424K, used 51473K [0x0fea0000, 0x15400000, 0x25400000)
   the space 87424K,  58% used [0x0fea0000, 0x130e4470, 0x130e4600, 0x15400000)
 Metaspace       used 18749K, capacity 19226K, committed 19328K, reserved 19840K
}
Event: 188744.167 GC heap before
{Heap before GC invocations=189 (full 1):
 def new generation   total 39424K, used 35132K [0x05400000, 0x07ec0000, 0x0fea0000)
  eden space 35072K, 100% used [0x05400000, 0x07640000, 0x07640000)
  from space 4352K,   1% used [0x07640000, 0x0764f3d8, 0x07a80000)
  to   space 4352K,   0% used [0x07a80000, 0x07a80000, 0x07ec0000)
 tenured generation   total 87424K, used 51473K [0x0fea0000, 0x15400000, 0x25400000)
   the space 87424K,  58% used [0x0fea0000, 0x130e4470, 0x130e4600, 0x15400000)
 Metaspace       used 18749K, capacity 19226K, committed 19328K, reserved 19840K
Event: 188744.169 GC heap after
Heap after GC invocations=190 (full 1):
 def new generation   total 39424K, used 142K [0x05400000, 0x07ec0000, 0x0fea0000)
  eden space 35072K,   0% used [0x05400000, 0x05400000, 0x07640000)
  from space 4352K,   3% used [0x07a80000, 0x07aa39e8, 0x07ec0000)
  to   space 4352K,   0% used [0x07640000, 0x07640000, 0x07a80000)
 tenured generation   total 87424K, used 51473K [0x0fea0000, 0x15400000, 0x25400000)
   the space 87424K,  58% used [0x0fea0000, 0x130e4748, 0x130e4800, 0x15400000)
 Metaspace       used 18749K, capacity 19226K, committed 19328K, reserved 19840K
}

Deoptimization events (0 events):
No events

Internal exceptions (10 events):
Event: 137.720 Thread 0x28a62c00 Exception <a 'sun/nio/fs/WindowsException'> (0x05fa16e8) thrown at [C:\workspace\8-2-build-windows-i586-cygwin\jdk8u144\9417\hotspot\src\share\vm\prims\jni.cpp, line 709]
Event: 137.720 Thread 0x28a62c00 Exception <a 'sun/nio/fs/WindowsException'> (0x05fa1b50) thrown at [C:\workspace\8-2-build-windows-i586-cygwin\jdk8u144\9417\hotspot\src\share\vm\prims\jni.cpp, line 709]
Event: 137.721 Thread 0x28a62c00 Exception <a 'sun/nio/fs/WindowsException'> (0x05fad4c8) thrown at [C:\workspace\8-2-build-windows-i586-cygwin\jdk8u144\9417\hotspot\src\share\vm\prims\jni.cpp, line 709]
Event: 137.721 Thread 0x28a62c00 Exception <a 'sun/nio/fs/WindowsException'> (0x05fb1960) thrown at [C:\workspace\8-2-build-windows-i586-cygwin\jdk8u144\9417\hotspot\src\share\vm\prims\jni.cpp, line 709]
Event: 137.722 Thread 0x28a62c00 Exception <a 'sun/nio/fs/WindowsException'> (0x05fc35a8) thrown at [C:\workspace\8-2-build-windows-i586-cygwin\jdk8u144\9417\hotspot\src\share\vm\prims\jni.cpp, line 709]
Event: 137.722 Thread 0x28a62c00 Exception <a 'sun/nio/fs/WindowsException'> (0x05fc3c90) thrown at [C:\workspace\8-2-build-windows-i586-cygwin\jdk8u144\9417\hotspot\src\share\vm\prims\jni.cpp, line 709]
Event: 137.722 Thread 0x28a62c00 Exception <a 'sun/nio/fs/WindowsException'> (0x05fce1a8) thrown at [C:\workspace\8-2-build-windows-i586-cygwin\jdk8u144\9417\hotspot\src\share\vm\prims\jni.cpp, line 709]
Event: 137.722 Thread 0x28a62c00 Exception <a 'sun/nio/fs/WindowsException'> (0x05fce890) thrown at [C:\workspace\8-2-build-windows-i586-cygwin\jdk8u144\9417\hotspot\src\share\vm\prims\jni.cpp, line 709]
Event: 137.723 Thread 0x28a62c00 Exception <a 'sun/nio/fs/WindowsException'> (0x05fd8d00) thrown at [C:\workspace\8-2-build-windows-i586-cygwin\jdk8u144\9417\hotspot\src\share\vm\prims\jni.cpp, line 709]
Event: 137.723 Thread 0x28a62c00 Exception <a 'sun/nio/fs/WindowsException'> (0x05fd93e8) thrown at [C:\workspace\8-2-build-windows-i586-cygwin\jdk8u144\9417\hotspot\src\share\vm\prims\jni.cpp, line 709]

Events (10 events):
Event: 187723.602 Executing VM operation: GenCollectForAllocation
Event: 187723.604 Executing VM operation: GenCollectForAllocation done
Event: 188744.167 Executing VM operation: GenCollectForAllocation
Event: 188744.169 Executing VM operation: GenCollectForAllocation done
Event: 188892.605 Executing VM operation: RevokeBias
Event: 188892.606 Executing VM operation: RevokeBias done
Event: 188892.606 Executing VM operation: RevokeBias
Event: 188892.606 Executing VM operation: RevokeBias done
Event: 188892.606 Executing VM operation: RevokeBias
Event: 188892.606 Executing VM operation: RevokeBias done


Dynamic libraries:
0x00ce0000 - 0x00d13000 	C:\Arduino\java\bin\javaw.exe
0x77780000 - 0x77910000 	C:\WINDOWS\SYSTEM32\ntdll.dll
0x77220000 - 0x77300000 	C:\WINDOWS\System32\KERNEL32.DLL
0x75680000 - 0x75864000 	C:\WINDOWS\System32\KERNELBASE.dll
0x74c50000 - 0x74cc8000 	C:\WINDOWS\System32\ADVAPI32.dll
0x74490000 - 0x7454f000 	C:\WINDOWS\System32\msvcrt.dll
0x74610000 - 0x74654000 	C:\WINDOWS\System32\sechost.dll
0x74550000 - 0x74610000 	C:\WINDOWS\System32\RPCRT4.dll
0x74040000 - 0x74060000 	C:\WINDOWS\System32\SspiCli.dll
0x74030000 - 0x7403a000 	C:\WINDOWS\System32\CRYPTBASE.dll
0x77450000 - 0x774a8000 	C:\WINDOWS\System32\bcryptPrimitives.dll
0x76ee0000 - 0x7706d000 	C:\WINDOWS\System32\USER32.dll
0x76e30000 - 0x76e47000 	C:\WINDOWS\System32\win32u.dll
0x74990000 - 0x749b2000 	C:\WINDOWS\System32\GDI32.dll
0x77520000 - 0x77684000 	C:\WINDOWS\System32\gdi32full.dll
0x74b70000 - 0x74bed000 	C:\WINDOWS\System32\msvcp_win.dll
0x74800000 - 0x7491e000 	C:\WINDOWS\System32\ucrtbase.dll
0x6de10000 - 0x6e014000 	C:\WINDOWS\WinSxS\x86_microsoft.windows.common-controls_6595b64144ccf1df_6.0.17134.523_none_42edd4b044e3535c\COMCTL32.dll
0x75880000 - 0x75adc000 	C:\WINDOWS\System32\combase.dll
0x74c00000 - 0x74c26000 	C:\WINDOWS\System32\IMM32.DLL
0x57270000 - 0x5732f000 	C:\Arduino\java\bin\msvcr100.dll
0x56ea0000 - 0x5726e000 	C:\Arduino\java\bin\client\jvm.dll
0x774b0000 - 0x774b6000 	C:\WINDOWS\System32\PSAPI.DLL
0x72a10000 - 0x72a18000 	C:\WINDOWS\SYSTEM32\VERSION.dll
0x71fa0000 - 0x71fa8000 	C:\WINDOWS\SYSTEM32\WSOCK32.dll
0x72270000 - 0x72294000 	C:\WINDOWS\SYSTEM32\WINMM.dll
0x74920000 - 0x74987000 	C:\WINDOWS\System32\WS2_32.dll
0x72140000 - 0x72163000 	C:\WINDOWS\SYSTEM32\winmmbase.dll
0x74cf0000 - 0x74d29000 	C:\WINDOWS\System32\cfgmgr32.dll
0x56e70000 - 0x56ea0000 	C:\Arduino\java\bin\splashscreen.dll
0x5b560000 - 0x5b56c000 	C:\Arduino\java\bin\verify.dll
0x56e40000 - 0x56e61000 	C:\Arduino\java\bin\java.dll
0x6dd90000 - 0x6de0c000 	C:\WINDOWS\system32\uxtheme.dll
0x746b0000 - 0x747f3000 	C:\WINDOWS\System32\MSCTF.dll
0x749c0000 - 0x74a56000 	C:\WINDOWS\System32\OLEAUT32.dll
0x56e20000 - 0x56e33000 	C:\Arduino\java\bin\zip.dll
0x77070000 - 0x7707f000 	C:\WINDOWS\System32\kernel.appcore.dll
0x6b640000 - 0x6b6bd000 	C:\WINDOWS\System32\TextInputFramework.dll
0x6b3e0000 - 0x6b63d000 	C:\WINDOWS\System32\CoreUIComponents.dll
0x6b350000 - 0x6b3db000 	C:\WINDOWS\System32\CoreMessaging.dll
0x74ae0000 - 0x74b68000 	C:\WINDOWS\System32\SHCORE.dll
0x71830000 - 0x71859000 	C:\WINDOWS\SYSTEM32\ntmarta.dll
0x6bdd0000 - 0x6bea6000 	C:\WINDOWS\SYSTEM32\wintypes.dll
0x6f420000 - 0x6f443000 	C:\WINDOWS\system32\dwmapi.dll
0x6b2f0000 - 0x6b346000 	C:\WINDOWS\system32\Oleacc.dll
0x75ae0000 - 0x76e2a000 	C:\WINDOWS\System32\SHELL32.dll
0x74f80000 - 0x7553a000 	C:\WINDOWS\System32\windows.storage.dll
0x74660000 - 0x746a5000 	C:\WINDOWS\System32\shlwapi.dll
0x74c30000 - 0x74c48000 	C:\WINDOWS\System32\profapi.dll
0x74f30000 - 0x74f75000 	C:\WINDOWS\System32\powrprof.dll
0x74ad0000 - 0x74ad8000 	C:\WINDOWS\System32\FLTLIB.DLL
0x61940000 - 0x619b2000 	C:\Arduino\lib\listSerialsj.dll
0x74060000 - 0x7448b000 	C:\WINDOWS\System32\SETUPAPI.dll
0x56e00000 - 0x56e1d000 	C:\Arduino\lib\jnidispatch-4.2.2-win32-x86.dll
0x77300000 - 0x773fc000 	C:\WINDOWS\System32\Ole32.dll
0x56de0000 - 0x56df6000 	C:\Arduino\java\bin\net.dll
0x732d0000 - 0x73326000 	C:\WINDOWS\system32\mswsock.dll
0x56dd0000 - 0x56ddf000 	C:\Arduino\java\bin\nio.dll
0x56c80000 - 0x56dc5000 	C:\Arduino\java\bin\awt.dll
0x667f0000 - 0x6688d000 	C:\WINDOWS\SYSTEM32\apphelp.dll
0x56c40000 - 0x56c79000 	C:\Arduino\java\bin\fontmanager.dll
0x56b60000 - 0x56c39000 	C:\WINDOWS\system32\opengl32.dll
0x56b20000 - 0x56b5f000 	C:\WINDOWS\SYSTEM32\GLU32.dll
0x56ae0000 - 0x56b12000 	C:\Arduino\java\bin\t2k.dll
0x70f80000 - 0x70fa2000 	C:\WINDOWS\SYSTEM32\DEVOBJ.dll
0x77400000 - 0x77447000 	C:\WINDOWS\System32\WINTRUST.dll
0x75870000 - 0x7587e000 	C:\WINDOWS\System32\MSASN1.dll
0x77080000 - 0x77216000 	C:\WINDOWS\System32\CRYPT32.dll
0x72dd0000 - 0x72e00000 	C:\WINDOWS\SYSTEM32\IPHLPAPI.DLL
0x74ac0000 - 0x74ac7000 	C:\WINDOWS\System32\NSI.dll
0x71860000 - 0x71873000 	C:\WINDOWS\SYSTEM32\dhcpcsvc6.DLL
0x719b0000 - 0x719c4000 	C:\WINDOWS\SYSTEM32\dhcpcsvc.DLL
0x71880000 - 0x7190e000 	C:\WINDOWS\SYSTEM32\DNSAPI.dll
0x71440000 - 0x71461000 	C:\Program Files (x86)\Bonjour\mdnsNSP.dll
0x713e0000 - 0x713e8000 	C:\Windows\System32\rasadhlp.dll
0x713f0000 - 0x7143f000 	C:\WINDOWS\System32\fwpuclnt.dll
0x73270000 - 0x73289000 	C:\WINDOWS\SYSTEM32\bcrypt.dll
0x56a70000 - 0x56ad9000 	C:\Arduino\msvcp100.dll
0x569b0000 - 0x56a6e000 	C:\Arduino\msvcr100.dll
0x2a240000 - 0x2a272000 	C:\Arduino\lib\AStylej.dll
0x56980000 - 0x569a4000 	C:\Arduino\java\bin\dcpr.dll
0x76e50000 - 0x76ed3000 	C:\WINDOWS\System32\clbcatq.dll
0x58e70000 - 0x58fe1000 	C:\WINDOWS\SYSTEM32\WindowsCodecs.dll
0x6a560000 - 0x6a5af000 	C:\WINDOWS\system32\dataexchange.dll
0x6a300000 - 0x6a552000 	C:\WINDOWS\system32\d3d11.dll
0x6a1c0000 - 0x6a2fc000 	C:\WINDOWS\system32\dcomp.dll
0x6a120000 - 0x6a1b8000 	C:\WINDOWS\system32\dxgi.dll
0x6b9b0000 - 0x6bb15000 	C:\WINDOWS\system32\twinapi.appcore.dll
0x6b990000 - 0x6b9aa000 	C:\WINDOWS\system32\RMCLIENT.dll
0x64000000 - 0x6401b000 	C:\Arduino\lib\jSSC-2.8_x86.dll

VM Arguments:
jvm_args: -Dsun.java2d.d3d=false -Djna.nosys=true -Djna.nounpack=true -Djna.boot.library.name=jnidispatch-4.2.2-win32-x86 -Djna.boot.library.path=C:\Arduino/lib -Djssc.library.path=C:\Arduino/lib -DAPP_DIR=C:\Arduino -Xms128M -Xmx512M 
java_command: processing.app.Base X:\Microgrid testbed - work\100 nodes\Arduino\Final3v2\Final3v2.ino
java_class_path (initial): C:\Arduino\lib\apple.jar;C:\Arduino\lib\arduino-core.jar;C:\Arduino\lib\batik-1.8.jar;C:\Arduino\lib\batik-anim-1.8.jar;C:\Arduino\lib\batik-awt-util-1.8.jar;C:\Arduino\lib\batik-bridge-1.8.jar;C:\Arduino\lib\batik-codec-1.8.jar;C:\Arduino\lib\batik-css-1.8.jar;C:\Arduino\lib\batik-dom-1.8.jar;C:\Arduino\lib\batik-ext-1.8.jar;C:\Arduino\lib\batik-gvt-1.8.jar;C:\Arduino\lib\batik-parser-1.8.jar;C:\Arduino\lib\batik-rasterizer-1.8.jar;C:\Arduino\lib\batik-script-1.8.jar;C:\Arduino\lib\batik-squiggle-1.8.jar;C:\Arduino\lib\batik-svg-dom-1.8.jar;C:\Arduino\lib\batik-svgpp-1.8.jar;C:\Arduino\lib\batik-transcoder-1.8.jar;C:\Arduino\lib\batik-util-1.8.jar;C:\Arduino\lib\batik-xml-1.8.jar;C:\Arduino\lib\bcpg-jdk15on-152.jar;C:\Arduino\lib\bcprov-jdk15on-152.jar;C:\Arduino\lib\commons-codec-1.7.jar;C:\Arduino\lib\commons-compress-1.8.jar;C:\Arduino\lib\commons-exec-1.1.jar;C:\Arduino\lib\commons-httpclient-3.1.jar;C:\Arduino\lib\commons-lang3-3.3.2.jar;C:\Arduino\lib\commons-logging-1.0.4.jar;C:\Arduino\lib\commons-net-3.3.jar;C:\Arduino\lib\jackson-annotations-2.6.3.jar;C:\Arduino\lib\jackson-core-2.6.3.jar;C:\Arduino\lib\jackson-databind-2.6.3.jar;C:\Arduino\lib\jackson-module-mrbean-2.6.3.jar;C:\Arduino\lib\java-semver-0.8.0.jar;C:\Arduino\lib\jmdns-3.5.1.jar;C:\Arduino\lib\slf4j-simple-1.7.22.jar;C:\Arduino\lib\slf4j-api-1.7.22.jar;C:\Arduino\lib\jna-4.2.2.jar;C:\Arduino\lib\jna-platform-4.2.2.jar;C:\Arduino\lib\jsch-0.1.50.jar;C:\Arduino\lib\jssc-2.8.0-arduino1.jar;C:\Arduino\lib\pde.jar;C:\Arduino\lib\rsyntaxtextarea-2.6.1.jar;C:\Arduino\lib\xml-apis-1.3.04.jar;C:\Arduino\lib\xml-apis-ext-1.3.04.jar;C:\Arduino\lib\xmlgraphics-commons-2.0.jar
Launcher Type: SUN_STANDARD

Environment Variables:
PATH=C:\Program Files (x86)\NVIDIA Corporation\PhysX\Common;C:\Program Files (x86)\Common Files\Oracle\Java\javapath;C:\ProgramData\Oracle\Java\javapath;C:\WINDOWS\system32;C:\WINDOWS;C:\WINDOWS\System32\Wbem;C:\WINDOWS\System32\WindowsPowerShell\v1.0\;C:\Program Files (x86)\PuTTY\;C:\Program Files\MATLAB\R2017a\runtime\win64;C:\Program Files\MATLAB\R2017a\bin;C:\Program Files (x86)\MATLAB\MATLAB Compiler Runtime\v79\runtime\win32;C:\Program Files (x86)\IVI Foundation\VISA\WinNT\Bin\;C:\Program Files\IVI Foundation\VISA\Win64\Bin\;C:\Program Files (x86)\IVI Foundation\VISA\WinNT\Bin;C:\processing-2.2.1;;C:\WINDOWS\System32\OpenSSH\;C:\Typhoon HIL Control Center\bin\;C:\Program Files\Microsoft SQL Server\Client SDK\ODBC\110\Tools\Binn\;C:\Program Files (x86)\Microsoft SQL Server\120\Tools\Binn\;C:\Program Files\Microsoft SQL Server\120\Tools\Binn\;C:\Program Files\Microsoft SQL Server\120\DTS\Binn\;C:\Program Files (x86)\Windows Kits\8.1\Windows Performance Toolkit\;C:\Users\ora2\AppData\Local\Microsoft\WindowsApps;C:\processing-2.2.1;;C:\Arduino\java\bin
USERNAME=ora2
OS=Windows_NT
PROCESSOR_IDENTIFIER=Intel64 Family 6 Model 158 Stepping 9, GenuineIntel



---------------  S Y S T E M  ---------------

OS: Windows 10.0 , 64 bit Build 17134 (10.0.17134.1)

CPU:total 8 (initial active 8) (4 cores per cpu, 2 threads per core) family 6 model 158 stepping 9, cmov, cx8, fxsr, mmx, sse, sse2, sse3, ssse3, sse4.1, sse4.2, popcnt, avx, avx2, aes, clmul, erms, rtm, 3dnowpref, lzcnt, ht, tsc, tscinvbit, bmi1, bmi2, adx

Memory: 4k page, physical 16666376k(9476632k free), swap 19156744k(8323180k free)

vm_info: Java HotSpot(TM) Client VM (25.144-b01) for windows-x86 JRE (1.8.0_144-b01), built on Jul 21 2017 21:58:05 by "java_re" with MS VC++ 10.0 (VS2010)

time: Sun Feb 17 18:44:56 2019
elapsed time: 189561 seconds (2d 4h 39m 21s)

