#
# A fatal error has been detected by the Java Runtime Environment:
#
#  EXCEPTION_ACCESS_VIOLATION (0xc0000005) at pc=0x619489b6, pid=61088, tid=0x0000c4c0
#
# JRE version: Java(TM) SE Runtime Environment (8.0_144-b01) (build 1.8.0_144-b01)
# Java VM: Java HotSpot(TM) Client VM (25.144-b01 mixed mode windows-x86 )
# Problematic frame:
# C  [listSerialsj.dll+0x89b6]
#
# Failed to write core dump. Minidumps are not enabled by default on client versions of Windows
#
# If you would like to submit a bug report, please visit:
#   http://bugreport.java.com/bugreport/crash.jsp
# The crash happened outside the Java Virtual Machine in native code.
# See problematic frame for where to report the bug.
#

---------------  T H R E A D  ---------------

Current thread (0x28eaa000):  JavaThread "cc.arduino.packages.discoverers.serial.SerialBoardsLister" [_thread_in_native, id=50368, stack(0x02480000,0x024d0000)]

siginfo: ExceptionCode=0xc0000005, writing address 0x0000004d

Registers:
EAX=0x00000000, EBX=0x00000000, ECX=0xd832b107, EDX=0x00000000
ESP=0x024cea80, EBP=0x42150608, ESI=0x0000004d, EDI=0x77376840
EIP=0x619489b6, EFLAGS=0x00010202

Top of Stack: (sp=0x024cea80)
0x024cea80:   0000fde9 00000000 42150608 ffffffff
0x024cea90:   00000000 0000004d 00000000 00000000
0x024ceaa0:   000000a2 42150600 000000a2 489e01a8
0x024ceab0:   000009e8 00000013 024ceb18 61948d53
0x024ceac0:   000009e8 00220414 42150600 000000a2
0x024cead0:   42150600 000000a2 024ceb18 00000000
0x024ceae0:   00000000 77371190 6194da6f 00000000
0x024ceaf0:   288e4838 0000001a 00000000 42150600 

Instructions: (pc=0x619489b6)
0x61948996:   89 44 24 10 c7 44 24 0c ff ff ff ff c7 44 24 04
0x619489a6:   00 00 00 00 c7 04 24 e9 fd 00 00 ff d7 83 ec 20
0x619489b6:   c6 04 33 00 89 d8 83 c4 2c 5b 5e 5f 5d c3 8d b6
0x619489c6:   00 00 00 00 8d bf 00 00 00 00 57 56 89 ce 53 b9 


Register to memory mapping:

EAX=0x00000000 is an unknown value
EBX=0x00000000 is an unknown value
ECX=0xd832b107 is an unknown value
EDX=0x00000000 is an unknown value
ESP=0x024cea80 is pointing into the stack for thread: 0x28eaa000
EBP=0x42150608 is an unknown value
ESI=0x0000004d is an unknown value
EDI=0x77376840 is an unknown value


Stack: [0x02480000,0x024d0000],  sp=0x024cea80,  free space=314k
Native frames: (J=compiled Java code, j=interpreted, Vv=VM code, C=native code)
C  [listSerialsj.dll+0x89b6]

Java frames: (J=compiled Java code, j=interpreted, Vv=VM code)
J 2307  processing.app.Platform.listSerialsNative()[Ljava/lang/String; (0 bytes) @ 0x028d880f [0x028d87d0+0x3f]
J 2295 C1 cc.arduino.packages.discoverers.serial.SerialBoardsLister.retriggerDiscovery(Z)V (751 bytes) @ 0x028d1d24 [0x028d1bd0+0x154]
J 2308 C1 cc.arduino.packages.discoverers.serial.SerialBoardsLister.run()V (13 bytes) @ 0x028d8a94 [0x028d8a50+0x44]
J 2763% C1 java.util.TimerThread.mainLoop()V (232 bytes) @ 0x025b1654 [0x025b1220+0x434]
j  java.util.TimerThread.run()V+1
v  ~StubRoutines::call_stub

---------------  P R O C E S S  ---------------

Java Threads: ( => current thread )
  0x28f04400 JavaThread "DestroyJavaVM" [_thread_blocked, id=11908, stack(0x023b0000,0x02400000)]
  0x28f04000 JavaThread "TimerQueue" daemon [_thread_blocked, id=52396, stack(0x27ff0000,0x28040000)]
  0x28f04c00 JavaThread "Batik CleanerThread" daemon [_thread_blocked, id=2436, stack(0x27830000,0x27880000)]
  0x28f07000 JavaThread "AWT-EventQueue-0" [_thread_blocked, id=37812, stack(0x27370000,0x273c0000)]
  0x28f08400 JavaThread "AWT-Shutdown" [_thread_blocked, id=12408, stack(0x26670000,0x266c0000)]
  0x28f06c00 JavaThread "Timer-0" [_thread_blocked, id=65328, stack(0x27240000,0x27290000)]
  0x28ee1000 JavaThread "JmDNS(ECEB-4076-14-ad-uillinois-edu.local.).State.Timer" daemon [_thread_blocked, id=62140, stack(0x271b0000,0x27200000)]
  0x28ee0000 JavaThread "JmDNS(ECEB-4076-14-ad-uillinois-edu.local.).Timer" daemon [_thread_blocked, id=43132, stack(0x27120000,0x27170000)]
  0x28edf800 JavaThread "SocketListener(ECEB-4076-14-ad-uillinois-edu.local.)" daemon [_thread_in_native, id=33536, stack(0x27090000,0x270e0000)]
  0x28edec00 JavaThread "JmDNS(ECEB-4076-14-ad-uillinois-edu.local.).State.Timer" daemon [_thread_blocked, id=34148, stack(0x27000000,0x27050000)]
  0x28ee0c00 JavaThread "JmDNS(ECEB-4076-14-ad-uillinois-edu.local.).Timer" daemon [_thread_blocked, id=24180, stack(0x26f70000,0x26fc0000)]
  0x28ee0400 JavaThread "SocketListener(ECEB-4076-14-ad-uillinois-edu.local.)" daemon [_thread_in_native, id=63176, stack(0x26ee0000,0x26f30000)]
  0x28ee2400 JavaThread "JmDNS(ECEB-4076-14-ad-uillinois-edu.local.).State.Timer" daemon [_thread_blocked, id=14688, stack(0x26e50000,0x26ea0000)]
  0x28ee2000 JavaThread "JmDNS(ECEB-4076-14-ad-uillinois-edu.local.).Timer" daemon [_thread_blocked, id=37160, stack(0x26dc0000,0x26e10000)]
  0x28ee1800 JavaThread "SocketListener(ECEB-4076-14-ad-uillinois-edu.local.)" daemon [_thread_in_native, id=38504, stack(0x26d30000,0x26d80000)]
  0x28ec3400 JavaThread "JmDNS(ECEB-4076-14-ad-uillinois-edu.local.).State.Timer" daemon [_thread_blocked, id=33664, stack(0x26980000,0x269d0000)]
  0x28ec2c00 JavaThread "JmDNS(ECEB-4076-14-ad-uillinois-edu.local.).Timer" daemon [_thread_blocked, id=18968, stack(0x268f0000,0x26940000)]
  0x28eab400 JavaThread "SocketListener(ECEB-4076-14-ad-uillinois-edu.local.)" daemon [_thread_in_native, id=56760, stack(0x26860000,0x268b0000)]
  0x28eaa800 JavaThread "Multihomed mDNS.Timer" daemon [_thread_blocked, id=28928, stack(0x29880000,0x298d0000)]
=>0x28eaa000 JavaThread "cc.arduino.packages.discoverers.serial.SerialBoardsLister" [_thread_in_native, id=50368, stack(0x02480000,0x024d0000)]
  0x2621e000 JavaThread "AWT-Windows" daemon [_thread_in_native, id=33964, stack(0x26700000,0x26750000)]
  0x2621d000 JavaThread "Java2D Disposer" daemon [_thread_blocked, id=63320, stack(0x265e0000,0x26630000)]
  0x25a66400 JavaThread "Service Thread" daemon [_thread_blocked, id=52784, stack(0x25ed0000,0x25f20000)]
  0x25a5d800 JavaThread "C1 CompilerThread0" daemon [_thread_blocked, id=51000, stack(0x25e40000,0x25e90000)]
  0x25a5c400 JavaThread "Attach Listener" daemon [_thread_blocked, id=36280, stack(0x25db0000,0x25e00000)]
  0x25a68c00 JavaThread "Signal Dispatcher" daemon [_thread_blocked, id=12472, stack(0x25d20000,0x25d70000)]
  0x25a4a000 JavaThread "Finalizer" daemon [_thread_blocked, id=55644, stack(0x24e30000,0x24e80000)]
  0x25a34400 JavaThread "Reference Handler" daemon [_thread_blocked, id=20428, stack(0x24da0000,0x24df0000)]

Other Threads:
  0x022fdc00 VMThread [stack: 0x24d10000,0x24d60000] [id=60488]
  0x25a67000 WatcherThread [stack: 0x25f60000,0x25fb0000] [id=25160]

VM state:not at safepoint (normal execution)

VM Mutex/Monitor currently owned by a thread: None

Heap:
 def new generation   total 39424K, used 8087K [0x04800000, 0x072c0000, 0x0f2a0000)
  eden space 35072K,  22% used [0x04800000, 0x04fd6598, 0x06a40000)
  from space 4352K,   1% used [0x06e80000, 0x06e8f9d8, 0x072c0000)
  to   space 4352K,   0% used [0x06a40000, 0x06a40000, 0x06e80000)
 tenured generation   total 87424K, used 62941K [0x0f2a0000, 0x14800000, 0x24800000)
   the space 87424K,  71% used [0x0f2a0000, 0x13017628, 0x13017800, 0x14800000)
 Metaspace       used 18990K, capacity 19458K, committed 19584K, reserved 19840K

Card table byte_map: [0x046a0000,0x047b0000] byte_map_base: 0x0467c000

Polling page: 0x00690000

CodeCache: size=32768Kb used=2251Kb max_used=4296Kb free=30516Kb
 bounds [0x024e0000, 0x02918000, 0x044e0000]
 total_blobs=1332 nmethods=1053 adapters=208
 compilation: enabled

Compilation events (10 events):
Event: 181332.112 Thread 0x25a5d800 3148             javax.jmdns.impl.DNSRecord::equals (32 bytes)
Event: 181332.112 Thread 0x25a5d800 nmethod 3148 0x02859b48 code [0x02859c60, 0x02859da8]
Event: 181332.112 Thread 0x25a5d800 3149             javax.jmdns.impl.DNSEntry::equals (61 bytes)
Event: 181332.113 Thread 0x25a5d800 nmethod 3149 0x028de508 code [0x028de620, 0x028de7ec]
Event: 182968.186 Thread 0x25a5d800 3150   !         java.util.concurrent.ConcurrentHashMap::transfer (832 bytes)
Event: 182968.188 Thread 0x25a5d800 nmethod 3150 0x02857308 code [0x028574e0, 0x02858498]
Event: 184196.358 Thread 0x25a5d800 3151             java.util.HashMap::size (5 bytes)
Event: 184196.358 Thread 0x25a5d800 nmethod 3151 0x028de348 code [0x028de440, 0x028de4c0]
Event: 184623.844 Thread 0x25a5d800 3152             java.util.HashSet::size (8 bytes)
Event: 184623.844 Thread 0x25a5d800 nmethod 3152 0x028de148 code [0x028de240, 0x028de2d0]

GC Heap History (10 events):
Event: 186862.282 GC heap before
{Heap before GC invocations=261 (full 1):
 def new generation   total 39424K, used 35125K [0x04800000, 0x072c0000, 0x0f2a0000)
  eden space 35072K, 100% used [0x04800000, 0x06a40000, 0x06a40000)
  from space 4352K,   1% used [0x06a40000, 0x06a4d4c8, 0x06e80000)
  to   space 4352K,   0% used [0x06e80000, 0x06e80000, 0x072c0000)
 tenured generation   total 87424K, used 62938K [0x0f2a0000, 0x14800000, 0x24800000)
   the space 87424K,  71% used [0x0f2a0000, 0x13016a00, 0x13016a00, 0x14800000)
 Metaspace       used 18990K, capacity 19458K, committed 19584K, reserved 19840K
Event: 186862.284 GC heap after
Heap after GC invocations=262 (full 1):
 def new generation   total 39424K, used 102K [0x04800000, 0x072c0000, 0x0f2a0000)
  eden space 35072K,   0% used [0x04800000, 0x04800000, 0x06a40000)
  from space 4352K,   2% used [0x06e80000, 0x06e99908, 0x072c0000)
  to   space 4352K,   0% used [0x06a40000, 0x06a40000, 0x06e80000)
 tenured generation   total 87424K, used 62938K [0x0f2a0000, 0x14800000, 0x24800000)
   the space 87424K,  71% used [0x0f2a0000, 0x13016a80, 0x13016c00, 0x14800000)
 Metaspace       used 18990K, capacity 19458K, committed 19584K, reserved 19840K
}
Event: 187628.702 GC heap before
{Heap before GC invocations=262 (full 1):
 def new generation   total 39424K, used 35174K [0x04800000, 0x072c0000, 0x0f2a0000)
  eden space 35072K, 100% used [0x04800000, 0x06a40000, 0x06a40000)
  from space 4352K,   2% used [0x06e80000, 0x06e99908, 0x072c0000)
  to   space 4352K,   0% used [0x06a40000, 0x06a40000, 0x06e80000)
 tenured generation   total 87424K, used 62938K [0x0f2a0000, 0x14800000, 0x24800000)
   the space 87424K,  71% used [0x0f2a0000, 0x13016a80, 0x13016c00, 0x14800000)
 Metaspace       used 18990K, capacity 19458K, committed 19584K, reserved 19840K
Event: 187628.704 GC heap after
Heap after GC invocations=263 (full 1):
 def new generation   total 39424K, used 95K [0x04800000, 0x072c0000, 0x0f2a0000)
  eden space 35072K,   0% used [0x04800000, 0x04800000, 0x06a40000)
  from space 4352K,   2% used [0x06a40000, 0x06a57c20, 0x06e80000)
  to   space 4352K,   0% used [0x06e80000, 0x06e80000, 0x072c0000)
 tenured generation   total 87424K, used 62938K [0x0f2a0000, 0x14800000, 0x24800000)
   the space 87424K,  71% used [0x0f2a0000, 0x13016a80, 0x13016c00, 0x14800000)
 Metaspace       used 18990K, capacity 19458K, committed 19584K, reserved 19840K
}
Event: 188366.542 GC heap before
{Heap before GC invocations=263 (full 1):
 def new generation   total 39424K, used 35167K [0x04800000, 0x072c0000, 0x0f2a0000)
  eden space 35072K, 100% used [0x04800000, 0x06a40000, 0x06a40000)
  from space 4352K,   2% used [0x06a40000, 0x06a57c20, 0x06e80000)
  to   space 4352K,   0% used [0x06e80000, 0x06e80000, 0x072c0000)
 tenured generation   total 87424K, used 62938K [0x0f2a0000, 0x14800000, 0x24800000)
   the space 87424K,  71% used [0x0f2a0000, 0x13016a80, 0x13016c00, 0x14800000)
 Metaspace       used 18990K, capacity 19458K, committed 19584K, reserved 19840K
Event: 188366.544 GC heap after
Heap after GC invocations=264 (full 1):
 def new generation   total 39424K, used 75K [0x04800000, 0x072c0000, 0x0f2a0000)
  eden space 35072K,   0% used [0x04800000, 0x04800000, 0x06a40000)
  from space 4352K,   1% used [0x06e80000, 0x06e92ca0, 0x072c0000)
  to   space 4352K,   0% used [0x06a40000, 0x06a40000, 0x06e80000)
 tenured generation   total 87424K, used 62938K [0x0f2a0000, 0x14800000, 0x24800000)
   the space 87424K,  71% used [0x0f2a0000, 0x13016a80, 0x13016c00, 0x14800000)
 Metaspace       used 18990K, capacity 19458K, committed 19584K, reserved 19840K
}
Event: 189124.054 GC heap before
{Heap before GC invocations=264 (full 1):
 def new generation   total 39424K, used 35147K [0x04800000, 0x072c0000, 0x0f2a0000)
  eden space 35072K, 100% used [0x04800000, 0x06a40000, 0x06a40000)
  from space 4352K,   1% used [0x06e80000, 0x06e92ca0, 0x072c0000)
  to   space 4352K,   0% used [0x06a40000, 0x06a40000, 0x06e80000)
 tenured generation   total 87424K, used 62938K [0x0f2a0000, 0x14800000, 0x24800000)
   the space 87424K,  71% used [0x0f2a0000, 0x13016a80, 0x13016c00, 0x14800000)
 Metaspace       used 18990K, capacity 19458K, committed 19584K, reserved 19840K
Event: 189124.056 GC heap after
Heap after GC invocations=265 (full 1):
 def new generation   total 39424K, used 57K [0x04800000, 0x072c0000, 0x0f2a0000)
  eden space 35072K,   0% used [0x04800000, 0x04800000, 0x06a40000)
  from space 4352K,   1% used [0x06a40000, 0x06a4e400, 0x06e80000)
  to   space 4352K,   0% used [0x06e80000, 0x06e80000, 0x072c0000)
 tenured generation   total 87424K, used 62938K [0x0f2a0000, 0x14800000, 0x24800000)
   the space 87424K,  71% used [0x0f2a0000, 0x13016a80, 0x13016c00, 0x14800000)
 Metaspace       used 18990K, capacity 19458K, committed 19584K, reserved 19840K
}
Event: 189845.896 GC heap before
{Heap before GC invocations=265 (full 1):
 def new generation   total 39424K, used 35129K [0x04800000, 0x072c0000, 0x0f2a0000)
  eden space 35072K, 100% used [0x04800000, 0x06a40000, 0x06a40000)
  from space 4352K,   1% used [0x06a40000, 0x06a4e400, 0x06e80000)
  to   space 4352K,   0% used [0x06e80000, 0x06e80000, 0x072c0000)
 tenured generation   total 87424K, used 62938K [0x0f2a0000, 0x14800000, 0x24800000)
   the space 87424K,  71% used [0x0f2a0000, 0x13016a80, 0x13016c00, 0x14800000)
 Metaspace       used 18990K, capacity 19458K, committed 19584K, reserved 19840K
Event: 189845.897 GC heap after
Heap after GC invocations=266 (full 1):
 def new generation   total 39424K, used 62K [0x04800000, 0x072c0000, 0x0f2a0000)
  eden space 35072K,   0% used [0x04800000, 0x04800000, 0x06a40000)
  from space 4352K,   1% used [0x06e80000, 0x06e8f9d8, 0x072c0000)
  to   space 4352K,   0% used [0x06a40000, 0x06a40000, 0x06e80000)
 tenured generation   total 87424K, used 62941K [0x0f2a0000, 0x14800000, 0x24800000)
   the space 87424K,  71% used [0x0f2a0000, 0x13017628, 0x13017800, 0x14800000)
 Metaspace       used 18990K, capacity 19458K, committed 19584K, reserved 19840K
}

Deoptimization events (0 events):
No events

Internal exceptions (10 events):
Event: 2074.064 Thread 0x28f09c00 Exception <a 'sun/nio/fs/WindowsException'> (0x05b1a918) thrown at [C:\workspace\8-2-build-windows-i586-cygwin\jdk8u144\9417\hotspot\src\share\vm\prims\jni.cpp, line 709]
Event: 2074.064 Thread 0x28f09c00 Exception <a 'sun/nio/fs/WindowsException'> (0x05b1ad80) thrown at [C:\workspace\8-2-build-windows-i586-cygwin\jdk8u144\9417\hotspot\src\share\vm\prims\jni.cpp, line 709]
Event: 2074.065 Thread 0x28f09c00 Exception <a 'sun/nio/fs/WindowsException'> (0x05b246e8) thrown at [C:\workspace\8-2-build-windows-i586-cygwin\jdk8u144\9417\hotspot\src\share\vm\prims\jni.cpp, line 709]
Event: 2074.065 Thread 0x28f09c00 Exception <a 'sun/nio/fs/WindowsException'> (0x05b2ab98) thrown at [C:\workspace\8-2-build-windows-i586-cygwin\jdk8u144\9417\hotspot\src\share\vm\prims\jni.cpp, line 709]
Event: 2074.066 Thread 0x28f09c00 Exception <a 'sun/nio/fs/WindowsException'> (0x05b3c858) thrown at [C:\workspace\8-2-build-windows-i586-cygwin\jdk8u144\9417\hotspot\src\share\vm\prims\jni.cpp, line 709]
Event: 2074.066 Thread 0x28f09c00 Exception <a 'sun/nio/fs/WindowsException'> (0x05b3cf40) thrown at [C:\workspace\8-2-build-windows-i586-cygwin\jdk8u144\9417\hotspot\src\share\vm\prims\jni.cpp, line 709]
Event: 2074.067 Thread 0x28f09c00 Exception <a 'sun/nio/fs/WindowsException'> (0x05b474d0) thrown at [C:\workspace\8-2-build-windows-i586-cygwin\jdk8u144\9417\hotspot\src\share\vm\prims\jni.cpp, line 709]
Event: 2074.067 Thread 0x28f09c00 Exception <a 'sun/nio/fs/WindowsException'> (0x05b47bb8) thrown at [C:\workspace\8-2-build-windows-i586-cygwin\jdk8u144\9417\hotspot\src\share\vm\prims\jni.cpp, line 709]
Event: 2074.067 Thread 0x28f09c00 Exception <a 'sun/nio/fs/WindowsException'> (0x05b52080) thrown at [C:\workspace\8-2-build-windows-i586-cygwin\jdk8u144\9417\hotspot\src\share\vm\prims\jni.cpp, line 709]
Event: 2074.067 Thread 0x28f09c00 Exception <a 'sun/nio/fs/WindowsException'> (0x05b52768) thrown at [C:\workspace\8-2-build-windows-i586-cygwin\jdk8u144\9417\hotspot\src\share\vm\prims\jni.cpp, line 709]

Events (10 events):
Event: 186862.282 Executing VM operation: GenCollectForAllocation
Event: 186862.284 Executing VM operation: GenCollectForAllocation done
Event: 187628.701 Executing VM operation: GenCollectForAllocation
Event: 187628.704 Executing VM operation: GenCollectForAllocation done
Event: 188366.542 Executing VM operation: GenCollectForAllocation
Event: 188366.544 Executing VM operation: GenCollectForAllocation done
Event: 189124.054 Executing VM operation: GenCollectForAllocation
Event: 189124.056 Executing VM operation: GenCollectForAllocation done
Event: 189845.895 Executing VM operation: GenCollectForAllocation
Event: 189845.897 Executing VM operation: GenCollectForAllocation done


Dynamic libraries:
0x00180000 - 0x001b3000 	C:\Arduino\java\bin\javaw.exe
0x77c80000 - 0x77e10000 	C:\WINDOWS\SYSTEM32\ntdll.dll
0x77360000 - 0x77440000 	C:\WINDOWS\System32\KERNEL32.DLL
0x77440000 - 0x77624000 	C:\WINDOWS\System32\KERNELBASE.dll
0x75cd0000 - 0x75d48000 	C:\WINDOWS\System32\ADVAPI32.dll
0x75630000 - 0x756ef000 	C:\WINDOWS\System32\msvcrt.dll
0x77b30000 - 0x77b74000 	C:\WINDOWS\System32\sechost.dll
0x74650000 - 0x74710000 	C:\WINDOWS\System32\RPCRT4.dll
0x74540000 - 0x74560000 	C:\WINDOWS\System32\SspiCli.dll
0x74530000 - 0x7453a000 	C:\WINDOWS\System32\CRYPTBASE.dll
0x74c90000 - 0x74ce8000 	C:\WINDOWS\System32\bcryptPrimitives.dll
0x74940000 - 0x74acd000 	C:\WINDOWS\System32\USER32.dll
0x77b10000 - 0x77b27000 	C:\WINDOWS\System32\win32u.dll
0x75dc0000 - 0x75de2000 	C:\WINDOWS\System32\GDI32.dll
0x74b20000 - 0x74c84000 	C:\WINDOWS\System32\gdi32full.dll
0x75f90000 - 0x7600d000 	C:\WINDOWS\System32\msvcp_win.dll
0x74770000 - 0x7488e000 	C:\WINDOWS\System32\ucrtbase.dll
0x6f020000 - 0x6f224000 	C:\WINDOWS\WinSxS\x86_microsoft.windows.common-controls_6595b64144ccf1df_6.0.17134.590_none_42ead2d644e6098e\COMCTL32.dll
0x77780000 - 0x779dc000 	C:\WINDOWS\System32\combase.dll
0x74ad0000 - 0x74af6000 	C:\WINDOWS\System32\IMM32.DLL
0x6ed80000 - 0x6ee3f000 	C:\Arduino\java\bin\msvcr100.dll
0x6d010000 - 0x6d3de000 	C:\Arduino\java\bin\client\jvm.dll
0x77b80000 - 0x77b86000 	C:\WINDOWS\System32\PSAPI.DLL
0x72720000 - 0x72728000 	C:\WINDOWS\SYSTEM32\WSOCK32.dll
0x72830000 - 0x72838000 	C:\WINDOWS\SYSTEM32\VERSION.dll
0x727b0000 - 0x727d4000 	C:\WINDOWS\SYSTEM32\WINMM.dll
0x74f20000 - 0x74f87000 	C:\WINDOWS\System32\WS2_32.dll
0x72560000 - 0x72583000 	C:\WINDOWS\SYSTEM32\WINMMBASE.dll
0x74d80000 - 0x74db9000 	C:\WINDOWS\System32\cfgmgr32.dll
0x6f4f0000 - 0x6f520000 	C:\Arduino\java\bin\splashscreen.dll
0x6f950000 - 0x6f9cc000 	C:\WINDOWS\system32\uxtheme.dll
0x6f9e0000 - 0x6f9ec000 	C:\Arduino\java\bin\verify.dll
0x6f4c0000 - 0x6f4e1000 	C:\Arduino\java\bin\java.dll
0x77630000 - 0x77773000 	C:\WINDOWS\System32\MSCTF.dll
0x745b0000 - 0x74646000 	C:\WINDOWS\System32\OLEAUT32.dll
0x6f540000 - 0x6f553000 	C:\Arduino\java\bin\zip.dll
0x756f0000 - 0x756ff000 	C:\WINDOWS\System32\kernel.appcore.dll
0x69c60000 - 0x69cdd000 	C:\WINDOWS\System32\TextInputFramework.dll
0x52f80000 - 0x531dd000 	C:\WINDOWS\System32\CoreUIComponents.dll
0x66b00000 - 0x66b8b000 	C:\WINDOWS\System32\CoreMessaging.dll
0x75100000 - 0x75188000 	C:\WINDOWS\System32\SHCORE.dll
0x69870000 - 0x69946000 	C:\WINDOWS\SYSTEM32\wintypes.dll
0x71c60000 - 0x71c89000 	C:\WINDOWS\SYSTEM32\ntmarta.dll
0x6c100000 - 0x6c123000 	C:\WINDOWS\system32\dwmapi.dll
0x76010000 - 0x7735a000 	C:\WINDOWS\System32\SHELL32.dll
0x75710000 - 0x75cca000 	C:\WINDOWS\System32\windows.storage.dll
0x74560000 - 0x745a5000 	C:\WINDOWS\System32\shlwapi.dll
0x74b00000 - 0x74b18000 	C:\WINDOWS\System32\profapi.dll
0x75d60000 - 0x75da5000 	C:\WINDOWS\System32\powrprof.dll
0x75db0000 - 0x75db8000 	C:\WINDOWS\System32\FLTLIB.DLL
0x61940000 - 0x619b2000 	C:\Arduino\lib\listSerialsj.dll
0x75190000 - 0x755bb000 	C:\WINDOWS\System32\SETUPAPI.dll
0x6c630000 - 0x6c64d000 	C:\Arduino\lib\jnidispatch-4.2.2-win32-x86.dll
0x74e20000 - 0x74f1c000 	C:\WINDOWS\System32\Ole32.dll
0x6c540000 - 0x6c556000 	C:\Arduino\java\bin\net.dll
0x737d0000 - 0x73826000 	C:\WINDOWS\system32\mswsock.dll
0x6f9d0000 - 0x6f9df000 	C:\Arduino\java\bin\nio.dll
0x53c90000 - 0x53dd5000 	C:\Arduino\java\bin\awt.dll
0x595c0000 - 0x5965d000 	C:\WINDOWS\SYSTEM32\apphelp.dll
0x692a0000 - 0x692d9000 	C:\Arduino\java\bin\fontmanager.dll
0x66490000 - 0x66569000 	C:\WINDOWS\system32\opengl32.dll
0x68d70000 - 0x68daf000 	C:\WINDOWS\SYSTEM32\GLU32.dll
0x54e80000 - 0x54eb2000 	C:\Arduino\java\bin\t2k.dll
0x70db0000 - 0x70dd2000 	C:\WINDOWS\SYSTEM32\DEVOBJ.dll
0x779e0000 - 0x77a27000 	C:\WINDOWS\System32\WINTRUST.dll
0x75d50000 - 0x75d5e000 	C:\WINDOWS\System32\MSASN1.dll
0x75df0000 - 0x75f86000 	C:\WINDOWS\System32\CRYPT32.dll
0x72730000 - 0x72760000 	C:\WINDOWS\SYSTEM32\IPHLPAPI.DLL
0x75700000 - 0x75707000 	C:\WINDOWS\System32\NSI.dll
0x72290000 - 0x722a3000 	C:\WINDOWS\SYSTEM32\dhcpcsvc6.DLL
0x72410000 - 0x72424000 	C:\WINDOWS\SYSTEM32\dhcpcsvc.DLL
0x72380000 - 0x7240e000 	C:\WINDOWS\SYSTEM32\DNSAPI.dll
0x71bc0000 - 0x71be1000 	C:\Program Files (x86)\Bonjour\mdnsNSP.dll
0x71bb0000 - 0x71bb8000 	C:\Windows\System32\rasadhlp.dll
0x71b50000 - 0x71b9f000 	C:\WINDOWS\System32\fwpuclnt.dll
0x73770000 - 0x73789000 	C:\WINDOWS\SYSTEM32\bcrypt.dll
0x53a90000 - 0x53af9000 	C:\Arduino\msvcp100.dll
0x52840000 - 0x528fe000 	C:\Arduino\msvcr100.dll
0x27680000 - 0x276b2000 	C:\Arduino\lib\AStylej.dll
0x69310000 - 0x69334000 	C:\Arduino\java\bin\dcpr.dll
0x74890000 - 0x74913000 	C:\WINDOWS\System32\clbcatq.dll
0x58b20000 - 0x58c91000 	C:\WINDOWS\SYSTEM32\WindowsCodecs.dll
0x64b00000 - 0x64b4f000 	C:\WINDOWS\system32\dataexchange.dll
0x64760000 - 0x6489c000 	C:\WINDOWS\system32\dcomp.dll
0x648a0000 - 0x64af2000 	C:\WINDOWS\system32\d3d11.dll
0x646c0000 - 0x64758000 	C:\WINDOWS\system32\dxgi.dll
0x68bb0000 - 0x68d15000 	C:\WINDOWS\system32\twinapi.appcore.dll
0x68b80000 - 0x68ba1000 	C:\WINDOWS\system32\RMCLIENT.dll
0x71650000 - 0x71663000 	C:\WINDOWS\SYSTEM32\CRYPTSP.dll
0x71620000 - 0x7164f000 	C:\WINDOWS\system32\rsaenh.dll
0x72840000 - 0x72861000 	C:\WINDOWS\SYSTEM32\USERENV.dll
0x64000000 - 0x6401b000 	C:\Arduino\lib\jSSC-2.8_x86.dll
0x007c0000 - 0x00816000 	C:\WINDOWS\system32\Oleacc.dll

VM Arguments:
jvm_args: -Dsun.java2d.d3d=false -Djna.nosys=true -Djna.nounpack=true -Djna.boot.library.name=jnidispatch-4.2.2-win32-x86 -Djna.boot.library.path=C:\Arduino/lib -Djssc.library.path=C:\Arduino/lib -DAPP_DIR=C:\Arduino -Xms128M -Xmx512M 
java_command: processing.app.Base C:\git\microgrid_testbed\100 nodes\Arduino\Final3v2\Final3v2.ino
java_class_path (initial): C:\Arduino\lib\apple.jar;C:\Arduino\lib\arduino-core.jar;C:\Arduino\lib\batik-1.8.jar;C:\Arduino\lib\batik-anim-1.8.jar;C:\Arduino\lib\batik-awt-util-1.8.jar;C:\Arduino\lib\batik-bridge-1.8.jar;C:\Arduino\lib\batik-codec-1.8.jar;C:\Arduino\lib\batik-css-1.8.jar;C:\Arduino\lib\batik-dom-1.8.jar;C:\Arduino\lib\batik-ext-1.8.jar;C:\Arduino\lib\batik-gvt-1.8.jar;C:\Arduino\lib\batik-parser-1.8.jar;C:\Arduino\lib\batik-rasterizer-1.8.jar;C:\Arduino\lib\batik-script-1.8.jar;C:\Arduino\lib\batik-squiggle-1.8.jar;C:\Arduino\lib\batik-svg-dom-1.8.jar;C:\Arduino\lib\batik-svgpp-1.8.jar;C:\Arduino\lib\batik-transcoder-1.8.jar;C:\Arduino\lib\batik-util-1.8.jar;C:\Arduino\lib\batik-xml-1.8.jar;C:\Arduino\lib\bcpg-jdk15on-152.jar;C:\Arduino\lib\bcprov-jdk15on-152.jar;C:\Arduino\lib\commons-codec-1.7.jar;C:\Arduino\lib\commons-compress-1.8.jar;C:\Arduino\lib\commons-exec-1.1.jar;C:\Arduino\lib\commons-httpclient-3.1.jar;C:\Arduino\lib\commons-lang3-3.3.2.jar;C:\Arduino\lib\commons-logging-1.0.4.jar;C:\Arduino\lib\commons-net-3.3.jar;C:\Arduino\lib\jackson-annotations-2.6.3.jar;C:\Arduino\lib\jackson-core-2.6.3.jar;C:\Arduino\lib\jackson-databind-2.6.3.jar;C:\Arduino\lib\jackson-module-mrbean-2.6.3.jar;C:\Arduino\lib\java-semver-0.8.0.jar;C:\Arduino\lib\jmdns-3.5.1.jar;C:\Arduino\lib\slf4j-simple-1.7.22.jar;C:\Arduino\lib\slf4j-api-1.7.22.jar;C:\Arduino\lib\jna-4.2.2.jar;C:\Arduino\lib\jna-platform-4.2.2.jar;C:\Arduino\lib\jsch-0.1.50.jar;C:\Arduino\lib\jssc-2.8.0-arduino1.jar;C:\Arduino\lib\pde.jar;C:\Arduino\lib\rsyntaxtextarea-2.6.1.jar;C:\Arduino\lib\xml-apis-1.3.04.jar;C:\Arduino\lib\xml-apis-ext-1.3.04.jar;C:\Arduino\lib\xmlgraphics-commons-2.0.jar
Launcher Type: SUN_STANDARD

Environment Variables:
PATH=C:\Program Files (x86)\NVIDIA Corporation\PhysX\Common;C:\Program Files (x86)\Common Files\Oracle\Java\javapath;C:\ProgramData\Oracle\Java\javapath;C:\WINDOWS\system32;C:\WINDOWS;C:\WINDOWS\System32\Wbem;C:\WINDOWS\System32\WindowsPowerShell\v1.0\;C:\Program Files (x86)\PuTTY\;C:\Program Files\MATLAB\R2017a\runtime\win64;C:\Program Files\MATLAB\R2017a\bin;C:\Program Files (x86)\MATLAB\MATLAB Compiler Runtime\v79\runtime\win32;C:\Program Files (x86)\IVI Foundation\VISA\WinNT\Bin\;C:\Program Files\IVI Foundation\VISA\Win64\Bin\;C:\Program Files (x86)\IVI Foundation\VISA\WinNT\Bin;C:\processing-2.2.1;;C:\WINDOWS\System32\OpenSSH\;C:\Typhoon HIL Control Center\bin\;C:\Program Files\Microsoft SQL Server\Client SDK\ODBC\110\Tools\Binn\;C:\Program Files (x86)\Microsoft SQL Server\120\Tools\Binn\;C:\Program Files\Microsoft SQL Server\120\Tools\Binn\;C:\Program Files\Microsoft SQL Server\120\DTS\Binn\;C:\Program Files (x86)\Windows Kits\8.1\Windows Performance Toolkit\;C:\Users\ora2\AppData\Local\Microsoft\WindowsApps;C:\processing-2.2.1;;C:\Arduino\java\bin
USERNAME=ora2
OS=Windows_NT
PROCESSOR_IDENTIFIER=Intel64 Family 6 Model 158 Stepping 9, GenuineIntel



---------------  S Y S T E M  ---------------

OS: Windows 10.0 , 64 bit Build 17134 (10.0.17134.556)

CPU:total 8 (initial active 8) (4 cores per cpu, 2 threads per core) family 6 model 158 stepping 9, cmov, cx8, fxsr, mmx, sse, sse2, sse3, ssse3, sse4.1, sse4.2, popcnt, avx, avx2, aes, clmul, erms, rtm, 3dnowpref, lzcnt, ht, tsc, tscinvbit, bmi1, bmi2, adx

Memory: 4k page, physical 16666376k(7538008k free), swap 39270084k(12420268k free)

vm_info: Java HotSpot(TM) Client VM (25.144-b01) for windows-x86 JRE (1.8.0_144-b01), built on Jul 21 2017 21:58:05 by "java_re" with MS VC++ 10.0 (VS2010)

time: Wed Mar 13 20:50:41 2019
elapsed time: 190044 seconds (2d 4h 47m 24s)

