#
# A fatal error has been detected by the Java Runtime Environment:
#
#  EXCEPTION_ACCESS_VIOLATION (0xc0000005) at pc=0x619489b6, pid=20764, tid=0x00005150
#
# JRE version: Java(TM) SE Runtime Environment (8.0_144-b01) (build 1.8.0_144-b01)
# Java VM: Java HotSpot(TM) Client VM (25.144-b01 mixed mode windows-x86 )
# Problematic frame:
# C  [listSerialsj.dll+0x89b6]
#
# Failed to write core dump. Minidumps are not enabled by default on client versions of Windows
#
# If you would like to submit a bug report, please visit:
#   http://bugreport.java.com/bugreport/crash.jsp
# The crash happened outside the Java Virtual Machine in native code.
# See problematic frame for where to report the bug.
#

---------------  T H R E A D  ---------------

Current thread (0x28e44800):  JavaThread "cc.arduino.packages.discoverers.serial.SerialBoardsLister" [_thread_in_native, id=20816, stack(0x26740000,0x26790000)]

siginfo: ExceptionCode=0xc0000005, writing address 0x0000004c

Registers:
EAX=0x00000000, EBX=0x00000000, ECX=0x566d8805, EDX=0x00000000
ESP=0x2678e8f0, EBP=0x289b99e8, ESI=0x0000004c, EDI=0x77376840
EIP=0x619489b6, EFLAGS=0x00010206

Top of Stack: (sp=0x2678e8f0)
0x2678e8f0:   0000fde9 00000000 289b99e8 ffffffff
0x2678e900:   00000000 0000004c 00000000 00000000
0x2678e910:   000000a0 289b99e0 000000a0 289bef20
0x2678e920:   00000bfc 00000007 2678e988 61948d53
0x2678e930:   00000bfc 00220414 289b99e0 000000a0
0x2678e940:   289b99e0 000000a0 2678e988 00000000
0x2678e950:   00000000 77371190 6194da6f 00000000
0x2678e960:   289b4938 0000001a 00000000 289b99e0 

Instructions: (pc=0x619489b6)
0x61948996:   89 44 24 10 c7 44 24 0c ff ff ff ff c7 44 24 04
0x619489a6:   00 00 00 00 c7 04 24 e9 fd 00 00 ff d7 83 ec 20
0x619489b6:   c6 04 33 00 89 d8 83 c4 2c 5b 5e 5f 5d c3 8d b6
0x619489c6:   00 00 00 00 8d bf 00 00 00 00 57 56 89 ce 53 b9 


Register to memory mapping:

EAX=0x00000000 is an unknown value
EBX=0x00000000 is an unknown value
ECX=0x566d8805 is an unknown value
EDX=0x00000000 is an unknown value
ESP=0x2678e8f0 is pointing into the stack for thread: 0x28e44800
EBP=0x289b99e8 is an unknown value
ESI=0x0000004c is an unknown value
EDI=0x77376840 is an unknown value


Stack: [0x26740000,0x26790000],  sp=0x2678e8f0,  free space=314k
Native frames: (J=compiled Java code, j=interpreted, Vv=VM code, C=native code)
C  [listSerialsj.dll+0x89b6]

Java frames: (J=compiled Java code, j=interpreted, Vv=VM code)
J 2471  processing.app.Platform.listSerialsNative()[Ljava/lang/String; (0 bytes) @ 0x027a408f [0x027a4050+0x3f]
J 2482 C1 cc.arduino.packages.discoverers.serial.SerialBoardsLister.retriggerDiscovery(Z)V (751 bytes) @ 0x027b2ba4 [0x027b2a50+0x154]
J 2487 C1 cc.arduino.packages.discoverers.serial.SerialBoardsLister.run()V (13 bytes) @ 0x028efad4 [0x028efa90+0x44]
J 2488% C1 java.util.TimerThread.mainLoop()V (232 bytes) @ 0x028a1994 [0x028a1560+0x434]
j  java.util.TimerThread.run()V+1
v  ~StubRoutines::call_stub

---------------  P R O C E S S  ---------------

Java Threads: ( => current thread )
  0x28ee4400 JavaThread "DestroyJavaVM" [_thread_blocked, id=21324, stack(0x02310000,0x02360000)]
  0x28ee2000 JavaThread "TimerQueue" daemon [_thread_blocked, id=21316, stack(0x2aff0000,0x2b040000)]
  0x28ede800 JavaThread "Batik CleanerThread" daemon [_thread_blocked, id=22380, stack(0x2a890000,0x2a8e0000)]
  0x28ee4c00 JavaThread "AWT-EventQueue-0" [_thread_blocked, id=10868, stack(0x2a670000,0x2a6c0000)]
  0x28ee0c00 JavaThread "AWT-Shutdown" [_thread_blocked, id=20616, stack(0x2a5e0000,0x2a630000)]
  0x28ee1800 JavaThread "Timer-0" [_thread_blocked, id=17356, stack(0x2a450000,0x2a4a0000)]
  0x28ee4000 JavaThread "JmDNS(ECEB-4076-14-ad-uillinois-edu.local.).State.Timer" daemon [_thread_blocked, id=19548, stack(0x2a3c0000,0x2a410000)]
  0x28ee2c00 JavaThread "JmDNS(ECEB-4076-14-ad-uillinois-edu.local.).Timer" daemon [_thread_blocked, id=16844, stack(0x2a330000,0x2a380000)]
  0x28ee3000 JavaThread "SocketListener(ECEB-4076-14-ad-uillinois-edu.local.)" daemon [_thread_in_native, id=21404, stack(0x2a2a0000,0x2a2f0000)]
  0x28ee1400 JavaThread "JmDNS(ECEB-4076-14-ad-uillinois-edu.local.).State.Timer" daemon [_thread_blocked, id=17012, stack(0x2a010000,0x2a060000)]
  0x28ed2800 JavaThread "JmDNS(ECEB-4076-14-ad-uillinois-edu.local.).Timer" daemon [_thread_blocked, id=3568, stack(0x29f80000,0x29fd0000)]
  0x28ed3000 JavaThread "SocketListener(ECEB-4076-14-ad-uillinois-edu.local.)" daemon [_thread_in_native, id=21648, stack(0x29ef0000,0x29f40000)]
  0x28ed1c00 JavaThread "JmDNS(ECEB-4076-14-ad-uillinois-edu.local.).State.Timer" daemon [_thread_blocked, id=17212, stack(0x29dd0000,0x29e20000)]
  0x28ed2400 JavaThread "JmDNS(ECEB-4076-14-ad-uillinois-edu.local.).Timer" daemon [_thread_blocked, id=21760, stack(0x29d40000,0x29d90000)]
  0x28ebc400 JavaThread "SocketListener(ECEB-4076-14-ad-uillinois-edu.local.)" daemon [_thread_in_native, id=14944, stack(0x29cb0000,0x29d00000)]
  0x28ebb400 JavaThread "JmDNS(ECEB-4076-14-ad-uillinois-edu.local.).State.Timer" daemon [_thread_blocked, id=22260, stack(0x29a90000,0x29ae0000)]
  0x28ea2c00 JavaThread "JmDNS(ECEB-4076-14-ad-uillinois-edu.local.).Timer" daemon [_thread_blocked, id=18940, stack(0x299c0000,0x29a10000)]
  0x28ea2000 JavaThread "SocketListener(ECEB-4076-14-ad-uillinois-edu.local.)" daemon [_thread_in_native, id=14404, stack(0x29930000,0x29980000)]
  0x28e95000 JavaThread "Multihomed mDNS.Timer" daemon [_thread_blocked, id=21812, stack(0x298a0000,0x298f0000)]
=>0x28e44800 JavaThread "cc.arduino.packages.discoverers.serial.SerialBoardsLister" [_thread_in_native, id=20816, stack(0x26740000,0x26790000)]
  0x262e0c00 JavaThread "AWT-Windows" daemon [_thread_in_native, id=13040, stack(0x267d0000,0x26820000)]
  0x262df800 JavaThread "Java2D Disposer" daemon [_thread_blocked, id=20672, stack(0x266b0000,0x26700000)]
  0x259d5800 JavaThread "Service Thread" daemon [_thread_blocked, id=3248, stack(0x25fa0000,0x25ff0000)]
  0x259dc400 JavaThread "C1 CompilerThread0" daemon [_thread_blocked, id=21000, stack(0x25f10000,0x25f60000)]
  0x259da800 JavaThread "Attach Listener" daemon [_thread_blocked, id=10820, stack(0x25e80000,0x25ed0000)]
  0x259d8800 JavaThread "Signal Dispatcher" daemon [_thread_blocked, id=7244, stack(0x25df0000,0x25e40000)]
  0x259ba000 JavaThread "Finalizer" daemon [_thread_blocked, id=14212, stack(0x25c70000,0x25cc0000)]
  0x259a4400 JavaThread "Reference Handler" daemon [_thread_blocked, id=2992, stack(0x25be0000,0x25c30000)]

Other Threads:
  0x0246dc00 VMThread [stack: 0x04710000,0x04760000] [id=16344]
  0x25a01800 WatcherThread [stack: 0x26030000,0x26080000] [id=3544]

VM state:not at safepoint (normal execution)

VM Mutex/Monitor currently owned by a thread: None

Heap:
 def new generation   total 39424K, used 7052K [0x04a00000, 0x074c0000, 0x0f4a0000)
  eden space 35072K,  19% used [0x04a00000, 0x050b1fb0, 0x06c40000)
  from space 4352K,   4% used [0x07080000, 0x070b1150, 0x074c0000)
  to   space 4352K,   0% used [0x06c40000, 0x06c40000, 0x07080000)
 tenured generation   total 87424K, used 35803K [0x0f4a0000, 0x14a00000, 0x24a00000)
   the space 87424K,  40% used [0x0f4a0000, 0x11796d40, 0x11796e00, 0x14a00000)
 Metaspace       used 18743K, capacity 19193K, committed 19328K, reserved 19840K

Card table byte_map: [0x04810000,0x04920000] byte_map_base: 0x047eb000

Polling page: 0x00270000

CodeCache: size=32768Kb used=1888Kb max_used=3830Kb free=30879Kb
 bounds [0x026d0000, 0x02a90000, 0x046d0000]
 total_blobs=1134 nmethods=858 adapters=206
 compilation: enabled

Compilation events (10 events):
Event: 172616.853 Thread 0x259dc400 2750             java.util.Collections$EmptyList::isEmpty (2 bytes)
Event: 172616.853 Thread 0x259dc400 nmethod 2750 0x02a35188 code [0x02a35280, 0x02a35300]
Event: 176264.683 Thread 0x259dc400 2751             javax.jmdns.impl.ServiceInfoImpl::<init> (21 bytes)
Event: 176264.683 Thread 0x259dc400 nmethod 2751 0x02992288 code [0x029923c0, 0x029924fc]
Event: 176264.684 Thread 0x259dc400 2752             javax.jmdns.impl.ServiceInfoImpl::decodeQualifiedNameMap (32 bytes)
Event: 176264.684 Thread 0x259dc400 nmethod 2752 0x02a58b88 code [0x02a58cb0, 0x02a58da0]
Event: 187776.246 Thread 0x259dc400 2753             javax.jmdns.impl.JmDNSImpl::toUnqualifiedName (45 bytes)
Event: 187776.256 Thread 0x259dc400 nmethod 2753 0x02a2ee08 code [0x02a2ef50, 0x02a2f0dc]
Event: 187776.257 Thread 0x259dc400 2754             javax.jmdns.impl.JmDNSImpl::getServiceInfoFromCache (515 bytes)
Event: 187776.366 Thread 0x259dc400 nmethod 2754 0x0280d9c8 code [0x0280dd60, 0x0280ebf8]

GC Heap History (10 events):
Event: 185210.880 GC heap before
{Heap before GC invocations=277 (full 1):
 def new generation   total 39424K, used 35375K [0x04a00000, 0x074c0000, 0x0f4a0000)
  eden space 35072K, 100% used [0x04a00000, 0x06c40000, 0x06c40000)
  from space 4352K,   6% used [0x06c40000, 0x06c8be68, 0x07080000)
  to   space 4352K,   0% used [0x07080000, 0x07080000, 0x074c0000)
 tenured generation   total 87424K, used 35797K [0x0f4a0000, 0x14a00000, 0x24a00000)
   the space 87424K,  40% used [0x0f4a0000, 0x117956a8, 0x11795800, 0x14a00000)
 Metaspace       used 18742K, capacity 19193K, committed 19328K, reserved 19840K
Event: 185210.920 GC heap after
Heap after GC invocations=278 (full 1):
 def new generation   total 39424K, used 348K [0x04a00000, 0x074c0000, 0x0f4a0000)
  eden space 35072K,   0% used [0x04a00000, 0x04a00000, 0x06c40000)
  from space 4352K,   8% used [0x07080000, 0x070d73a8, 0x074c0000)
  to   space 4352K,   0% used [0x06c40000, 0x06c40000, 0x07080000)
 tenured generation   total 87424K, used 35797K [0x0f4a0000, 0x14a00000, 0x24a00000)
   the space 87424K,  40% used [0x0f4a0000, 0x117956a8, 0x11795800, 0x14a00000)
 Metaspace       used 18742K, capacity 19193K, committed 19328K, reserved 19840K
}
Event: 186069.427 GC heap before
{Heap before GC invocations=278 (full 1):
 def new generation   total 39424K, used 35420K [0x04a00000, 0x074c0000, 0x0f4a0000)
  eden space 35072K, 100% used [0x04a00000, 0x06c40000, 0x06c40000)
  from space 4352K,   8% used [0x07080000, 0x070d73a8, 0x074c0000)
  to   space 4352K,   0% used [0x06c40000, 0x06c40000, 0x07080000)
 tenured generation   total 87424K, used 35797K [0x0f4a0000, 0x14a00000, 0x24a00000)
   the space 87424K,  40% used [0x0f4a0000, 0x117956a8, 0x11795800, 0x14a00000)
 Metaspace       used 18742K, capacity 19193K, committed 19328K, reserved 19840K
Event: 186069.453 GC heap after
Heap after GC invocations=279 (full 1):
 def new generation   total 39424K, used 332K [0x04a00000, 0x074c0000, 0x0f4a0000)
  eden space 35072K,   0% used [0x04a00000, 0x04a00000, 0x06c40000)
  from space 4352K,   7% used [0x06c40000, 0x06c93270, 0x07080000)
  to   space 4352K,   0% used [0x07080000, 0x07080000, 0x074c0000)
 tenured generation   total 87424K, used 35803K [0x0f4a0000, 0x14a00000, 0x24a00000)
   the space 87424K,  40% used [0x0f4a0000, 0x11796d40, 0x11796e00, 0x14a00000)
 Metaspace       used 18742K, capacity 19193K, committed 19328K, reserved 19840K
}
Event: 186886.950 GC heap before
{Heap before GC invocations=279 (full 1):
 def new generation   total 39424K, used 35404K [0x04a00000, 0x074c0000, 0x0f4a0000)
  eden space 35072K, 100% used [0x04a00000, 0x06c40000, 0x06c40000)
  from space 4352K,   7% used [0x06c40000, 0x06c93270, 0x07080000)
  to   space 4352K,   0% used [0x07080000, 0x07080000, 0x074c0000)
 tenured generation   total 87424K, used 35803K [0x0f4a0000, 0x14a00000, 0x24a00000)
   the space 87424K,  40% used [0x0f4a0000, 0x11796d40, 0x11796e00, 0x14a00000)
 Metaspace       used 18742K, capacity 19193K, committed 19328K, reserved 19840K
Event: 186886.951 GC heap after
Heap after GC invocations=280 (full 1):
 def new generation   total 39424K, used 339K [0x04a00000, 0x074c0000, 0x0f4a0000)
  eden space 35072K,   0% used [0x04a00000, 0x04a00000, 0x06c40000)
  from space 4352K,   7% used [0x07080000, 0x070d4f98, 0x074c0000)
  to   space 4352K,   0% used [0x06c40000, 0x06c40000, 0x07080000)
 tenured generation   total 87424K, used 35803K [0x0f4a0000, 0x14a00000, 0x24a00000)
   the space 87424K,  40% used [0x0f4a0000, 0x11796d40, 0x11796e00, 0x14a00000)
 Metaspace       used 18742K, capacity 19193K, committed 19328K, reserved 19840K
}
Event: 187641.176 GC heap before
{Heap before GC invocations=280 (full 1):
 def new generation   total 39424K, used 35411K [0x04a00000, 0x074c0000, 0x0f4a0000)
  eden space 35072K, 100% used [0x04a00000, 0x06c40000, 0x06c40000)
  from space 4352K,   7% used [0x07080000, 0x070d4f98, 0x074c0000)
  to   space 4352K,   0% used [0x06c40000, 0x06c40000, 0x07080000)
 tenured generation   total 87424K, used 35803K [0x0f4a0000, 0x14a00000, 0x24a00000)
   the space 87424K,  40% used [0x0f4a0000, 0x11796d40, 0x11796e00, 0x14a00000)
 Metaspace       used 18742K, capacity 19193K, committed 19328K, reserved 19840K
Event: 187641.179 GC heap after
Heap after GC invocations=281 (full 1):
 def new generation   total 39424K, used 335K [0x04a00000, 0x074c0000, 0x0f4a0000)
  eden space 35072K,   0% used [0x04a00000, 0x04a00000, 0x06c40000)
  from space 4352K,   7% used [0x06c40000, 0x06c93e50, 0x07080000)
  to   space 4352K,   0% used [0x07080000, 0x07080000, 0x074c0000)
 tenured generation   total 87424K, used 35803K [0x0f4a0000, 0x14a00000, 0x24a00000)
   the space 87424K,  40% used [0x0f4a0000, 0x11796d40, 0x11796e00, 0x14a00000)
 Metaspace       used 18742K, capacity 19193K, committed 19328K, reserved 19840K
}
Event: 188313.625 GC heap before
{Heap before GC invocations=281 (full 1):
 def new generation   total 39424K, used 35407K [0x04a00000, 0x074c0000, 0x0f4a0000)
  eden space 35072K, 100% used [0x04a00000, 0x06c40000, 0x06c40000)
  from space 4352K,   7% used [0x06c40000, 0x06c93e50, 0x07080000)
  to   space 4352K,   0% used [0x07080000, 0x07080000, 0x074c0000)
 tenured generation   total 87424K, used 35803K [0x0f4a0000, 0x14a00000, 0x24a00000)
   the space 87424K,  40% used [0x0f4a0000, 0x11796d40, 0x11796e00, 0x14a00000)
 Metaspace       used 18743K, capacity 19193K, committed 19328K, reserved 19840K
Event: 188313.627 GC heap after
Heap after GC invocations=282 (full 1):
 def new generation   total 39424K, used 196K [0x04a00000, 0x074c0000, 0x0f4a0000)
  eden space 35072K,   0% used [0x04a00000, 0x04a00000, 0x06c40000)
  from space 4352K,   4% used [0x07080000, 0x070b1150, 0x074c0000)
  to   space 4352K,   0% used [0x06c40000, 0x06c40000, 0x07080000)
 tenured generation   total 87424K, used 35803K [0x0f4a0000, 0x14a00000, 0x24a00000)
   the space 87424K,  40% used [0x0f4a0000, 0x11796d40, 0x11796e00, 0x14a00000)
 Metaspace       used 18743K, capacity 19193K, committed 19328K, reserved 19840K
}

Deoptimization events (0 events):
No events

Internal exceptions (10 events):
Event: 133.705 Thread 0x28ee0400 Exception <a 'sun/nio/fs/WindowsException'> (0x05b1a590) thrown at [C:\workspace\8-2-build-windows-i586-cygwin\jdk8u144\9417\hotspot\src\share\vm\prims\jni.cpp, line 709]
Event: 133.705 Thread 0x28ee0400 Exception <a 'sun/nio/fs/WindowsException'> (0x05b1a9f8) thrown at [C:\workspace\8-2-build-windows-i586-cygwin\jdk8u144\9417\hotspot\src\share\vm\prims\jni.cpp, line 709]
Event: 133.706 Thread 0x28ee0400 Exception <a 'sun/nio/fs/WindowsException'> (0x05b303d0) thrown at [C:\workspace\8-2-build-windows-i586-cygwin\jdk8u144\9417\hotspot\src\share\vm\prims\jni.cpp, line 709]
Event: 133.706 Thread 0x28ee0400 Exception <a 'sun/nio/fs/WindowsException'> (0x05b30838) thrown at [C:\workspace\8-2-build-windows-i586-cygwin\jdk8u144\9417\hotspot\src\share\vm\prims\jni.cpp, line 709]
Event: 133.707 Thread 0x28ee0400 Exception <a 'sun/nio/fs/WindowsException'> (0x05b42498) thrown at [C:\workspace\8-2-build-windows-i586-cygwin\jdk8u144\9417\hotspot\src\share\vm\prims\jni.cpp, line 709]
Event: 133.707 Thread 0x28ee0400 Exception <a 'sun/nio/fs/WindowsException'> (0x05b42b80) thrown at [C:\workspace\8-2-build-windows-i586-cygwin\jdk8u144\9417\hotspot\src\share\vm\prims\jni.cpp, line 709]
Event: 133.707 Thread 0x28ee0400 Exception <a 'sun/nio/fs/WindowsException'> (0x05b4d0c0) thrown at [C:\workspace\8-2-build-windows-i586-cygwin\jdk8u144\9417\hotspot\src\share\vm\prims\jni.cpp, line 709]
Event: 133.707 Thread 0x28ee0400 Exception <a 'sun/nio/fs/WindowsException'> (0x05b4d7a8) thrown at [C:\workspace\8-2-build-windows-i586-cygwin\jdk8u144\9417\hotspot\src\share\vm\prims\jni.cpp, line 709]
Event: 133.708 Thread 0x28ee0400 Exception <a 'sun/nio/fs/WindowsException'> (0x05b57c40) thrown at [C:\workspace\8-2-build-windows-i586-cygwin\jdk8u144\9417\hotspot\src\share\vm\prims\jni.cpp, line 709]
Event: 133.708 Thread 0x28ee0400 Exception <a 'sun/nio/fs/WindowsException'> (0x05b58328) thrown at [C:\workspace\8-2-build-windows-i586-cygwin\jdk8u144\9417\hotspot\src\share\vm\prims\jni.cpp, line 709]

Events (10 events):
Event: 185210.880 Executing VM operation: GenCollectForAllocation
Event: 185210.920 Executing VM operation: GenCollectForAllocation done
Event: 186069.427 Executing VM operation: GenCollectForAllocation
Event: 186069.453 Executing VM operation: GenCollectForAllocation done
Event: 186886.949 Executing VM operation: GenCollectForAllocation
Event: 186886.951 Executing VM operation: GenCollectForAllocation done
Event: 187641.176 Executing VM operation: GenCollectForAllocation
Event: 187641.179 Executing VM operation: GenCollectForAllocation done
Event: 188313.625 Executing VM operation: GenCollectForAllocation
Event: 188313.627 Executing VM operation: GenCollectForAllocation done


Dynamic libraries:
0x00180000 - 0x001b3000 	C:\Arduino\java\bin\javaw.exe
0x77c80000 - 0x77e10000 	C:\WINDOWS\SYSTEM32\ntdll.dll
0x77360000 - 0x77440000 	C:\WINDOWS\System32\KERNEL32.DLL
0x77440000 - 0x77624000 	C:\WINDOWS\System32\KERNELBASE.dll
0x75cd0000 - 0x75d48000 	C:\WINDOWS\System32\ADVAPI32.dll
0x75630000 - 0x756ef000 	C:\WINDOWS\System32\msvcrt.dll
0x77b30000 - 0x77b74000 	C:\WINDOWS\System32\sechost.dll
0x74650000 - 0x74710000 	C:\WINDOWS\System32\RPCRT4.dll
0x74540000 - 0x74560000 	C:\WINDOWS\System32\SspiCli.dll
0x74530000 - 0x7453a000 	C:\WINDOWS\System32\CRYPTBASE.dll
0x74c90000 - 0x74ce8000 	C:\WINDOWS\System32\bcryptPrimitives.dll
0x74940000 - 0x74acd000 	C:\WINDOWS\System32\USER32.dll
0x77b10000 - 0x77b27000 	C:\WINDOWS\System32\win32u.dll
0x75dc0000 - 0x75de2000 	C:\WINDOWS\System32\GDI32.dll
0x74b20000 - 0x74c84000 	C:\WINDOWS\System32\gdi32full.dll
0x75f90000 - 0x7600d000 	C:\WINDOWS\System32\msvcp_win.dll
0x74770000 - 0x7488e000 	C:\WINDOWS\System32\ucrtbase.dll
0x6f020000 - 0x6f224000 	C:\WINDOWS\WinSxS\x86_microsoft.windows.common-controls_6595b64144ccf1df_6.0.17134.590_none_42ead2d644e6098e\COMCTL32.dll
0x77780000 - 0x779dc000 	C:\WINDOWS\System32\combase.dll
0x74ad0000 - 0x74af6000 	C:\WINDOWS\System32\IMM32.DLL
0x6ed80000 - 0x6ee3f000 	C:\Arduino\java\bin\msvcr100.dll
0x6e9b0000 - 0x6ed7e000 	C:\Arduino\java\bin\client\jvm.dll
0x77b80000 - 0x77b86000 	C:\WINDOWS\System32\PSAPI.DLL
0x72830000 - 0x72838000 	C:\WINDOWS\SYSTEM32\VERSION.dll
0x72720000 - 0x72728000 	C:\WINDOWS\SYSTEM32\WSOCK32.dll
0x74f20000 - 0x74f87000 	C:\WINDOWS\System32\WS2_32.dll
0x727b0000 - 0x727d4000 	C:\WINDOWS\SYSTEM32\WINMM.dll
0x72560000 - 0x72583000 	C:\WINDOWS\SYSTEM32\WINMMBASE.dll
0x74d80000 - 0x74db9000 	C:\WINDOWS\System32\cfgmgr32.dll
0x6e980000 - 0x6e9b0000 	C:\Arduino\java\bin\splashscreen.dll
0x6f950000 - 0x6f9cc000 	C:\WINDOWS\system32\uxtheme.dll
0x6f520000 - 0x6f52c000 	C:\Arduino\java\bin\verify.dll
0x6e950000 - 0x6e971000 	C:\Arduino\java\bin\java.dll
0x77630000 - 0x77773000 	C:\WINDOWS\System32\MSCTF.dll
0x745b0000 - 0x74646000 	C:\WINDOWS\System32\OLEAUT32.dll
0x6e930000 - 0x6e943000 	C:\Arduino\java\bin\zip.dll
0x756f0000 - 0x756ff000 	C:\WINDOWS\System32\kernel.appcore.dll
0x6c450000 - 0x6c4cd000 	C:\WINDOWS\System32\TextInputFramework.dll
0x66460000 - 0x666bd000 	C:\WINDOWS\System32\CoreUIComponents.dll
0x66b00000 - 0x66b8b000 	C:\WINDOWS\System32\CoreMessaging.dll
0x75100000 - 0x75188000 	C:\WINDOWS\System32\SHCORE.dll
0x71c60000 - 0x71c89000 	C:\WINDOWS\SYSTEM32\ntmarta.dll
0x69870000 - 0x69946000 	C:\WINDOWS\SYSTEM32\wintypes.dll
0x6c100000 - 0x6c123000 	C:\WINDOWS\system32\dwmapi.dll
0x6fc10000 - 0x6fc66000 	C:\WINDOWS\system32\Oleacc.dll
0x76010000 - 0x7735a000 	C:\WINDOWS\System32\SHELL32.dll
0x75710000 - 0x75cca000 	C:\WINDOWS\System32\windows.storage.dll
0x74560000 - 0x745a5000 	C:\WINDOWS\System32\shlwapi.dll
0x74b00000 - 0x74b18000 	C:\WINDOWS\System32\profapi.dll
0x75d60000 - 0x75da5000 	C:\WINDOWS\System32\powrprof.dll
0x75db0000 - 0x75db8000 	C:\WINDOWS\System32\FLTLIB.DLL
0x61940000 - 0x619b2000 	C:\Arduino\lib\listSerialsj.dll
0x75190000 - 0x755bb000 	C:\WINDOWS\System32\SETUPAPI.dll
0x6e910000 - 0x6e92d000 	C:\Arduino\lib\jnidispatch-4.2.2-win32-x86.dll
0x74e20000 - 0x74f1c000 	C:\WINDOWS\System32\Ole32.dll
0x6e8f0000 - 0x6e906000 	C:\Arduino\java\bin\net.dll
0x737d0000 - 0x73826000 	C:\WINDOWS\system32\mswsock.dll
0x6f510000 - 0x6f51f000 	C:\Arduino\java\bin\nio.dll
0x6e7a0000 - 0x6e8e5000 	C:\Arduino\java\bin\awt.dll
0x595c0000 - 0x5965d000 	C:\WINDOWS\SYSTEM32\apphelp.dll
0x6e760000 - 0x6e799000 	C:\Arduino\java\bin\fontmanager.dll
0x6e680000 - 0x6e759000 	C:\WINDOWS\system32\opengl32.dll
0x6e640000 - 0x6e67f000 	C:\WINDOWS\SYSTEM32\GLU32.dll
0x6e600000 - 0x6e632000 	C:\Arduino\java\bin\t2k.dll
0x70db0000 - 0x70dd2000 	C:\WINDOWS\SYSTEM32\DEVOBJ.dll
0x779e0000 - 0x77a27000 	C:\WINDOWS\System32\WINTRUST.dll
0x75d50000 - 0x75d5e000 	C:\WINDOWS\System32\MSASN1.dll
0x75df0000 - 0x75f86000 	C:\WINDOWS\System32\CRYPT32.dll
0x72730000 - 0x72760000 	C:\WINDOWS\SYSTEM32\IPHLPAPI.DLL
0x75700000 - 0x75707000 	C:\WINDOWS\System32\NSI.dll
0x72290000 - 0x722a3000 	C:\WINDOWS\SYSTEM32\dhcpcsvc6.DLL
0x72410000 - 0x72424000 	C:\WINDOWS\SYSTEM32\dhcpcsvc.DLL
0x72380000 - 0x7240e000 	C:\WINDOWS\SYSTEM32\DNSAPI.dll
0x71bc0000 - 0x71be1000 	C:\Program Files (x86)\Bonjour\mdnsNSP.dll
0x71bb0000 - 0x71bb8000 	C:\Windows\System32\rasadhlp.dll
0x71b50000 - 0x71b9f000 	C:\WINDOWS\System32\fwpuclnt.dll
0x73770000 - 0x73789000 	C:\WINDOWS\SYSTEM32\bcrypt.dll
0x6e590000 - 0x6e5f9000 	C:\Arduino\msvcp100.dll
0x6e4d0000 - 0x6e58e000 	C:\Arduino\msvcr100.dll
0x2a6c0000 - 0x2a6f2000 	C:\Arduino\lib\AStylej.dll
0x6e4a0000 - 0x6e4c4000 	C:\Arduino\java\bin\dcpr.dll
0x74890000 - 0x74913000 	C:\WINDOWS\System32\clbcatq.dll
0x58b20000 - 0x58c91000 	C:\WINDOWS\SYSTEM32\WindowsCodecs.dll
0x64b00000 - 0x64b4f000 	C:\WINDOWS\system32\dataexchange.dll
0x648a0000 - 0x64af2000 	C:\WINDOWS\system32\d3d11.dll
0x64760000 - 0x6489c000 	C:\WINDOWS\system32\dcomp.dll
0x646c0000 - 0x64758000 	C:\WINDOWS\system32\dxgi.dll
0x68bb0000 - 0x68d15000 	C:\WINDOWS\system32\twinapi.appcore.dll
0x68b80000 - 0x68ba1000 	C:\WINDOWS\system32\RMCLIENT.dll
0x64000000 - 0x6401b000 	C:\Arduino\lib\jSSC-2.8_x86.dll

VM Arguments:
jvm_args: -Dsun.java2d.d3d=false -Djna.nosys=true -Djna.nounpack=true -Djna.boot.library.name=jnidispatch-4.2.2-win32-x86 -Djna.boot.library.path=C:\Arduino/lib -Djssc.library.path=C:\Arduino/lib -DAPP_DIR=C:\Arduino -Xms128M -Xmx512M 
java_command: processing.app.Base C:\git\microgrid_testbed\100 nodes\Arduino\Final3v2\Final3v2.ino
java_class_path (initial): C:\Arduino\lib\apple.jar;C:\Arduino\lib\arduino-core.jar;C:\Arduino\lib\batik-1.8.jar;C:\Arduino\lib\batik-anim-1.8.jar;C:\Arduino\lib\batik-awt-util-1.8.jar;C:\Arduino\lib\batik-bridge-1.8.jar;C:\Arduino\lib\batik-codec-1.8.jar;C:\Arduino\lib\batik-css-1.8.jar;C:\Arduino\lib\batik-dom-1.8.jar;C:\Arduino\lib\batik-ext-1.8.jar;C:\Arduino\lib\batik-gvt-1.8.jar;C:\Arduino\lib\batik-parser-1.8.jar;C:\Arduino\lib\batik-rasterizer-1.8.jar;C:\Arduino\lib\batik-script-1.8.jar;C:\Arduino\lib\batik-squiggle-1.8.jar;C:\Arduino\lib\batik-svg-dom-1.8.jar;C:\Arduino\lib\batik-svgpp-1.8.jar;C:\Arduino\lib\batik-transcoder-1.8.jar;C:\Arduino\lib\batik-util-1.8.jar;C:\Arduino\lib\batik-xml-1.8.jar;C:\Arduino\lib\bcpg-jdk15on-152.jar;C:\Arduino\lib\bcprov-jdk15on-152.jar;C:\Arduino\lib\commons-codec-1.7.jar;C:\Arduino\lib\commons-compress-1.8.jar;C:\Arduino\lib\commons-exec-1.1.jar;C:\Arduino\lib\commons-httpclient-3.1.jar;C:\Arduino\lib\commons-lang3-3.3.2.jar;C:\Arduino\lib\commons-logging-1.0.4.jar;C:\Arduino\lib\commons-net-3.3.jar;C:\Arduino\lib\jackson-annotations-2.6.3.jar;C:\Arduino\lib\jackson-core-2.6.3.jar;C:\Arduino\lib\jackson-databind-2.6.3.jar;C:\Arduino\lib\jackson-module-mrbean-2.6.3.jar;C:\Arduino\lib\java-semver-0.8.0.jar;C:\Arduino\lib\jmdns-3.5.1.jar;C:\Arduino\lib\slf4j-simple-1.7.22.jar;C:\Arduino\lib\slf4j-api-1.7.22.jar;C:\Arduino\lib\jna-4.2.2.jar;C:\Arduino\lib\jna-platform-4.2.2.jar;C:\Arduino\lib\jsch-0.1.50.jar;C:\Arduino\lib\jssc-2.8.0-arduino1.jar;C:\Arduino\lib\pde.jar;C:\Arduino\lib\rsyntaxtextarea-2.6.1.jar;C:\Arduino\lib\xml-apis-1.3.04.jar;C:\Arduino\lib\xml-apis-ext-1.3.04.jar;C:\Arduino\lib\xmlgraphics-commons-2.0.jar
Launcher Type: SUN_STANDARD

Environment Variables:
PATH=C:\Program Files (x86)\NVIDIA Corporation\PhysX\Common;C:\Program Files (x86)\Common Files\Oracle\Java\javapath;C:\ProgramData\Oracle\Java\javapath;C:\WINDOWS\system32;C:\WINDOWS;C:\WINDOWS\System32\Wbem;C:\WINDOWS\System32\WindowsPowerShell\v1.0\;C:\Program Files (x86)\PuTTY\;C:\Program Files\MATLAB\R2017a\runtime\win64;C:\Program Files\MATLAB\R2017a\bin;C:\Program Files (x86)\MATLAB\MATLAB Compiler Runtime\v79\runtime\win32;C:\Program Files (x86)\IVI Foundation\VISA\WinNT\Bin\;C:\Program Files\IVI Foundation\VISA\Win64\Bin\;C:\Program Files (x86)\IVI Foundation\VISA\WinNT\Bin;C:\processing-2.2.1;;C:\WINDOWS\System32\OpenSSH\;C:\Typhoon HIL Control Center\bin\;C:\Program Files\Microsoft SQL Server\Client SDK\ODBC\110\Tools\Binn\;C:\Program Files (x86)\Microsoft SQL Server\120\Tools\Binn\;C:\Program Files\Microsoft SQL Server\120\Tools\Binn\;C:\Program Files\Microsoft SQL Server\120\DTS\Binn\;C:\Program Files (x86)\Windows Kits\8.1\Windows Performance Toolkit\;C:\Users\ora2\AppData\Local\Microsoft\WindowsApps;C:\processing-2.2.1;;C:\Arduino\java\bin
USERNAME=ora2
OS=Windows_NT
PROCESSOR_IDENTIFIER=Intel64 Family 6 Model 158 Stepping 9, GenuineIntel



---------------  S Y S T E M  ---------------

OS: Windows 10.0 , 64 bit Build 17134 (10.0.17134.556)

CPU:total 8 (initial active 8) (4 cores per cpu, 2 threads per core) family 6 model 158 stepping 9, cmov, cx8, fxsr, mmx, sse, sse2, sse3, ssse3, sse4.1, sse4.2, popcnt, avx, avx2, aes, clmul, erms, rtm, 3dnowpref, lzcnt, ht, tsc, tscinvbit, bmi1, bmi2, adx

Memory: 4k page, physical 16666376k(802752k free), swap 29866996k(3132076k free)

vm_info: Java HotSpot(TM) Client VM (25.144-b01) for windows-x86 JRE (1.8.0_144-b01), built on Jul 21 2017 21:58:05 by "java_re" with MS VC++ 10.0 (VS2010)

time: Tue Feb 26 23:40:51 2019
elapsed time: 188481 seconds (2d 4h 21m 21s)

